<?xml version="1.0" encoding="UTF-8"?>
<coverage generated="1663431398901" clover="3.2.0">
  <project timestamp="1663431398901" name="All files">
    <metrics statements="1097" coveredstatements="989" conditionals="845" coveredconditionals="586" methods="293" coveredmethods="263" elements="2235" coveredelements="1838" complexity="0" loc="1097" ncloc="1097" packages="3" files="10" classes="10"/>
    <package name="server">
      <metrics statements="29" coveredstatements="29" conditionals="12" coveredconditionals="12" methods="6" coveredmethods="6"/>
      <file name="enums.js" path="/Users/royossai/WebstormProjects/pondSocket/server/enums.js">
        <metrics statements="29" coveredstatements="29" conditionals="12" coveredconditionals="12" methods="6" coveredmethods="6"/>
        <line num="2" count="5" type="stmt"/>
        <line num="3" count="5" type="stmt"/>
        <line num="5" count="5" type="stmt"/>
        <line num="6" count="5" type="stmt"/>
        <line num="7" count="5" type="stmt"/>
        <line num="10" count="5" type="stmt"/>
        <line num="11" count="5" type="stmt"/>
        <line num="12" count="5" type="stmt"/>
        <line num="13" count="5" type="stmt"/>
        <line num="14" count="5" type="stmt"/>
        <line num="17" count="5" type="stmt"/>
        <line num="18" count="5" type="stmt"/>
        <line num="19" count="5" type="stmt"/>
        <line num="20" count="5" type="stmt"/>
        <line num="21" count="5" type="stmt"/>
        <line num="22" count="5" type="stmt"/>
        <line num="23" count="5" type="stmt"/>
        <line num="26" count="5" type="stmt"/>
        <line num="27" count="5" type="stmt"/>
        <line num="28" count="5" type="stmt"/>
        <line num="29" count="5" type="stmt"/>
        <line num="32" count="5" type="stmt"/>
        <line num="33" count="5" type="stmt"/>
        <line num="34" count="5" type="stmt"/>
        <line num="35" count="5" type="stmt"/>
        <line num="38" count="5" type="stmt"/>
        <line num="39" count="5" type="stmt"/>
        <line num="40" count="5" type="stmt"/>
        <line num="41" count="5" type="stmt"/>
      </file>
    </package>
    <package name="server.channel">
      <metrics statements="720" coveredstatements="631" conditionals="594" coveredconditionals="408" methods="197" coveredmethods="171"/>
      <file name="channel.js" path="/Users/royossai/WebstormProjects/pondSocket/server/channel/channel.js">
        <metrics statements="156" coveredstatements="146" conditionals="105" coveredconditionals="87" methods="35" coveredmethods="32"/>
        <line num="2" count="4" type="cond" truecount="3" falsecount="0"/>
        <line num="3" count="4" type="stmt"/>
        <line num="4" count="4" type="cond" truecount="1" falsecount="3"/>
        <line num="5" count="0" type="stmt"/>
        <line num="6" count="0" type="cond" truecount="0" falsecount="2"/>
        <line num="7" count="4" type="stmt"/>
        <line num="9" count="4" type="stmt"/>
        <line num="10" count="4" type="cond" truecount="2" falsecount="2"/>
        <line num="11" count="0" type="stmt"/>
        <line num="12" count="4" type="stmt"/>
        <line num="13" count="4" type="stmt"/>
        <line num="14" count="4" type="cond" truecount="1" falsecount="1"/>
        <line num="17" count="4" type="cond" truecount="3" falsecount="0"/>
        <line num="18" count="6" type="cond" truecount="1" falsecount="1"/>
        <line num="19" count="0" type="stmt"/>
        <line num="20" count="0" type="stmt"/>
        <line num="21" count="0" type="cond" truecount="0" falsecount="2"/>
        <line num="22" count="0" type="stmt"/>
        <line num="24" count="0" type="stmt"/>
        <line num="26" count="6" type="stmt"/>
        <line num="28" count="4" type="cond" truecount="3" falsecount="0"/>
        <line num="29" count="84" type="stmt"/>
        <line num="30" count="94" type="cond" truecount="4" falsecount="0"/>
        <line num="31" count="10" type="stmt"/>
        <line num="32" count="84" type="cond" truecount="3" falsecount="1"/>
        <line num="33" count="84" type="stmt"/>
        <line num="34" count="0" type="cond" truecount="0" falsecount="4"/>
        <line num="35" count="0" type="stmt"/>
        <line num="37" count="84" type="stmt"/>
        <line num="39" count="4" type="stmt"/>
        <line num="40" count="4" type="stmt"/>
        <line num="41" count="4" type="stmt"/>
        <line num="42" count="4" type="stmt"/>
        <line num="43" count="4" type="stmt"/>
        <line num="44" count="4" type="stmt"/>
        <line num="45" count="4" type="stmt"/>
        <line num="46" count="4" type="stmt"/>
        <line num="47" count="4" type="stmt"/>
        <line num="49" count="37" type="cond" truecount="2" falsecount="0"/>
        <line num="50" count="37" type="stmt"/>
        <line num="51" count="37" type="stmt"/>
        <line num="52" count="37" type="stmt"/>
        <line num="53" count="37" type="stmt"/>
        <line num="54" count="37" type="stmt"/>
        <line num="55" count="37" type="stmt"/>
        <line num="56" count="37" type="stmt"/>
        <line num="57" count="37" type="stmt"/>
        <line num="59" count="4" type="stmt"/>
        <line num="64" count="27" type="stmt"/>
        <line num="71" count="4" type="stmt"/>
        <line num="76" count="62" type="stmt"/>
        <line num="83" count="4" type="stmt"/>
        <line num="88" count="4" type="stmt"/>
        <line num="93" count="75" type="stmt"/>
        <line num="94" count="101" type="stmt"/>
        <line num="99" count="4" type="stmt"/>
        <line num="104" count="27" type="stmt"/>
        <line num="105" count="27" type="stmt"/>
        <line num="106" count="27" type="stmt"/>
        <line num="107" count="40" type="stmt"/>
        <line num="108" count="40" type="stmt"/>
        <line num="110" count="27" type="stmt"/>
        <line num="119" count="4" type="stmt"/>
        <line num="120" count="35" type="stmt"/>
        <line num="121" count="35" type="cond" truecount="2" falsecount="0"/>
        <line num="122" count="1" type="stmt"/>
        <line num="124" count="34" type="stmt"/>
        <line num="125" count="34" type="stmt"/>
        <line num="126" count="34" type="stmt"/>
        <line num="127" count="34" type="stmt"/>
        <line num="137" count="4" type="stmt"/>
        <line num="138" count="7" type="stmt"/>
        <line num="139" count="7" type="cond" truecount="2" falsecount="0"/>
        <line num="140" count="2" type="stmt"/>
        <line num="141" count="5" type="stmt"/>
        <line num="149" count="4" type="stmt"/>
        <line num="150" count="8" type="stmt"/>
        <line num="151" count="8" type="cond" truecount="2" falsecount="0"/>
        <line num="152" count="8" type="stmt"/>
        <line num="153" count="9" type="stmt"/>
        <line num="154" count="9" type="cond" truecount="1" falsecount="1"/>
        <line num="155" count="9" type="stmt"/>
        <line num="156" count="9" type="stmt"/>
        <line num="157" count="9" type="stmt"/>
        <line num="164" count="7" type="cond" truecount="2" falsecount="0"/>
        <line num="165" count="5" type="stmt"/>
        <line num="173" count="4" type="stmt"/>
        <line num="174" count="11" type="cond" truecount="2" falsecount="0"/>
        <line num="175" count="11" type="stmt"/>
        <line num="176" count="11" type="cond" truecount="4" falsecount="0"/>
        <line num="177" count="1" type="stmt"/>
        <line num="178" count="10" type="stmt"/>
        <line num="181" count="10" type="cond" truecount="4" falsecount="0"/>
        <line num="182" count="10" type="cond" truecount="2" falsecount="0"/>
        <line num="183" count="3" type="stmt"/>
        <line num="184" count="7" type="stmt"/>
        <line num="192" count="4" type="stmt"/>
        <line num="193" count="4" type="stmt"/>
        <line num="194" count="4" type="cond" truecount="2" falsecount="0"/>
        <line num="195" count="1" type="stmt"/>
        <line num="196" count="3" type="stmt"/>
        <line num="199" count="3" type="stmt"/>
        <line num="200" count="3" type="cond" truecount="2" falsecount="0"/>
        <line num="201" count="1" type="stmt"/>
        <line num="202" count="2" type="stmt"/>
        <line num="203" count="4" type="stmt"/>
        <line num="204" count="2" type="stmt"/>
        <line num="213" count="4" type="stmt"/>
        <line num="214" count="17" type="stmt"/>
        <line num="215" count="17" type="stmt"/>
        <line num="216" count="17" type="cond" truecount="4" falsecount="0"/>
        <line num="217" count="1" type="stmt"/>
        <line num="218" count="16" type="cond" truecount="2" falsecount="0"/>
        <line num="219" count="19" type="stmt"/>
        <line num="220" count="16" type="cond" truecount="2" falsecount="0"/>
        <line num="221" count="2" type="stmt"/>
        <line num="222" count="14" type="stmt"/>
        <line num="225" count="14" type="cond" truecount="12" falsecount="0"/>
        <line num="226" count="14" type="cond" truecount="2" falsecount="0"/>
        <line num="227" count="2" type="stmt"/>
        <line num="228" count="12" type="stmt"/>
        <line num="233" count="4" type="stmt"/>
        <line num="234" count="11" type="stmt"/>
        <line num="242" count="4" type="stmt"/>
        <line num="243" count="16" type="stmt"/>
        <line num="244" count="16" type="cond" truecount="2" falsecount="0"/>
        <line num="245" count="15" type="stmt"/>
        <line num="246" count="15" type="stmt"/>
        <line num="247" count="15" type="cond" truecount="2" falsecount="0"/>
        <line num="248" count="5" type="stmt"/>
        <line num="249" count="5" type="stmt"/>
        <line num="263" count="1" type="cond" truecount="1" falsecount="1"/>
        <line num="264" count="1" type="stmt"/>
        <line num="271" count="4" type="stmt"/>
        <line num="272" count="19" type="stmt"/>
        <line num="273" count="19" type="stmt"/>
        <line num="274" count="30" type="stmt"/>
        <line num="275" count="30" type="cond" truecount="2" falsecount="0"/>
        <line num="276" count="21" type="stmt"/>
        <line num="278" count="19" type="stmt"/>
        <line num="279" count="34" type="stmt"/>
        <line num="285" count="34" type="stmt"/>
        <line num="287" count="19" type="stmt"/>
        <line num="289" count="10" type="stmt"/>
        <line num="290" count="10" type="stmt"/>
        <line num="300" count="4" type="stmt"/>
        <line num="301" count="21" type="stmt"/>
        <line num="308" count="4" type="stmt"/>
        <line num="309" count="64" type="stmt"/>
        <line num="310" count="64" type="cond" truecount="6" falsecount="0"/>
        <line num="311" count="64" type="cond" truecount="4" falsecount="0"/>
        <line num="312" count="44" type="stmt"/>
        <line num="313" count="44" type="stmt"/>
        <line num="317" count="20" type="stmt"/>
        <line num="319" count="4" type="stmt"/>
        <line num="321" count="4" type="stmt"/>
      </file>
      <file name="endpoint.js" path="/Users/royossai/WebstormProjects/pondSocket/server/channel/endpoint.js">
        <metrics statements="280" coveredstatements="235" conditionals="256" coveredconditionals="177" methods="73" coveredmethods="62"/>
        <line num="2" count="2" type="cond" truecount="3" falsecount="0"/>
        <line num="3" count="2" type="stmt"/>
        <line num="4" count="2" type="cond" truecount="1" falsecount="3"/>
        <line num="5" count="0" type="stmt"/>
        <line num="6" count="0" type="cond" truecount="0" falsecount="2"/>
        <line num="7" count="2" type="stmt"/>
        <line num="9" count="2" type="stmt"/>
        <line num="10" count="2" type="cond" truecount="2" falsecount="2"/>
        <line num="11" count="0" type="stmt"/>
        <line num="12" count="2" type="stmt"/>
        <line num="13" count="2" type="stmt"/>
        <line num="14" count="2" type="cond" truecount="1" falsecount="1"/>
        <line num="17" count="2" type="cond" truecount="3" falsecount="0"/>
        <line num="18" count="4" type="cond" truecount="1" falsecount="1"/>
        <line num="19" count="0" type="stmt"/>
        <line num="20" count="0" type="stmt"/>
        <line num="21" count="0" type="cond" truecount="0" falsecount="2"/>
        <line num="22" count="0" type="stmt"/>
        <line num="24" count="0" type="stmt"/>
        <line num="26" count="4" type="stmt"/>
        <line num="28" count="2" type="cond" truecount="3" falsecount="0"/>
        <line num="29" count="52" type="cond" truecount="2" falsecount="0"/>
        <line num="30" count="63" type="cond" truecount="2" falsecount="0"/>
        <line num="31" count="42" type="stmt"/>
        <line num="32" count="10" type="stmt"/>
        <line num="33" count="105" type="cond" truecount="2" falsecount="0"/>
        <line num="34" count="63" type="cond" truecount="2" falsecount="0"/>
        <line num="37" count="2" type="cond" truecount="3" falsecount="0"/>
        <line num="38" count="63" type="cond" truecount="2" falsecount="0"/>
        <line num="39" count="63" type="cond" truecount="2" falsecount="0"/>
        <line num="40" count="189" type="stmt"/>
        <line num="42" count="115" type="cond" truecount="1" falsecount="1"/>
        <line num="43" count="364" type="stmt"/>
        <line num="44" count="364" type="cond" truecount="2" falsecount="11"/>
        <line num="45" count="364" type="cond" truecount="1" falsecount="1"/>
        <line num="46" count="364" type="cond" truecount="4" falsecount="2"/>
        <line num="47" count="115" type="stmt"/>
        <line num="48" count="52" type="stmt"/>
        <line num="49" count="0" type="stmt"/>
        <line num="50" count="0" type="stmt"/>
        <line num="52" count="197" type="cond" truecount="7" falsecount="0"/>
        <line num="53" count="134" type="cond" truecount="6" falsecount="0"/>
        <line num="54" count="27" type="cond" truecount="4" falsecount="0"/>
        <line num="55" count="20" type="cond" truecount="3" falsecount="1"/>
        <line num="56" count="20" type="cond" truecount="1" falsecount="1"/>
        <line num="57" count="20" type="stmt"/>
        <line num="59" count="229" type="stmt"/>
        <line num="60" count="364" type="stmt"/>
        <line num="61" count="63" type="cond" truecount="3" falsecount="1"/>
        <line num="64" count="2" type="cond" truecount="3" falsecount="0"/>
        <line num="65" count="2" type="cond" truecount="2" falsecount="0"/>
        <line num="66" count="2" type="cond" truecount="1" falsecount="1"/>
        <line num="67" count="2" type="stmt"/>
        <line num="68" count="2" type="stmt"/>
        <line num="69" count="3" type="cond" truecount="2" falsecount="1"/>
        <line num="71" count="0" type="stmt"/>
        <line num="73" count="2" type="stmt"/>
        <line num="74" count="2" type="cond" truecount="3" falsecount="2"/>
        <line num="76" count="2" type="cond" truecount="1" falsecount="1"/>
        <line num="78" count="2" type="stmt"/>
        <line num="80" count="2" type="cond" truecount="3" falsecount="0"/>
        <line num="81" count="2" type="cond" truecount="3" falsecount="1"/>
        <line num="82" count="0" type="cond" truecount="0" falsecount="4"/>
        <line num="83" count="0" type="cond" truecount="0" falsecount="2"/>
        <line num="84" count="0" type="stmt"/>
        <line num="87" count="2" type="cond" truecount="2" falsecount="0"/>
        <line num="89" count="2" type="cond" truecount="3" falsecount="0"/>
        <line num="90" count="17" type="cond" truecount="4" falsecount="0"/>
        <line num="91" count="17" type="cond" truecount="1" falsecount="1"/>
        <line num="92" count="0" type="cond" truecount="0" falsecount="4"/>
        <line num="94" count="0" type="cond" truecount="0" falsecount="4"/>
        <line num="95" count="0" type="cond" truecount="0" falsecount="2"/>
        <line num="98" count="0" type="cond" truecount="0" falsecount="2"/>
        <line num="100" count="2" type="stmt"/>
        <line num="101" count="2" type="stmt"/>
        <line num="102" count="2" type="stmt"/>
        <line num="103" count="2" type="stmt"/>
        <line num="104" count="2" type="stmt"/>
        <line num="105" count="2" type="stmt"/>
        <line num="106" count="2" type="stmt"/>
        <line num="107" count="2" type="stmt"/>
        <line num="108" count="2" type="stmt"/>
        <line num="109" count="2" type="stmt"/>
        <line num="111" count="23" type="cond" truecount="2" falsecount="0"/>
        <line num="112" count="23" type="stmt"/>
        <line num="113" count="23" type="stmt"/>
        <line num="114" count="23" type="stmt"/>
        <line num="115" count="23" type="stmt"/>
        <line num="116" count="23" type="stmt"/>
        <line num="117" count="23" type="stmt"/>
        <line num="124" count="2" type="stmt"/>
        <line num="125" count="13" type="stmt"/>
        <line num="158" count="2" type="stmt"/>
        <line num="159" count="6" type="stmt"/>
        <line num="160" count="6" type="stmt"/>
        <line num="161" count="6" type="stmt"/>
        <line num="170" count="2" type="stmt"/>
        <line num="171" count="20" type="stmt"/>
        <line num="172" count="20" type="stmt"/>
        <line num="174" count="20" type="stmt"/>
        <line num="175" count="20" type="stmt"/>
        <line num="176" count="40" type="cond" truecount="2" falsecount="0"/>
        <line num="178" count="20" type="stmt"/>
        <line num="183" count="20" type="stmt"/>
        <line num="184" count="20" type="stmt"/>
        <line num="185" count="20" type="stmt"/>
        <line num="186" count="20" type="cond" truecount="2" falsecount="0"/>
        <line num="187" count="1" type="stmt"/>
        <line num="188" count="1" type="stmt"/>
        <line num="190" count="19" type="stmt"/>
        <line num="191" count="19" type="stmt"/>
        <line num="192" count="19" type="stmt"/>
        <line num="196" count="19" type="stmt"/>
        <line num="197" count="19" type="stmt"/>
        <line num="198" count="19" type="cond" truecount="2" falsecount="0"/>
        <line num="199" count="3" type="stmt"/>
        <line num="205" count="3" type="stmt"/>
        <line num="207" count="19" type="stmt"/>
        <line num="210" count="20" type="stmt"/>
        <line num="211" count="20" type="stmt"/>
        <line num="213" count="20" type="stmt"/>
        <line num="214" count="20" type="stmt"/>
        <line num="223" count="2" type="stmt"/>
        <line num="224" count="1" type="stmt"/>
        <line num="229" count="1" type="stmt"/>
        <line num="230" count="1" type="stmt"/>
        <line num="231" count="1" type="cond" truecount="1" falsecount="1"/>
        <line num="232" count="1" type="stmt"/>
        <line num="233" count="1" type="stmt"/>
        <line num="234" count="1" type="stmt"/>
        <line num="243" count="2" type="stmt"/>
        <line num="244" count="0" type="stmt"/>
        <line num="250" count="0" type="stmt"/>
        <line num="251" count="0" type="cond" truecount="0" falsecount="2"/>
        <line num="252" count="0" type="stmt"/>
        <line num="253" count="0" type="stmt"/>
        <line num="258" count="2" type="stmt"/>
        <line num="259" count="3" type="stmt"/>
        <line num="264" count="2" type="stmt"/>
        <line num="265" count="5" type="stmt"/>
        <line num="272" count="2" type="stmt"/>
        <line num="273" count="2" type="stmt"/>
        <line num="274" count="2" type="stmt"/>
        <line num="279" count="2" type="stmt"/>
        <line num="280" count="3" type="stmt"/>
        <line num="286" count="2" type="stmt"/>
        <line num="287" count="9" type="stmt"/>
        <line num="288" count="9" type="cond" truecount="1" falsecount="1"/>
        <line num="289" count="9" type="stmt"/>
        <line num="290" count="9" type="cond" truecount="2" falsecount="0"/>
        <line num="291" count="8" type="stmt"/>
        <line num="293" count="1" type="stmt"/>
        <line num="300" count="2" type="stmt"/>
        <line num="301" count="19" type="stmt"/>
        <line num="302" count="19" type="stmt"/>
        <line num="303" count="20" type="stmt"/>
        <line num="304" count="19" type="stmt"/>
        <line num="306" count="17" type="stmt"/>
        <line num="307" count="17" type="stmt"/>
        <line num="308" count="1" type="stmt"/>
        <line num="309" count="1" type="stmt"/>
        <line num="312" count="0" type="stmt"/>
        <line num="314" count="17" type="stmt"/>
        <line num="315" count="17" type="cond" truecount="3" falsecount="2"/>
        <line num="317" count="17" type="cond" truecount="1" falsecount="1"/>
        <line num="319" count="17" type="stmt"/>
        <line num="321" count="19" type="stmt"/>
        <line num="323" count="0" type="stmt"/>
        <line num="324" count="0" type="stmt"/>
        <line num="325" count="0" type="stmt"/>
        <line num="326" count="0" type="stmt"/>
        <line num="329" count="0" type="stmt"/>
        <line num="331" count="0" type="stmt"/>
        <line num="332" count="0" type="cond" truecount="0" falsecount="5"/>
        <line num="334" count="0" type="cond" truecount="0" falsecount="2"/>
        <line num="336" count="0" type="stmt"/>
        <line num="344" count="2" type="stmt"/>
        <line num="345" count="16" type="stmt"/>
        <line num="346" count="17" type="stmt"/>
        <line num="354" count="2" type="stmt"/>
        <line num="356" count="20" type="stmt"/>
        <line num="358" count="20" type="stmt"/>
        <line num="359" count="117" type="cond" truecount="9" falsecount="0"/>
        <line num="361" count="20" type="stmt"/>
        <line num="367" count="20" type="stmt"/>
        <line num="369" count="20" type="stmt"/>
        <line num="370" count="20" type="stmt"/>
        <line num="371" count="19" type="cond" truecount="2" falsecount="0"/>
        <line num="372" count="1" type="stmt"/>
        <line num="375" count="1" type="stmt"/>
        <line num="377" count="18" type="cond" truecount="2" falsecount="0"/>
        <line num="378" count="1" type="stmt"/>
        <line num="381" count="1" type="stmt"/>
        <line num="383" count="17" type="cond" truecount="2" falsecount="0"/>
        <line num="384" count="1" type="stmt"/>
        <line num="387" count="1" type="stmt"/>
        <line num="388" count="16" type="stmt"/>
        <line num="390" count="16" type="stmt"/>
        <line num="391" count="10" type="stmt"/>
        <line num="393" count="13" type="cond" truecount="2" falsecount="0"/>
        <line num="394" count="3" type="stmt"/>
        <line num="395" count="13" type="stmt"/>
        <line num="397" count="7" type="stmt"/>
        <line num="398" count="7" type="cond" truecount="2" falsecount="0"/>
        <line num="399" count="1" type="stmt"/>
        <line num="407" count="1" type="stmt"/>
        <line num="409" count="6" type="cond" truecount="1" falsecount="1"/>
        <line num="410" count="6" type="stmt"/>
        <line num="420" count="6" type="stmt"/>
        <line num="422" count="7" type="stmt"/>
        <line num="423" count="20" type="stmt"/>
        <line num="433" count="2" type="stmt"/>
        <line num="434" count="16" type="stmt"/>
        <line num="436" count="16" type="stmt"/>
        <line num="437" count="16" type="stmt"/>
        <line num="438" count="63" type="cond" truecount="14" falsecount="2"/>
        <line num="440" count="16" type="stmt"/>
        <line num="441" count="16" type="cond" truecount="5" falsecount="1"/>
        <line num="442" count="7" type="stmt"/>
        <line num="443" count="2" type="stmt"/>
        <line num="444" count="0" type="stmt"/>
        <line num="445" count="2" type="stmt"/>
        <line num="446" count="3" type="stmt"/>
        <line num="447" count="2" type="stmt"/>
        <line num="449" count="0" type="stmt"/>
        <line num="451" count="7" type="stmt"/>
        <line num="452" count="7" type="cond" truecount="2" falsecount="0"/>
        <line num="453" count="6" type="stmt"/>
        <line num="458" count="6" type="stmt"/>
        <line num="460" count="6" type="stmt"/>
        <line num="461" count="6" type="stmt"/>
        <line num="462" count="1" type="stmt"/>
        <line num="466" count="6" type="stmt"/>
        <line num="467" count="2" type="stmt"/>
        <line num="468" count="1" type="stmt"/>
        <line num="471" count="1" type="stmt"/>
        <line num="472" count="1" type="stmt"/>
        <line num="473" count="0" type="stmt"/>
        <line num="474" count="0" type="stmt"/>
        <line num="475" count="0" type="cond" truecount="0" falsecount="2"/>
        <line num="476" count="0" type="stmt"/>
        <line num="478" count="0" type="stmt"/>
        <line num="479" count="0" type="stmt"/>
        <line num="484" count="0" type="stmt"/>
        <line num="485" count="0" type="stmt"/>
        <line num="486" count="2" type="stmt"/>
        <line num="487" count="2" type="stmt"/>
        <line num="488" count="2" type="stmt"/>
        <line num="489" count="1" type="stmt"/>
        <line num="493" count="2" type="stmt"/>
        <line num="494" count="1" type="stmt"/>
        <line num="495" count="3" type="stmt"/>
        <line num="496" count="3" type="stmt"/>
        <line num="497" count="3" type="cond" truecount="4" falsecount="0"/>
        <line num="498" count="2" type="stmt"/>
        <line num="502" count="1" type="stmt"/>
        <line num="503" count="0" type="stmt"/>
        <line num="507" count="3" type="stmt"/>
        <line num="508" count="0" type="stmt"/>
        <line num="509" count="2" type="stmt"/>
        <line num="511" count="2" type="stmt"/>
        <line num="512" count="4" type="cond" truecount="2" falsecount="0"/>
        <line num="513" count="2" type="cond" truecount="10" falsecount="2"/>
        <line num="515" count="2" type="stmt"/>
        <line num="516" count="2" type="stmt"/>
        <line num="521" count="2" type="stmt"/>
        <line num="522" count="2" type="stmt"/>
        <line num="523" count="10" type="stmt"/>
        <line num="535" count="2" type="stmt"/>
        <line num="536" count="9" type="stmt"/>
        <line num="537" count="9" type="cond" truecount="2" falsecount="0"/>
        <line num="538" count="1" type="stmt"/>
        <line num="539" count="8" type="stmt"/>
        <line num="544" count="2" type="stmt"/>
        <line num="545" count="10" type="stmt"/>
        <line num="546" count="10" type="stmt"/>
        <line num="547" count="10" type="cond" truecount="1" falsecount="1"/>
        <line num="548" count="10" type="stmt"/>
        <line num="550" count="2" type="stmt"/>
        <line num="552" count="2" type="stmt"/>
      </file>
      <file name="pondChannel.js" path="/Users/royossai/WebstormProjects/pondSocket/server/channel/pondChannel.js">
        <metrics statements="192" coveredstatements="172" conditionals="176" coveredconditionals="113" methods="61" coveredmethods="55"/>
        <line num="2" count="3" type="cond" truecount="3" falsecount="0"/>
        <line num="3" count="3" type="stmt"/>
        <line num="4" count="3" type="cond" truecount="1" falsecount="3"/>
        <line num="5" count="0" type="stmt"/>
        <line num="6" count="0" type="cond" truecount="0" falsecount="2"/>
        <line num="7" count="3" type="stmt"/>
        <line num="9" count="3" type="stmt"/>
        <line num="10" count="3" type="cond" truecount="2" falsecount="2"/>
        <line num="11" count="0" type="stmt"/>
        <line num="12" count="3" type="stmt"/>
        <line num="13" count="3" type="stmt"/>
        <line num="14" count="3" type="cond" truecount="1" falsecount="1"/>
        <line num="17" count="3" type="cond" truecount="3" falsecount="0"/>
        <line num="18" count="4" type="cond" truecount="1" falsecount="1"/>
        <line num="19" count="0" type="stmt"/>
        <line num="20" count="0" type="stmt"/>
        <line num="21" count="0" type="cond" truecount="0" falsecount="2"/>
        <line num="22" count="0" type="stmt"/>
        <line num="24" count="0" type="stmt"/>
        <line num="26" count="4" type="stmt"/>
        <line num="28" count="3" type="cond" truecount="3" falsecount="0"/>
        <line num="29" count="31" type="cond" truecount="1" falsecount="1"/>
        <line num="30" count="19" type="cond" truecount="2" falsecount="0"/>
        <line num="31" count="31" type="stmt"/>
        <line num="32" count="0" type="stmt"/>
        <line num="33" count="50" type="cond" truecount="2" falsecount="0"/>
        <line num="34" count="19" type="cond" truecount="2" falsecount="0"/>
        <line num="37" count="3" type="cond" truecount="3" falsecount="0"/>
        <line num="38" count="31" type="cond" truecount="1" falsecount="1"/>
        <line num="39" count="19" type="cond" truecount="2" falsecount="0"/>
        <line num="40" count="57" type="stmt"/>
        <line num="42" count="50" type="cond" truecount="1" falsecount="1"/>
        <line num="43" count="105" type="stmt"/>
        <line num="44" count="105" type="cond" truecount="2" falsecount="11"/>
        <line num="45" count="105" type="cond" truecount="1" falsecount="1"/>
        <line num="46" count="105" type="cond" truecount="4" falsecount="2"/>
        <line num="47" count="50" type="stmt"/>
        <line num="48" count="31" type="stmt"/>
        <line num="49" count="0" type="stmt"/>
        <line num="50" count="0" type="stmt"/>
        <line num="52" count="24" type="cond" truecount="6" falsecount="1"/>
        <line num="53" count="5" type="cond" truecount="3" falsecount="3"/>
        <line num="54" count="0" type="cond" truecount="0" falsecount="4"/>
        <line num="55" count="0" type="cond" truecount="0" falsecount="4"/>
        <line num="56" count="0" type="cond" truecount="0" falsecount="2"/>
        <line num="57" count="0" type="stmt"/>
        <line num="59" count="55" type="stmt"/>
        <line num="60" count="105" type="stmt"/>
        <line num="61" count="19" type="cond" truecount="2" falsecount="2"/>
        <line num="64" count="3" type="cond" truecount="3" falsecount="0"/>
        <line num="65" count="2" type="cond" truecount="4" falsecount="0"/>
        <line num="66" count="2" type="cond" truecount="1" falsecount="1"/>
        <line num="67" count="0" type="cond" truecount="0" falsecount="4"/>
        <line num="69" count="0" type="cond" truecount="0" falsecount="4"/>
        <line num="70" count="0" type="cond" truecount="0" falsecount="2"/>
        <line num="73" count="0" type="cond" truecount="0" falsecount="2"/>
        <line num="75" count="3" type="stmt"/>
        <line num="76" count="3" type="stmt"/>
        <line num="77" count="3" type="stmt"/>
        <line num="78" count="3" type="stmt"/>
        <line num="79" count="3" type="stmt"/>
        <line num="80" count="3" type="stmt"/>
        <line num="81" count="3" type="stmt"/>
        <line num="82" count="3" type="stmt"/>
        <line num="83" count="3" type="stmt"/>
        <line num="84" count="3" type="stmt"/>
        <line num="86" count="13" type="cond" truecount="2" falsecount="0"/>
        <line num="87" count="13" type="stmt"/>
        <line num="88" count="13" type="stmt"/>
        <line num="89" count="13" type="stmt"/>
        <line num="90" count="13" type="stmt"/>
        <line num="91" count="13" type="stmt"/>
        <line num="92" count="13" type="stmt"/>
        <line num="99" count="3" type="stmt"/>
        <line num="100" count="4" type="stmt"/>
        <line num="101" count="4" type="stmt"/>
        <line num="102" count="26" type="stmt"/>
        <line num="103" count="26" type="stmt"/>
        <line num="104" count="26" type="cond" truecount="2" falsecount="0"/>
        <line num="105" count="16" type="stmt"/>
        <line num="110" count="16" type="stmt"/>
        <line num="121" count="16" type="stmt"/>
        <line num="122" count="15" type="stmt"/>
        <line num="123" count="15" type="cond" truecount="2" falsecount="0"/>
        <line num="124" count="3" type="stmt"/>
        <line num="129" count="12" type="cond" truecount="2" falsecount="0"/>
        <line num="130" count="2" type="stmt"/>
        <line num="131" count="12" type="cond" truecount="2" falsecount="0"/>
        <line num="132" count="7" type="stmt"/>
        <line num="133" count="6" type="cond" truecount="2" falsecount="0"/>
        <line num="134" count="4" type="stmt"/>
        <line num="138" count="16" type="stmt"/>
        <line num="139" count="16" type="stmt"/>
        <line num="141" count="25" type="cond" truecount="2" falsecount="0"/>
        <line num="143" count="4" type="stmt"/>
        <line num="151" count="3" type="stmt"/>
        <line num="152" count="19" type="stmt"/>
        <line num="153" count="19" type="stmt"/>
        <line num="155" count="19" type="stmt"/>
        <line num="157" count="19" type="stmt"/>
        <line num="158" count="55" type="cond" truecount="4" falsecount="0"/>
        <line num="160" count="19" type="cond" truecount="4" falsecount="0"/>
        <line num="161" count="19" type="stmt"/>
        <line num="162" count="19" type="cond" truecount="2" falsecount="0"/>
        <line num="163" count="1" type="stmt"/>
        <line num="164" count="18" type="cond" truecount="2" falsecount="0"/>
        <line num="165" count="13" type="stmt"/>
        <line num="167" count="13" type="stmt"/>
        <line num="168" count="13" type="stmt"/>
        <line num="170" count="18" type="stmt"/>
        <line num="175" count="18" type="stmt"/>
        <line num="176" count="18" type="stmt"/>
        <line num="177" count="17" type="cond" truecount="2" falsecount="0"/>
        <line num="178" count="2" type="stmt"/>
        <line num="179" count="15" type="stmt"/>
        <line num="180" count="15" type="cond" truecount="2" falsecount="0"/>
        <line num="181" count="15" type="stmt"/>
        <line num="182" count="44" type="stmt"/>
        <line num="184" count="15" type="stmt"/>
        <line num="190" count="15" type="stmt"/>
        <line num="191" count="15" type="cond" truecount="2" falsecount="0"/>
        <line num="192" count="1" type="stmt"/>
        <line num="193" count="15" type="stmt"/>
        <line num="195" count="18" type="stmt"/>
        <line num="196" count="18" type="stmt"/>
        <line num="198" count="18" type="stmt"/>
        <line num="199" count="18" type="stmt"/>
        <line num="210" count="3" type="stmt"/>
        <line num="211" count="1" type="stmt"/>
        <line num="212" count="1" type="stmt"/>
        <line num="220" count="3" type="stmt"/>
        <line num="221" count="1" type="stmt"/>
        <line num="222" count="1" type="stmt"/>
        <line num="223" count="1" type="stmt"/>
        <line num="224" count="1" type="stmt"/>
        <line num="233" count="3" type="stmt"/>
        <line num="234" count="2" type="stmt"/>
        <line num="235" count="2" type="cond" truecount="4" falsecount="0"/>
        <line num="242" count="3" type="stmt"/>
        <line num="243" count="12" type="stmt"/>
        <line num="244" count="10" type="stmt"/>
        <line num="254" count="3" type="stmt"/>
        <line num="255" count="2" type="cond" truecount="2" falsecount="0"/>
        <line num="256" count="2" type="stmt"/>
        <line num="257" count="2" type="stmt"/>
        <line num="260" count="3" type="stmt"/>
        <line num="265" count="8" type="stmt"/>
        <line num="274" count="3" type="stmt"/>
        <line num="276" count="29" type="cond" truecount="6" falsecount="0"/>
        <line num="283" count="3" type="stmt"/>
        <line num="284" count="2" type="stmt"/>
        <line num="285" count="2" type="cond" truecount="2" falsecount="0"/>
        <line num="286" count="1" type="stmt"/>
        <line num="287" count="1" type="stmt"/>
        <line num="288" count="1" type="stmt"/>
        <line num="294" count="3" type="stmt"/>
        <line num="296" count="2" type="cond" truecount="1" falsecount="1"/>
        <line num="297" count="2" type="stmt"/>
        <line num="298" count="2" type="stmt"/>
        <line num="299" count="2" type="stmt"/>
        <line num="300" count="2" type="stmt"/>
        <line num="301" count="2" type="stmt"/>
        <line num="302" count="2" type="stmt"/>
        <line num="305" count="0" type="stmt"/>
        <line num="307" count="2" type="stmt"/>
        <line num="308" count="2" type="cond" truecount="3" falsecount="2"/>
        <line num="310" count="2" type="cond" truecount="1" falsecount="1"/>
        <line num="320" count="3" type="stmt"/>
        <line num="321" count="18" type="cond" truecount="2" falsecount="0"/>
        <line num="322" count="18" type="cond" truecount="2" falsecount="0"/>
        <line num="323" count="16" type="stmt"/>
        <line num="324" count="2" type="stmt"/>
        <line num="331" count="3" type="stmt"/>
        <line num="332" count="14" type="stmt"/>
        <line num="333" count="14" type="stmt"/>
        <line num="335" count="14" type="stmt"/>
        <line num="336" count="4" type="stmt"/>
        <line num="338" count="14" type="stmt"/>
        <line num="345" count="3" type="stmt"/>
        <line num="346" count="44" type="stmt"/>
        <line num="354" count="3" type="stmt"/>
        <line num="355" count="2" type="stmt"/>
        <line num="356" count="2" type="cond" truecount="2" falsecount="0"/>
        <line num="357" count="2" type="stmt"/>
        <line num="358" count="4" type="stmt"/>
        <line num="359" count="4" type="cond" truecount="1" falsecount="1"/>
        <line num="360" count="4" type="stmt"/>
        <line num="361" count="4" type="cond" truecount="1" falsecount="1"/>
        <line num="362" count="4" type="stmt"/>
        <line num="363" count="4" type="stmt"/>
        <line num="368" count="3" type="stmt"/>
        <line num="370" count="3" type="stmt"/>
      </file>
      <file name="server.js" path="/Users/royossai/WebstormProjects/pondSocket/server/channel/server.js">
        <metrics statements="92" coveredstatements="78" conditionals="57" coveredconditionals="31" methods="28" coveredmethods="22"/>
        <line num="2" count="2" type="cond" truecount="3" falsecount="0"/>
        <line num="3" count="2" type="stmt"/>
        <line num="4" count="2" type="cond" truecount="1" falsecount="3"/>
        <line num="5" count="0" type="stmt"/>
        <line num="6" count="0" type="cond" truecount="0" falsecount="2"/>
        <line num="7" count="2" type="stmt"/>
        <line num="9" count="2" type="stmt"/>
        <line num="10" count="2" type="cond" truecount="2" falsecount="2"/>
        <line num="11" count="0" type="stmt"/>
        <line num="12" count="2" type="stmt"/>
        <line num="13" count="2" type="stmt"/>
        <line num="14" count="2" type="cond" truecount="1" falsecount="1"/>
        <line num="17" count="2" type="cond" truecount="3" falsecount="0"/>
        <line num="18" count="13" type="cond" truecount="4" falsecount="0"/>
        <line num="19" count="13" type="cond" truecount="1" falsecount="1"/>
        <line num="20" count="0" type="cond" truecount="0" falsecount="4"/>
        <line num="22" count="0" type="cond" truecount="0" falsecount="4"/>
        <line num="23" count="0" type="cond" truecount="0" falsecount="2"/>
        <line num="26" count="0" type="cond" truecount="0" falsecount="2"/>
        <line num="28" count="2" type="stmt"/>
        <line num="29" count="2" type="stmt"/>
        <line num="30" count="2" type="stmt"/>
        <line num="31" count="2" type="stmt"/>
        <line num="32" count="2" type="stmt"/>
        <line num="33" count="2" type="stmt"/>
        <line num="34" count="2" type="stmt"/>
        <line num="35" count="2" type="stmt"/>
        <line num="36" count="2" type="stmt"/>
        <line num="37" count="2" type="stmt"/>
        <line num="39" count="19" type="cond" truecount="2" falsecount="0"/>
        <line num="40" count="19" type="cond" truecount="2" falsecount="0"/>
        <line num="41" count="19" type="cond" truecount="2" falsecount="0"/>
        <line num="42" count="19" type="stmt"/>
        <line num="43" count="19" type="stmt"/>
        <line num="44" count="19" type="stmt"/>
        <line num="50" count="2" type="stmt"/>
        <line num="51" count="2" type="stmt"/>
        <line num="52" count="2" type="stmt"/>
        <line num="53" count="2" type="stmt"/>
        <line num="60" count="2" type="stmt"/>
        <line num="61" count="14" type="stmt"/>
        <line num="81" count="2" type="stmt"/>
        <line num="82" count="15" type="stmt"/>
        <line num="83" count="15" type="stmt"/>
        <line num="84" count="15" type="stmt"/>
        <line num="90" count="2" type="stmt"/>
        <line num="91" count="11" type="stmt"/>
        <line num="92" count="19" type="stmt"/>
        <line num="93" count="19" type="stmt"/>
        <line num="94" count="0" type="stmt"/>
        <line num="97" count="11" type="stmt"/>
        <line num="98" count="0" type="stmt"/>
        <line num="99" count="0" type="cond" truecount="0" falsecount="2"/>
        <line num="100" count="0" type="stmt"/>
        <line num="101" count="0" type="stmt"/>
        <line num="102" count="0" type="stmt"/>
        <line num="105" count="11" type="stmt"/>
        <line num="110" count="2" type="stmt"/>
        <line num="111" count="19" type="stmt"/>
        <line num="112" count="19" type="stmt"/>
        <line num="113" count="21" type="stmt"/>
        <line num="115" count="19" type="stmt"/>
        <line num="116" count="1" type="stmt"/>
        <line num="117" count="1" type="stmt"/>
        <line num="119" count="19" type="stmt"/>
        <line num="120" count="11" type="stmt"/>
        <line num="122" count="19" type="stmt"/>
        <line num="123" count="12" type="stmt"/>
        <line num="130" count="2" type="stmt"/>
        <line num="132" count="13" type="stmt"/>
        <line num="133" count="13" type="stmt"/>
        <line num="134" count="10" type="stmt"/>
        <line num="135" count="10" type="stmt"/>
        <line num="138" count="0" type="stmt"/>
        <line num="140" count="13" type="stmt"/>
        <line num="141" count="13" type="cond" truecount="3" falsecount="2"/>
        <line num="143" count="13" type="cond" truecount="1" falsecount="1"/>
        <line num="153" count="2" type="stmt"/>
        <line num="154" count="21" type="stmt"/>
        <line num="155" count="21" type="cond" truecount="2" falsecount="0"/>
        <line num="156" count="21" type="stmt"/>
        <line num="157" count="21" type="stmt"/>
        <line num="158" count="21" type="cond" truecount="2" falsecount="0"/>
        <line num="159" count="20" type="stmt"/>
        <line num="163" count="1" type="stmt"/>
        <line num="165" count="21" type="cond" truecount="2" falsecount="0"/>
        <line num="166" count="20" type="stmt"/>
        <line num="167" count="1" type="stmt"/>
        <line num="169" count="1" type="stmt"/>
        <line num="170" count="1" type="stmt"/>
        <line num="173" count="2" type="stmt"/>
        <line num="175" count="2" type="stmt"/>
      </file>
    </package>
    <package name="server.utils">
      <metrics statements="348" coveredstatements="329" conditionals="239" coveredconditionals="166" methods="90" coveredmethods="86"/>
      <file name="baseClass.js" path="/Users/royossai/WebstormProjects/pondSocket/server/utils/baseClass.js">
        <metrics statements="63" coveredstatements="62" conditionals="35" coveredconditionals="31" methods="15" coveredmethods="15"/>
        <line num="2" count="5" type="cond" truecount="3" falsecount="0"/>
        <line num="3" count="5" type="cond" truecount="2" falsecount="0"/>
        <line num="4" count="5" type="cond" truecount="1" falsecount="1"/>
        <line num="5" count="5" type="stmt"/>
        <line num="6" count="5" type="stmt"/>
        <line num="7" count="10" type="cond" truecount="3" falsecount="0"/>
        <line num="9" count="0" type="stmt"/>
        <line num="11" count="5" type="stmt"/>
        <line num="12" count="5" type="cond" truecount="4" falsecount="1"/>
        <line num="14" count="5" type="cond" truecount="1" falsecount="1"/>
        <line num="16" count="5" type="stmt"/>
        <line num="18" count="5" type="stmt"/>
        <line num="19" count="5" type="stmt"/>
        <line num="20" count="5" type="stmt"/>
        <line num="27" count="5" type="stmt"/>
        <line num="28" count="87" type="cond" truecount="2" falsecount="0"/>
        <line num="35" count="5" type="stmt"/>
        <line num="36" count="22" type="cond" truecount="2" falsecount="0"/>
        <line num="37" count="12" type="stmt"/>
        <line num="39" count="10" type="stmt"/>
        <line num="45" count="5" type="stmt"/>
        <line num="46" count="1" type="stmt"/>
        <line num="47" count="1" type="stmt"/>
        <line num="48" count="31" type="stmt"/>
        <line num="49" count="31" type="stmt"/>
        <line num="50" count="31" type="cond" truecount="2" falsecount="0"/>
        <line num="57" count="5" type="stmt"/>
        <line num="58" count="27" type="stmt"/>
        <line num="65" count="5" type="stmt"/>
        <line num="66" count="85" type="stmt"/>
        <line num="67" count="85" type="cond" truecount="2" falsecount="0"/>
        <line num="68" count="70" type="stmt"/>
        <line num="71" count="15" type="stmt"/>
        <line num="78" count="5" type="stmt"/>
        <line num="79" count="17" type="stmt"/>
        <line num="89" count="5" type="stmt"/>
        <line num="90" count="72" type="stmt"/>
        <line num="91" count="72" type="stmt"/>
        <line num="92" count="72" type="cond" truecount="2" falsecount="0"/>
        <line num="93" count="3" type="stmt"/>
        <line num="94" count="5" type="stmt"/>
        <line num="95" count="5" type="stmt"/>
        <line num="98" count="72" type="stmt"/>
        <line num="110" count="5" type="stmt"/>
        <line num="111" count="74" type="stmt"/>
        <line num="112" count="74" type="stmt"/>
        <line num="113" count="74" type="cond" truecount="2" falsecount="0"/>
        <line num="114" count="60" type="stmt"/>
        <line num="115" count="60" type="cond" truecount="1" falsecount="1"/>
        <line num="116" count="60" type="stmt"/>
        <line num="117" count="60" type="stmt"/>
        <line num="118" count="61" type="stmt"/>
        <line num="120" count="60" type="stmt"/>
        <line num="123" count="14" type="stmt"/>
        <line num="130" count="5" type="stmt"/>
        <line num="131" count="87" type="cond" truecount="2" falsecount="0"/>
        <line num="132" count="69" type="stmt"/>
        <line num="133" count="18" type="stmt"/>
        <line num="134" count="18" type="cond" truecount="2" falsecount="0"/>
        <line num="135" count="15" type="stmt"/>
        <line num="136" count="3" type="stmt"/>
        <line num="138" count="5" type="stmt"/>
        <line num="140" count="5" type="stmt"/>
      </file>
      <file name="basePromise.js" path="/Users/royossai/WebstormProjects/pondSocket/server/utils/basePromise.js">
        <metrics statements="65" coveredstatements="62" conditionals="79" coveredconditionals="59" methods="23" coveredmethods="21"/>
        <line num="2" count="7" type="cond" truecount="3" falsecount="0"/>
        <line num="3" count="42" type="cond" truecount="2" falsecount="0"/>
        <line num="4" count="79" type="cond" truecount="2" falsecount="0"/>
        <line num="5" count="42" type="stmt"/>
        <line num="6" count="0" type="stmt"/>
        <line num="7" count="121" type="cond" truecount="2" falsecount="0"/>
        <line num="8" count="79" type="cond" truecount="2" falsecount="0"/>
        <line num="11" count="7" type="cond" truecount="3" falsecount="0"/>
        <line num="12" count="79" type="cond" truecount="1" falsecount="1"/>
        <line num="13" count="79" type="cond" truecount="2" falsecount="0"/>
        <line num="14" count="237" type="stmt"/>
        <line num="16" count="121" type="cond" truecount="1" falsecount="1"/>
        <line num="17" count="332" type="stmt"/>
        <line num="18" count="332" type="cond" truecount="2" falsecount="11"/>
        <line num="19" count="332" type="cond" truecount="1" falsecount="1"/>
        <line num="20" count="332" type="cond" truecount="4" falsecount="2"/>
        <line num="21" count="121" type="stmt"/>
        <line num="22" count="42" type="stmt"/>
        <line num="23" count="0" type="stmt"/>
        <line num="24" count="0" type="stmt"/>
        <line num="26" count="169" type="cond" truecount="7" falsecount="0"/>
        <line num="27" count="90" type="cond" truecount="6" falsecount="0"/>
        <line num="28" count="46" type="cond" truecount="4" falsecount="0"/>
        <line num="29" count="44" type="cond" truecount="3" falsecount="1"/>
        <line num="30" count="44" type="cond" truecount="1" falsecount="1"/>
        <line num="31" count="44" type="stmt"/>
        <line num="33" count="167" type="stmt"/>
        <line num="34" count="332" type="stmt"/>
        <line num="35" count="79" type="cond" truecount="2" falsecount="2"/>
        <line num="38" count="7" type="stmt"/>
        <line num="39" count="7" type="stmt"/>
        <line num="40" count="7" type="stmt"/>
        <line num="42" count="42" type="stmt"/>
        <line num="43" count="42" type="stmt"/>
        <line num="44" count="42" type="stmt"/>
        <line num="47" count="7" type="stmt"/>
        <line num="49" count="7" type="stmt"/>
        <line num="51" count="44" type="stmt"/>
        <line num="52" count="44" type="stmt"/>
        <line num="54" count="44" type="stmt"/>
        <line num="55" count="44" type="stmt"/>
        <line num="56" count="132" type="cond" truecount="5" falsecount="0"/>
        <line num="58" count="44" type="stmt"/>
        <line num="59" count="44" type="stmt"/>
        <line num="60" count="5" type="stmt"/>
        <line num="61" count="5" type="cond" truecount="2" falsecount="0"/>
        <line num="63" count="44" type="stmt"/>
        <line num="64" count="35" type="stmt"/>
        <line num="65" count="35" type="stmt"/>
        <line num="66" count="35" type="stmt"/>
        <line num="67" count="35" type="stmt"/>
        <line num="70" count="44" type="stmt"/>
        <line num="72" count="44" type="stmt"/>
        <line num="73" count="44" type="stmt"/>
        <line num="75" count="42" type="stmt"/>
        <line num="76" count="42" type="cond" truecount="2" falsecount="0"/>
        <line num="77" count="2" type="stmt"/>
        <line num="78" count="42" type="stmt"/>
        <line num="80" count="2" type="stmt"/>
        <line num="81" count="2" type="cond" truecount="2" falsecount="0"/>
        <line num="82" count="1" type="stmt"/>
        <line num="84" count="1" type="stmt"/>
        <line num="85" count="2" type="stmt"/>
        <line num="86" count="44" type="stmt"/>
        <line num="91" count="7" type="stmt"/>
      </file>
      <file name="pondBase.js" path="/Users/royossai/WebstormProjects/pondSocket/server/utils/pondBase.js">
        <metrics statements="145" coveredstatements="139" conditionals="76" coveredconditionals="44" methods="36" coveredmethods="36"/>
        <line num="2" count="5" type="cond" truecount="3" falsecount="0"/>
        <line num="3" count="35" type="cond" truecount="1" falsecount="1"/>
        <line num="4" count="35" type="cond" truecount="2" falsecount="0"/>
        <line num="5" count="105" type="stmt"/>
        <line num="7" count="51" type="cond" truecount="1" falsecount="1"/>
        <line num="8" count="152" type="stmt"/>
        <line num="9" count="152" type="cond" truecount="2" falsecount="11"/>
        <line num="10" count="152" type="cond" truecount="1" falsecount="1"/>
        <line num="11" count="152" type="cond" truecount="4" falsecount="2"/>
        <line num="12" count="51" type="stmt"/>
        <line num="13" count="17" type="stmt"/>
        <line num="14" count="0" type="stmt"/>
        <line num="15" count="0" type="stmt"/>
        <line num="17" count="84" type="cond" truecount="6" falsecount="1"/>
        <line num="18" count="50" type="cond" truecount="3" falsecount="3"/>
        <line num="19" count="0" type="cond" truecount="0" falsecount="4"/>
        <line num="20" count="0" type="cond" truecount="0" falsecount="4"/>
        <line num="21" count="0" type="cond" truecount="0" falsecount="2"/>
        <line num="22" count="0" type="stmt"/>
        <line num="24" count="101" type="stmt"/>
        <line num="25" count="152" type="stmt"/>
        <line num="26" count="34" type="cond" truecount="2" falsecount="2"/>
        <line num="29" count="5" type="stmt"/>
        <line num="30" count="5" type="stmt"/>
        <line num="31" count="5" type="stmt"/>
        <line num="32" count="5" type="stmt"/>
        <line num="33" count="5" type="stmt"/>
        <line num="34" count="5" type="stmt"/>
        <line num="36" count="400" type="stmt"/>
        <line num="37" count="400" type="stmt"/>
        <line num="38" count="400" type="stmt"/>
        <line num="39" count="400" type="stmt"/>
        <line num="41" count="5" type="stmt"/>
        <line num="43" count="120" type="stmt"/>
        <line num="48" count="5" type="stmt"/>
        <line num="50" count="326" type="stmt"/>
        <line num="58" count="5" type="stmt"/>
        <line num="59" count="35" type="stmt"/>
        <line num="60" count="35" type="stmt"/>
        <line num="66" count="5" type="stmt"/>
        <line num="67" count="44" type="stmt"/>
        <line num="69" count="5" type="stmt"/>
        <line num="71" count="5" type="stmt"/>
        <line num="72" count="5" type="stmt"/>
        <line num="77" count="139" type="stmt"/>
        <line num="78" count="137" type="stmt"/>
        <line num="79" count="137" type="stmt"/>
        <line num="80" count="137" type="stmt"/>
        <line num="81" count="2877" type="stmt"/>
        <line num="83" count="137" type="stmt"/>
        <line num="85" count="139" type="stmt"/>
        <line num="86" count="139" type="stmt"/>
        <line num="88" count="5" type="stmt"/>
        <line num="93" count="18" type="stmt"/>
        <line num="102" count="5" type="stmt"/>
        <line num="103" count="83" type="stmt"/>
        <line num="104" count="83" type="cond" truecount="2" falsecount="0"/>
        <line num="105" count="59" type="stmt"/>
        <line num="106" count="24" type="stmt"/>
        <line num="112" count="5" type="stmt"/>
        <line num="113" count="120" type="stmt"/>
        <line num="114" count="120" type="stmt"/>
        <line num="115" count="120" type="stmt"/>
        <line num="116" count="120" type="stmt"/>
        <line num="123" count="5" type="stmt"/>
        <line num="124" count="46" type="cond" truecount="2" falsecount="0"/>
        <line num="125" count="45" type="stmt"/>
        <line num="126" count="45" type="stmt"/>
        <line num="127" count="45" type="stmt"/>
        <line num="130" count="1" type="stmt"/>
        <line num="136" count="5" type="stmt"/>
        <line num="137" count="17" type="stmt"/>
        <line num="138" count="17" type="stmt"/>
        <line num="139" count="17" type="stmt"/>
        <line num="140" count="17" type="stmt"/>
        <line num="141" count="17" type="stmt"/>
        <line num="142" count="17" type="stmt"/>
        <line num="147" count="5" type="stmt"/>
        <line num="149" count="35" type="stmt"/>
        <line num="150" count="101" type="cond" truecount="5" falsecount="0"/>
        <line num="152" count="35" type="stmt"/>
        <line num="153" count="35" type="stmt"/>
        <line num="154" count="20" type="stmt"/>
        <line num="155" count="35" type="stmt"/>
        <line num="156" count="35" type="stmt"/>
        <line num="158" count="51" type="cond" truecount="2" falsecount="0"/>
        <line num="159" count="17" type="stmt"/>
        <line num="160" count="17" type="stmt"/>
        <line num="162" count="16" type="stmt"/>
        <line num="163" count="16" type="stmt"/>
        <line num="165" count="16" type="stmt"/>
        <line num="166" count="16" type="stmt"/>
        <line num="167" count="34" type="stmt"/>
        <line num="175" count="5" type="stmt"/>
        <line num="176" count="22" type="stmt"/>
        <line num="177" count="22" type="stmt"/>
        <line num="178" count="11" type="stmt"/>
        <line num="179" count="11" type="cond" truecount="2" falsecount="0"/>
        <line num="180" count="8" type="stmt"/>
        <line num="182" count="22" type="stmt"/>
        <line num="188" count="5" type="stmt"/>
        <line num="189" count="1" type="stmt"/>
        <line num="190" count="1" type="stmt"/>
        <line num="197" count="5" type="stmt"/>
        <line num="198" count="21" type="stmt"/>
        <line num="199" count="21" type="stmt"/>
        <line num="200" count="21" type="stmt"/>
        <line num="201" count="21" type="stmt"/>
        <line num="203" count="21" type="stmt"/>
        <line num="209" count="5" type="stmt"/>
        <line num="210" count="47" type="stmt"/>
        <line num="211" count="48" type="stmt"/>
        <line num="212" count="48" type="cond" truecount="2" falsecount="0"/>
        <line num="213" count="42" type="stmt"/>
        <line num="215" count="5" type="stmt"/>
        <line num="221" count="5" type="stmt"/>
        <line num="222" count="15" type="stmt"/>
        <line num="227" count="5" type="stmt"/>
        <line num="228" count="21" type="stmt"/>
        <line num="229" count="21" type="stmt"/>
        <line num="230" count="22" type="stmt"/>
        <line num="236" count="5" type="stmt"/>
        <line num="237" count="24" type="stmt"/>
        <line num="238" count="24" type="stmt"/>
        <line num="239" count="39" type="stmt"/>
        <line num="240" count="39" type="cond" truecount="2" falsecount="0"/>
        <line num="241" count="30" type="stmt"/>
        <line num="242" count="9" type="cond" truecount="2" falsecount="0"/>
        <line num="243" count="5" type="stmt"/>
        <line num="244" count="39" type="stmt"/>
        <line num="250" count="5" type="stmt"/>
        <line num="251" count="79" type="stmt"/>
        <line num="252" count="79" type="stmt"/>
        <line num="253" count="109" type="stmt"/>
        <line num="254" count="109" type="stmt"/>
        <line num="256" count="79" type="stmt"/>
        <line num="261" count="5" type="stmt"/>
        <line num="262" count="57" type="stmt"/>
        <line num="263" count="57" type="stmt"/>
        <line num="271" count="5" type="stmt"/>
        <line num="272" count="400" type="stmt"/>
        <line num="273" count="400" type="stmt"/>
        <line num="274" count="400" type="stmt"/>
        <line num="276" count="5" type="stmt"/>
        <line num="278" count="5" type="stmt"/>
      </file>
      <file name="pondResponse.js" path="/Users/royossai/WebstormProjects/pondSocket/server/utils/pondResponse.js">
        <metrics statements="45" coveredstatements="40" conditionals="19" coveredconditionals="16" methods="9" coveredmethods="8"/>
        <line num="2" count="4" type="cond" truecount="3" falsecount="0"/>
        <line num="3" count="8" type="cond" truecount="1" falsecount="1"/>
        <line num="4" count="0" type="stmt"/>
        <line num="5" count="0" type="stmt"/>
        <line num="6" count="0" type="cond" truecount="0" falsecount="2"/>
        <line num="7" count="0" type="stmt"/>
        <line num="9" count="0" type="stmt"/>
        <line num="11" count="8" type="stmt"/>
        <line num="13" count="4" type="stmt"/>
        <line num="14" count="4" type="stmt"/>
        <line num="15" count="4" type="stmt"/>
        <line num="16" count="4" type="stmt"/>
        <line num="18" count="62" type="cond" truecount="2" falsecount="0"/>
        <line num="19" count="62" type="stmt"/>
        <line num="20" count="62" type="stmt"/>
        <line num="21" count="62" type="stmt"/>
        <line num="22" count="62" type="stmt"/>
        <line num="23" count="62" type="stmt"/>
        <line num="31" count="4" type="stmt"/>
        <line num="32" count="15" type="stmt"/>
        <line num="36" count="15" type="stmt"/>
        <line num="42" count="4" type="stmt"/>
        <line num="43" count="37" type="stmt"/>
        <line num="50" count="4" type="stmt"/>
        <line num="51" count="9" type="cond" truecount="4" falsecount="0"/>
        <line num="52" count="9" type="cond" truecount="2" falsecount="0"/>
        <line num="53" count="9" type="stmt"/>
        <line num="57" count="9" type="stmt"/>
        <line num="64" count="4" type="stmt"/>
        <line num="65" count="61" type="cond" truecount="2" falsecount="0"/>
        <line num="66" count="60" type="stmt"/>
        <line num="67" count="60" type="stmt"/>
        <line num="72" count="60" type="stmt"/>
        <line num="75" count="1" type="stmt"/>
        <line num="82" count="4" type="stmt"/>
        <line num="83" count="60" type="cond" truecount="2" falsecount="0"/>
        <line num="84" count="42" type="stmt"/>
        <line num="85" count="18" type="stmt"/>
        <line num="86" count="18" type="stmt"/>
        <line num="87" count="18" type="stmt"/>
        <line num="88" count="18" type="stmt"/>
        <line num="89" count="18" type="stmt"/>
        <line num="90" count="18" type="stmt"/>
        <line num="96" count="4" type="stmt"/>
        <line num="98" count="4" type="stmt"/>
      </file>
      <file name="pubSub.js" path="/Users/royossai/WebstormProjects/pondSocket/server/utils/pubSub.js">
        <metrics statements="30" coveredstatements="26" conditionals="30" coveredconditionals="16" methods="7" coveredmethods="6"/>
        <line num="2" count="6" type="cond" truecount="3" falsecount="0"/>
        <line num="3" count="342" type="cond" truecount="4" falsecount="0"/>
        <line num="4" count="342" type="cond" truecount="1" falsecount="1"/>
        <line num="5" count="0" type="cond" truecount="0" falsecount="4"/>
        <line num="7" count="0" type="cond" truecount="0" falsecount="4"/>
        <line num="8" count="0" type="cond" truecount="0" falsecount="2"/>
        <line num="11" count="0" type="cond" truecount="0" falsecount="2"/>
        <line num="13" count="6" type="stmt"/>
        <line num="14" count="6" type="stmt"/>
        <line num="15" count="6" type="stmt"/>
        <line num="17" count="220" type="stmt"/>
        <line num="23" count="6" type="stmt"/>
        <line num="24" count="65" type="stmt"/>
        <line num="25" count="65" type="stmt"/>
        <line num="26" count="65" type="stmt"/>
        <line num="31" count="25" type="stmt"/>
        <line num="39" count="6" type="stmt"/>
        <line num="42" count="342" type="stmt"/>
        <line num="43" count="342" type="stmt"/>
        <line num="44" count="125" type="stmt"/>
        <line num="45" count="125" type="stmt"/>
        <line num="46" count="124" type="cond" truecount="2" falsecount="0"/>
        <line num="47" count="19" type="stmt"/>
        <line num="50" count="1" type="stmt"/>
        <line num="52" count="342" type="stmt"/>
        <line num="53" count="342" type="cond" truecount="4" falsecount="1"/>
        <line num="55" count="342" type="cond" truecount="2" falsecount="0"/>
        <line num="57" count="341" type="stmt"/>
        <line num="59" count="6" type="stmt"/>
        <line num="61" count="6" type="stmt"/>
      </file>
    </package>
  </project>
</coverage>
