<?xml version="1.0" encoding="UTF-8"?>
<coverage generated="1664474206121" clover="3.2.0">
  <project timestamp="1664474206121" name="All files">
    <metrics statements="1286" coveredstatements="982" conditionals="1554" coveredconditionals="279" methods="848" coveredmethods="268" elements="3688" coveredelements="1529" complexity="0" loc="1286" ncloc="1286" packages="13" files="42" classes="42"/>
    <package name="server">
      <metrics statements="38" coveredstatements="27" conditionals="12" coveredconditionals="12" methods="12" coveredmethods="6"/>
      <file name="enums.ts" path="/Users/royossai/WebstormProjects/pondSocket/server/enums.ts">
        <metrics statements="27" coveredstatements="27" conditionals="12" coveredconditionals="12" methods="6" coveredmethods="6"/>
        <line num="1" count="11" type="cond" truecount="2" falsecount="0"/>
        <line num="2" count="11" type="stmt"/>
        <line num="3" count="11" type="stmt"/>
        <line num="6" count="11" type="cond" truecount="2" falsecount="0"/>
        <line num="7" count="11" type="stmt"/>
        <line num="8" count="11" type="stmt"/>
        <line num="9" count="11" type="stmt"/>
        <line num="10" count="11" type="stmt"/>
        <line num="13" count="11" type="cond" truecount="2" falsecount="0"/>
        <line num="14" count="11" type="stmt"/>
        <line num="15" count="11" type="stmt"/>
        <line num="16" count="11" type="stmt"/>
        <line num="17" count="11" type="stmt"/>
        <line num="18" count="11" type="stmt"/>
        <line num="19" count="11" type="stmt"/>
        <line num="22" count="11" type="cond" truecount="2" falsecount="0"/>
        <line num="23" count="11" type="stmt"/>
        <line num="24" count="11" type="stmt"/>
        <line num="25" count="11" type="stmt"/>
        <line num="28" count="11" type="cond" truecount="2" falsecount="0"/>
        <line num="29" count="11" type="stmt"/>
        <line num="30" count="11" type="stmt"/>
        <line num="31" count="11" type="stmt"/>
        <line num="34" count="11" type="cond" truecount="2" falsecount="0"/>
        <line num="35" count="11" type="stmt"/>
        <line num="36" count="11" type="stmt"/>
        <line num="37" count="11" type="stmt"/>
      </file>
      <file name="index.ts" path="/Users/royossai/WebstormProjects/pondSocket/server/index.ts">
        <metrics statements="11" coveredstatements="0" conditionals="0" coveredconditionals="0" methods="6" coveredmethods="0"/>
        <line num="1" count="0" type="stmt"/>
        <line num="2" count="0" type="stmt"/>
        <line num="3" count="0" type="stmt"/>
        <line num="4" count="0" type="stmt"/>
        <line num="5" count="0" type="stmt"/>
        <line num="6" count="0" type="stmt"/>
        <line num="7" count="0" type="stmt"/>
        <line num="10" count="0" type="stmt"/>
        <line num="11" count="0" type="stmt"/>
        <line num="12" count="0" type="stmt"/>
        <line num="13" count="0" type="stmt"/>
      </file>
    </package>
    <package name="server.http">
      <metrics statements="33" coveredstatements="9" conditionals="1" coveredconditionals="0" methods="14" coveredmethods="0"/>
      <file name="index.ts" path="/Users/royossai/WebstormProjects/pondSocket/server/http/index.ts">
        <metrics statements="3" coveredstatements="3" conditionals="0" coveredconditionals="0" methods="0" coveredmethods="0"/>
        <line num="1" count="2" type="stmt"/>
        <line num="2" count="2" type="stmt"/>
        <line num="3" count="2" type="stmt"/>
      </file>
      <file name="server.ts" path="/Users/royossai/WebstormProjects/pondSocket/server/http/server.ts">
        <metrics statements="30" coveredstatements="6" conditionals="1" coveredconditionals="0" methods="14" coveredmethods="0"/>
        <line num="1" count="2" type="stmt"/>
        <line num="2" count="2" type="stmt"/>
        <line num="5" count="2" type="stmt"/>
        <line num="6" count="2" type="stmt"/>
        <line num="8" count="2" type="stmt"/>
        <line num="17" count="2" type="stmt"/>
        <line num="23" count="0" type="stmt"/>
        <line num="24" count="0" type="stmt"/>
        <line num="25" count="0" type="stmt"/>
        <line num="29" count="0" type="stmt"/>
        <line num="33" count="0" type="stmt"/>
        <line num="37" count="0" type="stmt"/>
        <line num="41" count="0" type="stmt"/>
        <line num="45" count="0" type="stmt"/>
        <line num="49" count="0" type="stmt"/>
        <line num="53" count="0" type="stmt"/>
        <line num="57" count="0" type="stmt"/>
        <line num="61" count="0" type="stmt"/>
        <line num="62" count="0" type="stmt"/>
        <line num="66" count="0" type="stmt"/>
        <line num="67" count="0" type="stmt"/>
        <line num="68" count="0" type="stmt"/>
        <line num="69" count="0" type="stmt"/>
        <line num="73" count="0" type="stmt"/>
        <line num="74" count="0" type="stmt"/>
        <line num="75" count="0" type="stmt"/>
        <line num="76" count="0" type="stmt"/>
        <line num="80" count="0" type="stmt"/>
        <line num="81" count="0" type="stmt"/>
        <line num="85" count="0" type="stmt"/>
      </file>
    </package>
    <package name="server.http.helpers">
      <metrics statements="4" coveredstatements="4" conditionals="0" coveredconditionals="0" methods="0" coveredmethods="0"/>
      <file name="index.ts" path="/Users/royossai/WebstormProjects/pondSocket/server/http/helpers/index.ts">
        <metrics statements="4" coveredstatements="4" conditionals="0" coveredconditionals="0" methods="0" coveredmethods="0"/>
        <line num="1" count="2" type="stmt"/>
        <line num="2" count="2" type="stmt"/>
        <line num="3" count="2" type="stmt"/>
        <line num="4" count="2" type="stmt"/>
      </file>
    </package>
    <package name="server.http.helpers.auth">
      <metrics statements="63" coveredstatements="63" conditionals="24" coveredconditionals="23" methods="8" coveredmethods="8"/>
      <file name="authenticateRequest.ts" path="/Users/royossai/WebstormProjects/pondSocket/server/http/helpers/auth/authenticateRequest.ts">
        <metrics statements="35" coveredstatements="35" conditionals="17" coveredconditionals="17" methods="4" coveredmethods="4"/>
        <line num="2" count="4" type="stmt"/>
        <line num="3" count="4" type="stmt"/>
        <line num="15" count="4" type="stmt"/>
        <line num="16" count="4" type="stmt"/>
        <line num="17" count="4" type="cond" truecount="2" falsecount="0"/>
        <line num="18" count="4" type="cond" truecount="2" falsecount="0"/>
        <line num="20" count="4" type="cond" truecount="2" falsecount="0"/>
        <line num="21" count="2" type="cond" truecount="1" falsecount="0"/>
        <line num="22" count="1" type="stmt"/>
        <line num="23" count="1" type="stmt"/>
        <line num="24" count="1" type="stmt"/>
        <line num="27" count="1" type="stmt"/>
        <line num="29" count="1" type="stmt"/>
        <line num="30" count="1" type="stmt"/>
        <line num="34" count="1" type="stmt"/>
        <line num="35" count="1" type="stmt"/>
        <line num="36" count="1" type="stmt"/>
        <line num="39" count="2" type="cond" truecount="1" falsecount="0"/>
        <line num="40" count="1" type="stmt"/>
        <line num="41" count="1" type="stmt"/>
        <line num="42" count="1" type="stmt"/>
        <line num="45" count="1" type="stmt"/>
        <line num="46" count="1" type="stmt"/>
        <line num="47" count="1" type="stmt"/>
        <line num="51" count="4" type="stmt"/>
        <line num="52" count="4" type="stmt"/>
        <line num="53" count="4" type="cond" truecount="2" falsecount="0"/>
        <line num="54" count="4" type="cond" truecount="2" falsecount="0"/>
        <line num="56" count="4" type="cond" truecount="5" falsecount="0"/>
        <line num="57" count="3" type="stmt"/>
        <line num="58" count="3" type="stmt"/>
        <line num="59" count="3" type="stmt"/>
        <line num="60" count="3" type="stmt"/>
        <line num="61" count="3" type="stmt"/>
        <line num="65" count="1" type="stmt"/>
      </file>
      <file name="cookieHandler.ts" path="/Users/royossai/WebstormProjects/pondSocket/server/http/helpers/auth/cookieHandler.ts">
        <metrics statements="26" coveredstatements="26" conditionals="7" coveredconditionals="6" methods="4" coveredmethods="4"/>
        <line num="4" count="10" type="stmt"/>
        <line num="5" count="10" type="stmt"/>
        <line num="6" count="10" type="cond" truecount="1" falsecount="0"/>
        <line num="8" count="8" type="stmt"/>
        <line num="9" count="14" type="stmt"/>
        <line num="10" count="14" type="stmt"/>
        <line num="11" count="14" type="cond" truecount="1" falsecount="0"/>
        <line num="12" count="8" type="stmt"/>
        <line num="13" count="8" type="cond" truecount="0" falsecount="1"/>
        <line num="14" count="8" type="stmt"/>
        <line num="17" count="8" type="stmt"/>
        <line num="21" count="6" type="stmt"/>
        <line num="26" count="6" type="cond" truecount="1" falsecount="0"/>
        <line num="27" count="1" type="stmt"/>
        <line num="28" count="1" type="stmt"/>
        <line num="31" count="6" type="cond" truecount="1" falsecount="0"/>
        <line num="32" count="1" type="stmt"/>
        <line num="35" count="6" type="stmt"/>
        <line num="37" count="6" type="stmt"/>
        <line num="38" count="13" type="stmt"/>
        <line num="39" count="13" type="stmt"/>
        <line num="40" count="13" type="cond" truecount="1" falsecount="0"/>
        <line num="41" count="12" type="stmt"/>
        <line num="45" count="6" type="stmt"/>
        <line num="49" count="3" type="stmt"/>
        <line num="54" count="5" type="stmt"/>
      </file>
      <file name="index.ts" path="/Users/royossai/WebstormProjects/pondSocket/server/http/helpers/auth/index.ts">
        <metrics statements="2" coveredstatements="2" conditionals="0" coveredconditionals="0" methods="0" coveredmethods="0"/>
        <line num="1" count="3" type="stmt"/>
        <line num="2" count="3" type="stmt"/>
      </file>
    </package>
    <package name="server.http.helpers.middlewares">
      <metrics statements="35" coveredstatements="33" conditionals="4" coveredconditionals="3" methods="13" coveredmethods="13"/>
      <file name="index.ts" path="/Users/royossai/WebstormProjects/pondSocket/server/http/helpers/middlewares/index.ts">
        <metrics statements="2" coveredstatements="2" conditionals="0" coveredconditionals="0" methods="0" coveredmethods="0"/>
        <line num="1" count="2" type="stmt"/>
        <line num="2" count="2" type="stmt"/>
      </file>
      <file name="middleWare.ts" path="/Users/royossai/WebstormProjects/pondSocket/server/http/helpers/middlewares/middleWare.ts">
        <metrics statements="18" coveredstatements="16" conditionals="2" coveredconditionals="1" methods="7" coveredmethods="7"/>
        <line num="2" count="3" type="stmt"/>
        <line num="11" count="3" type="stmt"/>
        <line num="13" count="4" type="stmt"/>
        <line num="16" count="4" type="stmt"/>
        <line num="17" count="4" type="stmt"/>
        <line num="18" count="4" type="stmt"/>
        <line num="22" count="1" type="stmt"/>
        <line num="26" count="7" type="stmt"/>
        <line num="30" count="6" type="stmt"/>
        <line num="31" count="6" type="stmt"/>
        <line num="32" count="6" type="stmt"/>
        <line num="33" count="6" type="cond" truecount="1" falsecount="1"/>
        <line num="34" count="6" type="stmt"/>
        <line num="37" count="0" type="stmt"/>
        <line num="38" count="0" type="stmt"/>
        <line num="41" count="6" type="stmt"/>
        <line num="45" count="4" type="stmt"/>
        <line num="46" count="6" type="stmt"/>
      </file>
      <file name="socketMiddleWare.ts" path="/Users/royossai/WebstormProjects/pondSocket/server/http/helpers/middlewares/socketMiddleWare.ts">
        <metrics statements="15" coveredstatements="15" conditionals="2" coveredconditionals="2" methods="6" coveredmethods="6"/>
        <line num="7" count="2" type="stmt"/>
        <line num="9" count="19" type="stmt"/>
        <line num="12" count="19" type="stmt"/>
        <line num="13" count="19" type="stmt"/>
        <line num="17" count="15" type="stmt"/>
        <line num="21" count="21" type="stmt"/>
        <line num="22" count="21" type="stmt"/>
        <line num="23" count="22" type="stmt"/>
        <line num="24" count="22" type="cond" truecount="2" falsecount="0"/>
        <line num="25" count="21" type="stmt"/>
        <line num="28" count="1" type="stmt"/>
        <line num="29" count="1" type="stmt"/>
        <line num="33" count="21" type="stmt"/>
        <line num="37" count="19" type="stmt"/>
        <line num="38" count="21" type="stmt"/>
      </file>
    </package>
    <package name="server.http.helpers.parser">
      <metrics statements="188" coveredstatements="137" conditionals="90" coveredconditionals="47" methods="29" coveredmethods="24"/>
      <file name="cssGenerator.ts" path="/Users/royossai/WebstormProjects/pondSocket/server/http/helpers/parser/cssGenerator.ts">
        <metrics statements="18" coveredstatements="18" conditionals="0" coveredconditionals="0" methods="6" coveredmethods="6"/>
        <line num="1" count="3" type="stmt"/>
        <line num="4" count="3" type="stmt"/>
        <line num="5" count="6" type="stmt"/>
        <line num="6" count="6" type="stmt"/>
        <line num="9" count="6" type="stmt"/>
        <line num="10" count="6" type="stmt"/>
        <line num="11" count="6" type="stmt"/>
        <line num="12" count="12" type="stmt"/>
        <line num="13" count="12" type="stmt"/>
        <line num="16" count="6" type="stmt"/>
        <line num="17" count="6" type="stmt"/>
        <line num="18" count="12" type="stmt"/>
        <line num="21" count="6" type="stmt"/>
        <line num="25" count="6" type="stmt"/>
        <line num="26" count="6" type="stmt"/>
        <line num="27" count="6" type="stmt"/>
        <line num="28" count="6" type="stmt"/>
        <line num="34" count="6" type="stmt"/>
      </file>
      <file name="deepDiff.ts" path="/Users/royossai/WebstormProjects/pondSocket/server/http/helpers/parser/deepDiff.ts">
        <metrics statements="43" coveredstatements="43" conditionals="23" coveredconditionals="23" methods="8" coveredmethods="8"/>
        <line num="1" count="5" type="stmt"/>
        <line num="2" count="14" type="stmt"/>
        <line num="3" count="331" type="stmt"/>
        <line num="6" count="14" type="stmt"/>
        <line num="7" count="80" type="stmt"/>
        <line num="10" count="14" type="stmt"/>
        <line num="11" count="16" type="stmt"/>
        <line num="14" count="14" type="stmt"/>
        <line num="15" count="114" type="stmt"/>
        <line num="18" count="14" type="stmt"/>
        <line num="19" count="114" type="cond" truecount="2" falsecount="0"/>
        <line num="22" count="14" type="stmt"/>
        <line num="23" count="62" type="cond" truecount="1" falsecount="0"/>
        <line num="24" count="48" type="stmt"/>
        <line num="26" count="14" type="cond" truecount="4" falsecount="0"/>
        <line num="27" count="1" type="stmt"/>
        <line num="29" count="13" type="cond" truecount="1" falsecount="0"/>
        <line num="30" count="2" type="stmt"/>
        <line num="32" count="11" type="cond" truecount="1" falsecount="0"/>
        <line num="33" count="3" type="stmt"/>
        <line num="35" count="8" type="stmt"/>
        <line num="38" count="14" type="stmt"/>
        <line num="39" count="91" type="cond" truecount="3" falsecount="0"/>
        <line num="40" count="3" type="stmt"/>
        <line num="42" count="88" type="cond" truecount="3" falsecount="0"/>
        <line num="43" count="62" type="stmt"/>
        <line num="44" count="62" type="cond" truecount="1" falsecount="0"/>
        <line num="45" count="8" type="stmt"/>
        <line num="51" count="54" type="stmt"/>
        <line num="57" count="26" type="stmt"/>
        <line num="58" count="26" type="stmt"/>
        <line num="59" count="77" type="cond" truecount="1" falsecount="0"/>
        <line num="60" count="1" type="stmt"/>
        <line num="63" count="76" type="stmt"/>
        <line num="64" count="76" type="cond" truecount="1" falsecount="0"/>
        <line num="65" count="73" type="stmt"/>
        <line num="68" count="76" type="stmt"/>
        <line num="71" count="26" type="stmt"/>
        <line num="72" count="74" type="cond" truecount="3" falsecount="0"/>
        <line num="73" count="73" type="stmt"/>
        <line num="76" count="1" type="stmt"/>
        <line num="79" count="26" type="stmt"/>
        <line num="82" count="14" type="stmt"/>
      </file>
      <file name="domDiff.ts" path="/Users/royossai/WebstormProjects/pondSocket/server/http/helpers/parser/domDiff.ts">
        <metrics statements="50" coveredstatements="3" conditionals="40" coveredconditionals="0" methods="3" coveredmethods="0"/>
        <line num="3" count="2" type="stmt"/>
        <line num="4" count="0" type="stmt"/>
        <line num="5" count="0" type="stmt"/>
        <line num="6" count="0" type="stmt"/>
        <line num="7" count="0" type="stmt"/>
        <line num="8" count="0" type="cond" truecount="0" falsecount="3"/>
        <line num="9" count="0" type="stmt"/>
        <line num="11" count="0" type="stmt"/>
        <line num="12" count="0" type="stmt"/>
        <line num="14" count="0" type="cond" truecount="0" falsecount="3"/>
        <line num="15" count="0" type="stmt"/>
        <line num="18" count="2" type="stmt"/>
        <line num="19" count="0" type="cond" truecount="0" falsecount="4"/>
        <line num="20" count="0" type="stmt"/>
        <line num="21" count="0" type="stmt"/>
        <line num="24" count="0" type="cond" truecount="0" falsecount="3"/>
        <line num="25" count="0" type="stmt"/>
        <line num="26" count="0" type="stmt"/>
        <line num="29" count="0" type="cond" truecount="0" falsecount="3"/>
        <line num="30" count="0" type="stmt"/>
        <line num="31" count="0" type="stmt"/>
        <line num="34" count="0" type="cond" truecount="0" falsecount="1"/>
        <line num="35" count="0" type="stmt"/>
        <line num="38" count="0" type="stmt"/>
        <line num="39" count="0" type="stmt"/>
        <line num="40" count="0" type="cond" truecount="0" falsecount="4"/>
        <line num="41" count="0" type="cond" truecount="0" falsecount="3"/>
        <line num="42" count="0" type="stmt"/>
        <line num="45" count="0" type="stmt"/>
        <line num="46" count="0" type="stmt"/>
        <line num="47" count="0" type="cond" truecount="0" falsecount="4"/>
        <line num="48" count="0" type="cond" truecount="0" falsecount="2"/>
        <line num="49" count="0" type="stmt"/>
        <line num="51" count="0" type="cond" truecount="0" falsecount="3"/>
        <line num="52" count="0" type="stmt"/>
        <line num="55" count="0" type="stmt"/>
        <line num="56" count="0" type="stmt"/>
        <line num="57" count="0" type="stmt"/>
        <line num="58" count="0" type="stmt"/>
        <line num="59" count="0" type="cond" truecount="0" falsecount="4"/>
        <line num="60" count="0" type="stmt"/>
        <line num="62" count="0" type="cond" truecount="0" falsecount="2"/>
        <line num="63" count="0" type="stmt"/>
        <line num="65" count="0" type="cond" truecount="0" falsecount="1"/>
        <line num="66" count="0" type="stmt"/>
        <line num="70" count="2" type="stmt"/>
        <line num="71" count="0" type="stmt"/>
        <line num="72" count="0" type="stmt"/>
        <line num="73" count="0" type="stmt"/>
        <line num="74" count="0" type="stmt"/>
      </file>
      <file name="getChanged.ts" path="/Users/royossai/WebstormProjects/pondSocket/server/http/helpers/parser/getChanged.ts">
        <metrics statements="20" coveredstatements="20" conditionals="12" coveredconditionals="12" methods="2" coveredmethods="2"/>
        <line num="1" count="5" type="stmt"/>
        <line num="2" count="66" type="stmt"/>
        <line num="3" count="66" type="stmt"/>
        <line num="4" count="155" type="cond" truecount="4" falsecount="0"/>
        <line num="5" count="10" type="stmt"/>
        <line num="7" count="145" type="cond" truecount="1" falsecount="0"/>
        <line num="8" count="59" type="stmt"/>
        <line num="9" count="59" type="cond" truecount="3" falsecount="0"/>
        <line num="10" count="7" type="stmt"/>
        <line num="13" count="66" type="stmt"/>
        <line num="17" count="5" type="stmt"/>
        <line num="18" count="5" type="cond" truecount="1" falsecount="0"/>
        <line num="19" count="1" type="stmt"/>
        <line num="21" count="4" type="cond" truecount="1" falsecount="0"/>
        <line num="22" count="1" type="stmt"/>
        <line num="24" count="3" type="stmt"/>
        <line num="25" count="6" type="cond" truecount="2" falsecount="0"/>
        <line num="26" count="1" type="stmt"/>
        <line num="28" count="5" type="stmt"/>
        <line num="30" count="3" type="stmt"/>
      </file>
      <file name="index.ts" path="/Users/royossai/WebstormProjects/pondSocket/server/http/helpers/parser/index.ts">
        <metrics statements="5" coveredstatements="5" conditionals="0" coveredconditionals="0" methods="0" coveredmethods="0"/>
        <line num="1" count="2" type="stmt"/>
        <line num="2" count="2" type="stmt"/>
        <line num="3" count="2" type="stmt"/>
        <line num="4" count="2" type="stmt"/>
        <line num="5" count="2" type="stmt"/>
      </file>
      <file name="parser.ts" path="/Users/royossai/WebstormProjects/pondSocket/server/http/helpers/parser/parser.ts">
        <metrics statements="52" coveredstatements="48" conditionals="15" coveredconditionals="12" methods="10" coveredmethods="8"/>
        <line num="1" count="4" type="stmt"/>
        <line num="2" count="4" type="stmt"/>
        <line num="3" count="4" type="stmt"/>
        <line num="7" count="4" type="stmt"/>
        <line num="11" count="4" type="stmt"/>
        <line num="18" count="4" type="stmt"/>
        <line num="19" count="6" type="cond" truecount="2" falsecount="1"/>
        <line num="20" count="0" type="stmt"/>
        <line num="22" count="6" type="cond" truecount="0" falsecount="1"/>
        <line num="23" count="0" type="stmt"/>
        <line num="25" count="6" type="stmt"/>
        <line num="28" count="4" type="stmt"/>
        <line num="29" count="0" type="stmt"/>
        <line num="33" count="57" type="cond" truecount="1" falsecount="0"/>
        <line num="34" count="12" type="stmt"/>
        <line num="36" count="45" type="cond" truecount="1" falsecount="0"/>
        <line num="37" count="2" type="stmt"/>
        <line num="39" count="43" type="stmt"/>
        <line num="42" count="4" type="stmt"/>
        <line num="47" count="69" type="stmt"/>
        <line num="48" count="69" type="stmt"/>
        <line num="52" count="29" type="stmt"/>
        <line num="53" count="29" type="stmt"/>
        <line num="54" count="37" type="stmt"/>
        <line num="56" count="29" type="stmt"/>
        <line num="60" count="32" type="stmt"/>
        <line num="63" count="32" type="stmt"/>
        <line num="64" count="75" type="cond" truecount="2" falsecount="0"/>
        <line num="65" count="16" type="stmt"/>
        <line num="66" count="59" type="cond" truecount="2" falsecount="0"/>
        <line num="67" count="4" type="stmt"/>
        <line num="69" count="55" type="cond" truecount="1" falsecount="0"/>
        <line num="70" count="1" type="stmt"/>
        <line num="72" count="54" type="stmt"/>
        <line num="74" count="31" type="stmt"/>
        <line num="78" count="13" type="stmt"/>
        <line num="79" count="13" type="stmt"/>
        <line num="80" count="13" type="cond" truecount="0" falsecount="1"/>
        <line num="81" count="0" type="stmt"/>
        <line num="82" count="13" type="cond" truecount="1" falsecount="0"/>
        <line num="83" count="13" type="stmt"/>
        <line num="84" count="13" type="stmt"/>
        <line num="85" count="30" type="cond" truecount="2" falsecount="0"/>
        <line num="86" count="10" type="stmt"/>
        <line num="88" count="20" type="stmt"/>
        <line num="91" count="13" type="stmt"/>
        <line num="95" count="3" type="stmt"/>
        <line num="96" count="3" type="stmt"/>
        <line num="98" count="3" type="stmt"/>
        <line num="99" count="3" type="stmt"/>
        <line num="103" count="4" type="stmt"/>
        <line num="104" count="57" type="stmt"/>
      </file>
    </package>
    <package name="server.http.helpers.server">
      <metrics statements="58" coveredstatements="29" conditionals="21" coveredconditionals="4" methods="13" coveredmethods="8"/>
      <file name="bodyParser.ts" path="/Users/royossai/WebstormProjects/pondSocket/server/http/helpers/server/bodyParser.ts">
        <metrics statements="15" coveredstatements="15" conditionals="4" coveredconditionals="4" methods="6" coveredmethods="6"/>
        <line num="8" count="3" type="stmt"/>
        <line num="9" count="1" type="stmt"/>
        <line num="10" count="1" type="stmt"/>
        <line num="11" count="1" type="stmt"/>
        <line num="12" count="1" type="stmt"/>
        <line num="14" count="1" type="stmt"/>
        <line num="15" count="1" type="stmt"/>
        <line num="16" count="1" type="stmt"/>
        <line num="21" count="3" type="stmt"/>
        <line num="22" count="2" type="stmt"/>
        <line num="23" count="2" type="cond" truecount="4" falsecount="0"/>
        <line num="24" count="1" type="stmt"/>
        <line num="25" count="1" type="stmt"/>
        <line num="27" count="1" type="stmt"/>
        <line num="32" count="1" type="stmt"/>
      </file>
      <file name="cors.ts" path="/Users/royossai/WebstormProjects/pondSocket/server/http/helpers/server/cors.ts">
        <metrics statements="6" coveredstatements="6" conditionals="0" coveredconditionals="0" methods="2" coveredmethods="2"/>
        <line num="3" count="3" type="stmt"/>
        <line num="4" count="1" type="stmt"/>
        <line num="5" count="1" type="stmt"/>
        <line num="6" count="1" type="stmt"/>
        <line num="7" count="1" type="stmt"/>
        <line num="8" count="1" type="stmt"/>
      </file>
      <file name="fileRouter.ts" path="/Users/royossai/WebstormProjects/pondSocket/server/http/helpers/server/fileRouter.ts">
        <metrics statements="34" coveredstatements="5" conditionals="17" coveredconditionals="0" methods="5" coveredmethods="0"/>
        <line num="2" count="2" type="stmt"/>
        <line num="3" count="2" type="stmt"/>
        <line num="8" count="2" type="stmt"/>
        <line num="9" count="0" type="cond" truecount="0" falsecount="8"/>
        <line num="11" count="0" type="stmt"/>
        <line num="13" count="0" type="stmt"/>
        <line num="15" count="0" type="stmt"/>
        <line num="17" count="0" type="stmt"/>
        <line num="19" count="0" type="stmt"/>
        <line num="21" count="0" type="stmt"/>
        <line num="23" count="0" type="stmt"/>
        <line num="25" count="0" type="stmt"/>
        <line num="29" count="2" type="stmt"/>
        <line num="30" count="0" type="cond" truecount="0" falsecount="1"/>
        <line num="31" count="0" type="stmt"/>
        <line num="34" count="0" type="cond" truecount="0" falsecount="2"/>
        <line num="37" count="2" type="stmt"/>
        <line num="38" count="0" type="cond" truecount="0" falsecount="1"/>
        <line num="39" count="0" type="stmt"/>
        <line num="41" count="0" type="stmt"/>
        <line num="42" count="0" type="stmt"/>
        <line num="44" count="0" type="cond" truecount="0" falsecount="1"/>
        <line num="45" count="0" type="stmt"/>
        <line num="47" count="0" type="stmt"/>
        <line num="48" count="0" type="stmt"/>
        <line num="50" count="0" type="stmt"/>
        <line num="51" count="0" type="cond" truecount="0" falsecount="2"/>
        <line num="52" count="0" type="stmt"/>
        <line num="53" count="0" type="stmt"/>
        <line num="55" count="0" type="cond" truecount="0" falsecount="2"/>
        <line num="56" count="0" type="stmt"/>
        <line num="57" count="0" type="stmt"/>
        <line num="59" count="0" type="stmt"/>
        <line num="60" count="0" type="stmt"/>
      </file>
      <file name="index.ts" path="/Users/royossai/WebstormProjects/pondSocket/server/http/helpers/server/index.ts">
        <metrics statements="3" coveredstatements="3" conditionals="0" coveredconditionals="0" methods="0" coveredmethods="0"/>
        <line num="1" count="2" type="stmt"/>
        <line num="2" count="2" type="stmt"/>
        <line num="3" count="2" type="stmt"/>
      </file>
    </package>
    <package name="server.http.verbs">
      <metrics statements="11" coveredstatements="11" conditionals="6" coveredconditionals="6" methods="2" coveredmethods="2"/>
      <file name="index.ts" path="/Users/royossai/WebstormProjects/pondSocket/server/http/verbs/index.ts">
        <metrics statements="2" coveredstatements="2" conditionals="0" coveredconditionals="0" methods="0" coveredmethods="0"/>
        <line num="1" count="2" type="stmt"/>
        <line num="2" count="2" type="stmt"/>
      </file>
      <file name="verbHandler.ts" path="/Users/royossai/WebstormProjects/pondSocket/server/http/verbs/verbHandler.ts">
        <metrics statements="9" coveredstatements="9" conditionals="6" coveredconditionals="6" methods="2" coveredmethods="2"/>
        <line num="7" count="3" type="stmt"/>
        <line num="8" count="8" type="stmt"/>
        <line num="9" count="10" type="cond" truecount="2" falsecount="0"/>
        <line num="10" count="9" type="cond" truecount="2" falsecount="0"/>
        <line num="11" count="9" type="cond" truecount="2" falsecount="0"/>
        <line num="12" count="7" type="stmt"/>
        <line num="13" count="7" type="stmt"/>
        <line num="15" count="2" type="stmt"/>
        <line num="17" count="1" type="stmt"/>
      </file>
    </package>
    <package name="server.live">
      <metrics statements="170" coveredstatements="12" conditionals="74" coveredconditionals="0" methods="37" coveredmethods="0"/>
      <file name="componentManager.ts" path="/Users/royossai/WebstormProjects/pondSocket/server/live/componentManager.ts">
        <metrics statements="134" coveredstatements="6" conditionals="57" coveredconditionals="0" methods="33" coveredmethods="0"/>
        <line num="1" count="2" type="stmt"/>
        <line num="2" count="2" type="stmt"/>
        <line num="3" count="2" type="stmt"/>
        <line num="4" count="2" type="stmt"/>
        <line num="5" count="2" type="stmt"/>
        <line num="25" count="2" type="stmt"/>
        <line num="38" count="0" type="stmt"/>
        <line num="39" count="0" type="stmt"/>
        <line num="40" count="0" type="stmt"/>
        <line num="41" count="0" type="stmt"/>
        <line num="42" count="0" type="stmt"/>
        <line num="43" count="0" type="stmt"/>
        <line num="44" count="0" type="stmt"/>
        <line num="45" count="0" type="stmt"/>
        <line num="46" count="0" type="stmt"/>
        <line num="47" count="0" type="stmt"/>
        <line num="48" count="0" type="stmt"/>
        <line num="57" count="0" type="stmt"/>
        <line num="58" count="0" type="cond" truecount="0" falsecount="1"/>
        <line num="60" count="0" type="stmt"/>
        <line num="61" count="0" type="stmt"/>
        <line num="62" count="0" type="cond" truecount="0" falsecount="1"/>
        <line num="63" count="0" type="stmt"/>
        <line num="66" count="0" type="cond" truecount="0" falsecount="1"/>
        <line num="68" count="0" type="cond" truecount="0" falsecount="4"/>
        <line num="70" count="0" type="stmt"/>
        <line num="71" count="0" type="cond" truecount="0" falsecount="1"/>
        <line num="72" count="0" type="stmt"/>
        <line num="73" count="0" type="stmt"/>
        <line num="80" count="0" type="stmt"/>
        <line num="86" count="0" type="cond" truecount="0" falsecount="1"/>
        <line num="87" count="0" type="stmt"/>
        <line num="89" count="0" type="cond" truecount="0" falsecount="1"/>
        <line num="90" count="0" type="stmt"/>
        <line num="92" count="0" type="stmt"/>
        <line num="98" count="0" type="stmt"/>
        <line num="102" count="0" type="stmt"/>
        <line num="103" count="0" type="cond" truecount="0" falsecount="1"/>
        <line num="104" count="0" type="stmt"/>
        <line num="109" count="0" type="stmt"/>
        <line num="110" count="0" type="stmt"/>
        <line num="111" count="0" type="cond" truecount="0" falsecount="1"/>
        <line num="112" count="0" type="stmt"/>
        <line num="117" count="0" type="stmt"/>
        <line num="118" count="0" type="cond" truecount="0" falsecount="1"/>
        <line num="120" count="0" type="cond" truecount="0" falsecount="1"/>
        <line num="121" count="0" type="stmt"/>
        <line num="123" count="0" type="stmt"/>
        <line num="127" count="0" type="stmt"/>
        <line num="128" count="0" type="cond" truecount="0" falsecount="1"/>
        <line num="130" count="0" type="cond" truecount="0" falsecount="1"/>
        <line num="131" count="0" type="stmt"/>
        <line num="133" count="0" type="stmt"/>
        <line num="137" count="0" type="stmt"/>
        <line num="138" count="0" type="cond" truecount="0" falsecount="2"/>
        <line num="139" count="0" type="cond" truecount="0" falsecount="1"/>
        <line num="140" count="0" type="stmt"/>
        <line num="156" count="0" type="stmt"/>
        <line num="170" count="0" type="stmt"/>
        <line num="171" count="0" type="cond" truecount="0" falsecount="1"/>
        <line num="172" count="0" type="stmt"/>
        <line num="173" count="0" type="stmt"/>
        <line num="174" count="0" type="stmt"/>
        <line num="182" count="0" type="stmt"/>
        <line num="183" count="0" type="stmt"/>
        <line num="187" count="0" type="cond" truecount="0" falsecount="1"/>
        <line num="189" count="0" type="stmt"/>
        <line num="191" count="0" type="stmt"/>
        <line num="192" count="0" type="stmt"/>
        <line num="194" count="0" type="stmt"/>
        <line num="195" count="0" type="stmt"/>
        <line num="196" count="0" type="stmt"/>
        <line num="198" count="0" type="cond" truecount="0" falsecount="2"/>
        <line num="199" count="0" type="stmt"/>
        <line num="203" count="0" type="stmt"/>
        <line num="208" count="0" type="stmt"/>
        <line num="209" count="0" type="cond" truecount="0" falsecount="2"/>
        <line num="213" count="0" type="stmt"/>
        <line num="214" count="0" type="stmt"/>
        <line num="216" count="0" type="stmt"/>
        <line num="221" count="0" type="stmt"/>
        <line num="225" count="0" type="stmt"/>
        <line num="226" count="0" type="stmt"/>
        <line num="227" count="0" type="cond" truecount="0" falsecount="2"/>
        <line num="228" count="0" type="cond" truecount="0" falsecount="5"/>
        <line num="229" count="0" type="stmt"/>
        <line num="230" count="0" type="stmt"/>
        <line num="231" count="0" type="stmt"/>
        <line num="232" count="0" type="stmt"/>
        <line num="234" count="0" type="cond" truecount="0" falsecount="4"/>
        <line num="235" count="0" type="stmt"/>
        <line num="236" count="0" type="cond" truecount="0" falsecount="1"/>
        <line num="238" count="0" type="cond" truecount="0" falsecount="4"/>
        <line num="239" count="0" type="stmt"/>
        <line num="240" count="0" type="cond" truecount="0" falsecount="1"/>
        <line num="242" count="0" type="cond" truecount="0" falsecount="3"/>
        <line num="243" count="0" type="stmt"/>
        <line num="244" count="0" type="stmt"/>
        <line num="245" count="0" type="stmt"/>
        <line num="246" count="0" type="stmt"/>
        <line num="251" count="0" type="cond" truecount="0" falsecount="1"/>
        <line num="252" count="0" type="cond" truecount="0" falsecount="2"/>
        <line num="253" count="0" type="stmt"/>
        <line num="254" count="0" type="cond" truecount="0" falsecount="1"/>
        <line num="255" count="0" type="stmt"/>
        <line num="257" count="0" type="cond" truecount="0" falsecount="1"/>
        <line num="258" count="0" type="stmt"/>
        <line num="260" count="0" type="stmt"/>
        <line num="261" count="0" type="stmt"/>
        <line num="262" count="0" type="stmt"/>
        <line num="263" count="0" type="stmt"/>
        <line num="266" count="0" type="stmt"/>
        <line num="267" count="0" type="stmt"/>
        <line num="268" count="0" type="stmt"/>
        <line num="269" count="0" type="stmt"/>
        <line num="270" count="0" type="stmt"/>
        <line num="275" count="0" type="stmt"/>
        <line num="280" count="0" type="stmt"/>
        <line num="281" count="0" type="stmt"/>
        <line num="282" count="0" type="stmt"/>
        <line num="284" count="0" type="stmt"/>
        <line num="285" count="0" type="cond" truecount="0" falsecount="3"/>
        <line num="286" count="0" type="stmt"/>
        <line num="290" count="0" type="stmt"/>
        <line num="291" count="0" type="stmt"/>
        <line num="292" count="0" type="stmt"/>
        <line num="295" count="0" type="stmt"/>
        <line num="296" count="0" type="stmt"/>
        <line num="297" count="0" type="stmt"/>
        <line num="300" count="0" type="stmt"/>
        <line num="301" count="0" type="stmt"/>
        <line num="302" count="0" type="stmt"/>
        <line num="307" count="0" type="stmt"/>
        <line num="308" count="0" type="stmt"/>
      </file>
      <file name="genServer.ts" path="/Users/royossai/WebstormProjects/pondSocket/server/live/genServer.ts">
        <metrics statements="33" coveredstatements="6" conditionals="17" coveredconditionals="0" methods="4" coveredmethods="0"/>
        <line num="2" count="2" type="stmt"/>
        <line num="3" count="2" type="stmt"/>
        <line num="4" count="2" type="stmt"/>
        <line num="5" count="2" type="stmt"/>
        <line num="7" count="2" type="stmt"/>
        <line num="17" count="2" type="stmt"/>
        <line num="18" count="0" type="cond" truecount="0" falsecount="2"/>
        <line num="19" count="0" type="stmt"/>
        <line num="20" count="0" type="cond" truecount="0" falsecount="2"/>
        <line num="21" count="0" type="cond" truecount="0" falsecount="2"/>
        <line num="22" count="0" type="cond" truecount="0" falsecount="2"/>
        <line num="23" count="0" type="stmt"/>
        <line num="25" count="0" type="stmt"/>
        <line num="26" count="0" type="stmt"/>
        <line num="27" count="0" type="stmt"/>
        <line num="28" count="0" type="stmt"/>
        <line num="29" count="0" type="stmt"/>
        <line num="30" count="0" type="stmt"/>
        <line num="32" count="0" type="stmt"/>
        <line num="33" count="0" type="cond" truecount="0" falsecount="2"/>
        <line num="34" count="0" type="cond" truecount="0" falsecount="2"/>
        <line num="36" count="0" type="cond" truecount="0" falsecount="3"/>
        <line num="37" count="0" type="stmt"/>
        <line num="41" count="0" type="stmt"/>
        <line num="44" count="0" type="stmt"/>
        <line num="45" count="0" type="cond" truecount="0" falsecount="2"/>
        <line num="46" count="0" type="stmt"/>
        <line num="48" count="0" type="stmt"/>
        <line num="51" count="0" type="stmt"/>
        <line num="57" count="0" type="stmt"/>
        <line num="58" count="0" type="stmt"/>
        <line num="59" count="0" type="stmt"/>
        <line num="62" count="0" type="stmt"/>
      </file>
      <file name="index.ts" path="/Users/royossai/WebstormProjects/pondSocket/server/live/index.ts">
        <metrics statements="3" coveredstatements="0" conditionals="0" coveredconditionals="0" methods="0" coveredmethods="0"/>
        <line num="1" count="0" type="stmt"/>
        <line num="2" count="0" type="stmt"/>
        <line num="3" count="0" type="stmt"/>
      </file>
    </package>
    <package name="server.live.client">
      <metrics statements="1" coveredstatements="0" conditionals="1129" coveredconditionals="0" methods="500" coveredmethods="0"/>
      <file name="pondLive.js" path="/Users/royossai/WebstormProjects/pondSocket/server/live/client/pondLive.js">
        <metrics statements="1" coveredstatements="0" conditionals="1129" coveredconditionals="0" methods="500" coveredmethods="0"/>
        <line num="1" count="0" type="cond" truecount="0" falsecount="1129"/>
      </file>
    </package>
    <package name="server.live.component">
      <metrics statements="80" coveredstatements="79" conditionals="25" coveredconditionals="25" methods="27" coveredmethods="25"/>
      <file name="clientRouter.ts" path="/Users/royossai/WebstormProjects/pondSocket/server/live/component/clientRouter.ts">
        <metrics statements="3" coveredstatements="3" conditionals="0" coveredconditionals="0" methods="1" coveredmethods="1"/>
        <line num="1" count="3" type="stmt"/>
        <line num="3" count="3" type="stmt"/>
        <line num="4" count="1" type="stmt"/>
      </file>
      <file name="index.ts" path="/Users/royossai/WebstormProjects/pondSocket/server/live/component/index.ts">
        <metrics statements="4" coveredstatements="4" conditionals="0" coveredconditionals="0" methods="0" coveredmethods="0"/>
        <line num="1" count="2" type="stmt"/>
        <line num="2" count="2" type="stmt"/>
        <line num="3" count="2" type="stmt"/>
        <line num="4" count="2" type="stmt"/>
      </file>
      <file name="liveRouter.ts" path="/Users/royossai/WebstormProjects/pondSocket/server/live/component/liveRouter.ts">
        <metrics statements="40" coveredstatements="40" conditionals="18" coveredconditionals="18" methods="11" coveredmethods="11"/>
        <line num="2" count="4" type="stmt"/>
        <line num="4" count="4" type="stmt"/>
        <line num="15" count="4" type="stmt"/>
        <line num="22" count="19" type="stmt"/>
        <line num="23" count="19" type="stmt"/>
        <line num="24" count="19" type="stmt"/>
        <line num="28" count="19" type="cond" truecount="2" falsecount="0"/>
        <line num="29" count="5" type="stmt"/>
        <line num="31" count="14" type="stmt"/>
        <line num="35" count="2" type="stmt"/>
        <line num="39" count="2" type="stmt"/>
        <line num="43" count="3" type="stmt"/>
        <line num="47" count="3" type="cond" truecount="2" falsecount="0"/>
        <line num="48" count="1" type="stmt"/>
        <line num="53" count="1" type="stmt"/>
        <line num="55" count="2" type="cond" truecount="2" falsecount="0"/>
        <line num="62" count="9" type="cond" truecount="2" falsecount="0"/>
        <line num="63" count="3" type="stmt"/>
        <line num="68" count="3" type="stmt"/>
        <line num="70" count="6" type="cond" truecount="2" falsecount="0"/>
        <line num="77" count="3" type="cond" truecount="2" falsecount="0"/>
        <line num="78" count="1" type="stmt"/>
        <line num="83" count="1" type="stmt"/>
        <line num="85" count="2" type="cond" truecount="2" falsecount="0"/>
        <line num="92" count="3" type="stmt"/>
        <line num="96" count="5" type="cond" truecount="1" falsecount="0"/>
        <line num="97" count="1" type="stmt"/>
        <line num="99" count="4" type="stmt"/>
        <line num="100" count="4" type="stmt"/>
        <line num="103" count="4" type="stmt"/>
        <line num="107" count="5" type="cond" truecount="1" falsecount="0"/>
        <line num="108" count="1" type="stmt"/>
        <line num="110" count="4" type="stmt"/>
        <line num="111" count="4" type="stmt"/>
        <line num="115" count="5" type="cond" truecount="1" falsecount="0"/>
        <line num="116" count="1" type="stmt"/>
        <line num="118" count="4" type="stmt"/>
        <line num="119" count="4" type="stmt"/>
        <line num="120" count="4" type="stmt"/>
        <line num="121" count="4" type="stmt"/>
      </file>
      <file name="liveSocket.ts" path="/Users/royossai/WebstormProjects/pondSocket/server/live/component/liveSocket.ts">
        <metrics statements="33" coveredstatements="32" conditionals="7" coveredconditionals="7" methods="15" coveredmethods="13"/>
        <line num="5" count="3" type="stmt"/>
        <line num="8" count="3" type="stmt"/>
        <line num="17" count="6" type="stmt"/>
        <line num="18" count="6" type="stmt"/>
        <line num="19" count="6" type="stmt"/>
        <line num="20" count="6" type="stmt"/>
        <line num="21" count="6" type="stmt"/>
        <line num="22" count="6" type="stmt"/>
        <line num="26" count="1" type="stmt"/>
        <line num="30" count="0" type="stmt"/>
        <line num="34" count="2" type="stmt"/>
        <line num="38" count="1" type="stmt"/>
        <line num="42" count="2" type="stmt"/>
        <line num="43" count="2" type="cond" truecount="1" falsecount="0"/>
        <line num="44" count="2" type="stmt"/>
        <line num="48" count="1" type="stmt"/>
        <line num="52" count="2" type="stmt"/>
        <line num="53" count="2" type="cond" truecount="1" falsecount="0"/>
        <line num="54" count="1" type="stmt"/>
        <line num="56" count="1" type="stmt"/>
        <line num="60" count="5" type="stmt"/>
        <line num="61" count="2" type="cond" truecount="3" falsecount="0"/>
        <line num="62" count="1" type="stmt"/>
        <line num="63" count="1" type="cond" truecount="1" falsecount="0"/>
        <line num="64" count="1" type="stmt"/>
        <line num="65" count="1" type="stmt"/>
        <line num="66" count="1" type="stmt"/>
        <line num="67" count="1" type="stmt"/>
        <line num="72" count="5" type="stmt"/>
        <line num="76" count="1" type="stmt"/>
        <line num="77" count="1" type="cond" truecount="1" falsecount="0"/>
        <line num="78" count="1" type="stmt"/>
        <line num="79" count="1" type="stmt"/>
      </file>
    </package>
    <package name="server.socket">
      <metrics statements="376" coveredstatements="349" conditionals="124" coveredconditionals="115" methods="116" coveredmethods="105"/>
      <file name="channel.ts" path="/Users/royossai/WebstormProjects/pondSocket/server/socket/channel.ts">
        <metrics statements="105" coveredstatements="102" conditionals="44" coveredconditionals="41" methods="28" coveredmethods="28"/>
        <line num="11" count="5" type="stmt"/>
        <line num="12" count="5" type="stmt"/>
        <line num="33" count="5" type="stmt"/>
        <line num="43" count="43" type="stmt"/>
        <line num="44" count="43" type="stmt"/>
        <line num="45" count="43" type="stmt"/>
        <line num="46" count="43" type="stmt"/>
        <line num="47" count="43" type="stmt"/>
        <line num="48" count="43" type="stmt"/>
        <line num="49" count="43" type="stmt"/>
        <line num="50" count="43" type="stmt"/>
        <line num="57" count="30" type="stmt"/>
        <line num="66" count="67" type="stmt"/>
        <line num="74" count="6" type="stmt"/>
        <line num="81" count="83" type="stmt"/>
        <line num="82" count="102" type="stmt"/>
        <line num="90" count="42" type="stmt"/>
        <line num="97" count="30" type="stmt"/>
        <line num="98" count="30" type="stmt"/>
        <line num="99" count="40" type="stmt"/>
        <line num="100" count="40" type="stmt"/>
        <line num="103" count="30" type="stmt"/>
        <line num="111" count="36" type="stmt"/>
        <line num="112" count="36" type="cond" truecount="1" falsecount="0"/>
        <line num="113" count="1" type="stmt"/>
        <line num="116" count="35" type="stmt"/>
        <line num="117" count="35" type="stmt"/>
        <line num="118" count="35" type="stmt"/>
        <line num="120" count="35" type="stmt"/>
        <line num="137" count="7" type="stmt"/>
        <line num="138" count="7" type="cond" truecount="1" falsecount="0"/>
        <line num="139" count="5" type="stmt"/>
        <line num="149" count="12" type="cond" truecount="2" falsecount="0"/>
        <line num="151" count="12" type="stmt"/>
        <line num="152" count="13" type="stmt"/>
        <line num="153" count="13" type="cond" truecount="1" falsecount="0"/>
        <line num="154" count="13" type="stmt"/>
        <line num="155" count="13" type="stmt"/>
        <line num="157" count="13" type="stmt"/>
        <line num="170" count="12" type="cond" truecount="1" falsecount="0"/>
        <line num="171" count="9" type="stmt"/>
        <line num="180" count="9" type="stmt"/>
        <line num="191" count="13" type="stmt"/>
        <line num="193" count="13" type="cond" truecount="3" falsecount="0"/>
        <line num="195" count="12" type="stmt"/>
        <line num="198" count="12" type="stmt"/>
        <line num="206" count="12" type="cond" truecount="1" falsecount="0"/>
        <line num="207" count="9" type="stmt"/>
        <line num="217" count="4" type="stmt"/>
        <line num="218" count="4" type="cond" truecount="1" falsecount="0"/>
        <line num="220" count="3" type="stmt"/>
        <line num="224" count="3" type="stmt"/>
        <line num="232" count="3" type="cond" truecount="1" falsecount="0"/>
        <line num="233" count="2" type="stmt"/>
        <line num="234" count="4" type="stmt"/>
        <line num="236" count="2" type="stmt"/>
        <line num="247" count="15" type="stmt"/>
        <line num="248" count="15" type="cond" truecount="3" falsecount="0"/>
        <line num="249" count="1" type="stmt"/>
        <line num="251" count="14" type="cond" truecount="2" falsecount="0"/>
        <line num="252" count="17" type="stmt"/>
        <line num="254" count="14" type="cond" truecount="1" falsecount="0"/>
        <line num="256" count="12" type="stmt"/>
        <line num="260" count="12" type="stmt"/>
        <line num="268" count="12" type="cond" truecount="1" falsecount="0"/>
        <line num="269" count="10" type="stmt"/>
        <line num="276" count="17" type="stmt"/>
        <line num="286" count="14" type="stmt"/>
        <line num="287" count="14" type="cond" truecount="1" falsecount="1"/>
        <line num="288" count="14" type="stmt"/>
        <line num="293" count="14" type="stmt"/>
        <line num="294" count="14" type="cond" truecount="1" falsecount="0"/>
        <line num="295" count="5" type="stmt"/>
        <line num="296" count="5" type="stmt"/>
        <line num="310" count="0" type="cond" truecount="0" falsecount="1"/>
        <line num="311" count="0" type="stmt"/>
        <line num="320" count="19" type="stmt"/>
        <line num="321" count="25" type="cond" truecount="1" falsecount="0"/>
        <line num="324" count="19" type="stmt"/>
        <line num="325" count="34" type="stmt"/>
        <line num="331" count="34" type="stmt"/>
        <line num="334" count="19" type="stmt"/>
        <line num="336" count="14" type="stmt"/>
        <line num="337" count="14" type="stmt"/>
        <line num="347" count="5" type="stmt"/>
        <line num="348" count="5" type="cond" truecount="1" falsecount="0"/>
        <line num="350" count="3" type="stmt"/>
        <line num="356" count="3" type="stmt"/>
        <line num="357" count="3" type="stmt"/>
        <line num="359" count="3" type="cond" truecount="2" falsecount="0"/>
        <line num="360" count="1" type="stmt"/>
        <line num="366" count="2" type="cond" truecount="0" falsecount="1"/>
        <line num="367" count="0" type="stmt"/>
        <line num="369" count="2" type="cond" truecount="1" falsecount="0"/>
        <line num="370" count="2" type="stmt"/>
        <line num="372" count="2" type="cond" truecount="1" falsecount="0"/>
        <line num="373" count="1" type="stmt"/>
        <line num="382" count="3" type="stmt"/>
        <line num="392" count="21" type="stmt"/>
        <line num="401" count="71" type="stmt"/>
        <line num="402" count="71" type="cond" truecount="2" falsecount="0"/>
        <line num="403" count="71" type="cond" truecount="3" falsecount="0"/>
        <line num="404" count="50" type="stmt"/>
        <line num="405" count="50" type="stmt"/>
        <line num="410" count="21" type="stmt"/>
      </file>
      <file name="endpoint.ts" path="/Users/royossai/WebstormProjects/pondSocket/server/socket/endpoint.ts">
        <metrics statements="120" coveredstatements="104" conditionals="40" coveredconditionals="36" methods="33" coveredmethods="28"/>
        <line num="1" count="2" type="stmt"/>
        <line num="11" count="2" type="stmt"/>
        <line num="16" count="2" type="stmt"/>
        <line num="17" count="2" type="stmt"/>
        <line num="18" count="2" type="stmt"/>
        <line num="19" count="2" type="stmt"/>
        <line num="23" count="2" type="stmt"/>
        <line num="30" count="23" type="stmt"/>
        <line num="31" count="23" type="stmt"/>
        <line num="32" count="23" type="stmt"/>
        <line num="33" count="23" type="stmt"/>
        <line num="34" count="23" type="stmt"/>
        <line num="43" count="13" type="stmt"/>
        <line num="78" count="6" type="stmt"/>
        <line num="79" count="6" type="stmt"/>
        <line num="80" count="6" type="stmt"/>
        <line num="91" count="20" type="stmt"/>
        <line num="93" count="20" type="stmt"/>
        <line num="99" count="20" type="stmt"/>
        <line num="101" count="20" type="stmt"/>
        <line num="106" count="20" type="stmt"/>
        <line num="107" count="20" type="cond" truecount="1" falsecount="0"/>
        <line num="108" count="1" type="stmt"/>
        <line num="109" count="1" type="stmt"/>
        <line num="112" count="19" type="stmt"/>
        <line num="113" count="19" type="stmt"/>
        <line num="114" count="19" type="stmt"/>
        <line num="119" count="19" type="stmt"/>
        <line num="120" count="19" type="stmt"/>
        <line num="122" count="19" type="cond" truecount="1" falsecount="0"/>
        <line num="123" count="3" type="stmt"/>
        <line num="130" count="3" type="stmt"/>
        <line num="133" count="19" type="stmt"/>
        <line num="137" count="20" type="stmt"/>
        <line num="138" count="20" type="stmt"/>
        <line num="147" count="1" type="stmt"/>
        <line num="153" count="1" type="stmt"/>
        <line num="154" count="1" type="stmt"/>
        <line num="155" count="1" type="cond" truecount="1" falsecount="0"/>
        <line num="156" count="1" type="stmt"/>
        <line num="157" count="1" type="stmt"/>
        <line num="158" count="1" type="stmt"/>
        <line num="169" count="0" type="stmt"/>
        <line num="175" count="0" type="stmt"/>
        <line num="176" count="0" type="cond" truecount="0" falsecount="2"/>
        <line num="178" count="0" type="stmt"/>
        <line num="179" count="0" type="stmt"/>
        <line num="186" count="3" type="stmt"/>
        <line num="193" count="5" type="stmt"/>
        <line num="202" count="2" type="stmt"/>
        <line num="203" count="2" type="stmt"/>
        <line num="208" count="2" type="stmt"/>
        <line num="209" count="3" type="stmt"/>
        <line num="217" count="9" type="stmt"/>
        <line num="218" count="9" type="cond" truecount="1" falsecount="0"/>
        <line num="219" count="9" type="stmt"/>
        <line num="220" count="9" type="cond" truecount="1" falsecount="0"/>
        <line num="221" count="8" type="stmt"/>
        <line num="224" count="1" type="stmt"/>
        <line num="233" count="19" type="stmt"/>
        <line num="234" count="20" type="stmt"/>
        <line num="236" count="19" type="stmt"/>
        <line num="237" count="17" type="stmt"/>
        <line num="238" count="13" type="stmt"/>
        <line num="239" count="17" type="stmt"/>
        <line num="242" count="19" type="stmt"/>
        <line num="243" count="0" type="stmt"/>
        <line num="244" count="0" type="stmt"/>
        <line num="245" count="0" type="stmt"/>
        <line num="255" count="17" type="stmt"/>
        <line num="265" count="20" type="stmt"/>
        <line num="272" count="20" type="stmt"/>
        <line num="273" count="20" type="stmt"/>
        <line num="275" count="19" type="cond" truecount="2" falsecount="0"/>
        <line num="276" count="1" type="stmt"/>
        <line num="280" count="18" type="cond" truecount="2" falsecount="0"/>
        <line num="281" count="1" type="stmt"/>
        <line num="285" count="17" type="cond" truecount="2" falsecount="0"/>
        <line num="286" count="1" type="stmt"/>
        <line num="291" count="16" type="stmt"/>
        <line num="293" count="13" type="cond" truecount="1" falsecount="0"/>
        <line num="294" count="3" type="stmt"/>
        <line num="297" count="7" type="cond" truecount="2" falsecount="0"/>
        <line num="298" count="1" type="stmt"/>
        <line num="306" count="1" type="stmt"/>
        <line num="307" count="6" type="cond" truecount="1" falsecount="0"/>
        <line num="308" count="6" type="stmt"/>
        <line num="319" count="6" type="stmt"/>
        <line num="330" count="16" type="cond" truecount="5" falsecount="1"/>
        <line num="332" count="7" type="stmt"/>
        <line num="333" count="7" type="cond" truecount="2" falsecount="0"/>
        <line num="334" count="6" type="stmt"/>
        <line num="340" count="6" type="stmt"/>
        <line num="343" count="1" type="stmt"/>
        <line num="348" count="6" type="stmt"/>
        <line num="351" count="2" type="stmt"/>
        <line num="352" count="1" type="stmt"/>
        <line num="354" count="1" type="stmt"/>
        <line num="357" count="0" type="stmt"/>
        <line num="358" count="0" type="stmt"/>
        <line num="360" count="0" type="stmt"/>
        <line num="363" count="2" type="stmt"/>
        <line num="364" count="2" type="stmt"/>
        <line num="366" count="1" type="stmt"/>
        <line num="369" count="3" type="stmt"/>
        <line num="370" count="3" type="cond" truecount="3" falsecount="0"/>
        <line num="371" count="2" type="stmt"/>
        <line num="376" count="1" type="stmt"/>
        <line num="378" count="0" type="stmt"/>
        <line num="381" count="2" type="stmt"/>
        <line num="382" count="2" type="cond" truecount="4" falsecount="0"/>
        <line num="384" count="2" type="stmt"/>
        <line num="396" count="9" type="stmt"/>
        <line num="397" count="9" type="cond" truecount="1" falsecount="0"/>
        <line num="398" count="1" type="stmt"/>
        <line num="400" count="8" type="stmt"/>
        <line num="407" count="0" type="stmt"/>
        <line num="408" count="0" type="stmt"/>
        <line num="410" count="0" type="cond" truecount="0" falsecount="1"/>
        <line num="411" count="0" type="stmt"/>
      </file>
      <file name="index.ts" path="/Users/royossai/WebstormProjects/pondSocket/server/socket/index.ts">
        <metrics statements="4" coveredstatements="4" conditionals="0" coveredconditionals="0" methods="0" coveredmethods="0"/>
        <line num="1" count="2" type="stmt"/>
        <line num="2" count="2" type="stmt"/>
        <line num="3" count="2" type="stmt"/>
        <line num="4" count="2" type="stmt"/>
      </file>
      <file name="pondChannel.ts" path="/Users/royossai/WebstormProjects/pondSocket/server/socket/pondChannel.ts">
        <metrics statements="102" coveredstatements="101" conditionals="32" coveredconditionals="32" methods="37" coveredmethods="36"/>
        <line num="1" count="4" type="stmt"/>
        <line num="14" count="4" type="stmt"/>
        <line num="15" count="4" type="stmt"/>
        <line num="16" count="4" type="stmt"/>
        <line num="17" count="4" type="stmt"/>
        <line num="20" count="4" type="stmt"/>
        <line num="26" count="4" type="stmt"/>
        <line num="34" count="19" type="stmt"/>
        <line num="35" count="19" type="stmt"/>
        <line num="36" count="19" type="stmt"/>
        <line num="37" count="19" type="stmt"/>
        <line num="38" count="19" type="stmt"/>
        <line num="39" count="19" type="stmt"/>
        <line num="48" count="4" type="stmt"/>
        <line num="50" count="4" type="stmt"/>
        <line num="51" count="4" type="stmt"/>
        <line num="53" count="0" type="stmt"/>
        <line num="65" count="19" type="stmt"/>
        <line num="67" count="19" type="stmt"/>
        <line num="68" count="19" type="stmt"/>
        <line num="69" count="19" type="cond" truecount="1" falsecount="0"/>
        <line num="70" count="1" type="stmt"/>
        <line num="72" count="18" type="cond" truecount="1" falsecount="0"/>
        <line num="73" count="13" type="stmt"/>
        <line num="75" count="18" type="stmt"/>
        <line num="81" count="18" type="stmt"/>
        <line num="87" count="18" type="stmt"/>
        <line num="88" count="17" type="cond" truecount="1" falsecount="0"/>
        <line num="89" count="2" type="stmt"/>
        <line num="91" count="15" type="stmt"/>
        <line num="92" count="15" type="cond" truecount="2" falsecount="0"/>
        <line num="94" count="15" type="stmt"/>
        <line num="95" count="41" type="stmt"/>
        <line num="98" count="15" type="stmt"/>
        <line num="105" count="15" type="stmt"/>
        <line num="107" count="15" type="cond" truecount="1" falsecount="0"/>
        <line num="108" count="1" type="stmt"/>
        <line num="110" count="15" type="stmt"/>
        <line num="113" count="18" type="stmt"/>
        <line num="114" count="18" type="stmt"/>
        <line num="125" count="2" type="stmt"/>
        <line num="126" count="2" type="stmt"/>
        <line num="136" count="1" type="stmt"/>
        <line num="137" count="1" type="stmt"/>
        <line num="138" count="1" type="stmt"/>
        <line num="149" count="2" type="stmt"/>
        <line num="150" count="2" type="cond" truecount="4" falsecount="0"/>
        <line num="159" count="13" type="stmt"/>
        <line num="160" count="11" type="stmt"/>
        <line num="172" count="2" type="cond" truecount="2" falsecount="0"/>
        <line num="173" count="2" type="stmt"/>
        <line num="174" count="2" type="stmt"/>
        <line num="182" count="10" type="stmt"/>
        <line num="190" count="39" type="cond" truecount="2" falsecount="0"/>
        <line num="199" count="7" type="stmt"/>
        <line num="200" count="7" type="cond" truecount="1" falsecount="0"/>
        <line num="201" count="1" type="stmt"/>
        <line num="203" count="6" type="stmt"/>
        <line num="204" count="6" type="stmt"/>
        <line num="212" count="14" type="cond" truecount="1" falsecount="0"/>
        <line num="213" count="6" type="stmt"/>
        <line num="214" count="6" type="stmt"/>
        <line num="215" count="6" type="stmt"/>
        <line num="216" count="6" type="cond" truecount="1" falsecount="0"/>
        <line num="217" count="6" type="stmt"/>
        <line num="228" count="20" type="cond" truecount="2" falsecount="0"/>
        <line num="229" count="20" type="cond" truecount="1" falsecount="0"/>
        <line num="230" count="18" type="stmt"/>
        <line num="232" count="2" type="stmt"/>
        <line num="241" count="19" type="stmt"/>
        <line num="242" count="19" type="stmt"/>
        <line num="245" count="19" type="stmt"/>
        <line num="246" count="4" type="stmt"/>
        <line num="249" count="19" type="stmt"/>
        <line num="258" count="41" type="stmt"/>
        <line num="268" count="2" type="cond" truecount="2" falsecount="0"/>
        <line num="269" count="2" type="stmt"/>
        <line num="270" count="4" type="stmt"/>
        <line num="271" count="4" type="cond" truecount="1" falsecount="0"/>
        <line num="272" count="4" type="stmt"/>
        <line num="273" count="4" type="cond" truecount="1" falsecount="0"/>
        <line num="274" count="4" type="stmt"/>
        <line num="275" count="4" type="stmt"/>
        <line num="288" count="4" type="stmt"/>
        <line num="289" count="22" type="stmt"/>
        <line num="290" count="22" type="stmt"/>
        <line num="292" count="22" type="cond" truecount="1" falsecount="0"/>
        <line num="293" count="13" type="stmt"/>
        <line num="299" count="13" type="stmt"/>
        <line num="312" count="13" type="stmt"/>
        <line num="313" count="12" type="stmt"/>
        <line num="315" count="12" type="cond" truecount="2" falsecount="0"/>
        <line num="316" count="3" type="stmt"/>
        <line num="322" count="9" type="cond" truecount="1" falsecount="0"/>
        <line num="323" count="2" type="stmt"/>
        <line num="325" count="9" type="cond" truecount="1" falsecount="0"/>
        <line num="326" count="3" type="stmt"/>
        <line num="328" count="3" type="cond" truecount="1" falsecount="0"/>
        <line num="329" count="1" type="stmt"/>
        <line num="339" count="13" type="stmt"/>
        <line num="340" count="13" type="stmt"/>
        <line num="343" count="22" type="cond" truecount="2" falsecount="0"/>
      </file>
      <file name="pondSocket.ts" path="/Users/royossai/WebstormProjects/pondSocket/server/socket/pondSocket.ts">
        <metrics statements="45" coveredstatements="38" conditionals="8" coveredconditionals="6" methods="18" coveredmethods="13"/>
        <line num="1" count="2" type="stmt"/>
        <line num="2" count="2" type="stmt"/>
        <line num="4" count="2" type="stmt"/>
        <line num="6" count="2" type="stmt"/>
        <line num="7" count="2" type="stmt"/>
        <line num="9" count="2" type="stmt"/>
        <line num="16" count="19" type="stmt"/>
        <line num="17" count="19" type="cond" truecount="2" falsecount="0"/>
        <line num="18" count="19" type="cond" truecount="2" falsecount="0"/>
        <line num="19" count="19" type="stmt"/>
        <line num="20" count="19" type="stmt"/>
        <line num="21" count="19" type="stmt"/>
        <line num="29" count="1" type="stmt"/>
        <line num="30" count="1" type="stmt"/>
        <line num="31" count="1" type="stmt"/>
        <line num="40" count="14" type="stmt"/>
        <line num="48" count="0" type="stmt"/>
        <line num="70" count="15" type="stmt"/>
        <line num="71" count="15" type="stmt"/>
        <line num="72" count="21" type="cond" truecount="1" falsecount="1"/>
        <line num="73" count="21" type="stmt"/>
        <line num="74" count="21" type="cond" truecount="1" falsecount="0"/>
        <line num="75" count="1" type="stmt"/>
        <line num="77" count="20" type="stmt"/>
        <line num="78" count="1" type="stmt"/>
        <line num="81" count="15" type="stmt"/>
        <line num="89" count="11" type="stmt"/>
        <line num="90" count="19" type="stmt"/>
        <line num="91" count="19" type="stmt"/>
        <line num="92" count="0" type="stmt"/>
        <line num="96" count="11" type="stmt"/>
        <line num="97" count="0" type="stmt"/>
        <line num="98" count="0" type="cond" truecount="0" falsecount="1"/>
        <line num="99" count="0" type="stmt"/>
        <line num="100" count="0" type="stmt"/>
        <line num="104" count="11" type="stmt"/>
        <line num="111" count="19" type="stmt"/>
        <line num="112" count="1" type="stmt"/>
        <line num="113" count="1" type="stmt"/>
        <line num="116" count="19" type="stmt"/>
        <line num="117" count="11" type="stmt"/>
        <line num="120" count="19" type="stmt"/>
        <line num="121" count="12" type="stmt"/>
        <line num="130" count="13" type="stmt"/>
        <line num="131" count="0" type="stmt"/>
      </file>
    </package>
    <package name="server.utils">
      <metrics statements="229" coveredstatements="229" conditionals="44" coveredconditionals="44" methods="77" coveredmethods="77"/>
      <file name="baseClass.ts" path="/Users/royossai/WebstormProjects/pondSocket/server/utils/baseClass.ts">
        <metrics statements="71" coveredstatements="71" conditionals="18" coveredconditionals="18" methods="30" coveredmethods="30"/>
        <line num="16" count="11" type="stmt"/>
        <line num="23" count="99" type="cond" truecount="2" falsecount="0"/>
        <line num="32" count="29" type="cond" truecount="2" falsecount="0"/>
        <line num="33" count="22" type="stmt"/>
        <line num="36" count="7" type="stmt"/>
        <line num="43" count="1" type="stmt"/>
        <line num="44" count="1" type="stmt"/>
        <line num="45" count="31" type="stmt"/>
        <line num="46" count="31" type="stmt"/>
        <line num="47" count="31" type="cond" truecount="2" falsecount="0"/>
        <line num="55" count="2" type="stmt"/>
        <line num="56" count="2" type="stmt"/>
        <line num="57" count="16" type="stmt"/>
        <line num="66" count="26" type="stmt"/>
        <line num="75" count="87" type="stmt"/>
        <line num="76" count="87" type="cond" truecount="1" falsecount="0"/>
        <line num="80" count="14" type="stmt"/>
        <line num="89" count="6" type="stmt"/>
        <line num="90" count="6" type="cond" truecount="1" falsecount="0"/>
        <line num="94" count="1" type="stmt"/>
        <line num="103" count="16" type="stmt"/>
        <line num="112" count="678" type="stmt"/>
        <line num="113" count="678" type="stmt"/>
        <line num="114" count="10" type="stmt"/>
        <line num="115" count="10" type="stmt"/>
        <line num="116" count="117" type="stmt"/>
        <line num="118" count="117" type="stmt"/>
        <line num="121" count="5" type="stmt"/>
        <line num="123" count="5" type="stmt"/>
        <line num="133" count="869" type="stmt"/>
        <line num="134" count="129" type="stmt"/>
        <line num="135" count="740" type="stmt"/>
        <line num="137" count="7" type="stmt"/>
        <line num="144" count="7" type="stmt"/>
        <line num="156" count="80" type="stmt"/>
        <line num="157" count="80" type="stmt"/>
        <line num="158" count="80" type="cond" truecount="1" falsecount="0"/>
        <line num="159" count="7" type="stmt"/>
        <line num="160" count="13" type="stmt"/>
        <line num="161" count="13" type="stmt"/>
        <line num="164" count="80" type="stmt"/>
        <line num="179" count="73" type="stmt"/>
        <line num="180" count="73" type="stmt"/>
        <line num="181" count="73" type="stmt"/>
        <line num="182" count="73" type="cond" truecount="1" falsecount="0"/>
        <line num="183" count="59" type="stmt"/>
        <line num="184" count="59" type="cond" truecount="1" falsecount="0"/>
        <line num="185" count="59" type="stmt"/>
        <line num="186" count="59" type="stmt"/>
        <line num="187" count="60" type="stmt"/>
        <line num="189" count="59" type="stmt"/>
        <line num="192" count="14" type="stmt"/>
        <line num="210" count="10" type="cond" truecount="1" falsecount="0"/>
        <line num="211" count="8" type="stmt"/>
        <line num="212" count="8" type="stmt"/>
        <line num="213" count="8" type="cond" truecount="1" falsecount="0"/>
        <line num="214" count="6" type="stmt"/>
        <line num="215" count="6" type="cond" truecount="1" falsecount="0"/>
        <line num="216" count="6" type="stmt"/>
        <line num="217" count="6" type="stmt"/>
        <line num="218" count="8" type="stmt"/>
        <line num="220" count="6" type="stmt"/>
        <line num="227" count="4" type="stmt"/>
        <line num="228" count="4" type="cond" truecount="1" falsecount="0"/>
        <line num="230" count="3" type="cond" truecount="1" falsecount="0"/>
        <line num="231" count="1" type="stmt"/>
        <line num="234" count="2" type="stmt"/>
        <line num="243" count="89" type="cond" truecount="1" falsecount="0"/>
        <line num="245" count="21" type="stmt"/>
        <line num="246" count="21" type="cond" truecount="1" falsecount="0"/>
        <line num="248" count="3" type="stmt"/>
      </file>
      <file name="basePromise.ts" path="/Users/royossai/WebstormProjects/pondSocket/server/utils/basePromise.ts">
        <metrics statements="20" coveredstatements="20" conditionals="5" coveredconditionals="5" methods="5" coveredmethods="5"/>
        <line num="3" count="14" type="stmt"/>
        <line num="9" count="47" type="stmt"/>
        <line num="10" count="47" type="stmt"/>
        <line num="11" count="47" type="stmt"/>
        <line num="15" count="14" type="stmt"/>
        <line num="16" count="44" type="stmt"/>
        <line num="17" count="44" type="stmt"/>
        <line num="18" count="44" type="stmt"/>
        <line num="19" count="5" type="stmt"/>
        <line num="20" count="5" type="cond" truecount="2" falsecount="0"/>
        <line num="23" count="44" type="stmt"/>
        <line num="24" count="35" type="stmt"/>
        <line num="25" count="35" type="stmt"/>
        <line num="28" count="44" type="stmt"/>
        <line num="29" count="44" type="stmt"/>
        <line num="30" count="42" type="cond" truecount="1" falsecount="0"/>
        <line num="31" count="2" type="stmt"/>
        <line num="33" count="2" type="cond" truecount="2" falsecount="0"/>
        <line num="34" count="1" type="stmt"/>
        <line num="36" count="1" type="stmt"/>
      </file>
      <file name="index.ts" path="/Users/royossai/WebstormProjects/pondSocket/server/utils/index.ts">
        <metrics statements="5" coveredstatements="5" conditionals="0" coveredconditionals="0" methods="0" coveredmethods="0"/>
        <line num="1" count="10" type="stmt"/>
        <line num="2" count="10" type="stmt"/>
        <line num="3" count="10" type="stmt"/>
        <line num="4" count="10" type="stmt"/>
        <line num="5" count="10" type="stmt"/>
      </file>
      <file name="pondBase.ts" path="/Users/royossai/WebstormProjects/pondSocket/server/utils/pondBase.ts">
        <metrics statements="87" coveredstatements="87" conditionals="9" coveredconditionals="9" methods="29" coveredmethods="29"/>
        <line num="1" count="11" type="stmt"/>
        <line num="2" count="11" type="stmt"/>
        <line num="3" count="11" type="stmt"/>
        <line num="5" count="11" type="stmt"/>
        <line num="12" count="432" type="stmt"/>
        <line num="13" count="432" type="stmt"/>
        <line num="14" count="432" type="stmt"/>
        <line num="15" count="432" type="stmt"/>
        <line num="19" count="141" type="stmt"/>
        <line num="23" count="367" type="stmt"/>
        <line num="30" count="43" type="stmt"/>
        <line num="31" count="43" type="stmt"/>
        <line num="39" count="49" type="stmt"/>
        <line num="43" count="11" type="stmt"/>
        <line num="48" count="155" type="stmt"/>
        <line num="49" count="155" type="stmt"/>
        <line num="56" count="25" type="stmt"/>
        <line num="64" count="92" type="stmt"/>
        <line num="65" count="92" type="cond" truecount="1" falsecount="0"/>
        <line num="66" count="66" type="stmt"/>
        <line num="68" count="26" type="stmt"/>
        <line num="76" count="118" type="stmt"/>
        <line num="77" count="118" type="stmt"/>
        <line num="78" count="118" type="stmt"/>
        <line num="79" count="118" type="stmt"/>
        <line num="88" count="51" type="cond" truecount="2" falsecount="0"/>
        <line num="89" count="50" type="stmt"/>
        <line num="90" count="50" type="stmt"/>
        <line num="91" count="50" type="stmt"/>
        <line num="93" count="1" type="stmt"/>
        <line num="101" count="22" type="stmt"/>
        <line num="102" count="22" type="stmt"/>
        <line num="103" count="22" type="stmt"/>
        <line num="104" count="22" type="stmt"/>
        <line num="105" count="22" type="stmt"/>
        <line num="106" count="22" type="stmt"/>
        <line num="114" count="1" type="stmt"/>
        <line num="115" count="3" type="stmt"/>
        <line num="118" count="1" type="stmt"/>
        <line num="125" count="39" type="stmt"/>
        <line num="126" count="23" type="stmt"/>
        <line num="135" count="27" type="stmt"/>
        <line num="136" count="27" type="stmt"/>
        <line num="137" count="11" type="stmt"/>
        <line num="138" count="11" type="cond" truecount="1" falsecount="0"/>
        <line num="139" count="8" type="stmt"/>
        <line num="142" count="27" type="stmt"/>
        <line num="150" count="2" type="stmt"/>
        <line num="151" count="2" type="stmt"/>
        <line num="152" count="6" type="cond" truecount="1" falsecount="0"/>
        <line num="153" count="1" type="stmt"/>
        <line num="156" count="2" type="stmt"/>
        <line num="164" count="1" type="stmt"/>
        <line num="173" count="1" type="stmt"/>
        <line num="174" count="1" type="stmt"/>
        <line num="175" count="3" type="stmt"/>
        <line num="176" count="3" type="stmt"/>
        <line num="179" count="1" type="stmt"/>
        <line num="187" count="57" type="stmt"/>
        <line num="188" count="58" type="stmt"/>
        <line num="189" count="58" type="cond" truecount="1" falsecount="0"/>
        <line num="190" count="51" type="stmt"/>
        <line num="193" count="6" type="stmt"/>
        <line num="201" count="17" type="stmt"/>
        <line num="208" count="1" type="stmt"/>
        <line num="209" count="2" type="stmt"/>
        <line num="217" count="24" type="stmt"/>
        <line num="218" count="39" type="stmt"/>
        <line num="220" count="39" type="cond" truecount="2" falsecount="0"/>
        <line num="222" count="9" type="cond" truecount="1" falsecount="0"/>
        <line num="224" count="39" type="stmt"/>
        <line num="232" count="88" type="stmt"/>
        <line num="233" count="88" type="stmt"/>
        <line num="234" count="116" type="stmt"/>
        <line num="235" count="116" type="stmt"/>
        <line num="238" count="88" type="stmt"/>
        <line num="245" count="45" type="stmt"/>
        <line num="246" count="45" type="stmt"/>
        <line num="252" count="155" type="stmt"/>
        <line num="253" count="140" type="stmt"/>
        <line num="254" count="140" type="stmt"/>
        <line num="255" count="140" type="stmt"/>
        <line num="256" count="2940" type="stmt"/>
        <line num="259" count="140" type="stmt"/>
        <line num="269" count="432" type="stmt"/>
        <line num="270" count="432" type="stmt"/>
        <line num="271" count="432" type="stmt"/>
      </file>
      <file name="pondResponse.ts" path="/Users/royossai/WebstormProjects/pondSocket/server/utils/pondResponse.ts">
        <metrics statements="27" coveredstatements="27" conditionals="10" coveredconditionals="10" methods="6" coveredmethods="6"/>
        <line num="3" count="12" type="stmt"/>
        <line num="8" count="12" type="stmt"/>
        <line num="22" count="67" type="stmt"/>
        <line num="23" count="67" type="stmt"/>
        <line num="24" count="67" type="stmt"/>
        <line num="25" count="67" type="stmt"/>
        <line num="26" count="67" type="stmt"/>
        <line num="36" count="17" type="stmt"/>
        <line num="41" count="17" type="stmt"/>
        <line num="49" count="38" type="stmt"/>
        <line num="58" count="10" type="cond" truecount="4" falsecount="0"/>
        <line num="59" count="10" type="cond" truecount="2" falsecount="0"/>
        <line num="60" count="10" type="stmt"/>
        <line num="65" count="10" type="stmt"/>
        <line num="74" count="65" type="cond" truecount="2" falsecount="0"/>
        <line num="75" count="64" type="stmt"/>
        <line num="76" count="64" type="stmt"/>
        <line num="81" count="64" type="stmt"/>
        <line num="84" count="1" type="stmt"/>
        <line num="93" count="64" type="cond" truecount="1" falsecount="0"/>
        <line num="94" count="45" type="stmt"/>
        <line num="96" count="19" type="stmt"/>
        <line num="97" count="19" type="stmt"/>
        <line num="98" count="19" type="stmt"/>
        <line num="99" count="19" type="stmt"/>
        <line num="100" count="19" type="stmt"/>
        <line num="102" count="19" type="stmt"/>
      </file>
      <file name="pubSub.ts" path="/Users/royossai/WebstormProjects/pondSocket/server/utils/pubSub.ts">
        <metrics statements="19" coveredstatements="19" conditionals="2" coveredconditionals="2" methods="7" coveredmethods="7"/>
        <line num="8" count="12" type="stmt"/>
        <line num="9" count="255" type="stmt"/>
        <line num="16" count="77" type="stmt"/>
        <line num="18" count="77" type="stmt"/>
        <line num="23" count="34" type="stmt"/>
        <line num="34" count="356" type="stmt"/>
        <line num="35" count="125" type="stmt"/>
        <line num="36" count="125" type="cond" truecount="1" falsecount="0"/>
        <line num="37" count="17" type="stmt"/>
        <line num="40" count="356" type="stmt"/>
        <line num="44" count="12" type="stmt"/>
        <line num="48" count="7" type="stmt"/>
        <line num="49" count="7" type="stmt"/>
        <line num="56" count="1" type="stmt"/>
        <line num="63" count="6" type="stmt"/>
        <line num="64" count="6" type="stmt"/>
        <line num="71" count="4" type="cond" truecount="1" falsecount="0"/>
        <line num="72" count="4" type="stmt"/>
        <line num="73" count="4" type="stmt"/>
      </file>
    </package>
  </project>
</coverage>
