{"/Users/royossai/WebstormProjects/pondSocket/server/enums.js": {"path":"/Users/royossai/WebstormProjects/pondSocket/server/enums.js","statementMap":{"0":{"start":{"line":2,"column":0},"end":{"line":2,"column":62}},"1":{"start":{"line":3,"column":0},"end":{"line":3,"column":151}},"2":{"start":{"line":5,"column":0},"end":{"line":8,"column":77}},"3":{"start":{"line":6,"column":4},"end":{"line":6,"column":36}},"4":{"start":{"line":7,"column":4},"end":{"line":7,"column":42}},"5":{"start":{"line":10,"column":0},"end":{"line":15,"column":74}},"6":{"start":{"line":11,"column":4},"end":{"line":11,"column":37}},"7":{"start":{"line":12,"column":4},"end":{"line":12,"column":41}},"8":{"start":{"line":13,"column":4},"end":{"line":13,"column":43}},"9":{"start":{"line":14,"column":4},"end":{"line":14,"column":37}},"10":{"start":{"line":17,"column":0},"end":{"line":24,"column":74}},"11":{"start":{"line":18,"column":4},"end":{"line":18,"column":51}},"12":{"start":{"line":19,"column":4},"end":{"line":19,"column":53}},"13":{"start":{"line":20,"column":4},"end":{"line":20,"column":57}},"14":{"start":{"line":21,"column":4},"end":{"line":21,"column":55}},"15":{"start":{"line":22,"column":4},"end":{"line":22,"column":45}},"16":{"start":{"line":23,"column":4},"end":{"line":23,"column":67}},"17":{"start":{"line":26,"column":0},"end":{"line":30,"column":71}},"18":{"start":{"line":27,"column":4},"end":{"line":27,"column":44}},"19":{"start":{"line":28,"column":4},"end":{"line":28,"column":54}},"20":{"start":{"line":29,"column":4},"end":{"line":29,"column":66}},"21":{"start":{"line":32,"column":0},"end":{"line":36,"column":80}},"22":{"start":{"line":33,"column":4},"end":{"line":33,"column":51}},"23":{"start":{"line":34,"column":4},"end":{"line":34,"column":61}},"24":{"start":{"line":35,"column":4},"end":{"line":35,"column":57}},"25":{"start":{"line":38,"column":0},"end":{"line":42,"column":68}},"26":{"start":{"line":39,"column":4},"end":{"line":39,"column":37}},"27":{"start":{"line":40,"column":4},"end":{"line":40,"column":41}},"28":{"start":{"line":41,"column":4},"end":{"line":41,"column":49}}},"fnMap":{"0":{"name":"(anonymous_0)","decl":{"start":{"line":5,"column":1},"end":{"line":5,"column":2}},"loc":{"start":{"line":5,"column":27},"end":{"line":8,"column":1}},"line":5},"1":{"name":"(anonymous_1)","decl":{"start":{"line":10,"column":1},"end":{"line":10,"column":2}},"loc":{"start":{"line":10,"column":26},"end":{"line":15,"column":1}},"line":10},"2":{"name":"(anonymous_2)","decl":{"start":{"line":17,"column":1},"end":{"line":17,"column":2}},"loc":{"start":{"line":17,"column":26},"end":{"line":24,"column":1}},"line":17},"3":{"name":"(anonymous_3)","decl":{"start":{"line":26,"column":1},"end":{"line":26,"column":2}},"loc":{"start":{"line":26,"column":25},"end":{"line":30,"column":1}},"line":26},"4":{"name":"(anonymous_4)","decl":{"start":{"line":32,"column":1},"end":{"line":32,"column":2}},"loc":{"start":{"line":32,"column":28},"end":{"line":36,"column":1}},"line":32},"5":{"name":"(anonymous_5)","decl":{"start":{"line":38,"column":1},"end":{"line":38,"column":2}},"loc":{"start":{"line":38,"column":24},"end":{"line":42,"column":1}},"line":38}},"branchMap":{"0":{"loc":{"start":{"line":8,"column":20},"end":{"line":8,"column":75}},"type":"binary-expr","locations":[{"start":{"line":8,"column":20},"end":{"line":8,"column":42}},{"start":{"line":8,"column":47},"end":{"line":8,"column":74}}],"line":8},"1":{"loc":{"start":{"line":15,"column":19},"end":{"line":15,"column":72}},"type":"binary-expr","locations":[{"start":{"line":15,"column":19},"end":{"line":15,"column":40}},{"start":{"line":15,"column":45},"end":{"line":15,"column":71}}],"line":15},"2":{"loc":{"start":{"line":24,"column":19},"end":{"line":24,"column":72}},"type":"binary-expr","locations":[{"start":{"line":24,"column":19},"end":{"line":24,"column":40}},{"start":{"line":24,"column":45},"end":{"line":24,"column":71}}],"line":24},"3":{"loc":{"start":{"line":30,"column":18},"end":{"line":30,"column":69}},"type":"binary-expr","locations":[{"start":{"line":30,"column":18},"end":{"line":30,"column":38}},{"start":{"line":30,"column":43},"end":{"line":30,"column":68}}],"line":30},"4":{"loc":{"start":{"line":36,"column":21},"end":{"line":36,"column":78}},"type":"binary-expr","locations":[{"start":{"line":36,"column":21},"end":{"line":36,"column":44}},{"start":{"line":36,"column":49},"end":{"line":36,"column":77}}],"line":36},"5":{"loc":{"start":{"line":42,"column":17},"end":{"line":42,"column":66}},"type":"binary-expr","locations":[{"start":{"line":42,"column":17},"end":{"line":42,"column":36}},{"start":{"line":42,"column":41},"end":{"line":42,"column":65}}],"line":42}},"s":{"0":7,"1":7,"2":7,"3":7,"4":7,"5":7,"6":7,"7":7,"8":7,"9":7,"10":7,"11":7,"12":7,"13":7,"14":7,"15":7,"16":7,"17":7,"18":7,"19":7,"20":7,"21":7,"22":7,"23":7,"24":7,"25":7,"26":7,"27":7,"28":7},"f":{"0":7,"1":7,"2":7,"3":7,"4":7,"5":7},"b":{"0":[7,7],"1":[7,7],"2":[7,7],"3":[7,7],"4":[7,7],"5":[7,7]},"_coverageSchema":"1a1c01bbd47fc00a2c39e90264f33305004495a9","hash":"2a8a9eb0823bfc98272a26348a1a384e8a153a6f"}
,"/Users/royossai/WebstormProjects/pondSocket/server/http/helpers/auth/authenticateRequest.js": {"path":"/Users/royossai/WebstormProjects/pondSocket/server/http/helpers/auth/authenticateRequest.js","statementMap":{"0":{"start":{"line":2,"column":0},"end":{"line":2,"column":62}},"1":{"start":{"line":3,"column":0},"end":{"line":3,"column":67}},"2":{"start":{"line":4,"column":18},"end":{"line":4,"column":53}},"3":{"start":{"line":5,"column":22},"end":{"line":5,"column":48}},"4":{"start":{"line":6,"column":26},"end":{"line":36,"column":4}},"5":{"start":{"line":6,"column":54},"end":{"line":36,"column":2}},"6":{"start":{"line":8,"column":15},"end":{"line":8,"column":42}},"7":{"start":{"line":9,"column":16},"end":{"line":9,"column":76}},"8":{"start":{"line":10,"column":19},"end":{"line":10,"column":108}},"9":{"start":{"line":11,"column":4},"end":{"line":35,"column":5}},"10":{"start":{"line":12,"column":8},"end":{"line":16,"column":9}},"11":{"start":{"line":13,"column":12},"end":{"line":13,"column":59}},"12":{"start":{"line":14,"column":12},"end":{"line":14,"column":71}},"13":{"start":{"line":15,"column":12},"end":{"line":15,"column":72}},"14":{"start":{"line":17,"column":8},"end":{"line":17,"column":41}},"15":{"start":{"line":18,"column":8},"end":{"line":18,"column":57}},"16":{"start":{"line":19,"column":8},"end":{"line":21,"column":11}},"17":{"start":{"line":22,"column":8},"end":{"line":22,"column":32}},"18":{"start":{"line":23,"column":8},"end":{"line":23,"column":26}},"19":{"start":{"line":24,"column":8},"end":{"line":24,"column":15}},"20":{"start":{"line":27,"column":8},"end":{"line":31,"column":9}},"21":{"start":{"line":28,"column":12},"end":{"line":28,"column":59}},"22":{"start":{"line":29,"column":12},"end":{"line":29,"column":71}},"23":{"start":{"line":30,"column":12},"end":{"line":30,"column":72}},"24":{"start":{"line":32,"column":8},"end":{"line":32,"column":32}},"25":{"start":{"line":33,"column":8},"end":{"line":33,"column":26}},"26":{"start":{"line":34,"column":8},"end":{"line":34,"column":15}},"27":{"start":{"line":37,"column":0},"end":{"line":37,"column":50}},"28":{"start":{"line":38,"column":26},"end":{"line":52,"column":4}},"29":{"start":{"line":38,"column":54},"end":{"line":52,"column":2}},"30":{"start":{"line":40,"column":15},"end":{"line":40,"column":42}},"31":{"start":{"line":41,"column":16},"end":{"line":41,"column":76}},"32":{"start":{"line":42,"column":19},"end":{"line":42,"column":108}},"33":{"start":{"line":43,"column":4},"end":{"line":51,"column":15}},"34":{"start":{"line":44,"column":8},"end":{"line":44,"column":52}},"35":{"start":{"line":45,"column":8},"end":{"line":45,"column":57}},"36":{"start":{"line":46,"column":8},"end":{"line":46,"column":27}},"37":{"start":{"line":47,"column":8},"end":{"line":47,"column":66}},"38":{"start":{"line":48,"column":8},"end":{"line":48,"column":21}},"39":{"start":{"line":51,"column":8},"end":{"line":51,"column":15}},"40":{"start":{"line":53,"column":0},"end":{"line":53,"column":50}}},"fnMap":{"0":{"name":"(anonymous_0)","decl":{"start":{"line":6,"column":26},"end":{"line":6,"column":27}},"loc":{"start":{"line":6,"column":52},"end":{"line":36,"column":4}},"line":6},"1":{"name":"(anonymous_1)","decl":{"start":{"line":6,"column":61},"end":{"line":6,"column":62}},"loc":{"start":{"line":6,"column":87},"end":{"line":36,"column":1}},"line":6},"2":{"name":"(anonymous_2)","decl":{"start":{"line":38,"column":26},"end":{"line":38,"column":27}},"loc":{"start":{"line":38,"column":52},"end":{"line":52,"column":4}},"line":38},"3":{"name":"(anonymous_3)","decl":{"start":{"line":38,"column":61},"end":{"line":38,"column":62}},"loc":{"start":{"line":38,"column":93},"end":{"line":52,"column":1}},"line":38}},"branchMap":{"0":{"loc":{"start":{"line":9,"column":16},"end":{"line":9,"column":76}},"type":"binary-expr","locations":[{"start":{"line":9,"column":16},"end":{"line":9,"column":70}},{"start":{"line":9,"column":74},"end":{"line":9,"column":76}}],"line":9},"1":{"loc":{"start":{"line":10,"column":19},"end":{"line":10,"column":108}},"type":"binary-expr","locations":[{"start":{"line":10,"column":20},"end":{"line":10,"column":99}},{"start":{"line":10,"column":104},"end":{"line":10,"column":108}}],"line":10},"2":{"loc":{"start":{"line":10,"column":20},"end":{"line":10,"column":99}},"type":"cond-expr","locations":[{"start":{"line":10,"column":83},"end":{"line":10,"column":89}},{"start":{"line":10,"column":92},"end":{"line":10,"column":99}}],"line":10},"3":{"loc":{"start":{"line":10,"column":20},"end":{"line":10,"column":80}},"type":"binary-expr","locations":[{"start":{"line":10,"column":20},"end":{"line":10,"column":63}},{"start":{"line":10,"column":67},"end":{"line":10,"column":80}}],"line":10},"4":{"loc":{"start":{"line":11,"column":4},"end":{"line":35,"column":5}},"type":"if","locations":[{"start":{"line":11,"column":4},"end":{"line":35,"column":5}},{"start":{"line":26,"column":9},"end":{"line":35,"column":5}}],"line":11},"5":{"loc":{"start":{"line":12,"column":8},"end":{"line":16,"column":9}},"type":"if","locations":[{"start":{"line":12,"column":8},"end":{"line":16,"column":9}},{"start":{},"end":{}}],"line":12},"6":{"loc":{"start":{"line":27,"column":8},"end":{"line":31,"column":9}},"type":"if","locations":[{"start":{"line":27,"column":8},"end":{"line":31,"column":9}},{"start":{},"end":{}}],"line":27},"7":{"loc":{"start":{"line":41,"column":16},"end":{"line":41,"column":76}},"type":"binary-expr","locations":[{"start":{"line":41,"column":16},"end":{"line":41,"column":70}},{"start":{"line":41,"column":74},"end":{"line":41,"column":76}}],"line":41},"8":{"loc":{"start":{"line":42,"column":19},"end":{"line":42,"column":108}},"type":"binary-expr","locations":[{"start":{"line":42,"column":20},"end":{"line":42,"column":99}},{"start":{"line":42,"column":104},"end":{"line":42,"column":108}}],"line":42},"9":{"loc":{"start":{"line":42,"column":20},"end":{"line":42,"column":99}},"type":"cond-expr","locations":[{"start":{"line":42,"column":83},"end":{"line":42,"column":89}},{"start":{"line":42,"column":92},"end":{"line":42,"column":99}}],"line":42},"10":{"loc":{"start":{"line":42,"column":20},"end":{"line":42,"column":80}},"type":"binary-expr","locations":[{"start":{"line":42,"column":20},"end":{"line":42,"column":63}},{"start":{"line":42,"column":67},"end":{"line":42,"column":80}}],"line":42},"11":{"loc":{"start":{"line":43,"column":4},"end":{"line":51,"column":15}},"type":"if","locations":[{"start":{"line":43,"column":4},"end":{"line":51,"column":15}},{"start":{"line":51,"column":8},"end":{"line":51,"column":15}}],"line":43},"12":{"loc":{"start":{"line":43,"column":8},"end":{"line":43,"column":85}},"type":"binary-expr","locations":[{"start":{"line":43,"column":8},"end":{"line":43,"column":17}},{"start":{"line":43,"column":21},"end":{"line":43,"column":29}},{"start":{"line":43,"column":33},"end":{"line":43,"column":85}}],"line":43}},"s":{"0":2,"1":2,"2":2,"3":2,"4":2,"5":4,"6":4,"7":4,"8":4,"9":4,"10":2,"11":1,"12":1,"13":1,"14":1,"15":1,"16":1,"17":1,"18":1,"19":1,"20":2,"21":1,"22":1,"23":1,"24":1,"25":1,"26":1,"27":2,"28":2,"29":4,"30":4,"31":4,"32":4,"33":4,"34":3,"35":3,"36":3,"37":3,"38":3,"39":1,"40":2},"f":{"0":4,"1":4,"2":4,"3":4},"b":{"0":[4,1],"1":[4,2],"2":[2,2],"3":[4,2],"4":[2,2],"5":[1,1],"6":[1,1],"7":[4,1],"8":[4,2],"9":[2,2],"10":[4,2],"11":[3,1],"12":[4,2,2]},"_coverageSchema":"1a1c01bbd47fc00a2c39e90264f33305004495a9","hash":"e6c07a5a002d98f4de95ede340dfd96a5cc18701"}
,"/Users/royossai/WebstormProjects/pondSocket/server/http/helpers/auth/cookieHandler.js": {"path":"/Users/royossai/WebstormProjects/pondSocket/server/http/helpers/auth/cookieHandler.js","statementMap":{"0":{"start":{"line":2,"column":15},"end":{"line":12,"column":1}},"1":{"start":{"line":3,"column":4},"end":{"line":10,"column":6}},"2":{"start":{"line":4,"column":8},"end":{"line":8,"column":9}},"3":{"start":{"line":4,"column":24},"end":{"line":4,"column":25}},"4":{"start":{"line":4,"column":31},"end":{"line":4,"column":47}},"5":{"start":{"line":5,"column":12},"end":{"line":5,"column":29}},"6":{"start":{"line":6,"column":12},"end":{"line":7,"column":28}},"7":{"start":{"line":6,"column":29},"end":{"line":7,"column":28}},"8":{"start":{"line":7,"column":16},"end":{"line":7,"column":28}},"9":{"start":{"line":9,"column":8},"end":{"line":9,"column":17}},"10":{"start":{"line":11,"column":4},"end":{"line":11,"column":43}},"11":{"start":{"line":13,"column":13},"end":{"line":28,"column":1}},"12":{"start":{"line":14,"column":12},"end":{"line":14,"column":62}},"13":{"start":{"line":15,"column":4},"end":{"line":15,"column":21}},"14":{"start":{"line":15,"column":12},"end":{"line":15,"column":21}},"15":{"start":{"line":16,"column":12},"end":{"line":16,"column":21}},"16":{"start":{"line":16,"column":31},"end":{"line":16,"column":33}},"17":{"start":{"line":17,"column":4},"end":{"line":26,"column":5}},"18":{"start":{"line":18,"column":8},"end":{"line":18,"column":83}},"19":{"start":{"line":18,"column":66},"end":{"line":18,"column":83}},"20":{"start":{"line":20,"column":20},"end":{"line":20,"column":41}},"21":{"start":{"line":22,"column":8},"end":{"line":25,"column":41}},"22":{"start":{"line":23,"column":12},"end":{"line":23,"column":61}},"23":{"start":{"line":23,"column":51},"end":{"line":23,"column":61}},"24":{"start":{"line":25,"column":18},"end":{"line":25,"column":39}},"25":{"start":{"line":25,"column":25},"end":{"line":25,"column":39}},"26":{"start":{"line":27,"column":4},"end":{"line":27,"column":14}},"27":{"start":{"line":29,"column":0},"end":{"line":29,"column":62}},"28":{"start":{"line":30,"column":0},"end":{"line":30,"column":73}},"29":{"start":{"line":32,"column":15},"end":{"line":32,"column":17}},"30":{"start":{"line":33,"column":23},"end":{"line":33,"column":87}},"31":{"start":{"line":34,"column":4},"end":{"line":35,"column":20}},"32":{"start":{"line":35,"column":8},"end":{"line":35,"column":20}},"33":{"start":{"line":36,"column":4},"end":{"line":45,"column":7}},"34":{"start":{"line":37,"column":17},"end":{"line":37,"column":42}},"35":{"start":{"line":37,"column":51},"end":{"line":37,"column":56}},"36":{"start":{"line":37,"column":65},"end":{"line":37,"column":76}},"37":{"start":{"line":38,"column":8},"end":{"line":38,"column":71}},"38":{"start":{"line":39,"column":8},"end":{"line":40,"column":19}},"39":{"start":{"line":40,"column":12},"end":{"line":40,"column":19}},"40":{"start":{"line":41,"column":20},"end":{"line":41,"column":41}},"41":{"start":{"line":42,"column":8},"end":{"line":43,"column":19}},"42":{"start":{"line":43,"column":12},"end":{"line":43,"column":19}},"43":{"start":{"line":44,"column":8},"end":{"line":44,"column":47}},"44":{"start":{"line":46,"column":4},"end":{"line":46,"column":16}},"45":{"start":{"line":48,"column":0},"end":{"line":48,"column":36}},"46":{"start":{"line":50,"column":4},"end":{"line":50,"column":45}},"47":{"start":{"line":50,"column":30},"end":{"line":50,"column":43}},"48":{"start":{"line":51,"column":4},"end":{"line":51,"column":47}},"49":{"start":{"line":52,"column":4},"end":{"line":55,"column":5}},"50":{"start":{"line":53,"column":8},"end":{"line":53,"column":64}},"51":{"start":{"line":54,"column":8},"end":{"line":54,"column":31}},"52":{"start":{"line":56,"column":4},"end":{"line":58,"column":5}},"53":{"start":{"line":57,"column":8},"end":{"line":57,"column":56}},"54":{"start":{"line":59,"column":24},"end":{"line":59,"column":82}},"55":{"start":{"line":60,"column":4},"end":{"line":66,"column":5}},"56":{"start":{"line":61,"column":8},"end":{"line":61,"column":42}},"57":{"start":{"line":62,"column":26},"end":{"line":62,"column":44}},"58":{"start":{"line":63,"column":8},"end":{"line":65,"column":9}},"59":{"start":{"line":64,"column":12},"end":{"line":64,"column":47}},"60":{"start":{"line":67,"column":4},"end":{"line":67,"column":47}},"61":{"start":{"line":69,"column":0},"end":{"line":69,"column":30}},"62":{"start":{"line":71,"column":4},"end":{"line":73,"column":7}},"63":{"start":{"line":75,"column":0},"end":{"line":75,"column":36}}},"fnMap":{"0":{"name":"(anonymous_0)","decl":{"start":{"line":2,"column":42},"end":{"line":2,"column":43}},"loc":{"start":{"line":2,"column":54},"end":{"line":12,"column":1}},"line":2},"1":{"name":"(anonymous_1)","decl":{"start":{"line":3,"column":32},"end":{"line":3,"column":33}},"loc":{"start":{"line":3,"column":44},"end":{"line":10,"column":5}},"line":3},"2":{"name":"(anonymous_2)","decl":{"start":{"line":13,"column":38},"end":{"line":13,"column":39}},"loc":{"start":{"line":13,"column":54},"end":{"line":28,"column":1}},"line":13},"3":{"name":"parseCookies","decl":{"start":{"line":31,"column":9},"end":{"line":31,"column":21}},"loc":{"start":{"line":31,"column":31},"end":{"line":47,"column":1}},"line":31},"4":{"name":"(anonymous_4)","decl":{"start":{"line":36,"column":36},"end":{"line":36,"column":37}},"loc":{"start":{"line":36,"column":54},"end":{"line":45,"column":5}},"line":36},"5":{"name":"setCookie","decl":{"start":{"line":49,"column":9},"end":{"line":49,"column":18}},"loc":{"start":{"line":49,"column":46},"end":{"line":68,"column":1}},"line":49},"6":{"name":"deleteCookie","decl":{"start":{"line":70,"column":9},"end":{"line":70,"column":21}},"loc":{"start":{"line":70,"column":33},"end":{"line":74,"column":1}},"line":70}},"branchMap":{"0":{"loc":{"start":{"line":2,"column":15},"end":{"line":12,"column":1}},"type":"binary-expr","locations":[{"start":{"line":2,"column":16},"end":{"line":2,"column":20}},{"start":{"line":2,"column":24},"end":{"line":2,"column":37}},{"start":{"line":2,"column":42},"end":{"line":12,"column":1}}],"line":2},"1":{"loc":{"start":{"line":3,"column":15},"end":{"line":10,"column":5}},"type":"binary-expr","locations":[{"start":{"line":3,"column":15},"end":{"line":3,"column":28}},{"start":{"line":3,"column":32},"end":{"line":10,"column":5}}],"line":3},"2":{"loc":{"start":{"line":6,"column":29},"end":{"line":7,"column":28}},"type":"if","locations":[{"start":{"line":6,"column":29},"end":{"line":7,"column":28}},{"start":{},"end":{}}],"line":6},"3":{"loc":{"start":{"line":13,"column":13},"end":{"line":28,"column":1}},"type":"binary-expr","locations":[{"start":{"line":13,"column":14},"end":{"line":13,"column":18}},{"start":{"line":13,"column":22},"end":{"line":13,"column":33}},{"start":{"line":13,"column":38},"end":{"line":28,"column":1}}],"line":13},"4":{"loc":{"start":{"line":14,"column":12},"end":{"line":14,"column":62}},"type":"binary-expr","locations":[{"start":{"line":14,"column":12},"end":{"line":14,"column":40}},{"start":{"line":14,"column":44},"end":{"line":14,"column":62}}],"line":14},"5":{"loc":{"start":{"line":15,"column":4},"end":{"line":15,"column":21}},"type":"if","locations":[{"start":{"line":15,"column":4},"end":{"line":15,"column":21}},{"start":{},"end":{}}],"line":15},"6":{"loc":{"start":{"line":18,"column":15},"end":{"line":18,"column":64}},"type":"binary-expr","locations":[{"start":{"line":18,"column":16},"end":{"line":18,"column":28}},{"start":{"line":18,"column":32},"end":{"line":18,"column":39}},{"start":{"line":18,"column":44},"end":{"line":18,"column":64}}],"line":18},"7":{"loc":{"start":{"line":23,"column":12},"end":{"line":23,"column":61}},"type":"if","locations":[{"start":{"line":23,"column":12},"end":{"line":23,"column":61}},{"start":{},"end":{}}],"line":23},"8":{"loc":{"start":{"line":23,"column":16},"end":{"line":23,"column":49}},"type":"binary-expr","locations":[{"start":{"line":23,"column":16},"end":{"line":23,"column":17}},{"start":{"line":23,"column":21},"end":{"line":23,"column":28}},{"start":{"line":23,"column":33},"end":{"line":23,"column":48}}],"line":23},"9":{"loc":{"start":{"line":25,"column":18},"end":{"line":25,"column":39}},"type":"if","locations":[{"start":{"line":25,"column":18},"end":{"line":25,"column":39}},{"start":{},"end":{}}],"line":25},"10":{"loc":{"start":{"line":33,"column":23},"end":{"line":33,"column":87}},"type":"cond-expr","locations":[{"start":{"line":33,"column":64},"end":{"line":33,"column":70}},{"start":{"line":33,"column":73},"end":{"line":33,"column":87}}],"line":33},"11":{"loc":{"start":{"line":33,"column":23},"end":{"line":33,"column":61}},"type":"binary-expr","locations":[{"start":{"line":33,"column":23},"end":{"line":33,"column":39}},{"start":{"line":33,"column":43},"end":{"line":33,"column":61}}],"line":33},"12":{"loc":{"start":{"line":34,"column":4},"end":{"line":35,"column":20}},"type":"if","locations":[{"start":{"line":34,"column":4},"end":{"line":35,"column":20}},{"start":{},"end":{}}],"line":34},"13":{"loc":{"start":{"line":38,"column":15},"end":{"line":38,"column":70}},"type":"cond-expr","locations":[{"start":{"line":38,"column":50},"end":{"line":38,"column":56}},{"start":{"line":38,"column":59},"end":{"line":38,"column":70}}],"line":38},"14":{"loc":{"start":{"line":38,"column":15},"end":{"line":38,"column":47}},"type":"binary-expr","locations":[{"start":{"line":38,"column":15},"end":{"line":38,"column":28}},{"start":{"line":38,"column":32},"end":{"line":38,"column":47}}],"line":38},"15":{"loc":{"start":{"line":39,"column":8},"end":{"line":40,"column":19}},"type":"if","locations":[{"start":{"line":39,"column":8},"end":{"line":40,"column":19}},{"start":{},"end":{}}],"line":39},"16":{"loc":{"start":{"line":42,"column":8},"end":{"line":43,"column":19}},"type":"if","locations":[{"start":{"line":42,"column":8},"end":{"line":43,"column":19}},{"start":{},"end":{}}],"line":42},"17":{"loc":{"start":{"line":50,"column":4},"end":{"line":50,"column":45}},"type":"if","locations":[{"start":{"line":50,"column":4},"end":{"line":50,"column":45}},{"start":{},"end":{}}],"line":50},"18":{"loc":{"start":{"line":52,"column":4},"end":{"line":55,"column":5}},"type":"if","locations":[{"start":{"line":52,"column":4},"end":{"line":55,"column":5}},{"start":{},"end":{}}],"line":52},"19":{"loc":{"start":{"line":56,"column":4},"end":{"line":58,"column":5}},"type":"if","locations":[{"start":{"line":56,"column":4},"end":{"line":58,"column":5}},{"start":{},"end":{}}],"line":56},"20":{"loc":{"start":{"line":63,"column":8},"end":{"line":65,"column":9}},"type":"if","locations":[{"start":{"line":63,"column":8},"end":{"line":65,"column":9}},{"start":{},"end":{}}],"line":63}},"s":{"0":3,"1":2,"2":0,"3":0,"4":0,"5":0,"6":0,"7":0,"8":0,"9":0,"10":2,"11":3,"12":14,"13":14,"14":0,"15":14,"16":14,"17":14,"18":14,"19":26,"20":0,"21":14,"22":14,"23":0,"24":14,"25":0,"26":14,"27":3,"28":3,"29":10,"30":10,"31":10,"32":2,"33":8,"34":14,"35":14,"36":14,"37":14,"38":14,"39":6,"40":8,"41":8,"42":0,"43":8,"44":8,"45":3,"46":6,"47":1,"48":6,"49":6,"50":1,"51":1,"52":6,"53":1,"54":6,"55":6,"56":13,"57":13,"58":13,"59":12,"60":6,"61":3,"62":3,"63":3},"f":{"0":2,"1":0,"2":14,"3":10,"4":14,"5":6,"6":3},"b":{"0":[3,3,3],"1":[2,0],"2":[0,0],"3":[3,3,3],"4":[14,14],"5":[0,14],"6":[40,0,40],"7":[0,14],"8":[14,14,0],"9":[0,14],"10":[1,9],"11":[10,10],"12":[2,8],"13":[0,14],"14":[14,14],"15":[6,8],"16":[0,8],"17":[1,5],"18":[1,5],"19":[1,5],"20":[12,1]},"_coverageSchema":"1a1c01bbd47fc00a2c39e90264f33305004495a9","hash":"9dca266b1d3d267d74eece401496c4c1b5f19fd2"}
,"/Users/royossai/WebstormProjects/pondSocket/server/http/helpers/auth/index.js": {"path":"/Users/royossai/WebstormProjects/pondSocket/server/http/helpers/auth/index.js","statementMap":{"0":{"start":{"line":2,"column":22},"end":{"line":8,"column":3}},"1":{"start":{"line":3,"column":4},"end":{"line":3,"column":33}},"2":{"start":{"line":3,"column":26},"end":{"line":3,"column":33}},"3":{"start":{"line":4,"column":4},"end":{"line":4,"column":89}},"4":{"start":{"line":4,"column":71},"end":{"line":4,"column":83}},"5":{"start":{"line":6,"column":4},"end":{"line":6,"column":33}},"6":{"start":{"line":6,"column":26},"end":{"line":6,"column":33}},"7":{"start":{"line":7,"column":4},"end":{"line":7,"column":17}},"8":{"start":{"line":9,"column":19},"end":{"line":11,"column":1}},"9":{"start":{"line":10,"column":4},"end":{"line":10,"column":126}},"10":{"start":{"line":10,"column":21},"end":{"line":10,"column":126}},"11":{"start":{"line":10,"column":95},"end":{"line":10,"column":126}},"12":{"start":{"line":12,"column":0},"end":{"line":12,"column":62}},"13":{"start":{"line":13,"column":0},"end":{"line":13,"column":50}},"14":{"start":{"line":14,"column":0},"end":{"line":14,"column":56}}},"fnMap":{"0":{"name":"(anonymous_0)","decl":{"start":{"line":2,"column":74},"end":{"line":2,"column":75}},"loc":{"start":{"line":2,"column":96},"end":{"line":5,"column":1}},"line":2},"1":{"name":"(anonymous_1)","decl":{"start":{"line":4,"column":58},"end":{"line":4,"column":59}},"loc":{"start":{"line":4,"column":69},"end":{"line":4,"column":85}},"line":4},"2":{"name":"(anonymous_2)","decl":{"start":{"line":5,"column":6},"end":{"line":5,"column":7}},"loc":{"start":{"line":5,"column":28},"end":{"line":8,"column":1}},"line":5},"3":{"name":"(anonymous_3)","decl":{"start":{"line":9,"column":50},"end":{"line":9,"column":51}},"loc":{"start":{"line":9,"column":71},"end":{"line":11,"column":1}},"line":9}},"branchMap":{"0":{"loc":{"start":{"line":2,"column":22},"end":{"line":8,"column":3}},"type":"binary-expr","locations":[{"start":{"line":2,"column":23},"end":{"line":2,"column":27}},{"start":{"line":2,"column":31},"end":{"line":2,"column":51}},{"start":{"line":2,"column":57},"end":{"line":8,"column":2}}],"line":2},"1":{"loc":{"start":{"line":2,"column":57},"end":{"line":8,"column":2}},"type":"cond-expr","locations":[{"start":{"line":2,"column":74},"end":{"line":5,"column":1}},{"start":{"line":5,"column":6},"end":{"line":8,"column":1}}],"line":2},"2":{"loc":{"start":{"line":3,"column":4},"end":{"line":3,"column":33}},"type":"if","locations":[{"start":{"line":3,"column":4},"end":{"line":3,"column":33}},{"start":{},"end":{}}],"line":3},"3":{"loc":{"start":{"line":6,"column":4},"end":{"line":6,"column":33}},"type":"if","locations":[{"start":{"line":6,"column":4},"end":{"line":6,"column":33}},{"start":{},"end":{}}],"line":6},"4":{"loc":{"start":{"line":9,"column":19},"end":{"line":11,"column":1}},"type":"binary-expr","locations":[{"start":{"line":9,"column":20},"end":{"line":9,"column":24}},{"start":{"line":9,"column":28},"end":{"line":9,"column":45}},{"start":{"line":9,"column":50},"end":{"line":11,"column":1}}],"line":9},"5":{"loc":{"start":{"line":10,"column":21},"end":{"line":10,"column":126}},"type":"if","locations":[{"start":{"line":10,"column":21},"end":{"line":10,"column":126}},{"start":{},"end":{}}],"line":10},"6":{"loc":{"start":{"line":10,"column":25},"end":{"line":10,"column":93}},"type":"binary-expr","locations":[{"start":{"line":10,"column":25},"end":{"line":10,"column":40}},{"start":{"line":10,"column":44},"end":{"line":10,"column":93}}],"line":10}},"s":{"0":1,"1":5,"2":5,"3":5,"4":0,"5":0,"6":0,"7":0,"8":1,"9":2,"10":5,"11":5,"12":1,"13":1,"14":1},"f":{"0":5,"1":0,"2":0,"3":2},"b":{"0":[1,1,1],"1":[1,0],"2":[5,0],"3":[0,0],"4":[1,1,1],"5":[5,0],"6":[5,5]},"_coverageSchema":"1a1c01bbd47fc00a2c39e90264f33305004495a9","hash":"c5825f261601686d91377fa15e0623499bacd406"}
,"/Users/royossai/WebstormProjects/pondSocket/server/http/helpers/middlewares/middleWare.js": {"path":"/Users/royossai/WebstormProjects/pondSocket/server/http/helpers/middlewares/middleWare.js","statementMap":{"0":{"start":{"line":2,"column":16},"end":{"line":16,"column":4}},"1":{"start":{"line":3,"column":24},"end":{"line":8,"column":5}},"2":{"start":{"line":4,"column":8},"end":{"line":6,"column":110}},"3":{"start":{"line":5,"column":69},"end":{"line":5,"column":85}},"4":{"start":{"line":6,"column":30},"end":{"line":6,"column":107}},"5":{"start":{"line":6,"column":47},"end":{"line":6,"column":107}},"6":{"start":{"line":6,"column":95},"end":{"line":6,"column":107}},"7":{"start":{"line":7,"column":8},"end":{"line":7,"column":35}},"8":{"start":{"line":9,"column":4},"end":{"line":15,"column":6}},"9":{"start":{"line":10,"column":8},"end":{"line":11,"column":102}},"10":{"start":{"line":11,"column":12},"end":{"line":11,"column":102}},"11":{"start":{"line":12,"column":8},"end":{"line":12,"column":28}},"12":{"start":{"line":13,"column":24},"end":{"line":13,"column":45}},"13":{"start":{"line":14,"column":8},"end":{"line":14,"column":93}},"14":{"start":{"line":17,"column":0},"end":{"line":17,"column":62}},"15":{"start":{"line":18,"column":0},"end":{"line":18,"column":28}},"16":{"start":{"line":19,"column":18},"end":{"line":19,"column":53}},"17":{"start":{"line":20,"column":32},"end":{"line":59,"column":24}},"18":{"start":{"line":21,"column":4},"end":{"line":21,"column":34}},"19":{"start":{"line":23,"column":20},"end":{"line":23,"column":45}},"20":{"start":{"line":24,"column":8},"end":{"line":24,"column":26}},"21":{"start":{"line":25,"column":8},"end":{"line":25,"column":31}},"22":{"start":{"line":26,"column":8},"end":{"line":26,"column":32}},"23":{"start":{"line":27,"column":8},"end":{"line":27,"column":21}},"24":{"start":{"line":29,"column":4},"end":{"line":35,"column":7}},"25":{"start":{"line":31,"column":12},"end":{"line":31,"column":31}},"26":{"start":{"line":36,"column":4},"end":{"line":38,"column":6}},"27":{"start":{"line":37,"column":8},"end":{"line":37,"column":37}},"28":{"start":{"line":39,"column":4},"end":{"line":51,"column":6}},"29":{"start":{"line":40,"column":19},"end":{"line":40,"column":39}},"30":{"start":{"line":41,"column":19},"end":{"line":49,"column":9}},"31":{"start":{"line":42,"column":29},"end":{"line":42,"column":41}},"32":{"start":{"line":43,"column":12},"end":{"line":48,"column":13}},"33":{"start":{"line":44,"column":16},"end":{"line":44,"column":43}},"34":{"start":{"line":46,"column":16},"end":{"line":46,"column":69}},"35":{"start":{"line":47,"column":16},"end":{"line":47,"column":41}},"36":{"start":{"line":50,"column":8},"end":{"line":50,"column":15}},"37":{"start":{"line":52,"column":4},"end":{"line":57,"column":6}},"38":{"start":{"line":53,"column":20},"end":{"line":53,"column":24}},"39":{"start":{"line":54,"column":8},"end":{"line":56,"column":11}},"40":{"start":{"line":55,"column":12},"end":{"line":55,"column":37}},"41":{"start":{"line":58,"column":4},"end":{"line":58,"column":22}},"42":{"start":{"line":60,"column":0},"end":{"line":60,"column":32}}},"fnMap":{"0":{"name":"(anonymous_0)","decl":{"start":{"line":2,"column":45},"end":{"line":2,"column":46}},"loc":{"start":{"line":2,"column":57},"end":{"line":16,"column":1}},"line":2},"1":{"name":"(anonymous_1)","decl":{"start":{"line":3,"column":24},"end":{"line":3,"column":25}},"loc":{"start":{"line":3,"column":40},"end":{"line":8,"column":5}},"line":3},"2":{"name":"(anonymous_2)","decl":{"start":{"line":5,"column":51},"end":{"line":5,"column":52}},"loc":{"start":{"line":5,"column":67},"end":{"line":5,"column":87}},"line":5},"3":{"name":"(anonymous_3)","decl":{"start":{"line":6,"column":12},"end":{"line":6,"column":13}},"loc":{"start":{"line":6,"column":28},"end":{"line":6,"column":109}},"line":6},"4":{"name":"(anonymous_4)","decl":{"start":{"line":9,"column":11},"end":{"line":9,"column":12}},"loc":{"start":{"line":9,"column":27},"end":{"line":15,"column":5}},"line":9},"5":{"name":"__","decl":{"start":{"line":13,"column":17},"end":{"line":13,"column":19}},"loc":{"start":{"line":13,"column":22},"end":{"line":13,"column":47}},"line":13},"6":{"name":"(anonymous_6)","decl":{"start":{"line":20,"column":32},"end":{"line":20,"column":33}},"loc":{"start":{"line":20,"column":50},"end":{"line":59,"column":1}},"line":20},"7":{"name":"MiddleWare","decl":{"start":{"line":22,"column":13},"end":{"line":22,"column":23}},"loc":{"start":{"line":22,"column":32},"end":{"line":28,"column":5}},"line":22},"8":{"name":"(anonymous_8)","decl":{"start":{"line":30,"column":13},"end":{"line":30,"column":14}},"loc":{"start":{"line":30,"column":25},"end":{"line":32,"column":9}},"line":30},"9":{"name":"(anonymous_9)","decl":{"start":{"line":36,"column":31},"end":{"line":36,"column":32}},"loc":{"start":{"line":36,"column":53},"end":{"line":38,"column":5}},"line":36},"10":{"name":"(anonymous_10)","decl":{"start":{"line":39,"column":36},"end":{"line":39,"column":37}},"loc":{"start":{"line":39,"column":56},"end":{"line":51,"column":5}},"line":39},"11":{"name":"(anonymous_11)","decl":{"start":{"line":41,"column":19},"end":{"line":41,"column":20}},"loc":{"start":{"line":41,"column":31},"end":{"line":49,"column":9}},"line":41},"12":{"name":"(anonymous_12)","decl":{"start":{"line":52,"column":43},"end":{"line":52,"column":44}},"loc":{"start":{"line":52,"column":55},"end":{"line":57,"column":5}},"line":52},"13":{"name":"(anonymous_13)","decl":{"start":{"line":54,"column":35},"end":{"line":54,"column":36}},"loc":{"start":{"line":54,"column":55},"end":{"line":56,"column":9}},"line":54}},"branchMap":{"0":{"loc":{"start":{"line":2,"column":16},"end":{"line":16,"column":4}},"type":"binary-expr","locations":[{"start":{"line":2,"column":17},"end":{"line":2,"column":21}},{"start":{"line":2,"column":25},"end":{"line":2,"column":39}},{"start":{"line":2,"column":44},"end":{"line":16,"column":4}}],"line":2},"1":{"loc":{"start":{"line":4,"column":24},"end":{"line":6,"column":109}},"type":"binary-expr","locations":[{"start":{"line":4,"column":24},"end":{"line":4,"column":45}},{"start":{"line":5,"column":13},"end":{"line":5,"column":47}},{"start":{"line":5,"column":51},"end":{"line":5,"column":87}},{"start":{"line":6,"column":12},"end":{"line":6,"column":109}}],"line":4},"2":{"loc":{"start":{"line":6,"column":47},"end":{"line":6,"column":107}},"type":"if","locations":[{"start":{"line":6,"column":47},"end":{"line":6,"column":107}},{"start":{},"end":{}}],"line":6},"3":{"loc":{"start":{"line":10,"column":8},"end":{"line":11,"column":102}},"type":"if","locations":[{"start":{"line":10,"column":8},"end":{"line":11,"column":102}},{"start":{},"end":{}}],"line":10},"4":{"loc":{"start":{"line":10,"column":12},"end":{"line":10,"column":49}},"type":"binary-expr","locations":[{"start":{"line":10,"column":12},"end":{"line":10,"column":35}},{"start":{"line":10,"column":39},"end":{"line":10,"column":49}}],"line":10},"5":{"loc":{"start":{"line":14,"column":22},"end":{"line":14,"column":92}},"type":"cond-expr","locations":[{"start":{"line":14,"column":35},"end":{"line":14,"column":51}},{"start":{"line":14,"column":55},"end":{"line":14,"column":91}}],"line":14},"6":{"loc":{"start":{"line":23,"column":20},"end":{"line":23,"column":45}},"type":"binary-expr","locations":[{"start":{"line":23,"column":20},"end":{"line":23,"column":37}},{"start":{"line":23,"column":41},"end":{"line":23,"column":45}}],"line":23},"7":{"loc":{"start":{"line":43,"column":12},"end":{"line":48,"column":13}},"type":"if","locations":[{"start":{"line":43,"column":12},"end":{"line":48,"column":13}},{"start":{"line":45,"column":17},"end":{"line":48,"column":13}}],"line":43}},"s":{"0":1,"1":1,"2":1,"3":0,"4":0,"5":0,"6":0,"7":1,"8":1,"9":1,"10":0,"11":1,"12":1,"13":1,"14":1,"15":1,"16":1,"17":1,"18":1,"19":4,"20":4,"21":4,"22":4,"23":4,"24":1,"25":1,"26":1,"27":7,"28":1,"29":6,"30":6,"31":6,"32":6,"33":6,"34":0,"35":0,"36":6,"37":1,"38":4,"39":4,"40":6,"41":1,"42":1},"f":{"0":1,"1":1,"2":0,"3":0,"4":1,"5":1,"6":1,"7":4,"8":1,"9":7,"10":6,"11":6,"12":4,"13":6},"b":{"0":[1,1,1],"1":[1,0,0,0],"2":[0,0],"3":[0,1],"4":[1,0],"5":[0,1],"6":[4,4],"7":[6,0]},"_coverageSchema":"1a1c01bbd47fc00a2c39e90264f33305004495a9","hash":"825ab9ff03aa2affab67896a888dc4542092b4ee"}
,"/Users/royossai/WebstormProjects/pondSocket/server/http/helpers/middlewares/socketMiddleWare.js": {"path":"/Users/royossai/WebstormProjects/pondSocket/server/http/helpers/middlewares/socketMiddleWare.js","statementMap":{"0":{"start":{"line":2,"column":0},"end":{"line":2,"column":62}},"1":{"start":{"line":3,"column":0},"end":{"line":3,"column":34}},"2":{"start":{"line":4,"column":38},"end":{"line":33,"column":3}},"3":{"start":{"line":6,"column":8},"end":{"line":6,"column":29}},"4":{"start":{"line":7,"column":8},"end":{"line":7,"column":30}},"5":{"start":{"line":8,"column":8},"end":{"line":8,"column":31}},"6":{"start":{"line":10,"column":4},"end":{"line":12,"column":6}},"7":{"start":{"line":11,"column":8},"end":{"line":11,"column":41}},"8":{"start":{"line":13,"column":4},"end":{"line":25,"column":6}},"9":{"start":{"line":14,"column":19},"end":{"line":14,"column":43}},"10":{"start":{"line":15,"column":19},"end":{"line":23,"column":9}},"11":{"start":{"line":16,"column":29},"end":{"line":16,"column":41}},"12":{"start":{"line":17,"column":12},"end":{"line":22,"column":13}},"13":{"start":{"line":18,"column":16},"end":{"line":18,"column":52}},"14":{"start":{"line":20,"column":16},"end":{"line":20,"column":63}},"15":{"start":{"line":21,"column":16},"end":{"line":21,"column":33}},"16":{"start":{"line":24,"column":8},"end":{"line":24,"column":15}},"17":{"start":{"line":26,"column":4},"end":{"line":31,"column":6}},"18":{"start":{"line":27,"column":20},"end":{"line":27,"column":24}},"19":{"start":{"line":28,"column":8},"end":{"line":30,"column":11}},"20":{"start":{"line":29,"column":12},"end":{"line":29,"column":46}},"21":{"start":{"line":32,"column":4},"end":{"line":32,"column":28}},"22":{"start":{"line":34,"column":0},"end":{"line":34,"column":44}}},"fnMap":{"0":{"name":"(anonymous_0)","decl":{"start":{"line":4,"column":38},"end":{"line":4,"column":39}},"loc":{"start":{"line":4,"column":50},"end":{"line":33,"column":1}},"line":4},"1":{"name":"SocketMiddleWare","decl":{"start":{"line":5,"column":13},"end":{"line":5,"column":29}},"loc":{"start":{"line":5,"column":38},"end":{"line":9,"column":5}},"line":5},"2":{"name":"(anonymous_2)","decl":{"start":{"line":10,"column":37},"end":{"line":10,"column":38}},"loc":{"start":{"line":10,"column":59},"end":{"line":12,"column":5}},"line":10},"3":{"name":"(anonymous_3)","decl":{"start":{"line":13,"column":42},"end":{"line":13,"column":43}},"loc":{"start":{"line":13,"column":71},"end":{"line":25,"column":5}},"line":13},"4":{"name":"(anonymous_4)","decl":{"start":{"line":15,"column":19},"end":{"line":15,"column":20}},"loc":{"start":{"line":15,"column":31},"end":{"line":23,"column":9}},"line":15},"5":{"name":"(anonymous_5)","decl":{"start":{"line":26,"column":49},"end":{"line":26,"column":50}},"loc":{"start":{"line":26,"column":61},"end":{"line":31,"column":5}},"line":26},"6":{"name":"(anonymous_6)","decl":{"start":{"line":28,"column":35},"end":{"line":28,"column":36}},"loc":{"start":{"line":28,"column":64},"end":{"line":30,"column":9}},"line":28}},"branchMap":{"0":{"loc":{"start":{"line":17,"column":12},"end":{"line":22,"column":13}},"type":"if","locations":[{"start":{"line":17,"column":12},"end":{"line":22,"column":13}},{"start":{"line":19,"column":17},"end":{"line":22,"column":13}}],"line":17}},"s":{"0":2,"1":2,"2":2,"3":19,"4":19,"5":19,"6":2,"7":15,"8":2,"9":21,"10":21,"11":22,"12":22,"13":21,"14":1,"15":1,"16":21,"17":2,"18":19,"19":19,"20":21,"21":2,"22":2},"f":{"0":2,"1":19,"2":15,"3":21,"4":22,"5":19,"6":21},"b":{"0":[21,1]},"_coverageSchema":"1a1c01bbd47fc00a2c39e90264f33305004495a9","hash":"8f69db73d5314b679d909b59888096ca0598d345"}
,"/Users/royossai/WebstormProjects/pondSocket/server/http/helpers/parser/cssGenerator.js": {"path":"/Users/royossai/WebstormProjects/pondSocket/server/http/helpers/parser/cssGenerator.js","statementMap":{"0":{"start":{"line":2,"column":27},"end":{"line":5,"column":1}},"1":{"start":{"line":3,"column":4},"end":{"line":3,"column":115}},"2":{"start":{"line":3,"column":33},"end":{"line":3,"column":86}},"3":{"start":{"line":3,"column":96},"end":{"line":3,"column":113}},"4":{"start":{"line":4,"column":4},"end":{"line":4,"column":18}},"5":{"start":{"line":6,"column":15},"end":{"line":16,"column":1}},"6":{"start":{"line":7,"column":12},"end":{"line":7,"column":59}},"7":{"start":{"line":7,"column":65},"end":{"line":7,"column":74}},"8":{"start":{"line":7,"column":80},"end":{"line":7,"column":81}},"9":{"start":{"line":8,"column":4},"end":{"line":8,"column":28}},"10":{"start":{"line":8,"column":11},"end":{"line":8,"column":28}},"11":{"start":{"line":9,"column":4},"end":{"line":14,"column":6}},"12":{"start":{"line":9,"column":43},"end":{"line":14,"column":6}},"13":{"start":{"line":11,"column":12},"end":{"line":11,"column":47}},"14":{"start":{"line":11,"column":36},"end":{"line":11,"column":47}},"15":{"start":{"line":12,"column":12},"end":{"line":12,"column":52}},"16":{"start":{"line":15,"column":4},"end":{"line":15,"column":91}},"17":{"start":{"line":17,"column":13},"end":{"line":32,"column":1}},"18":{"start":{"line":18,"column":12},"end":{"line":18,"column":62}},"19":{"start":{"line":19,"column":4},"end":{"line":19,"column":21}},"20":{"start":{"line":19,"column":12},"end":{"line":19,"column":21}},"21":{"start":{"line":20,"column":12},"end":{"line":20,"column":21}},"22":{"start":{"line":20,"column":31},"end":{"line":20,"column":33}},"23":{"start":{"line":21,"column":4},"end":{"line":30,"column":5}},"24":{"start":{"line":22,"column":8},"end":{"line":22,"column":83}},"25":{"start":{"line":22,"column":66},"end":{"line":22,"column":83}},"26":{"start":{"line":24,"column":20},"end":{"line":24,"column":41}},"27":{"start":{"line":26,"column":8},"end":{"line":29,"column":41}},"28":{"start":{"line":27,"column":12},"end":{"line":27,"column":61}},"29":{"start":{"line":27,"column":51},"end":{"line":27,"column":61}},"30":{"start":{"line":29,"column":18},"end":{"line":29,"column":39}},"31":{"start":{"line":29,"column":25},"end":{"line":29,"column":39}},"32":{"start":{"line":31,"column":4},"end":{"line":31,"column":14}},"33":{"start":{"line":33,"column":20},"end":{"line":41,"column":1}},"34":{"start":{"line":34,"column":4},"end":{"line":39,"column":5}},"35":{"start":{"line":34,"column":40},"end":{"line":39,"column":5}},"36":{"start":{"line":34,"column":53},"end":{"line":34,"column":54}},"37":{"start":{"line":34,"column":60},"end":{"line":34,"column":71}},"38":{"start":{"line":35,"column":8},"end":{"line":38,"column":9}},"39":{"start":{"line":36,"column":12},"end":{"line":36,"column":65}},"40":{"start":{"line":36,"column":21},"end":{"line":36,"column":65}},"41":{"start":{"line":37,"column":12},"end":{"line":37,"column":28}},"42":{"start":{"line":40,"column":4},"end":{"line":40,"column":61}},"43":{"start":{"line":42,"column":0},"end":{"line":42,"column":62}},"44":{"start":{"line":43,"column":0},"end":{"line":43,"column":30}},"45":{"start":{"line":44,"column":15},"end":{"line":44,"column":34}},"46":{"start":{"line":45,"column":19},"end":{"line":86,"column":1}},"47":{"start":{"line":46,"column":19},"end":{"line":48,"column":5}},"48":{"start":{"line":47,"column":8},"end":{"line":47,"column":55}},"49":{"start":{"line":49,"column":21},"end":{"line":71,"column":5}},"50":{"start":{"line":51,"column":22},"end":{"line":51,"column":31}},"51":{"start":{"line":52,"column":8},"end":{"line":55,"column":11}},"52":{"start":{"line":53,"column":12},"end":{"line":53,"column":35}},"53":{"start":{"line":54,"column":12},"end":{"line":54,"column":22}},"54":{"start":{"line":56,"column":21},"end":{"line":56,"column":23}},"55":{"start":{"line":57,"column":8},"end":{"line":69,"column":9}},"56":{"start":{"line":58,"column":12},"end":{"line":61,"column":13}},"57":{"start":{"line":58,"column":33},"end":{"line":58,"column":50}},"58":{"start":{"line":58,"column":66},"end":{"line":58,"column":82}},"59":{"start":{"line":59,"column":32},"end":{"line":59,"column":49}},"60":{"start":{"line":60,"column":16},"end":{"line":60,"column":57}},"61":{"start":{"line":63,"column":24},"end":{"line":63,"column":47}},"62":{"start":{"line":65,"column":12},"end":{"line":68,"column":49}},"63":{"start":{"line":66,"column":16},"end":{"line":66,"column":100}},"64":{"start":{"line":66,"column":81},"end":{"line":66,"column":100}},"65":{"start":{"line":68,"column":22},"end":{"line":68,"column":47}},"66":{"start":{"line":68,"column":31},"end":{"line":68,"column":47}},"67":{"start":{"line":70,"column":8},"end":{"line":70,"column":22}},"68":{"start":{"line":73,"column":23},"end":{"line":73,"column":25}},"69":{"start":{"line":74,"column":8},"end":{"line":76,"column":9}},"70":{"start":{"line":74,"column":22},"end":{"line":74,"column":23}},"71":{"start":{"line":75,"column":12},"end":{"line":75,"column":45}},"72":{"start":{"line":77,"column":21},"end":{"line":77,"column":110}},"73":{"start":{"line":78,"column":25},"end":{"line":78,"column":78}},"74":{"start":{"line":78,"column":54},"end":{"line":78,"column":75}},"75":{"start":{"line":79,"column":19},"end":{"line":79,"column":201}},"76":{"start":{"line":80,"column":8},"end":{"line":83,"column":10}},"77":{"start":{"line":85,"column":4},"end":{"line":85,"column":15}},"78":{"start":{"line":87,"column":0},"end":{"line":87,"column":36}}},"fnMap":{"0":{"name":"(anonymous_0)","decl":{"start":{"line":2,"column":66},"end":{"line":2,"column":67}},"loc":{"start":{"line":2,"column":89},"end":{"line":5,"column":1}},"line":2},"1":{"name":"(anonymous_1)","decl":{"start":{"line":6,"column":42},"end":{"line":6,"column":43}},"loc":{"start":{"line":6,"column":54},"end":{"line":16,"column":1}},"line":6},"2":{"name":"(anonymous_2)","decl":{"start":{"line":10,"column":14},"end":{"line":10,"column":15}},"loc":{"start":{"line":10,"column":26},"end":{"line":13,"column":9}},"line":10},"3":{"name":"(anonymous_3)","decl":{"start":{"line":17,"column":38},"end":{"line":17,"column":39}},"loc":{"start":{"line":17,"column":54},"end":{"line":32,"column":1}},"line":17},"4":{"name":"(anonymous_4)","decl":{"start":{"line":33,"column":52},"end":{"line":33,"column":53}},"loc":{"start":{"line":33,"column":78},"end":{"line":41,"column":1}},"line":33},"5":{"name":"(anonymous_5)","decl":{"start":{"line":45,"column":19},"end":{"line":45,"column":20}},"loc":{"start":{"line":45,"column":33},"end":{"line":86,"column":1}},"line":45},"6":{"name":"(anonymous_6)","decl":{"start":{"line":46,"column":19},"end":{"line":46,"column":20}},"loc":{"start":{"line":46,"column":34},"end":{"line":48,"column":5}},"line":46},"7":{"name":"(anonymous_7)","decl":{"start":{"line":49,"column":21},"end":{"line":49,"column":22}},"loc":{"start":{"line":49,"column":36},"end":{"line":71,"column":5}},"line":49},"8":{"name":"(anonymous_8)","decl":{"start":{"line":52,"column":43},"end":{"line":52,"column":44}},"loc":{"start":{"line":52,"column":67},"end":{"line":55,"column":9}},"line":52},"9":{"name":"css","decl":{"start":{"line":72,"column":13},"end":{"line":72,"column":16}},"loc":{"start":{"line":72,"column":26},"end":{"line":84,"column":5}},"line":72},"10":{"name":"(anonymous_10)","decl":{"start":{"line":78,"column":37},"end":{"line":78,"column":38}},"loc":{"start":{"line":78,"column":52},"end":{"line":78,"column":77}},"line":78}},"branchMap":{"0":{"loc":{"start":{"line":2,"column":27},"end":{"line":5,"column":1}},"type":"binary-expr","locations":[{"start":{"line":2,"column":28},"end":{"line":2,"column":32}},{"start":{"line":2,"column":36},"end":{"line":2,"column":61}},{"start":{"line":2,"column":66},"end":{"line":5,"column":1}}],"line":2},"1":{"loc":{"start":{"line":3,"column":4},"end":{"line":3,"column":115}},"type":"if","locations":[{"start":{"line":3,"column":4},"end":{"line":3,"column":115}},{"start":{"line":3,"column":94},"end":{"line":3,"column":115}}],"line":3},"2":{"loc":{"start":{"line":6,"column":15},"end":{"line":16,"column":1}},"type":"binary-expr","locations":[{"start":{"line":6,"column":16},"end":{"line":6,"column":20}},{"start":{"line":6,"column":24},"end":{"line":6,"column":37}},{"start":{"line":6,"column":42},"end":{"line":16,"column":1}}],"line":6},"3":{"loc":{"start":{"line":7,"column":12},"end":{"line":7,"column":59}},"type":"binary-expr","locations":[{"start":{"line":7,"column":12},"end":{"line":7,"column":40}},{"start":{"line":7,"column":44},"end":{"line":7,"column":59}}],"line":7},"4":{"loc":{"start":{"line":7,"column":65},"end":{"line":7,"column":74}},"type":"binary-expr","locations":[{"start":{"line":7,"column":65},"end":{"line":7,"column":66}},{"start":{"line":7,"column":70},"end":{"line":7,"column":74}}],"line":7},"5":{"loc":{"start":{"line":8,"column":4},"end":{"line":8,"column":28}},"type":"if","locations":[{"start":{"line":8,"column":4},"end":{"line":8,"column":28}},{"start":{},"end":{}}],"line":8},"6":{"loc":{"start":{"line":9,"column":4},"end":{"line":14,"column":6}},"type":"if","locations":[{"start":{"line":9,"column":4},"end":{"line":14,"column":6}},{"start":{},"end":{}}],"line":9},"7":{"loc":{"start":{"line":9,"column":8},"end":{"line":9,"column":41}},"type":"binary-expr","locations":[{"start":{"line":9,"column":8},"end":{"line":9,"column":9}},{"start":{"line":9,"column":13},"end":{"line":9,"column":41}}],"line":9},"8":{"loc":{"start":{"line":11,"column":12},"end":{"line":11,"column":47}},"type":"if","locations":[{"start":{"line":11,"column":12},"end":{"line":11,"column":47}},{"start":{},"end":{}}],"line":11},"9":{"loc":{"start":{"line":11,"column":16},"end":{"line":11,"column":34}},"type":"binary-expr","locations":[{"start":{"line":11,"column":16},"end":{"line":11,"column":17}},{"start":{"line":11,"column":21},"end":{"line":11,"column":34}}],"line":11},"10":{"loc":{"start":{"line":12,"column":28},"end":{"line":12,"column":39}},"type":"binary-expr","locations":[{"start":{"line":12,"column":28},"end":{"line":12,"column":29}},{"start":{"line":12,"column":33},"end":{"line":12,"column":39}}],"line":12},"11":{"loc":{"start":{"line":15,"column":24},"end":{"line":15,"column":89}},"type":"cond-expr","locations":[{"start":{"line":15,"column":28},"end":{"line":15,"column":53}},{"start":{"line":15,"column":56},"end":{"line":15,"column":89}}],"line":15},"12":{"loc":{"start":{"line":17,"column":13},"end":{"line":32,"column":1}},"type":"binary-expr","locations":[{"start":{"line":17,"column":14},"end":{"line":17,"column":18}},{"start":{"line":17,"column":22},"end":{"line":17,"column":33}},{"start":{"line":17,"column":38},"end":{"line":32,"column":1}}],"line":17},"13":{"loc":{"start":{"line":18,"column":12},"end":{"line":18,"column":62}},"type":"binary-expr","locations":[{"start":{"line":18,"column":12},"end":{"line":18,"column":40}},{"start":{"line":18,"column":44},"end":{"line":18,"column":62}}],"line":18},"14":{"loc":{"start":{"line":19,"column":4},"end":{"line":19,"column":21}},"type":"if","locations":[{"start":{"line":19,"column":4},"end":{"line":19,"column":21}},{"start":{},"end":{}}],"line":19},"15":{"loc":{"start":{"line":22,"column":15},"end":{"line":22,"column":64}},"type":"binary-expr","locations":[{"start":{"line":22,"column":16},"end":{"line":22,"column":28}},{"start":{"line":22,"column":32},"end":{"line":22,"column":39}},{"start":{"line":22,"column":44},"end":{"line":22,"column":64}}],"line":22},"16":{"loc":{"start":{"line":27,"column":12},"end":{"line":27,"column":61}},"type":"if","locations":[{"start":{"line":27,"column":12},"end":{"line":27,"column":61}},{"start":{},"end":{}}],"line":27},"17":{"loc":{"start":{"line":27,"column":16},"end":{"line":27,"column":49}},"type":"binary-expr","locations":[{"start":{"line":27,"column":16},"end":{"line":27,"column":17}},{"start":{"line":27,"column":21},"end":{"line":27,"column":28}},{"start":{"line":27,"column":33},"end":{"line":27,"column":48}}],"line":27},"18":{"loc":{"start":{"line":29,"column":18},"end":{"line":29,"column":39}},"type":"if","locations":[{"start":{"line":29,"column":18},"end":{"line":29,"column":39}},{"start":{},"end":{}}],"line":29},"19":{"loc":{"start":{"line":33,"column":20},"end":{"line":41,"column":1}},"type":"binary-expr","locations":[{"start":{"line":33,"column":21},"end":{"line":33,"column":25}},{"start":{"line":33,"column":29},"end":{"line":33,"column":47}},{"start":{"line":33,"column":52},"end":{"line":41,"column":1}}],"line":33},"20":{"loc":{"start":{"line":34,"column":4},"end":{"line":39,"column":5}},"type":"if","locations":[{"start":{"line":34,"column":4},"end":{"line":39,"column":5}},{"start":{},"end":{}}],"line":34},"21":{"loc":{"start":{"line":34,"column":8},"end":{"line":34,"column":38}},"type":"binary-expr","locations":[{"start":{"line":34,"column":8},"end":{"line":34,"column":12}},{"start":{"line":34,"column":16},"end":{"line":34,"column":38}}],"line":34},"22":{"loc":{"start":{"line":35,"column":8},"end":{"line":38,"column":9}},"type":"if","locations":[{"start":{"line":35,"column":8},"end":{"line":38,"column":9}},{"start":{},"end":{}}],"line":35},"23":{"loc":{"start":{"line":35,"column":12},"end":{"line":35,"column":30}},"type":"binary-expr","locations":[{"start":{"line":35,"column":12},"end":{"line":35,"column":14}},{"start":{"line":35,"column":18},"end":{"line":35,"column":30}}],"line":35},"24":{"loc":{"start":{"line":36,"column":12},"end":{"line":36,"column":65}},"type":"if","locations":[{"start":{"line":36,"column":12},"end":{"line":36,"column":65}},{"start":{},"end":{}}],"line":36},"25":{"loc":{"start":{"line":40,"column":21},"end":{"line":40,"column":59}},"type":"binary-expr","locations":[{"start":{"line":40,"column":21},"end":{"line":40,"column":23}},{"start":{"line":40,"column":27},"end":{"line":40,"column":59}}],"line":40},"26":{"loc":{"start":{"line":66,"column":16},"end":{"line":66,"column":100}},"type":"if","locations":[{"start":{"line":66,"column":16},"end":{"line":66,"column":100}},{"start":{},"end":{}}],"line":66},"27":{"loc":{"start":{"line":66,"column":20},"end":{"line":66,"column":79}},"type":"binary-expr","locations":[{"start":{"line":66,"column":20},"end":{"line":66,"column":31}},{"start":{"line":66,"column":35},"end":{"line":66,"column":52}},{"start":{"line":66,"column":57},"end":{"line":66,"column":78}}],"line":66},"28":{"loc":{"start":{"line":68,"column":22},"end":{"line":68,"column":47}},"type":"if","locations":[{"start":{"line":68,"column":22},"end":{"line":68,"column":47}},{"start":{},"end":{}}],"line":68},"29":{"loc":{"start":{"line":79,"column":38},"end":{"line":79,"column":149}},"type":"binary-expr","locations":[{"start":{"line":79,"column":38},"end":{"line":79,"column":54}},{"start":{"line":79,"column":59},"end":{"line":79,"column":148}}],"line":79}},"s":{"0":2,"1":1,"2":1,"3":0,"4":1,"5":2,"6":6,"7":6,"8":6,"9":6,"10":6,"11":0,"12":0,"13":0,"14":0,"15":0,"16":0,"17":2,"18":6,"19":6,"20":0,"21":6,"22":6,"23":6,"24":6,"25":0,"26":0,"27":6,"28":6,"29":0,"30":6,"31":0,"32":6,"33":2,"34":6,"35":0,"36":0,"37":0,"38":0,"39":0,"40":0,"41":0,"42":6,"43":2,"44":2,"45":2,"46":2,"47":6,"48":6,"49":6,"50":6,"51":6,"52":12,"53":12,"54":6,"55":6,"56":6,"57":6,"58":6,"59":12,"60":12,"61":0,"62":6,"63":6,"64":0,"65":6,"66":0,"67":6,"68":6,"69":6,"70":6,"71":0,"72":6,"73":6,"74":6,"75":6,"76":6,"77":6,"78":2},"f":{"0":1,"1":6,"2":0,"3":6,"4":6,"5":6,"6":6,"7":6,"8":12,"9":6,"10":6},"b":{"0":[2,2,2],"1":[1,0],"2":[2,2,2],"3":[6,6],"4":[6,6],"5":[6,0],"6":[0,0],"7":[0,0],"8":[0,0],"9":[0,0],"10":[0,0],"11":[0,0],"12":[2,2,2],"13":[6,6],"14":[0,6],"15":[6,0,6],"16":[0,6],"17":[6,6,0],"18":[0,6],"19":[2,2,2],"20":[0,6],"21":[6,6],"22":[0,0],"23":[0,0],"24":[0,0],"25":[6,6],"26":[0,6],"27":[6,6,0],"28":[0,6],"29":[6,1]},"_coverageSchema":"1a1c01bbd47fc00a2c39e90264f33305004495a9","hash":"f52716f52a0d58192a83114d3c4127780c273d29"}
,"/Users/royossai/WebstormProjects/pondSocket/server/http/helpers/parser/deepDiff.js": {"path":"/Users/royossai/WebstormProjects/pondSocket/server/http/helpers/parser/deepDiff.js","statementMap":{"0":{"start":{"line":2,"column":0},"end":{"line":2,"column":62}},"1":{"start":{"line":3,"column":0},"end":{"line":3,"column":32}},"2":{"start":{"line":4,"column":21},"end":{"line":72,"column":1}},"3":{"start":{"line":5,"column":21},"end":{"line":7,"column":5}},"4":{"start":{"line":6,"column":8},"end":{"line":6,"column":73}},"5":{"start":{"line":8,"column":18},"end":{"line":10,"column":5}},"6":{"start":{"line":9,"column":8},"end":{"line":9,"column":70}},"7":{"start":{"line":11,"column":17},"end":{"line":13,"column":5}},"8":{"start":{"line":12,"column":8},"end":{"line":12,"column":69}},"9":{"start":{"line":14,"column":19},"end":{"line":16,"column":5}},"10":{"start":{"line":15,"column":8},"end":{"line":15,"column":71}},"11":{"start":{"line":17,"column":18},"end":{"line":19,"column":5}},"12":{"start":{"line":18,"column":8},"end":{"line":18,"column":43}},"13":{"start":{"line":20,"column":24},"end":{"line":34,"column":5}},"14":{"start":{"line":21,"column":8},"end":{"line":23,"column":9}},"15":{"start":{"line":22,"column":12},"end":{"line":22,"column":31}},"16":{"start":{"line":24,"column":8},"end":{"line":26,"column":9}},"17":{"start":{"line":25,"column":12},"end":{"line":25,"column":31}},"18":{"start":{"line":27,"column":8},"end":{"line":29,"column":9}},"19":{"start":{"line":28,"column":12},"end":{"line":28,"column":29}},"20":{"start":{"line":30,"column":8},"end":{"line":32,"column":9}},"21":{"start":{"line":31,"column":12},"end":{"line":31,"column":29}},"22":{"start":{"line":33,"column":8},"end":{"line":33,"column":25}},"23":{"start":{"line":35,"column":14},"end":{"line":70,"column":5}},"24":{"start":{"line":36,"column":8},"end":{"line":38,"column":9}},"25":{"start":{"line":37,"column":12},"end":{"line":37,"column":71}},"26":{"start":{"line":39,"column":8},"end":{"line":51,"column":9}},"27":{"start":{"line":40,"column":26},"end":{"line":40,"column":51}},"28":{"start":{"line":41,"column":12},"end":{"line":46,"column":13}},"29":{"start":{"line":42,"column":16},"end":{"line":45,"column":18}},"30":{"start":{"line":47,"column":12},"end":{"line":50,"column":14}},"31":{"start":{"line":52,"column":19},"end":{"line":52,"column":21}},"32":{"start":{"line":53,"column":8},"end":{"line":62,"column":9}},"33":{"start":{"line":54,"column":12},"end":{"line":56,"column":13}},"34":{"start":{"line":55,"column":16},"end":{"line":55,"column":25}},"35":{"start":{"line":57,"column":25},"end":{"line":57,"column":34}},"36":{"start":{"line":58,"column":12},"end":{"line":60,"column":13}},"37":{"start":{"line":59,"column":16},"end":{"line":59,"column":35}},"38":{"start":{"line":61,"column":12},"end":{"line":61,"column":47}},"39":{"start":{"line":63,"column":8},"end":{"line":68,"column":9}},"40":{"start":{"line":64,"column":12},"end":{"line":66,"column":13}},"41":{"start":{"line":65,"column":16},"end":{"line":65,"column":25}},"42":{"start":{"line":67,"column":12},"end":{"line":67,"column":50}},"43":{"start":{"line":69,"column":8},"end":{"line":69,"column":20}},"44":{"start":{"line":71,"column":4},"end":{"line":71,"column":27}},"45":{"start":{"line":73,"column":0},"end":{"line":73,"column":40}}},"fnMap":{"0":{"name":"(anonymous_0)","decl":{"start":{"line":4,"column":21},"end":{"line":4,"column":22}},"loc":{"start":{"line":4,"column":43},"end":{"line":72,"column":1}},"line":4},"1":{"name":"(anonymous_1)","decl":{"start":{"line":5,"column":21},"end":{"line":5,"column":22}},"loc":{"start":{"line":5,"column":34},"end":{"line":7,"column":5}},"line":5},"2":{"name":"(anonymous_2)","decl":{"start":{"line":8,"column":18},"end":{"line":8,"column":19}},"loc":{"start":{"line":8,"column":31},"end":{"line":10,"column":5}},"line":8},"3":{"name":"(anonymous_3)","decl":{"start":{"line":11,"column":17},"end":{"line":11,"column":18}},"loc":{"start":{"line":11,"column":30},"end":{"line":13,"column":5}},"line":11},"4":{"name":"(anonymous_4)","decl":{"start":{"line":14,"column":19},"end":{"line":14,"column":20}},"loc":{"start":{"line":14,"column":32},"end":{"line":16,"column":5}},"line":14},"5":{"name":"(anonymous_5)","decl":{"start":{"line":17,"column":18},"end":{"line":17,"column":19}},"loc":{"start":{"line":17,"column":31},"end":{"line":19,"column":5}},"line":17},"6":{"name":"(anonymous_6)","decl":{"start":{"line":20,"column":24},"end":{"line":20,"column":25}},"loc":{"start":{"line":20,"column":50},"end":{"line":34,"column":5}},"line":20},"7":{"name":"(anonymous_7)","decl":{"start":{"line":35,"column":14},"end":{"line":35,"column":15}},"loc":{"start":{"line":35,"column":36},"end":{"line":70,"column":5}},"line":35}},"branchMap":{"0":{"loc":{"start":{"line":18,"column":15},"end":{"line":18,"column":42}},"type":"binary-expr","locations":[{"start":{"line":18,"column":15},"end":{"line":18,"column":27}},{"start":{"line":18,"column":31},"end":{"line":18,"column":42}}],"line":18},"1":{"loc":{"start":{"line":21,"column":8},"end":{"line":23,"column":9}},"type":"if","locations":[{"start":{"line":21,"column":8},"end":{"line":23,"column":9}},{"start":{},"end":{}}],"line":21},"2":{"loc":{"start":{"line":24,"column":8},"end":{"line":26,"column":9}},"type":"if","locations":[{"start":{"line":24,"column":8},"end":{"line":26,"column":9}},{"start":{},"end":{}}],"line":24},"3":{"loc":{"start":{"line":24,"column":12},"end":{"line":24,"column":85}},"type":"binary-expr","locations":[{"start":{"line":24,"column":12},"end":{"line":24,"column":26}},{"start":{"line":24,"column":30},"end":{"line":24,"column":44}},{"start":{"line":24,"column":48},"end":{"line":24,"column":85}}],"line":24},"4":{"loc":{"start":{"line":27,"column":8},"end":{"line":29,"column":9}},"type":"if","locations":[{"start":{"line":27,"column":8},"end":{"line":29,"column":9}},{"start":{},"end":{}}],"line":27},"5":{"loc":{"start":{"line":30,"column":8},"end":{"line":32,"column":9}},"type":"if","locations":[{"start":{"line":30,"column":8},"end":{"line":32,"column":9}},{"start":{},"end":{}}],"line":30},"6":{"loc":{"start":{"line":36,"column":8},"end":{"line":38,"column":9}},"type":"if","locations":[{"start":{"line":36,"column":8},"end":{"line":38,"column":9}},{"start":{},"end":{}}],"line":36},"7":{"loc":{"start":{"line":36,"column":12},"end":{"line":36,"column":48}},"type":"binary-expr","locations":[{"start":{"line":36,"column":12},"end":{"line":36,"column":28}},{"start":{"line":36,"column":32},"end":{"line":36,"column":48}}],"line":36},"8":{"loc":{"start":{"line":39,"column":8},"end":{"line":51,"column":9}},"type":"if","locations":[{"start":{"line":39,"column":8},"end":{"line":51,"column":9}},{"start":{},"end":{}}],"line":39},"9":{"loc":{"start":{"line":39,"column":12},"end":{"line":39,"column":42}},"type":"binary-expr","locations":[{"start":{"line":39,"column":12},"end":{"line":39,"column":25}},{"start":{"line":39,"column":29},"end":{"line":39,"column":42}}],"line":39},"10":{"loc":{"start":{"line":41,"column":12},"end":{"line":46,"column":13}},"type":"if","locations":[{"start":{"line":41,"column":12},"end":{"line":46,"column":13}},{"start":{},"end":{}}],"line":41},"11":{"loc":{"start":{"line":49,"column":22},"end":{"line":49,"column":54}},"type":"cond-expr","locations":[{"start":{"line":49,"column":43},"end":{"line":49,"column":47}},{"start":{"line":49,"column":50},"end":{"line":49,"column":54}}],"line":49},"12":{"loc":{"start":{"line":54,"column":12},"end":{"line":56,"column":13}},"type":"if","locations":[{"start":{"line":54,"column":12},"end":{"line":56,"column":13}},{"start":{},"end":{}}],"line":54},"13":{"loc":{"start":{"line":58,"column":12},"end":{"line":60,"column":13}},"type":"if","locations":[{"start":{"line":58,"column":12},"end":{"line":60,"column":13}},{"start":{},"end":{}}],"line":58},"14":{"loc":{"start":{"line":64,"column":12},"end":{"line":66,"column":13}},"type":"if","locations":[{"start":{"line":64,"column":12},"end":{"line":66,"column":13}},{"start":{},"end":{}}],"line":64},"15":{"loc":{"start":{"line":64,"column":16},"end":{"line":64,"column":64}},"type":"binary-expr","locations":[{"start":{"line":64,"column":16},"end":{"line":64,"column":37}},{"start":{"line":64,"column":41},"end":{"line":64,"column":64}}],"line":64}},"s":{"0":4,"1":4,"2":4,"3":14,"4":331,"5":14,"6":80,"7":14,"8":16,"9":14,"10":114,"11":14,"12":114,"13":14,"14":62,"15":48,"16":14,"17":1,"18":13,"19":2,"20":11,"21":3,"22":8,"23":14,"24":91,"25":3,"26":88,"27":62,"28":62,"29":8,"30":54,"31":26,"32":26,"33":77,"34":1,"35":76,"36":76,"37":73,"38":76,"39":26,"40":74,"41":73,"42":1,"43":26,"44":14,"45":4},"f":{"0":14,"1":331,"2":80,"3":16,"4":114,"5":114,"6":62,"7":91},"b":{"0":[114,80],"1":[48,14],"2":[1,13],"3":[14,2,2],"4":[2,11],"5":[3,8],"6":[3,88],"7":[91,89],"8":[62,26],"9":[88,26],"10":[8,54],"11":[2,52],"12":[1,76],"13":[73,3],"14":[73,1],"15":[74,74]},"_coverageSchema":"1a1c01bbd47fc00a2c39e90264f33305004495a9","hash":"3ceb4a5f585a514866f39c880f077cf16ec61ac7"}
,"/Users/royossai/WebstormProjects/pondSocket/server/http/helpers/parser/getChanged.js": {"path":"/Users/royossai/WebstormProjects/pondSocket/server/http/helpers/parser/getChanged.js","statementMap":{"0":{"start":{"line":2,"column":0},"end":{"line":2,"column":62}},"1":{"start":{"line":3,"column":0},"end":{"line":3,"column":51}},"2":{"start":{"line":4,"column":17},"end":{"line":16,"column":1}},"3":{"start":{"line":5,"column":18},"end":{"line":5,"column":20}},"4":{"start":{"line":6,"column":4},"end":{"line":14,"column":5}},"5":{"start":{"line":7,"column":8},"end":{"line":13,"column":9}},"6":{"start":{"line":8,"column":12},"end":{"line":8,"column":50}},"7":{"start":{"line":9,"column":13},"end":{"line":13,"column":9}},"8":{"start":{"line":10,"column":23},"end":{"line":10,"column":65}},"9":{"start":{"line":11,"column":12},"end":{"line":12,"column":36}},"10":{"start":{"line":12,"column":16},"end":{"line":12,"column":36}},"11":{"start":{"line":15,"column":4},"end":{"line":15,"column":19}},"12":{"start":{"line":17,"column":0},"end":{"line":17,"column":32}},"13":{"start":{"line":19,"column":19},"end":{"line":31,"column":1}},"14":{"start":{"line":20,"column":4},"end":{"line":21,"column":20}},"15":{"start":{"line":21,"column":8},"end":{"line":21,"column":20}},"16":{"start":{"line":22,"column":4},"end":{"line":23,"column":20}},"17":{"start":{"line":23,"column":8},"end":{"line":23,"column":20}},"18":{"start":{"line":24,"column":4},"end":{"line":29,"column":5}},"19":{"start":{"line":25,"column":8},"end":{"line":28,"column":34}},"20":{"start":{"line":26,"column":12},"end":{"line":26,"column":72}},"21":{"start":{"line":28,"column":12},"end":{"line":28,"column":34}},"22":{"start":{"line":30,"column":4},"end":{"line":30,"column":16}},"23":{"start":{"line":32,"column":0},"end":{"line":32,"column":36}}},"fnMap":{"0":{"name":"(anonymous_0)","decl":{"start":{"line":4,"column":17},"end":{"line":4,"column":18}},"loc":{"start":{"line":4,"column":41},"end":{"line":16,"column":1}},"line":4},"1":{"name":"(anonymous_1)","decl":{"start":{"line":19,"column":19},"end":{"line":19,"column":20}},"loc":{"start":{"line":19,"column":41},"end":{"line":31,"column":1}},"line":19}},"branchMap":{"0":{"loc":{"start":{"line":7,"column":8},"end":{"line":13,"column":9}},"type":"if","locations":[{"start":{"line":7,"column":8},"end":{"line":13,"column":9}},{"start":{"line":9,"column":13},"end":{"line":13,"column":9}}],"line":7},"1":{"loc":{"start":{"line":7,"column":12},"end":{"line":7,"column":88}},"type":"binary-expr","locations":[{"start":{"line":7,"column":12},"end":{"line":7,"column":48}},{"start":{"line":7,"column":52},"end":{"line":7,"column":88}}],"line":7},"2":{"loc":{"start":{"line":9,"column":13},"end":{"line":13,"column":9}},"type":"if","locations":[{"start":{"line":9,"column":13},"end":{"line":13,"column":9}},{"start":{},"end":{}}],"line":9},"3":{"loc":{"start":{"line":11,"column":12},"end":{"line":12,"column":36}},"type":"if","locations":[{"start":{"line":11,"column":12},"end":{"line":12,"column":36}},{"start":{},"end":{}}],"line":11},"4":{"loc":{"start":{"line":11,"column":16},"end":{"line":11,"column":52}},"type":"binary-expr","locations":[{"start":{"line":11,"column":16},"end":{"line":11,"column":20}},{"start":{"line":11,"column":24},"end":{"line":11,"column":52}}],"line":11},"5":{"loc":{"start":{"line":20,"column":4},"end":{"line":21,"column":20}},"type":"if","locations":[{"start":{"line":20,"column":4},"end":{"line":21,"column":20}},{"start":{},"end":{}}],"line":20},"6":{"loc":{"start":{"line":22,"column":4},"end":{"line":23,"column":20}},"type":"if","locations":[{"start":{"line":22,"column":4},"end":{"line":23,"column":20}},{"start":{},"end":{}}],"line":22},"7":{"loc":{"start":{"line":25,"column":8},"end":{"line":28,"column":34}},"type":"if","locations":[{"start":{"line":25,"column":8},"end":{"line":28,"column":34}},{"start":{"line":28,"column":12},"end":{"line":28,"column":34}}],"line":25}},"s":{"0":4,"1":4,"2":4,"3":66,"4":66,"5":155,"6":10,"7":145,"8":59,"9":59,"10":7,"11":66,"12":4,"13":4,"14":5,"15":1,"16":4,"17":1,"18":3,"19":6,"20":1,"21":5,"22":3,"23":4},"f":{"0":66,"1":5},"b":{"0":[10,145],"1":[155,153],"2":[59,86],"3":[7,52],"4":[59,59],"5":[1,4],"6":[1,3],"7":[1,5]},"_coverageSchema":"1a1c01bbd47fc00a2c39e90264f33305004495a9","hash":"0043e32edc2dff9b3943cd7f04c53ff75958caec"}
,"/Users/royossai/WebstormProjects/pondSocket/server/http/helpers/parser/parser.js": {"path":"/Users/royossai/WebstormProjects/pondSocket/server/http/helpers/parser/parser.js","statementMap":{"0":{"start":{"line":2,"column":13},"end":{"line":17,"column":1}},"1":{"start":{"line":3,"column":12},"end":{"line":3,"column":62}},"2":{"start":{"line":4,"column":4},"end":{"line":4,"column":21}},"3":{"start":{"line":4,"column":12},"end":{"line":4,"column":21}},"4":{"start":{"line":5,"column":12},"end":{"line":5,"column":21}},"5":{"start":{"line":5,"column":31},"end":{"line":5,"column":33}},"6":{"start":{"line":6,"column":4},"end":{"line":15,"column":5}},"7":{"start":{"line":7,"column":8},"end":{"line":7,"column":83}},"8":{"start":{"line":7,"column":66},"end":{"line":7,"column":83}},"9":{"start":{"line":9,"column":20},"end":{"line":9,"column":41}},"10":{"start":{"line":11,"column":8},"end":{"line":14,"column":41}},"11":{"start":{"line":12,"column":12},"end":{"line":12,"column":61}},"12":{"start":{"line":12,"column":51},"end":{"line":12,"column":61}},"13":{"start":{"line":14,"column":18},"end":{"line":14,"column":39}},"14":{"start":{"line":14,"column":25},"end":{"line":14,"column":39}},"15":{"start":{"line":16,"column":4},"end":{"line":16,"column":14}},"16":{"start":{"line":18,"column":20},"end":{"line":26,"column":1}},"17":{"start":{"line":19,"column":4},"end":{"line":24,"column":5}},"18":{"start":{"line":19,"column":40},"end":{"line":24,"column":5}},"19":{"start":{"line":19,"column":53},"end":{"line":19,"column":54}},"20":{"start":{"line":19,"column":60},"end":{"line":19,"column":71}},"21":{"start":{"line":20,"column":8},"end":{"line":23,"column":9}},"22":{"start":{"line":21,"column":12},"end":{"line":21,"column":65}},"23":{"start":{"line":21,"column":21},"end":{"line":21,"column":65}},"24":{"start":{"line":22,"column":12},"end":{"line":22,"column":28}},"25":{"start":{"line":25,"column":4},"end":{"line":25,"column":61}},"26":{"start":{"line":27,"column":0},"end":{"line":27,"column":62}},"27":{"start":{"line":28,"column":0},"end":{"line":28,"column":77}},"28":{"start":{"line":30,"column":17},"end":{"line":30,"column":38}},"29":{"start":{"line":31,"column":19},"end":{"line":31,"column":42}},"30":{"start":{"line":32,"column":20},"end":{"line":32,"column":57}},"31":{"start":{"line":33,"column":15},"end":{"line":35,"column":1}},"32":{"start":{"line":36,"column":16},"end":{"line":36,"column":64}},"33":{"start":{"line":38,"column":4},"end":{"line":40,"column":5}},"34":{"start":{"line":39,"column":8},"end":{"line":39,"column":24}},"35":{"start":{"line":41,"column":4},"end":{"line":43,"column":5}},"36":{"start":{"line":42,"column":8},"end":{"line":42,"column":44}},"37":{"start":{"line":44,"column":4},"end":{"line":44,"column":142}},"38":{"start":{"line":46,"column":0},"end":{"line":46,"column":20}},"39":{"start":{"line":48,"column":4},"end":{"line":48,"column":51}},"40":{"start":{"line":50,"column":0},"end":{"line":50,"column":20}},"41":{"start":{"line":52,"column":4},"end":{"line":54,"column":5}},"42":{"start":{"line":53,"column":8},"end":{"line":53,"column":33}},"43":{"start":{"line":55,"column":4},"end":{"line":57,"column":5}},"44":{"start":{"line":56,"column":8},"end":{"line":56,"column":43}},"45":{"start":{"line":58,"column":4},"end":{"line":58,"column":89}},"46":{"start":{"line":58,"column":63},"end":{"line":58,"column":85}},"47":{"start":{"line":60,"column":36},"end":{"line":111,"column":3}},"48":{"start":{"line":62,"column":8},"end":{"line":62,"column":31}},"49":{"start":{"line":63,"column":8},"end":{"line":63,"column":33}},"50":{"start":{"line":65,"column":4},"end":{"line":71,"column":6}},"51":{"start":{"line":66,"column":21},"end":{"line":66,"column":36}},"52":{"start":{"line":67,"column":8},"end":{"line":69,"column":9}},"53":{"start":{"line":67,"column":21},"end":{"line":67,"column":22}},"54":{"start":{"line":68,"column":12},"end":{"line":68,"column":73}},"55":{"start":{"line":70,"column":8},"end":{"line":70,"column":22}},"56":{"start":{"line":72,"column":4},"end":{"line":87,"column":6}},"57":{"start":{"line":73,"column":21},"end":{"line":75,"column":9}},"58":{"start":{"line":76,"column":8},"end":{"line":85,"column":13}},"59":{"start":{"line":76,"column":21},"end":{"line":76,"column":22}},"60":{"start":{"line":77,"column":12},"end":{"line":85,"column":13}},"61":{"start":{"line":78,"column":16},"end":{"line":78,"column":56}},"62":{"start":{"line":79,"column":17},"end":{"line":85,"column":13}},"63":{"start":{"line":80,"column":16},"end":{"line":80,"column":66}},"64":{"start":{"line":82,"column":16},"end":{"line":83,"column":96}},"65":{"start":{"line":83,"column":20},"end":{"line":83,"column":96}},"66":{"start":{"line":84,"column":16},"end":{"line":84,"column":45}},"67":{"start":{"line":86,"column":8},"end":{"line":86,"column":22}},"68":{"start":{"line":88,"column":4},"end":{"line":103,"column":6}},"69":{"start":{"line":89,"column":19},"end":{"line":89,"column":25}},"70":{"start":{"line":90,"column":21},"end":{"line":90,"column":23}},"71":{"start":{"line":91,"column":8},"end":{"line":92,"column":45}},"72":{"start":{"line":92,"column":12},"end":{"line":92,"column":45}},"73":{"start":{"line":93,"column":8},"end":{"line":101,"column":9}},"74":{"start":{"line":94,"column":12},"end":{"line":94,"column":31}},"75":{"start":{"line":95,"column":12},"end":{"line":100,"column":13}},"76":{"start":{"line":95,"column":25},"end":{"line":95,"column":26}},"77":{"start":{"line":96,"column":16},"end":{"line":99,"column":68}},"78":{"start":{"line":97,"column":20},"end":{"line":97,"column":81}},"79":{"start":{"line":99,"column":20},"end":{"line":99,"column":68}},"80":{"start":{"line":102,"column":8},"end":{"line":102,"column":22}},"81":{"start":{"line":104,"column":4},"end":{"line":109,"column":6}},"82":{"start":{"line":105,"column":24},"end":{"line":105,"column":41}},"83":{"start":{"line":106,"column":24},"end":{"line":106,"column":39}},"84":{"start":{"line":107,"column":21},"end":{"line":107,"column":73}},"85":{"start":{"line":108,"column":8},"end":{"line":108,"column":52}},"86":{"start":{"line":110,"column":4},"end":{"line":110,"column":26}},"87":{"start":{"line":112,"column":0},"end":{"line":112,"column":40}},"88":{"start":{"line":114,"column":19},"end":{"line":114,"column":21}},"89":{"start":{"line":115,"column":4},"end":{"line":117,"column":5}},"90":{"start":{"line":115,"column":18},"end":{"line":115,"column":19}},"91":{"start":{"line":116,"column":8},"end":{"line":116,"column":41}},"92":{"start":{"line":118,"column":4},"end":{"line":118,"column":49}},"93":{"start":{"line":120,"column":0},"end":{"line":120,"column":20}}},"fnMap":{"0":{"name":"(anonymous_0)","decl":{"start":{"line":2,"column":38},"end":{"line":2,"column":39}},"loc":{"start":{"line":2,"column":54},"end":{"line":17,"column":1}},"line":2},"1":{"name":"(anonymous_1)","decl":{"start":{"line":18,"column":52},"end":{"line":18,"column":53}},"loc":{"start":{"line":18,"column":78},"end":{"line":26,"column":1}},"line":18},"2":{"name":"join","decl":{"start":{"line":37,"column":9},"end":{"line":37,"column":13}},"loc":{"start":{"line":37,"column":32},"end":{"line":45,"column":1}},"line":37},"3":{"name":"safe","decl":{"start":{"line":47,"column":9},"end":{"line":47,"column":13}},"loc":{"start":{"line":47,"column":21},"end":{"line":49,"column":1}},"line":47},"4":{"name":"escapeHTML","decl":{"start":{"line":51,"column":9},"end":{"line":51,"column":19}},"loc":{"start":{"line":51,"column":28},"end":{"line":59,"column":1}},"line":51},"5":{"name":"(anonymous_5)","decl":{"start":{"line":58,"column":45},"end":{"line":58,"column":46}},"loc":{"start":{"line":58,"column":61},"end":{"line":58,"column":87}},"line":58},"6":{"name":"(anonymous_6)","decl":{"start":{"line":60,"column":36},"end":{"line":60,"column":37}},"loc":{"start":{"line":60,"column":48},"end":{"line":111,"column":1}},"line":60},"7":{"name":"HtmlSafeString","decl":{"start":{"line":61,"column":13},"end":{"line":61,"column":27}},"loc":{"start":{"line":61,"column":47},"end":{"line":64,"column":5}},"line":61},"8":{"name":"(anonymous_8)","decl":{"start":{"line":65,"column":40},"end":{"line":65,"column":41}},"loc":{"start":{"line":65,"column":52},"end":{"line":71,"column":5}},"line":65},"9":{"name":"(anonymous_9)","decl":{"start":{"line":72,"column":40},"end":{"line":72,"column":41}},"loc":{"start":{"line":72,"column":52},"end":{"line":87,"column":5}},"line":72},"10":{"name":"(anonymous_10)","decl":{"start":{"line":88,"column":50},"end":{"line":88,"column":51}},"loc":{"start":{"line":88,"column":68},"end":{"line":103,"column":5}},"line":88},"11":{"name":"(anonymous_11)","decl":{"start":{"line":104,"column":45},"end":{"line":104,"column":46}},"loc":{"start":{"line":104,"column":63},"end":{"line":109,"column":5}},"line":104},"12":{"name":"html","decl":{"start":{"line":113,"column":9},"end":{"line":113,"column":13}},"loc":{"start":{"line":113,"column":23},"end":{"line":119,"column":1}},"line":113}},"branchMap":{"0":{"loc":{"start":{"line":2,"column":13},"end":{"line":17,"column":1}},"type":"binary-expr","locations":[{"start":{"line":2,"column":14},"end":{"line":2,"column":18}},{"start":{"line":2,"column":22},"end":{"line":2,"column":33}},{"start":{"line":2,"column":38},"end":{"line":17,"column":1}}],"line":2},"1":{"loc":{"start":{"line":3,"column":12},"end":{"line":3,"column":62}},"type":"binary-expr","locations":[{"start":{"line":3,"column":12},"end":{"line":3,"column":40}},{"start":{"line":3,"column":44},"end":{"line":3,"column":62}}],"line":3},"2":{"loc":{"start":{"line":4,"column":4},"end":{"line":4,"column":21}},"type":"if","locations":[{"start":{"line":4,"column":4},"end":{"line":4,"column":21}},{"start":{},"end":{}}],"line":4},"3":{"loc":{"start":{"line":7,"column":15},"end":{"line":7,"column":64}},"type":"binary-expr","locations":[{"start":{"line":7,"column":16},"end":{"line":7,"column":28}},{"start":{"line":7,"column":32},"end":{"line":7,"column":39}},{"start":{"line":7,"column":44},"end":{"line":7,"column":64}}],"line":7},"4":{"loc":{"start":{"line":12,"column":12},"end":{"line":12,"column":61}},"type":"if","locations":[{"start":{"line":12,"column":12},"end":{"line":12,"column":61}},{"start":{},"end":{}}],"line":12},"5":{"loc":{"start":{"line":12,"column":16},"end":{"line":12,"column":49}},"type":"binary-expr","locations":[{"start":{"line":12,"column":16},"end":{"line":12,"column":17}},{"start":{"line":12,"column":21},"end":{"line":12,"column":28}},{"start":{"line":12,"column":33},"end":{"line":12,"column":48}}],"line":12},"6":{"loc":{"start":{"line":14,"column":18},"end":{"line":14,"column":39}},"type":"if","locations":[{"start":{"line":14,"column":18},"end":{"line":14,"column":39}},{"start":{},"end":{}}],"line":14},"7":{"loc":{"start":{"line":18,"column":20},"end":{"line":26,"column":1}},"type":"binary-
[...]
art":{"line":64,"column":4},"end":{"line":76,"column":6}},"33":{"start":{"line":65,"column":8},"end":{"line":75,"column":97}},"34":{"start":{"line":66,"column":12},"end":{"line":66,"column":34}},"35":{"start":{"line":67,"column":23},"end":{"line":71,"column":13}},"36":{"start":{"line":72,"column":12},"end":{"line":72,"column":32}},"37":{"start":{"line":75,"column":12},"end":{"line":75,"column":97}},"38":{"start":{"line":82,"column":4},"end":{"line":95,"column":6}},"39":{"start":{"line":83,"column":8},"end":{"line":84,"column":33}},"40":{"start":{"line":84,"column":12},"end":{"line":84,"column":33}},"41":{"start":{"line":85,"column":27},"end":{"line":85,"column":31}},"42":{"start":{"line":86,"column":25},"end":{"line":86,"column":38}},"43":{"start":{"line":87,"column":23},"end":{"line":87,"column":89}},"44":{"start":{"line":88,"column":26},"end":{"line":88,"column":98}},"45":{"start":{"line":89,"column":22},"end":{"line":89,"column":86}},"46":{"start":{"line":90,"column":8},"end":{"line":94,"column":10}},"47":{"start":{"line":96,"column":4},"end":{"line":96,"column":24}},"48":{"start":{"line":98,"column":0},"end":{"line":98,"column":36}}},"fnMap":{"0":{"name":"(anonymous_0)","decl":{"start":{"line":2,"column":42},"end":{"line":2,"column":43}},"loc":{"start":{"line":2,"column":54},"end":{"line":12,"column":1}},"line":2},"1":{"name":"(anonymous_1)","decl":{"start":{"line":3,"column":32},"end":{"line":3,"column":33}},"loc":{"start":{"line":3,"column":44},"end":{"line":10,"column":5}},"line":3},"2":{"name":"(anonymous_2)","decl":{"start":{"line":16,"column":34},"end":{"line":16,"column":35}},"loc":{"start":{"line":16,"column":46},"end":{"line":97,"column":1}},"line":16},"3":{"name":"PondResponse","decl":{"start":{"line":17,"column":13},"end":{"line":17,"column":25}},"loc":{"start":{"line":17,"column":62},"end":{"line":24,"column":5}},"line":17},"4":{"name":"(anonymous_4)","decl":{"start":{"line":31,"column":34},"end":{"line":31,"column":35}},"loc":{"start":{"line":31,"column":69},"end":{"line":37,"column":5}},"line":31},"5":{"name":"(anonymous_5)","decl":{"start":{"line":42,"column":36},"end":{"line":42,"column":37}},"loc":{"start":{"line":42,"column":55},"end":{"line":44,"column":5}},"line":42},"6":{"name":"(anonymous_6)","decl":{"start":{"line":50,"column":36},"end":{"line":50,"column":37}},"loc":{"start":{"line":50,"column":66},"end":{"line":58,"column":5}},"line":50},"7":{"name":"(anonymous_7)","decl":{"start":{"line":64,"column":38},"end":{"line":64,"column":39}},"loc":{"start":{"line":64,"column":57},"end":{"line":76,"column":5}},"line":64},"8":{"name":"(anonymous_8)","decl":{"start":{"line":82,"column":43},"end":{"line":82,"column":44}},"loc":{"start":{"line":82,"column":59},"end":{"line":95,"column":5}},"line":82}},"branchMap":{"0":{"loc":{"start":{"line":2,"column":15},"end":{"line":12,"column":1}},"type":"binary-expr","locations":[{"start":{"line":2,"column":16},"end":{"line":2,"column":20}},{"start":{"line":2,"column":24},"end":{"line":2,"column":37}},{"start":{"line":2,"column":42},"end":{"line":12,"column":1}}],"line":2},"1":{"loc":{"start":{"line":3,"column":15},"end":{"line":10,"column":5}},"type":"binary-expr","locations":[{"start":{"line":3,"column":15},"end":{"line":3,"column":28}},{"start":{"line":3,"column":32},"end":{"line":10,"column":5}}],"line":3},"2":{"loc":{"start":{"line":6,"column":29},"end":{"line":7,"column":28}},"type":"if","locations":[{"start":{"line":6,"column":29},"end":{"line":7,"column":28}},{"start":{},"end":{}}],"line":6},"3":{"loc":{"start":{"line":18,"column":8},"end":{"line":18,"column":55}},"type":"if","locations":[{"start":{"line":18,"column":8},"end":{"line":18,"column":55}},{"start":{},"end":{}}],"line":18},"4":{"loc":{"start":{"line":51,"column":18},"end":{"line":51,"column":87}},"type":"binary-expr","locations":[{"start":{"line":51,"column":18},"end":{"line":51,"column":25}},{"start":{"line":51,"column":29},"end":{"line":51,"column":87}}],"line":51},"5":{"loc":{"start":{"line":51,"column":30},"end":{"line":51,"column":72}},"type":"cond-expr","locations":[{"start":{"line":51,"column":48},"end":{"line":51,"column":57}},{"start":{"line":51,"column":60},"end":{"line":51,"column":72}}],"line":51},"6":{"loc":{"start":{"line":52,"column":20},"end":{"line":52,"column":36}},"type":"binary-expr","locations":[{"start":{"line":52,"column":20},"end":{"line":52,"column":29}},{"start":{"line":52,"column":33},"end":{"line":52,"column":36}}],"line":52},"7":{"loc":{"start":{"line":65,"column":8},"end":{"line":75,"column":97}},"type":"if","locations":[{"start":{"line":65,"column":8},"end":{"line":75,"column":97}},{"start":{"line":75,"column":12},"end":{"line":75,"column":97}}],"line":65},"8":{"loc":{"start":{"line":83,"column":8},"end":{"line":84,"column":33}},"type":"if","locations":[{"start":{"line":83,"column":8},"end":{"line":84,"column":33}},{"start":{},"end":{}}],"line":83}},"s":{"0":8,"1":10,"2":0,"3":0,"4":0,"5":0,"6":0,"7":0,"8":0,"9":0,"10":10,"11":8,"12":8,"13":8,"14":8,"15":67,"16":47,"17":67,"18":67,"19":67,"20":67,"21":67,"22":8,"23":17,"24":17,"25":8,"26":38,"27":8,"28":10,"29":10,"30":10,"31":10,"32":8,"33":65,"34":64,"35":64,"36":64,"37":1,"38":8,"39":64,"40":45,"41":19,"42":19,"43":19,"44":19,"45":19,"46":19,"47":8,"48":8},"f":{"0":10,"1":0,"2":8,"3":67,"4":17,"5":38,"6":10,"7":65,"8":64},"b":{"0":[8,8,8],"1":[10,0],"2":[0,0],"3":[47,20],"4":[10,7],"5":[6,1],"6":[10,8],"7":[64,1],"8":[45,19]},"_coverageSchema":"1a1c01bbd47fc00a2c39e90264f33305004495a9","hash":"e09f396b5b257872c5d13b36a9589b7c659ffed6"}
,"/Users/royossai/WebstormProjects/pondSocket/server/utils/pubSub.js": {"path":"/Users/royossai/WebstormProjects/pondSocket/server/utils/pubSub.js","statementMap":{"0":{"start":{"line":2,"column":16},"end":{"line":16,"column":4}},"1":{"start":{"line":3,"column":24},"end":{"line":8,"column":5}},"2":{"start":{"line":4,"column":8},"end":{"line":6,"column":110}},"3":{"start":{"line":5,"column":69},"end":{"line":5,"column":85}},"4":{"start":{"line":6,"column":30},"end":{"line":6,"column":107}},"5":{"start":{"line":6,"column":47},"end":{"line":6,"column":107}},"6":{"start":{"line":6,"column":95},"end":{"line":6,"column":107}},"7":{"start":{"line":7,"column":8},"end":{"line":7,"column":35}},"8":{"start":{"line":9,"column":4},"end":{"line":15,"column":6}},"9":{"start":{"line":10,"column":8},"end":{"line":11,"column":102}},"10":{"start":{"line":11,"column":12},"end":{"line":11,"column":102}},"11":{"start":{"line":12,"column":8},"end":{"line":12,"column":28}},"12":{"start":{"line":13,"column":24},"end":{"line":13,"column":45}},"13":{"start":{"line":14,"column":8},"end":{"line":14,"column":93}},"14":{"start":{"line":17,"column":15},"end":{"line":27,"column":1}},"15":{"start":{"line":18,"column":12},"end":{"line":18,"column":59}},"16":{"start":{"line":18,"column":65},"end":{"line":18,"column":74}},"17":{"start":{"line":18,"column":80},"end":{"line":18,"column":81}},"18":{"start":{"line":19,"column":4},"end":{"line":19,"column":28}},"19":{"start":{"line":19,"column":11},"end":{"line":19,"column":28}},"20":{"start":{"line":20,"column":4},"end":{"line":25,"column":6}},"21":{"start":{"line":20,"column":43},"end":{"line":25,"column":6}},"22":{"start":{"line":22,"column":12},"end":{"line":22,"column":47}},"23":{"start":{"line":22,"column":36},"end":{"line":22,"column":47}},"24":{"start":{"line":23,"column":12},"end":{"line":23,"column":52}},"25":{"start":{"line":26,"column":4},"end":{"line":26,"column":91}},"26":{"start":{"line":28,"column":0},"end":{"line":28,"column":62}},"27":{"start":{"line":29,"column":0},"end":{"line":29,"column":45}},"28":{"start":{"line":30,"column":31},"end":{"line":75,"column":3}},"29":{"start":{"line":32,"column":8},"end":{"line":32,"column":38}},"30":{"start":{"line":38,"column":4},"end":{"line":49,"column":6}},"31":{"start":{"line":39,"column":20},"end":{"line":39,"column":24}},"32":{"start":{"line":40,"column":8},"end":{"line":40,"column":39}},"33":{"start":{"line":41,"column":8},"end":{"line":48,"column":10}},"34":{"start":{"line":46,"column":16},"end":{"line":46,"column":51}},"35":{"start":{"line":54,"column":4},"end":{"line":73,"column":6}},"36":{"start":{"line":57,"column":8},"end":{"line":71,"column":9}},"37":{"start":{"line":58,"column":12},"end":{"line":63,"column":13}},"38":{"start":{"line":58,"column":26},"end":{"line":58,"column":53}},"39":{"start":{"line":58,"column":60},"end":{"line":58,"column":69}},"40":{"start":{"line":59,"column":33},"end":{"line":59,"column":41}},"41":{"start":{"line":60,"column":16},"end":{"line":60,"column":42}},"42":{"start":{"line":61,"column":16},"end":{"line":62,"column":26}},"43":{"start":{"line":62,"column":20},"end":{"line":62,"column":26}},"44":{"start":{"line":65,"column":24},"end":{"line":65,"column":47}},"45":{"start":{"line":67,"column":12},"end":{"line":70,"column":49}},"46":{"start":{"line":68,"column":16},"end":{"line":68,"column":68}},"47":{"start":{"line":68,"column":56},"end":{"line":68,"column":68}},"48":{"start":{"line":70,"column":22},"end":{"line":70,"column":47}},"49":{"start":{"line":70,"column":31},"end":{"line":70,"column":47}},"50":{"start":{"line":72,"column":8},"end":{"line":72,"column":22}},"51":{"start":{"line":74,"column":4},"end":{"line":74,"column":21}},"52":{"start":{"line":76,"column":0},"end":{"line":76,"column":30}},"53":{"start":{"line":77,"column":29},"end":{"line":111,"column":12}},"54":{"start":{"line":78,"column":4},"end":{"line":78,"column":31}},"55":{"start":{"line":80,"column":20},"end":{"line":80,"column":45}},"56":{"start":{"line":81,"column":8},"end":{"line":81,"column":29}},"57":{"start":{"line":82,"column":8},"end":{"line":82,"column":21}},"58":{"start":{"line":84,"column":4},"end":{"line":93,"column":7}},"59":{"start":{"line":89,"column":12},"end":{"line":89,"column":31}},"60":{"start":{"line":97,"column":4},"end":{"line":100,"column":6}},"61":{"start":{"line":98,"column":8},"end":{"line":98,"column":29}},"62":{"start":{"line":99,"column":8},"end":{"line":99,"column":62}},"63":{"start":{"line":104,"column":4},"end":{"line":109,"column":6}},"64":{"start":{"line":105,"column":8},"end":{"line":108,"column":9}},"65":{"start":{"line":106,"column":12},"end":{"line":106,"column":31}},"66":{"start":{"line":107,"column":12},"end":{"line":107,"column":61}},"67":{"start":{"line":110,"column":4},"end":{"line":110,"column":19}},"68":{"start":{"line":112,"column":0},"end":{"line":112,"column":26}}},"fnMap":{"0":{"name":"(anonymous_0)","decl":{"start":{"line":2,"column":45},"end":{"line":2,"column":46}},"loc":{"start":{"line":2,"column":57},"end":{"line":16,"column":1}},"line":2},"1":{"name":"(anonymous_1)","decl":{"start":{"line":3,"column":24},"end":{"line":3,"column":25}},"loc":{"start":{"line":3,"column":40},"end":{"line":8,"column":5}},"line":3},"2":{"name":"(anonymous_2)","decl":{"start":{"line":5,"column":51},"end":{"line":5,"column":52}},"loc":{"start":{"line":5,"column":67},"end":{"line":5,"column":87}},"line":5},"3":{"name":"(anonymous_3)","decl":{"start":{"line":6,"column":12},"end":{"line":6,"column":13}},"loc":{"start":{"line":6,"column":28},"end":{"line":6,"column":109}},"line":6},"4":{"name":"(anonymous_4)","decl":{"start":{"line":9,"column":11},"end":{"line":9,"column":12}},"loc":{"start":{"line":9,"column":27},"end":{"line":15,"column":5}},"line":9},"5":{"name":"__","decl":{"start":{"line":13,"column":17},"end":{"line":13,"column":19}},"loc":{"start":{"line":13,"column":22},"end":{"line":13,"column":47}},"line":13},"6":{"name":"(anonymous_6)","decl":{"start":{"line":17,"column":42},"end":{"line":17,"column":43}},"loc":{"start":{"line":17,"column":54},"end":{"line":27,"column":1}},"line":17},"7":{"name":"(anonymous_7)","decl":{"start":{"line":21,"column":14},"end":{"line":21,"column":15}},"loc":{"start":{"line":21,"column":26},"end":{"line":24,"column":9}},"line":21},"8":{"name":"(anonymous_8)","decl":{"start":{"line":30,"column":31},"end":{"line":30,"column":32}},"loc":{"start":{"line":30,"column":43},"end":{"line":75,"column":1}},"line":30},"9":{"name":"Broadcast","decl":{"start":{"line":31,"column":13},"end":{"line":31,"column":22}},"loc":{"start":{"line":31,"column":25},"end":{"line":33,"column":5}},"line":31},"10":{"name":"(anonymous_10)","decl":{"start":{"line":38,"column":36},"end":{"line":38,"column":37}},"loc":{"start":{"line":38,"column":55},"end":{"line":49,"column":5}},"line":38},"11":{"name":"(anonymous_11)","decl":{"start":{"line":45,"column":25},"end":{"line":45,"column":26}},"loc":{"start":{"line":45,"column":37},"end":{"line":47,"column":13}},"line":45},"12":{"name":"(anonymous_12)","decl":{"start":{"line":54,"column":34},"end":{"line":54,"column":35}},"loc":{"start":{"line":54,"column":50},"end":{"line":73,"column":5}},"line":54},"13":{"name":"(anonymous_13)","decl":{"start":{"line":77,"column":29},"end":{"line":77,"column":30}},"loc":{"start":{"line":77,"column":47},"end":{"line":111,"column":1}},"line":77},"14":{"name":"Subject","decl":{"start":{"line":79,"column":13},"end":{"line":79,"column":20}},"loc":{"start":{"line":79,"column":28},"end":{"line":83,"column":5}},"line":79},"15":{"name":"(anonymous_15)","decl":{"start":{"line":88,"column":13},"end":{"line":88,"column":14}},"loc":{"start":{"line":88,"column":25},"end":{"line":90,"column":9}},"line":88},"16":{"name":"(anonymous_16)","decl":{"start":{"line":97,"column":34},"end":{"line":97,"column":35}},"loc":{"start":{"line":97,"column":53},"end":{"line":100,"column":5}},"line":97},"17":{"name":"(anonymous_17)","decl":{"start":{"line":104,"column":32},"end":{"line":104,"column":33}},"loc":{"start":{"line":104,"column":48},"end":{"line":109,"column":5}},"line":104}},"branchMap":{"0":{"loc":{"start":{"line":2,"column":16},"end":{"line":16,"column":4}},"type":"binary-expr","locations":[{"start":{"line":2,"column":17},"end":{"line":2,"column":21}},{"start":{"line":2,"column":25},"end":{"line":2,"column":39}},{"start":{"line":2,"column":44},"end":{"line":16,"column":4}}],"line":2},"1":{"loc":{"start":{"line":4,"column":24},"end":{"line":6,"column":109}},"type":"binary-expr","locations":[{"start":{"line":4,"column":24},"end":{"line":4,"column":45}},{"start":{"line":5,"column":13},"end":{"line":5,"column":47}},{"start":{"line":5,"column":51},"end":{"line":5,"column":87}},{"start":{"line":6,"column":12},"end":{"line":6,"column":109}}],"line":4},"2":{"loc":{"start":{"line":6,"column":47},"end":{"line":6,"column":107}},"type":"if","locations":[{"start":{"line":6,"column":47},"end":{"line":6,"column":107}},{"start":{},"end":{}}],"line":6},"3":{"loc":{"start":{"line":10,"column":8},"end":{"line":11,"column":102}},"type":"if","locations":[{"start":{"line":10,"column":8},"end":{"line":11,"column":102}},{"start":{},"end":{}}],"line":10},"4":{"loc":{"start":{"line":10,"column":12},"end":{"line":10,"column":49}},"type":"binary-expr","locations":[{"start":{"line":10,"column":12},"end":{"line":10,"column":35}},{"start":{"line":10,"column":39},"end":{"line":10,"column":49}}],"line":10},"5":{"loc":{"start":{"line":14,"column":22},"end":{"line":14,"column":92}},"type":"cond-expr","locations":[{"start":{"line":14,"column":35},"end":{"line":14,"column":51}},{"start":{"line":14,"column":55},"end":{"line":14,"column":91}}],"line":14},"6":{"loc":{"start":{"line":17,"column":15},"end":{"line":27,"column":1}},"type":"binary-expr","locations":[{"start":{"line":17,"column":16},"end":{"line":17,"column":20}},{"start":{"line":17,"column":24},"end":{"line":17,"column":37}},{"start":{"line":17,"column":42},"end":{"line":27,"column":1}}],"line":17},"7":{"loc":{"start":{"line":18,"column":12},"end":{"line":18,"column":59}},"type":"binary-expr","locations":[{"start":{"line":18,"column":12},"end":{"line":18,"column":40}},{"start":{"line":18,"column":44},"end":{"line":18,"column":59}}],"line":18},"8":{"loc":{"start":{"line":18,"column":65},"end":{"line":18,"column":74}},"type":"binary-expr","locations":[{"start":{"line":18,"column":65},"end":{"line":18,"column":66}},{"start":{"line":18,"column":70},"end":{"line":18,"column":74}}],"line":18},"9":{"loc":{"start":{"line":19,"column":4},"end":{"line":19,"column":28}},"type":"if","locations":[{"start":{"line":19,"column":4},"end":{"line":19,"column":28}},{"start":{},"end":{}}],"line":19},"10":{"loc":{"start":{"line":20,"column":4},"end":{"line":25,"column":6}},"type":"if","locations":[{"start":{"line":20,"column":4},"end":{"line":25,"column":6}},{"start":{},"end":{}}],"line":20},"11":{"loc":{"start":{"line":20,"column":8},"end":{"line":20,"column":41}},"type":"binary-expr","locations":[{"start":{"line":20,"column":8},"end":{"line":20,"column":9}},{"start":{"line":20,"column":13},"end":{"line":20,"column":41}}],"line":20},"12":{"loc":{"start":{"line":22,"column":12},"end":{"line":22,"column":47}},"type":"if","locations":[{"start":{"line":22,"column":12},"end":{"line":22,"column":47}},{"start":{},"end":{}}],"line":22},"13":{"loc":{"start":{"line":22,"column":16},"end":{"line":22,"column":34}},"type":"binary-expr","locations":[{"start":{"line":22,"column":16},"end":{"line":22,"column":17}},{"start":{"line":22,"column":21},"end":{"line":22,"column":34}}],"line":22},"14":{"loc":{"start":{"line":23,"column":28},"end":{"line":23,"column":39}},"type":"binary-expr","locations":[{"start":{"line":23,"column":28},"end":{"line":23,"column":29}},{"start":{"line":23,"column":33},"end":{"line":23,"column":39}}],"line":23},"15":{"loc":{"start":{"line":26,"column":24},"end":{"line":26,"column":89}},"type":"cond-expr","locations":[{"start":{"line":26,"column":28},"end":{"line":26,"column":53}},{"start":{"line":26,"column":56},"end":{"line":26,"column":89}}],"line":26},"16":{"loc":{"start":{"line":61,"column":16},"end":{"line":62,"column":26}},"type":"if","locations":[{"start":{"line":61,"column":16},"end":{"line":62,"column":26}},{"start":{},"end":{}}],"line":61},"17":{"loc":{"start":{"line":68,"column":16},"end":{"line":68,"column":68}},"type":"if","locations":[{"start":{"line":68,"column":16},"end":{"line":68,"column":68}},{"start":{},"end":{}}],"line":68},"18":{"loc":{"start":{"line":68,"column":20},"end":{"line":68,"column":54}},"type":"binary-expr","locations":[{"start":{"line":68,"column":20},"end":{"line":68,"column":22}},{"start":{"line":68,"column":26},"end":{"line":68,"column":34}},{"start":{"line":68,"column":39},"end":{"line":68,"column":53}}],"line":68},"19":{"loc":{"start":{"line":70,"column":22},"end":{"line":70,"column":47}},"type":"if","locations":[{"start":{"line":70,"column":22},"end":{"line":70,"column":47}},{"start":{},"end":{}}],"line":70},"20":{"loc":{"start":{"line":80,"column":20},"end":{"line":80,"column":45}},"type":"binary-expr","locations":[{"start":{"line":80,"column":20},"end":{"line":80,"column":37}},{"start":{"line":80,"column":41},"end":{"line":80,"column":45}}],"line":80},"21":{"loc":{"start":{"line":105,"column":8},"end":{"line":108,"column":9}},"type":"if","locations":[{"start":{"line":105,"column":8},"end":{"line":108,"column":9}},{"start":{},"end":{}}],"line":105}},"s":{"0":8,"1":8,"2":8,"3":0,"4":0,"5":0,"6":0,"7":8,"8":8,"9":8,"10":0,"11":8,"12":8,"13":8,"14":8,"15":356,"16":356,"17":356,"18":356,"19":356,"20":0,"21":0,"22":0,"23":0,"24":0,"25":0,"26":8,"27":8,"28":8,"29":256,"30":8,"31":77,"32":77,"33":77,"34":34,"35":8,"36":356,"37":356,"38":356,"39":356,"40":125,"41":125,"42":125,"43":17,"44":0,"45":356,"46":356,"47":0,"48":356,"49":0,"50":356,"51":8,"52":8,"53":8,"54":8,"55":7,"56":7,"57":7,"58":8,"59":1,"60":8,"61":6,"62":6,"63":8,"64":4,"65":4,"66":4,"67":8,"68":8},"f":{"0":8,"1":8,"2":0,"3":0,"4":8,"5":8,"6":356,"7":0,"8":8,"9":256,"10":77,"11":34,"12":356,"13":8,"14":7,"15":1,"16":6,"17":4},"b":{"0":[8,8,8],"1":[8,0,0,0],"2":[0,0],"3":[0,8],"4":[8,0],"5":[0,8],"6":[8,8,8],"7":[356,356],"8":[356,356],"9":[356,0],"10":[0,0],"11":[0,0],"12":[0,0],"13":[0,0],"14":[0,0],"15":[0,0],"16":[17,108],"17":[0,356],"18":[356,356,17],"19":[0,356],"20":[7,7],"21":[4,0]},"_coverageSchema":"1a1c01bbd47fc00a2c39e90264f33305004495a9","hash":"8adc08232052619d035496d87e71328f43edca62"}
}
