{"/Users/royossai/WebstormProjects/pondSocket/source/client.ts": {"path":"/Users/royossai/WebstormProjects/pondSocket/source/client.ts","statementMap":{"0":{"start":{"line":1,"column":0},"end":{"line":1,"column":29}},"1":{"start":{"line":2,"column":0},"end":{"line":2,"column":53}},"2":{"start":{"line":4,"column":0},"end":{"line":4,"column":32}}},"fnMap":{},"branchMap":{},"s":{"0":0,"1":0,"2":0},"f":{},"b":{}}
,"/Users/royossai/WebstormProjects/pondSocket/source/server.ts": {"path":"/Users/royossai/WebstormProjects/pondSocket/source/server.ts","statementMap":{"0":{"start":{"line":1,"column":0},"end":{"line":1,"column":29}},"1":{"start":{"line":2,"column":0},"end":{"line":2,"column":29}},"2":{"start":{"line":3,"column":0},"end":{"line":3,"column":27}}},"fnMap":{},"branchMap":{},"s":{"0":0,"1":0,"2":0},"f":{},"b":{}}
,"/Users/royossai/WebstormProjects/pondSocket/source/pondbase/baseClass.ts": {"path":"/Users/royossai/WebstormProjects/pondSocket/source/pondbase/baseClass.ts","statementMap":{"0":{"start":{"line":2,"column":0},"end":{"line":2,"column":30}},"1":{"start":{"line":24,"column":8},"end":{"line":24,"column":68}},"2":{"start":{"line":33,"column":8},"end":{"line":37,"column":40}},"3":{"start":{"line":34,"column":12},"end":{"line":34,"column":52}},"4":{"start":{"line":37,"column":12},"end":{"line":37,"column":40}},"5":{"start":{"line":44,"column":17},"end":{"line":44,"column":37}},"6":{"start":{"line":45,"column":8},"end":{"line":49,"column":11}},"7":{"start":{"line":46,"column":20},"end":{"line":46,"column":54}},"8":{"start":{"line":47,"column":12},"end":{"line":47,"column":37}},"9":{"start":{"line":48,"column":12},"end":{"line":48,"column":65}},"10":{"start":{"line":56,"column":20},"end":{"line":56,"column":74}},"11":{"start":{"line":57,"column":8},"end":{"line":59,"column":22}},"12":{"start":{"line":58,"column":23},"end":{"line":58,"column":77}},"13":{"start":{"line":67,"column":8},"end":{"line":67,"column":45}},"14":{"start":{"line":76,"column":22},"end":{"line":76,"column":63}},"15":{"start":{"line":77,"column":8},"end":{"line":79,"column":10}},"16":{"start":{"line":77,"column":19},"end":{"line":79,"column":10}},"17":{"start":{"line":81,"column":8},"end":{"line":81,"column":20}},"18":{"start":{"line":90,"column":22},"end":{"line":90,"column":62}},"19":{"start":{"line":91,"column":8},"end":{"line":93,"column":10}},"20":{"start":{"line":91,"column":19},"end":{"line":93,"column":10}},"21":{"start":{"line":95,"column":8},"end":{"line":95,"column":20}},"22":{"start":{"line":104,"column":8},"end":{"line":104,"column":61}},"23":{"start":{"line":113,"column":28},"end":{"line":113,"column":88}},"24":{"start":{"line":113,"column":46},"end":{"line":113,"column":88}},"25":{"start":{"line":113,"column":72},"end":{"line":113,"column":87}},"26":{"start":{"line":114,"column":32},"end":{"line":114,"column":94}},"27":{"start":{"line":114,"column":47},"end":{"line":114,"column":94}},"28":{"start":{"line":114,"column":82},"end":{"line":114,"column":87}},"29":{"start":{"line":115,"column":8},"end":{"line":126,"column":null}},"30":{"start":{"line":116,"column":29},"end":{"line":121,"column":26}},"31":{"start":{"line":118,"column":30},"end":{"line":118,"column":47}},"32":{"start":{"line":120,"column":35},"end":{"line":120,"column":64}},"33":{"start":{"line":123,"column":12},"end":{"line":123,"column":33}},"34":{"start":{"line":125,"column":12},"end":{"line":125,"column":24}},"35":{"start":{"line":135,"column":28},"end":{"line":135,"column":88}},"36":{"start":{"line":135,"column":46},"end":{"line":135,"column":88}},"37":{"start":{"line":135,"column":72},"end":{"line":135,"column":87}},"38":{"start":{"line":136,"column":24},"end":{"line":136,"column":80}},"39":{"start":{"line":136,"column":39},"end":{"line":136,"column":80}},"40":{"start":{"line":137,"column":32},"end":{"line":137,"column":94}},"41":{"start":{"line":137,"column":47},"end":{"line":137,"column":94}},"42":{"start":{"line":137,"column":82},"end":{"line":137,"column":87}},"43":{"start":{"line":139,"column":22},"end":{"line":144,"column":21}},"44":{"start":{"line":146,"column":8},"end":{"line":146,"column":53}},"45":{"start":{"line":158,"column":45},"end":{"line":158,"column":47}},"46":{"start":{"line":159,"column":23},"end":{"line":159,"column":41}},"47":{"start":{"line":160,"column":8},"end":{"line":165,"column":null}},"48":{"start":{"line":161,"column":12},"end":{"line":164,"column":15}},"49":{"start":{"line":162,"column":37},"end":{"line":162,"column":53}},"50":{"start":{"line":163,"column":16},"end":{"line":163,"column":33}},"51":{"start":{"line":166,"column":8},"end":{"line":166,"column":19}},"52":{"start":{"line":181,"column":24},"end":{"line":181,"column":63}},"53":{"start":{"line":182,"column":23},"end":{"line":182,"column":49}},"54":{"start":{"line":183,"column":24},"end":{"line":183,"column":58}},"55":{"start":{"line":184,"column":8},"end":{"line":193,"column":null}},"56":{"start":{"line":185,"column":25},"end":{"line":185,"column":50}},"57":{"start":{"line":186,"column":12},"end":{"line":192,"column":null}},"58":{"start":{"line":187,"column":53},"end":{"line":187,"column":55}},"59":{"start":{"line":188,"column":16},"end":{"line":190,"column":19}},"60":{"start":{"line":189,"column":20},"end":{"line":189,"column":88}},"61":{"start":{"line":191,"column":16},"end":{"line":191,"column":27}},"62":{"start":{"line":194,"column":8},"end":{"line":194,"column":20}},"63":{"start":{"line":212,"column":8},"end":{"line":227,"column":null}},"64":{"start":{"line":213,"column":26},"end":{"line":213,"column":78}},"65":{"start":{"line":214,"column":28},"end":{"line":214,"column":47}},"66":{"start":{"line":215,"column":12},"end":{"line":226,"column":null}},"67":{"start":{"line":216,"column":29},"end":{"line":216,"column":54}},"68":{"start":{"line":217,"column":16},"end":{"line":225,"column":null}},"69":{"start":{"line":218,"column":57},"end":{"line":218,"column":59}},"70":{"start":{"line":219,"column":20},"end":{"line":221,"column":23}},"71":{"start":{"line":220,"column":24},"end":{"line":220,"column":92}},"72":{"start":{"line":222,"column":20},"end":{"line":224,"column":null}},"73":{"start":{"line":229,"column":22},"end":{"line":229,"column":66}},"74":{"start":{"line":230,"column":8},"end":{"line":230,"column":51}},"75":{"start":{"line":230,"column":19},"end":{"line":230,"column":51}},"76":{"start":{"line":232,"column":8},"end":{"line":234,"column":null}},"77":{"start":{"line":233,"column":12},"end":{"line":233,"column":69}},"78":{"start":{"line":236,"column":8},"end":{"line":236,"column":20}},"79":{"start":{"line":245,"column":8},"end":{"line":245,"column":103}},"80":{"start":{"line":245,"column":51},"end":{"line":245,"column":103}},"81":{"start":{"line":247,"column":22},"end":{"line":247,"column":66}},"82":{"start":{"line":248,"column":8},"end":{"line":248,"column":29}},"83":{"start":{"line":248,"column":19},"end":{"line":248,"column":29}},"84":{"start":{"line":250,"column":8},"end":{"line":250,"column":20}},"85":{"start":{"line":17,"column":0},"end":{"line":17,"column":13}}},"fnMap":{"0":{"name":"(anonymous_0)","decl":{"start":{"line":23,"column":12},"end":{"line":23,"column":18}},"loc":{"start":{"line":23,"column":62},"end":{"line":25,"column":5}}},"1":{"name":"(anonymous_1)","decl":{"start":{"line":32,"column":11},"end":{"line":32,"column":33}},"loc":{"start":{"line":32,"column":74},"end":{"line":38,"column":5}}},"2":{"name":"(anonymous_2)","decl":{"start":{"line":43,"column":11},"end":{"line":43,"column":15}},"loc":{"start":{"line":43,"column":15},"end":{"line":50,"column":5}}},"3":{"name":"(anonymous_3)","decl":{"start":{"line":45,"column":71},"end":{"line":45,"column":81}},"loc":{"start":{"line":45,"column":82},"end":{"line":49,"column":9}}},"4":{"name":"(anonymous_4)","decl":{"start":{"line":55,"column":11},"end":{"line":55,"column":17}},"loc":{"start":{"line":55,"column":17},"end":{"line":60,"column":5}}},"5":{"name":"(anonymous_5)","decl":{"start":{"line":58,"column":17},"end":{"line":58,"column":20}},"loc":{"start":{"line":58,"column":23},"end":{"line":58,"column":77}}},"6":{"name":"(anonymous_6)","decl":{"start":{"line":66,"column":11},"end":{"line":66,"column":24}},"loc":{"start":{"line":66,"column":36},"end":{"line":68,"column":5}}},"7":{"name":"(anonymous_7)","decl":{"start":{"line":75,"column":11},"end":{"line":75,"column":31}},"loc":{"start":{"line":75,"column":63},"end":{"line":82,"column":5}}},"8":{"name":"(anonymous_8)","decl":{"start":{"line":89,"column":11},"end":{"line":89,"column":25}},"loc":{"start":{"line":89,"column":55},"end":{"line":96,"column":5}}},"9":{"name":"(anonymous_9)","decl":{"start":{"line":103,"column":11},"end":{"line":103,"column":19}},"loc":{"start":{"line":103,"column":39},"end":{"line":105,"column":5}}},"10":{"name":"(anonymous_10)","decl":{"start":{"line":112,"column":11},"end":{"line":112,"column":18}},"loc":{"start":{"line":112,"column":51},"end":{"line":127,"column":5}}},"11":{"name":"(anonymous_11)","decl":{"start":{"line":113,"column":28},"end":{"line":113,"column":29}},"loc":{"start":{"line":113,"column":46},"end":{"line":113,"column":88}}},"12":{"name":"(anonymous_12)","decl":{"start":{"line":113,"column":65},"end":{"line":113,"column":66}},"loc":{"start":{"line":113,"column":72},"end":{"line":113,"column":87}}},"13":{"name":"(anonymous_13)","decl":{"start":{"line":114,"column":32},"end":{"line":114,"column":33}},"loc":{"start":{"line":114,"column":47},"end":{"line":114,"column":94}}},"14":{"name":"(anonymous_14)","decl":{"start":{"line":114,"column":72},"end":{"line":114,"column":73}},"loc":{"start":{"line":114,"column":82},"end":{"line":114,"column":87}}},"15":{"name":"(anonymous_15)","decl":{"start":{"line":118,"column":21},"end":{"line":118,"column":22}},"loc":{"start":{"line":118,"column":30},"end":{"line":118,"column":47}}},"16":{"name":"(anonymous_16)","decl":{"start":{"line":120,"column":21},"end":{"line":120,"column":22}},"loc":{"start":{"line":120,"column":35},"end":{"line":120,"column":64}}},"17":{"name":"(anonymous_17)","decl":{"start":{"line":134,"column":11},"end":{"line":134,"column":18}},"loc":{"start":{"line":134,"column":42},"end":{"line":147,"column":5}}},"18":{"name":"(anonymous_18)","decl":{"start":{"line":135,"column":28},"end":{"line":135,"column":29}},"loc":{"start":{"line":135,"column":46},"end":{"line":135,"column":88}}},"19":{"name":"(anonymous_19)","decl":{"start":{"line":135,"column":65},"end":{"line":135,"column":66}},"loc":{"start":{"line":135,"column":72},"end":{"line":135,"column":87}}},"20":{"name":"(anonymous_20)","decl":{"start":{"line":136,"column":24},"end":{"line":136,"column":25}},"loc":{"start":{"line":136,"column":39},"end":{"line":136,"column":80}}},"21":{"name":"(anonymous_21)","decl":{"start":{"line":137,"column":32},"end":{"line":137,"column":33}},"loc":{"start":{"line":137,"column":47},"end":{"line":137,"column":94}}},"22":{"name":"(anonymous_22)","decl":{"start":{"line":137,"column":72},"end":{"line":137,"column":73}},"loc":{"start":{"line":137,"column":82},"end":{"line":137,"column":87}}},"23":{"name":"(anonymous_23)","decl":{"start":{"line":157,"column":12},"end":{"line":157,"column":25}},"loc":{"start":{"line":157,"column":38},"end":{"line":167,"column":5}}},"24":{"name":"(anonymous_24)","decl":{"start":{"line":161,"column":38},"end":{"line":161,"column":43}},"loc":{"start":{"line":161,"column":46},"end":{"line":164,"column":13}}},"25":{"name":"(anonymous_25)","decl":{"start":{"line":180,"column":12},"end":{"line":180,"column":24}},"loc":{"start":{"line":180,"column":56},"end":{"line":195,"column":5}}},"26":{"name":"(anonymous_26)","decl":{"start":{"line":188,"column":29},"end":{"line":188,"column":30}},"loc":{"start":{"line":188,"column":44},"end":{"line":190,"column":17}}},"27":{"name":"(anonymous_27)","decl":{"start":{"line":211,"column":12},"end":{"line":211,"column":32}},"loc":{"start":{"line":211,"column":64},"end":{"line":237,"column":5}}},"28":{"name":"(anonymous_28)","decl":{"start":{"line":219,"column":33},"end":{"line":219,"column":34}},"loc":{"start":{"line":219,"column":48},"end":{"line":221,"column":21}}},"29":{"name":"(anonymous_29)","decl":{"start":{"line":244,"column":12},"end":{"line":244,"column":33}},"loc":{"start":{"line":244,"column":74},"end":{"line":251,"column":5}}}},"branchMap":{"0":{"loc":{"start":{"line":24,"column":15},"end":{"line":24,"column":67}},"type":"binary-expr","locations":[{"start":{"line":24,"column":15},"end":{"line":24,"column":42}},{"start":{"line":24,"column":46},"end":{"line":24,"column":67}}]},"1":{"loc":{"start":{"line":33,"column":8},"end":{"line":37,"column":40}},"type":"if","locations":[{"start":{"line":33,"column":8},"end":{"line":37,"column":40}},{"start":{"line":37,"column":12},"end":{"line":37,"column":40}}]},"2":{"loc":{"start":{"line":48,"column":20},"end":{"line":48,"column":50}},"type":"cond-expr","locations":[{"start":{"line":48,"column":31},"end":{"line":48,"column":32}},{"start":{"line":48,"column":36},"end":{"line":48,"column":49}}]},"3":{"loc":{"start":{"line":77,"column":8},"end":{"line":79,"column":10}},"type":"if","locations":[{"start":{"line":77,"column":8},"end":{"line":79,"column":10}}]},"4":{"loc":{"start":{"line":91,"column":8},"end":{"line":93,"column":10}},"type":"if","locations":[{"start":{"line":91,"column":8},"end":{"line":93,"column":10}}]},"5":{"loc":{"start":{"line":160,"column":8},"end":{"line":165,"column":null}},"type":"if","locations":[{"start":{"line":160,"column":8},"end":{"line":165,"column":null}}]},"6":{"loc":{"start":{"line":184,"column":8},"end":{"line":193,"column":null}},"type":"if","locations":[{"start":{"line":184,"column":8},"end":{"line":193,"column":null}}]},"7":{"loc":{"start":{"line":186,"column":12},"end":{"line":192,"column":null}},"type":"if","locations":[{"start":{"line":186,"column":12},"end":{"line":192,"column":null}}]},"8":{"loc":{"start":{"line":212,"column":8},"end":{"line":227,"column":null}},"type":"if","locations":[{"start":{"line":212,"column":8},"end":{"line":227,"column":null}}]},"9":{"loc":{"start":{"line":215,"column":12},"end":{"line":226,"column":null}},"type":"if","locations":[{"start":{"line":215,"column":12},"end":{"line":226,"column":null}}]},"10":{"loc":{"start":{"line":217,"column":16},"end":{"line":225,"column":null}},"type":"if","locations":[{"start":{"line":217,"column":16},"end":{"line":225,"column":null}}]},"11":{"loc":{"start":{"line":230,"column":8},"end":{"line":230,"column":51}},"type":"if","locations":[{"start":{"line":230,"column":8},"end":{"line":230,"column":51}}]},"12":{"loc":{"start":{"line":232,"column":8},"end":{"line":234,"column":null}},"type":"if","locations":[{"start":{"line":232,"column":8},"end":{"line":234,"column":null}}]},"13":{"loc":{"start":{"line":245,"column":8},"end":{"line":245,"column":103}},"type":"if","locations":[{"start":{"line":245,"column":8},"end":{"line":245,"column":103}}]},"14":{"loc":{"start":{"line":248,"column":8},"end":{"line":248,"column":29}},"type":"if","locations":[{"start":{"line":248,"column":8},"end":{"line":248,"column":29}}]}},"s":{"0":13,"1":107,"2":23,"3":16,"4":7,"5":1,"6":1,"7":31,"8":31,"9":31,"10":3,"11":3,"12":24,"13":29,"14":95,"15":95,"16":77,"17":18,"18":6,"19":6,"20":5,"21":1,"22":15,"23":10,"24":115,"25":666,"26":10,"27":115,"28":666,"29":10,"30":10,"31":115,"32":115,"33":5,"34":5,"35":7,"36":258,"37":869,"38":7,"39":129,"40":7,"41":129,"42":740,"43":7,"44":7,"45":84,"46":84,"47":84,"48":7,"49":13,"50":13,"51":84,"52":87,"53":87,"54":87,"55":87,"56":69,"57":69,"58":69,"59":69,"60":70,"61":69,"62":18,"63":10,"64":8,"65":8,"66":8,"67":6,"68":6,"69":6,"70":6,"71":8,"72":6,"73":4,"74":4,"75":1,"76":3,"77":1,"78":2,"79":97,"80":82,"81":15,"82":15,"83":12,"84":3,"85":13},"f":{"0":107,"1":23,"2":1,"3":31,"4":3,"5":24,"6":29,"7":95,"8":6,"9":15,"10":10,"11":115,"12":666,"13":115,"14":666,"15":115,"16":115,"17":7,"18":258,"19":869,"20":129,"21":129,"22":740,"23":84,"24":13,"25":87,"26":70,"27":10,"28":8,"29":97},"b":{"0":[107,102],"1":[16,7],"2":[30,1],"3":[77],"4":[5],"5":[7],"6":[69],"7":[69],"8":[8],"9":[6],"10":[6],"11":[1],"12":[1],"13":[82],"14":[12]}}
,"/Users/royossai/WebstormProjects/pondSocket/source/pondbase/basePromise.ts": {"path":"/Users/royossai/WebstormProjects/pondSocket/source/pondbase/basePromise.ts","statementMap":{"0":{"start":{"line":9,"column":8},"end":{"line":9,"column":28}},"1":{"start":{"line":10,"column":8},"end":{"line":10,"column":41}},"2":{"start":{"line":11,"column":8},"end":{"line":11,"column":35}},"3":{"start":{"line":12,"column":8},"end":{"line":12,"column":25}},"4":{"start":{"line":3,"column":0},"end":{"line":3,"column":13}},"5":{"start":{"line":17,"column":4},"end":{"line":39,"column":null}},"6":{"start":{"line":18,"column":24},"end":{"line":18,"column":29}},"7":{"start":{"line":19,"column":25},"end":{"line":22,"column":9}},"8":{"start":{"line":20,"column":12},"end":{"line":20,"column":29}},"9":{"start":{"line":21,"column":12},"end":{"line":21,"column":72}},"10":{"start":{"line":24,"column":26},"end":{"line":27,"column":9}},"11":{"start":{"line":25,"column":12},"end":{"line":25,"column":29}},"12":{"start":{"line":26,"column":12},"end":{"line":26,"column":27}},"13":{"start":{"line":29,"column":8},"end":{"line":38,"column":null}},"14":{"start":{"line":30,"column":12},"end":{"line":30,"column":48}},"15":{"start":{"line":31,"column":12},"end":{"line":32,"column":87}},"16":{"start":{"line":32,"column":16},"end":{"line":32,"column":87}},"17":{"start":{"line":34,"column":12},"end":{"line":37,"column":65}},"18":{"start":{"line":35,"column":16},"end":{"line":35,"column":30}},"19":{"start":{"line":37,"column":17},"end":{"line":37,"column":65}},"20":{"start":{"line":16,"column":0},"end":{"line":16,"column":16}}},"fnMap":{"0":{"name":"(anonymous_0)","decl":{"start":{"line":8,"column":4},"end":{"line":8,"column":16}},"loc":{"start":{"line":8,"column":64},"end":{"line":13,"column":5}}},"1":{"name":"BasePromise","decl":{"start":{"line":16,"column":16},"end":{"line":16,"column":27}},"loc":{"start":{"line":16,"column":154},"end":{"line":40,"column":1}}},"2":{"name":"(anonymous_2)","decl":{"start":{"line":17,"column":26},"end":{"line":17,"column":31}},"loc":{"start":{"line":17,"column":52},"end":{"line":39,"column":5}}},"3":{"name":"(anonymous_3)","decl":{"start":{"line":19,"column":25},"end":{"line":19,"column":26}},"loc":{"start":{"line":19,"column":70},"end":{"line":22,"column":9}}},"4":{"name":"(anonymous_4)","decl":{"start":{"line":24,"column":26},"end":{"line":24,"column":31}},"loc":{"start":{"line":24,"column":64},"end":{"line":27,"column":9}}}},"branchMap":{"0":{"loc":{"start":{"line":21,"column":47},"end":{"line":21,"column":63}},"type":"binary-expr","locations":[{"start":{"line":21,"column":47},"end":{"line":21,"column":56}},{"start":{"line":21,"column":60},"end":{"line":21,"column":63}}]},"1":{"loc":{"start":{"line":31,"column":12},"end":{"line":32,"column":87}},"type":"if","locations":[{"start":{"line":31,"column":12},"end":{"line":32,"column":87}}]},"2":{"loc":{"start":{"line":34,"column":12},"end":{"line":37,"column":65}},"type":"if","locations":[{"start":{"line":34,"column":12},"end":{"line":37,"column":65}},{"start":{"line":37,"column":17},"end":{"line":37,"column":65}}]}},"s":{"0":44,"1":44,"2":44,"3":44,"4":14,"5":48,"6":48,"7":48,"8":5,"9":5,"10":48,"11":39,"12":39,"13":48,"14":48,"15":46,"16":2,"17":2,"18":1,"19":1,"20":14},"f":{"0":44,"1":48,"2":48,"3":5,"4":39},"b":{"0":[5,1],"1":[2],"2":[1,1]}}
,"/Users/royossai/WebstormProjects/pondSocket/source/pondbase/enums.ts": {"path":"/Users/royossai/WebstormProjects/pondSocket/source/pondbase/enums.ts","statementMap":{"0":{"start":{"line":1,"column":0},"end":{"line":1,"column":null}},"1":{"start":{"line":2,"column":4},"end":{"line":2,"column":null}},"2":{"start":{"line":3,"column":4},"end":{"line":3,"column":null}},"3":{"start":{"line":6,"column":0},"end":{"line":6,"column":null}},"4":{"start":{"line":7,"column":4},"end":{"line":7,"column":null}},"5":{"start":{"line":8,"column":4},"end":{"line":8,"column":null}},"6":{"start":{"line":9,"column":4},"end":{"line":9,"column":null}}},"fnMap":{"0":{"name":"(anonymous_0)","decl":{"start":{"line":1,"column":0},"end":{"line":1,"column":12}},"loc":{"start":{"line":1,"column":26},"end":{"line":4,"column":1}}},"1":{"name":"(anonymous_1)","decl":{"start":{"line":6,"column":0},"end":{"line":6,"column":12}},"loc":{"start":{"line":6,"column":27},"end":{"line":10,"column":1}}}},"branchMap":{"0":{"loc":{"start":{"line":1,"column":12},"end":{"line":1,"column":null}},"type":"binary-expr","locations":[{"start":{"line":1,"column":12},"end":{"line":1,"column":26}},{"start":{"line":1,"column":12},"end":{"line":1,"column":null}}]},"1":{"loc":{"start":{"line":6,"column":12},"end":{"line":6,"column":null}},"type":"binary-expr","locations":[{"start":{"line":6,"column":12},"end":{"line":6,"column":27}},{"start":{"line":6,"column":12},"end":{"line":6,"column":null}}]}},"s":{"0":13,"1":13,"2":13,"3":13,"4":13,"5":13,"6":13},"f":{"0":13,"1":13},"b":{"0":[13,13],"1":[13,13]}}
,"/Users/royossai/WebstormProjects/pondSocket/source/pondbase/index.ts": {"path":"/Users/royossai/WebstormProjects/pondSocket/source/pondbase/index.ts","statementMap":{"0":{"start":{"line":1,"column":0},"end":{"line":1,"column":28}},"1":{"start":{"line":2,"column":0},"end":{"line":2,"column":30}},"2":{"start":{"line":3,"column":0},"end":{"line":3,"column":27}},"3":{"start":{"line":4,"column":0},"end":{"line":4,"column":25}},"4":{"start":{"line":5,"column":0},"end":{"line":5,"column":24}},"5":{"start":{"line":6,"column":0},"end":{"line":6,"column":24}}},"fnMap":{},"branchMap":{},"s":{"0":12,"1":12,"2":12,"3":12,"4":12,"5":12},"f":{},"b":{}}
,"/Users/royossai/WebstormProjects/pondSocket/source/pondbase/pondBase.ts": {"path":"/Users/royossai/WebstormProjects/pondSocket/source/pondbase/pondBase.ts","statementMap":{"0":{"start":{"line":1,"column":0},"end":{"line":1,"column":49}},"1":{"start":{"line":2,"column":0},"end":{"line":2,"column":40}},"2":{"start":{"line":3,"column":0},"end":{"line":3,"column":40}},"3":{"start":{"line":12,"column":8},"end":{"line":12,"column":22}},"4":{"start":{"line":13,"column":8},"end":{"line":13,"column":24}},"5":{"start":{"line":14,"column":8},"end":{"line":14,"column":36}},"6":{"start":{"line":15,"column":8},"end":{"line":15,"column":36}},"7":{"start":{"line":19,"column":8},"end":{"line":19,"column":24}},"8":{"start":{"line":23,"column":8},"end":{"line":23,"column":30}},"9":{"start":{"line":30,"column":8},"end":{"line":30,"column":26}},"10":{"start":{"line":31,"column":8},"end":{"line":31,"column":25}},"11":{"start":{"line":39,"column":8},"end":{"line":39,"column":47}},"12":{"start":{"line":5,"column":0},"end":{"line":5,"column":13}},"13":{"start":{"line":48,"column":8},"end":{"line":48,"column":22}},"14":{"start":{"line":49,"column":8},"end":{"line":49,"column":42}},"15":{"start":{"line":56,"column":8},"end":{"line":56,"column":44}},"16":{"start":{"line":64,"column":20},"end":{"line":64,"column":33}},"17":{"start":{"line":65,"column":8},"end":{"line":66,"column":54}},"18":{"start":{"line":66,"column":12},"end":{"line":66,"column":54}},"19":{"start":{"line":68,"column":8},"end":{"line":68,"column":20}},"20":{"start":{"line":76,"column":20},"end":{"line":76,"column":34}},"21":{"start":{"line":77,"column":8},"end":{"line":77,"column":30}},"22":{"start":{"line":78,"column":8},"end":{"line":78,"column":71}},"23":{"start":{"line":79,"column":8},"end":{"line":79,"column":52}},"24":{"start":{"line":88,"column":8},"end":{"line":93,"column":83}},"25":{"start":{"line":89,"column":12},"end":{"line":89,"column":34}},"26":{"start":{"line":90,"column":12},"end":{"line":90,"column":84}},"27":{"start":{"line":91,"column":12},"end":{"line":91,"column":56}},"28":{"start":{"line":93,"column":12},"end":{"line":93,"column":83}},"29":{"start":{"line":101,"column":23},"end":{"line":101,"column":95}},"30":{"start":{"line":102,"column":20},"end":{"line":102,"column":37}},"31":{"start":{"line":103,"column":8},"end":{"line":103,"column":36}},"32":{"start":{"line":104,"column":8},"end":{"line":104,"column":32}},"33":{"start":{"line":105,"column":8},"end":{"line":105,"column":69}},"34":{"start":{"line":106,"column":8},"end":{"line":106,"column":24}},"35":{"start":{"line":114,"column":8},"end":{"line":116,"column":null}},"36":{"start":{"line":115,"column":12},"end":{"line":115,"column":42}},"37":{"start":{"line":118,"column":8},"end":{"line":118,"column":20}},"38":{"start":{"line":125,"column":8},"end":{"line":127,"column":null}},"39":{"start":{"line":126,"column":12},"end":{"line":126,"column":32}},"40":{"start":{"line":135,"column":42},"end":{"line":135,"column":44}},"41":{"start":{"line":136,"column":8},"end":{"line":140,"column":null}},"42":{"start":{"line":137,"column":24},"end":{"line":137,"column":37}},"43":{"start":{"line":138,"column":12},"end":{"line":139,"column":64}},"44":{"start":{"line":139,"column":16},"end":{"line":139,"column":64}},"45":{"start":{"line":142,"column":8},"end":{"line":142,"column":22}},"46":{"start":{"line":150,"column":42},"end":{"line":150,"column":44}},"47":{"start":{"line":151,"column":8},"end":{"line":154,"column":null}},"48":{"start":{"line":152,"column":12},"end":{"line":153,"column":74}},"49":{"start":{"line":153,"column":16},"end":{"line":153,"column":74}},"50":{"start":{"line":156,"column":8},"end":{"line":156,"column":22}},"51":{"start":{"line":164,"column":8},"end":{"line":164,"column":95}},"52":{"start":{"line":164,"column":31},"end":{"line":164,"column":44}},"53":{"start":{"line":164,"column":60},"end":{"line":164,"column":72}},"54":{"start":{"line":173,"column":20},"end":{"line":173,"column":21}},"55":{"start":{"line":174,"column":8},"end":{"line":177,"column":null}},"56":{"start":{"line":175,"column":12},"end":{"line":175,"column":71}},"57":{"start":{"line":176,"column":12},"end":{"line":176,"column":20}},"58":{"start":{"line":179,"column":8},"end":{"line":179,"column":28}},"59":{"start":{"line":187,"column":8},"end":{"line":191,"column":null}},"60":{"start":{"line":188,"column":24},"end":{"line":188,"column":37}},"61":{"start":{"line":189,"column":12},"end":{"line":190,"column":58}},"62":{"start":{"line":190,"column":16},"end":{"line":190,"column":58}},"63":{"start":{"line":193,"column":8},"end":{"line":193,"column":20}},"64":{"start":{"line":201,"column":8},"end":{"line":201,"column":51}},"65":{"start":{"line":208,"column":21},"end":{"line":208,"column":42}},"66":{"start":{"line":209,"column":8},"end":{"line":209,"column":47}},"67":{"start":{"line":209,"column":28},"end":{"line":209,"column":45}},"68":{"start":{"line":217,"column":8},"end":{"line":225,"column":11}},"69":{"start":{"line":218,"column":42},"end":{"line":218,"column":72}},"70":{"start":{"line":220,"column":12},"end":{"line":222,"column":91}},"71":{"start":{"line":220,"column":40},"end":{"line":220,"column":77}},"72":{"start":{"line":222,"column":17},"end":{"line":222,"column":91}},"73":{"start":{"line":222,"column":49},"end":{"line":222,"column":91}},"74":{"start":{"line":224,"column":12},"end":{"line":224,"column":72}},"75":{"start":{"line":232,"column":23},"end":{"line":232,"column":25}},"76":{"start":{"line":233,"column":8},"end":{"line":236,"column":null}},"77":{"start":{"line":234,"column":24},"end":{"line":234,"column":37}},"78":{"start":{"line":235,"column":12},"end":{"line":235,"column":60}},"79":{"start":{"line":238,"column":8},"end":{"line":238,"column":22}},"80":{"start":{"line":245,"column":8},"end":{"line":245,"column":29}},"81":{"start":{"line":246,"column":8},"end":{"line":246,"column":79}},"82":{"start":{"line":252,"column":22},"end":{"line":260,"column":5}},"83":{"start":{"line":253,"column":17},"end":{"line":253,"column":19}},"84":{"start":{"line":254,"column":22},"end":{"line":254,"column":86}},"85":{"start":{"line":255,"column":8},"end":{"line":257,"column":null}},"86":{"start":{"line":255,"column":21},"end":{"line":255,"column":22}},"87":{"start":{"line":256,"column":12},"end":{"line":256,"column":73}},"88":{"start":{"line":259,"column":8},"end":{"line":259,"column":18}},"89":{"start":{"line":269,"column":26},"end":{"line":269,"column":53}},"90":{"start":{"line":270,"column":26},"end":{"line":270,"column":52}},"91":{"start":{"line":271,"column":8},"end":{"line":271,"column":66}},"92":{"start":{"line":43,"column":0},"end":{"line":43,"column":13}}},"fnMap":{"0":{"name":"(anonymous_0)","decl":{"start":{"line":11,"column":4},"end":{"line":11,"column":16}},"loc":{"start":{"line":11,"column":111},"end":{"line":16,"column":5}}},"1":{"name":"(anonymous_1)","decl":{"start":{"line":18,"column":4},"end":{"line":18,"column":8}},"loc":{"start":{"line":18,"column":10},"end":{"line":20,"column":5}}},"2":{"name":"(anonymous_2)","decl":{"start":{"line":22,"column":4},"end":{"line":22,"column":8}},"loc":{"start":{"line":22,"column":11},"end":{"line":24,"column":5}}},"3":{"name":"(anonymous_3)","decl":{"start":{"line":29,"column":4},"end":{"line":29,"column":13}},"loc":{"start":{"line":29,"column":13},"end":{"line":32,"column":5}}},"4":{"name":"(anonymous_4)","decl":{"start":{"line":38,"column":4},"end":{"line":38,"column":13}},"loc":{"start":{"line":38,"column":22},"end":{"line":40,"column":5}}},"5":{"name":"(anonymous_5)","decl":{"start":{"line":47,"column":4},"end":{"line":47,"column":null}},"loc":{"start":{"line":47,"column":4},"end":{"line":50,"column":5}}},"6":{"name":"(anonymous_6)","decl":{"start":{"line":55,"column":4},"end":{"line":55,"column":15}},"loc":{"start":{"line":55,"column":19},"end":{"line":57,"column":5}}},"7":{"name":"(anonymous_7)","decl":{"start":{"line":63,"column":11},"end":{"line":63,"column":14}},"loc":{"start":{"line":63,"column":26},"end":{"line":69,"column":5}}},"8":{"name":"(anonymous_8)","decl":{"start":{"line":75,"column":11},"end":{"line":75,"column":14}},"loc":{"start":{"line":75,"column":23},"end":{"line":80,"column":5}}},"9":{"name":"(anonymous_9)","decl":{"start":{"line":87,"column":11},"end":{"line":87,"column":17}},"loc":{"start":{"line":87,"column":39},"end":{"line":94,"column":5}}},"10":{"name":"(anonymous_10)","decl":{"start":{"line":100,"column":11},"end":{"line":100,"column":25}},"loc":{"start":{"line":100,"column":80},"end":{"line":107,"column":5}}},"11":{"name":"(anonymous_11)","decl":{"start":{"line":113,"column":11},"end":{"line":113,"column":16}},"loc":{"start":{"line":113,"column":34},"end":{"line":119,"column":5}}},"12":{"name":"(anonymous_12)","decl":{"start":{"line":124,"column":10},"end":{"line":124,"column":12}},"loc":{"start":{"line":124,"column":20},"end":{"line":128,"column":5}}},"13":{"name":"(anonymous_13)","decl":{"start":{"line":134,"column":11},"end":{"line":134,"column":16}},"loc":{"start":{"line":134,"column":43},"end":{"line":143,"column":5}}},"14":{"name":"(anonymous_14)","decl":{"start":{"line":149,"column":11},"end":{"line":149,"column":20}},"loc":{"start":{"line":149,"column":51},"end":{"line":157,"column":5}}},"15":{"name":"(anonymous_15)","decl":{"start":{"line":163,"column":11},"end":{"line":163,"column":22}},"loc":{"start":{"line":163,"column":37},"end":{"line":165,"column":5}}},"16":{"name":"(anonymous_16)","decl":{"start":{"line":164,"column":24},"end":{"line":164,"column":27}},"loc":{"start":{"line":164,"column":31},"end":{"line":164,"column":44}}},"17":{"name":"(anonymous_17)","decl":{"start":{"line":164,"column":53},"end":{"line":164,"column":56}},"loc":{"start":{"line":164,"column":60},"end":{"line":164,"column":72}}},"18":{"name":"(anonymous_18)","decl":{"start":{"line":172,"column":11},"end":{"line":172,"column":17}},"loc":{"start":{"line":172,"column":107},"end":{"line":180,"column":5}}},"19":{"name":"(anonymous_19)","decl":{"start":{"line":186,"column":11},"end":{"line":186,"column":15}},"loc":{"start":{"line":186,"column":42},"end":{"line":194,"column":5}}},"20":{"name":"(anonymous_20)","decl":{"start":{"line":200,"column":11},"end":{"line":200,"column":14}},"loc":{"start":{"line":200,"column":39},"end":{"line":202,"column":5}}},"21":{"name":"(anonymous_21)","decl":{"start":{"line":207,"column":11},"end":{"line":207,"column":16}},"loc":{"start":{"line":207,"column":16},"end":{"line":210,"column":5}}},"22":{"name":"(anonymous_22)","decl":{"start":{"line":209,"column":21},"end":{"line":209,"column":24}},"loc":{"start":{"line":209,"column":28},"end":{"line":209,"column":45}}},"23":{"name":"(anonymous_23)","decl":{"start":{"line":216,"column":11},"end":{"line":216,"column":20}},"loc":{"start":{"line":216,"column":92},"end":{"line":226,"column":5}}},"24":{"name":"(anonymous_24)","decl":{"start":{"line":217,"column":41},"end":{"line":217,"column":42}},"loc":{"start":{"line":217,"column":50},"end":{"line":225,"column":9}}},"25":{"name":"(anonymous_25)","decl":{"start":{"line":231,"column":11},"end":{"line":231,"column":18}},"loc":{"start":{"line":231,"column":18},"end":{"line":239,"column":5}}},"26":{"name":"(anonymous_26)","decl":{"start":{"line":244,"column":12},"end":{"line":244,"column":19}},"loc":{"start":{"line":244,"column":31},"end":{"line":247,"column":5}}},"27":{"name":"(anonymous_27)","decl":{"start":{"line":252,"column":22},"end":{"line":252,"column":25}},"loc":{"start":{"line":252,"column":27},"end":{"line":260,"column":5}}},"28":{"name":"(anonymous_28)","decl":{"start":{"line":268,"column":12},"end":{"line":268,"column":31}},"loc":{"start":{"line":268,"column":62},"end":{"line":272,"column":5}}}},"branchMap":{"0":{"loc":{"start":{"line":65,"column":8},"end":{"line":66,"column":54}},"type":"if","locations":[{"start":{"line":65,"column":8},"end":{"line":66,"column":54}}]},"1":{"loc":{"start":{"line":88,"column":8},"end":{"line":93,"column":83}},"type":"if","locations":[{"start":{"line":88,"column":8},"end":{"line":93,"column":83}},{"start":{"line":93,"column":12},"end":{"line":93,"column":83}}]},"2":{"loc":{"start":{"line":138,"column":12},"end":{"line":139,"column":64}},"type":"if","locations":[{"start":{"line":138,"column":12},"end":{"line":139,"column":64}}]},"3":{"loc":{"start":{"line":152,"column":12},"end":{"line":153,"column":74}},"type":"if","locations":[{"start":{"line":152,"column":12},"end":{"line":153,"column":74}}]},"4":{"loc":{"start":{"line":189,"column":12},"end":{"line":190,"column":58}},"type":"if","locations":[{"start":{"line":189,"column":12},"end":{"line":190,"column":58}}]},"5":{"loc":{"start":{"line":220,"column":12},"end":{"line":222,"column":91}},"type":"if","locations":[{"start":{"line":220,"column":12},"end":{"line":222,"column":91}},{"start":{"line":222,"column":17},"end":{"line":222,"column":91}}]},"6":{"loc":{"start":{"line":222,"column":17},"end":{"line":222,"column":91}},"type":"if","locations":[{"start":{"line":222,"column":17},"end":{"line":222,"column":91}}]}},"s":{"0":13,"1":13,"2":13,"3":454,"4":454,"5":454,"6":454,"7":151,"8":390,"9":48,"10":48,"11":53,"12":13,"13":140,"14":140,"15":26,"16":87,"17":87,"18":66,"19":21,"20":123,"21":123,"22":123,"23":123,"24":55,"25":54,"26":54,"27":54,"28":1,"29":24,"30":24,"31":24,"32":24,"33":24,"34":24,"35":1,"36":3,"37":1,"38":30,"39":26,"40":24,"41":24,"42":11,"43":11,"44":8,"45":24,"46":2,"47":2,"48":6,"49":1,"50":2,"51":2,"52":2,"53":2,"54":1,"55":1,"56":3,"57":3,"58":1,"59":69,"60":65,"61":65,"62":58,"63":11,"64":19,"65":1,"66":1,"67":2,"68":26,"69":41,"70":41,"71":32,"72":9,"73":5,"74":41,"75":91,"76":91,"77":120,"78":120,"79":91,"80":50,"81":50,"82":140,"83":147,"84":147,"85":147,"86":147,"87":3087,"88":147,"89":454,"90":454,"91":454,"92":13},"f":{"0":454,"1":151,"2":390,"3":48,"4":53,"5":140,"6":26,"7":87,"8":123,"9":55,"10":24,"11":1,"12":30,"13":24,"14":2,"15":2,"16":2,"17":2,"18":1,"19":69,"20":19,"21":1,"22":2,"23":26,"24":41,"25":91,"26":50,"27":147,"28":454},"b":{"0":[66],"1":[54,1],"2":[8],"3":[1],"4":[58],"5":[32,9],"6":[5]}}
,"/Users/royossai/WebstormProjects/pondSocket/source/pondbase/pubSub.ts": {"path":"/Users/royossai/WebstormProjects/pondSocket/source/pondbase/pubSub.ts","statementMap":{"0":{"start":{"line":13,"column":27},"end":{"line":13,"column":62}},"1":{"start":{"line":20,"column":8},"end":{"line":20,"column":39}},"2":{"start":{"line":22,"column":8},"end":{"line":29,"column":null}},"3":{"start":{"line":27,"column":16},"end":{"line":27,"column":50}},"4":{"start":{"line":38,"column":8},"end":{"line":46,"column":null}},"5":{"start":{"line":39,"column":12},"end":{"line":45,"column":null}},"6":{"start":{"line":40,"column":16},"end":{"line":40,"column":42}},"7":{"start":{"line":41,"column":16},"end":{"line":42,"column":26}},"8":{"start":{"line":42,"column":20},"end":{"line":42,"column":26}},"9":{"start":{"line":44,"column":16},"end":{"line":44,"column":24}},"10":{"start":{"line":48,"column":8},"end":{"line":48,"column":22}},"11":{"start":{"line":12,"column":0},"end":{"line":12,"column":13}},"12":{"start":{"line":56,"column":8},"end":{"line":56,"column":16}},"13":{"start":{"line":57,"column":8},"end":{"line":57,"column":28}},"14":{"start":{"line":64,"column":8},"end":{"line":64,"column":27}},"15":{"start":{"line":71,"column":8},"end":{"line":71,"column":30}},"16":{"start":{"line":72,"column":8},"end":{"line":72,"column":40}},"17":{"start":{"line":79,"column":8},"end":{"line":82,"column":null}},"18":{"start":{"line":80,"column":12},"end":{"line":80,"column":31}},"19":{"start":{"line":81,"column":12},"end":{"line":81,"column":39}},"20":{"start":{"line":52,"column":0},"end":{"line":52,"column":13}},"21":{"start":{"line":87,"column":27},"end":{"line":87,"column":82}},"22":{"start":{"line":96,"column":27},"end":{"line":99,"column":9}},"23":{"start":{"line":97,"column":12},"end":{"line":98,"column":47}},"24":{"start":{"line":98,"column":16},"end":{"line":98,"column":47}},"25":{"start":{"line":101,"column":8},"end":{"line":101,"column":42}},"26":{"start":{"line":103,"column":8},"end":{"line":110,"column":null}},"27":{"start":{"line":108,"column":16},"end":{"line":108,"column":53}},"28":{"start":{"line":119,"column":8},"end":{"line":125,"column":null}},"29":{"start":{"line":120,"column":12},"end":{"line":124,"column":null}},"30":{"start":{"line":121,"column":15},"end":{"line":121,"column":47}},"31":{"start":{"line":123,"column":16},"end":{"line":123,"column":24}},"32":{"start":{"line":133,"column":27},"end":{"line":135,"column":9}},"33":{"start":{"line":134,"column":12},"end":{"line":134,"column":43}},"34":{"start":{"line":137,"column":8},"end":{"line":137,"column":42}},"35":{"start":{"line":139,"column":8},"end":{"line":146,"column":null}},"36":{"start":{"line":144,"column":16},"end":{"line":144,"column":53}},"37":{"start":{"line":153,"column":8},"end":{"line":153,"column":34}},"38":{"start":{"line":154,"column":8},"end":{"line":155,"column":31}},"39":{"start":{"line":155,"column":12},"end":{"line":155,"column":31}},"40":{"start":{"line":163,"column":8},"end":{"line":163,"column":35}},"41":{"start":{"line":86,"column":0},"end":{"line":86,"column":13}}},"fnMap":{"0":{"name":"(anonymous_0)","decl":{"start":{"line":19,"column":11},"end":{"line":19,"column":20}},"loc":{"start":{"line":19,"column":54},"end":{"line":30,"column":5}}},"1":{"name":"(anonymous_1)","decl":{"start":{"line":26,"column":25},"end":{"line":26,"column":28}},"loc":{"start":{"line":26,"column":30},"end":{"line":28,"column":13}}},"2":{"name":"(anonymous_2)","decl":{"start":{"line":36,"column":11},"end":{"line":36,"column":18}},"loc":{"start":{"line":36,"column":26},"end":{"line":49,"column":5}}},"3":{"name":"(anonymous_3)","decl":{"start":{"line":55,"column":4},"end":{"line":55,"column":16}},"loc":{"start":{"line":55,"column":24},"end":{"line":58,"column":5}}},"4":{"name":"(anonymous_4)","decl":{"start":{"line":63,"column":4},"end":{"line":63,"column":8}},"loc":{"start":{"line":63,"column":13},"end":{"line":65,"column":5}}},"5":{"name":"(anonymous_5)","decl":{"start":{"line":70,"column":11},"end":{"line":70,"column":20}},"loc":{"start":{"line":70,"column":54},"end":{"line":73,"column":5}}},"6":{"name":"(anonymous_6)","decl":{"start":{"line":78,"column":11},"end":{"line":78,"column":18}},"loc":{"start":{"line":78,"column":26},"end":{"line":83,"column":5}}},"7":{"name":"(anonymous_7)","decl":{"start":{"line":95,"column":11},"end":{"line":95,"column":20}},"loc":{"start":{"line":95,"column":69},"end":{"line":111,"column":5}}},"8":{"name":"(anonymous_8)","decl":{"start":{"line":96,"column":27},"end":{"line":96,"column":28}},"loc":{"start":{"line":96,"column":63},"end":{"line":99,"column":9}}},"9":{"name":"(anonymous_9)","decl":{"start":{"line":107,"column":25},"end":{"line":107,"column":28}},"loc":{"start":{"line":107,"column":30},"end":{"line":109,"column":13}}},"10":{"name":"(anonymous_10)","decl":{"start":{"line":118,"column":11},"end":{"line":118,"column":18}},"loc":{"start":{"line":118,"column":41},"end":{"line":126,"column":5}}},"11":{"name":"(anonymous_11)","decl":{"start":{"line":132,"column":11},"end":{"line":132,"column":23}},"loc":{"start":{"line":132,"column":58},"end":{"line":147,"column":5}}},"12":{"name":"(anonymous_12)","decl":{"start":{"line":133,"column":27},"end":{"line":133,"column":28}},"loc":{"start":{"line":133,"column":63},"end":{"line":135,"column":9}}},"13":{"name":"(anonymous_13)","decl":{"start":{"line":143,"column":25},"end":{"line":143,"column":28}},"loc":{"start":{"line":143,"column":30},"end":{"line":145,"column":13}}},"14":{"name":"(anonymous_14)","decl":{"start":{"line":152,"column":11},"end":{"line":152,"column":19}},"loc":{"start":{"line":152,"column":19},"end":{"line":156,"column":5}}},"15":{"name":"(anonymous_15)","decl":{"start":{"line":162,"column":11},"end":{"line":162,"column":21}},"loc":{"start":{"line":162,"column":41},"end":{"line":164,"column":5}}}},"branchMap":{"0":{"loc":{"start":{"line":41,"column":16},"end":{"line":42,"column":26}},"type":"if","locations":[{"start":{"line":41,"column":16},"end":{"line":42,"column":26}}]},"1":{"loc":{"start":{"line":79,"column":8},"end":{"line":82,"column":null}},"type":"if","locations":[{"start":{"line":79,"column":8},"end":{"line":82,"column":null}}]},"2":{"loc":{"start":{"line":97,"column":12},"end":{"line":98,"column":47}},"type":"if","locations":[{"start":{"line":97,"column":12},"end":{"line":98,"column":47}}]},"3":{"loc":{"start":{"line":154,"column":8},"end":{"line":155,"column":31}},"type":"if","locations":[{"start":{"line":154,"column":8},"end":{"line":155,"column":31}}]}},"s":{"0":234,"1":82,"2":82,"3":37,"4":375,"5":136,"6":136,"7":135,"8":19,"9":1,"10":374,"11":14,"12":8,"13":8,"14":1,"15":9,"16":8,"17":5,"18":5,"19":5,"20":14,"21":18,"22":18,"23":24,"24":14,"25":18,"26":18,"27":2,"28":25,"29":30,"30":30,"31":1,"32":5,"33":6,"34":5,"35":5,"36":1,"37":2,"38":2,"39":0,"40":0,"41":14},"f":{"0":82,"1":37,"2":375,"3":8,"4":1,"5":9,"6":5,"7":18,"8":24,"9":2,"10":25,"11":5,"12":6,"13":1,"14":2,"15":0},"b":{"0":[19],"1":[5],"2":[14],"3":[0]}}
,"/Users/royossai/WebstormProjects/pondSocket/source/pondclient/channel.ts": {"path":"/Users/royossai/WebstormProjects/pondSocket/source/pondclient/channel.ts","statementMap":{"0":{"start":{"line":1,"column":0},"end":{"line":1,"column":55}},"1":{"start":{"line":3,"column":0},"end":{"line":3,"column":38}},"2":{"start":{"line":4,"column":0},"end":{"line":4,"column":114}},"3":{"start":{"line":5,"column":0},"end":{"line":5,"column":49}},"4":{"start":{"line":11,"column":44},"end":{"line":11,"column":46}},"5":{"start":{"line":16,"column":39},"end":{"line":16,"column":68}},"6":{"start":{"line":19,"column":8},"end":{"line":19,"column":31}},"7":{"start":{"line":20,"column":8},"end":{"line":20,"column":29}},"8":{"start":{"line":21,"column":8},"end":{"line":21,"column":29}},"9":{"start":{"line":22,"column":8},"end":{"line":22,"column":52}},"10":{"start":{"line":23,"column":8},"end":{"line":23,"column":68}},"11":{"start":{"line":27,"column":8},"end":{"line":27,"column":43}},"12":{"start":{"line":34,"column":8},"end":{"line":35,"column":24}},"13":{"start":{"line":35,"column":12},"end":{"line":35,"column":24}},"14":{"start":{"line":37,"column":27},"end":{"line":37,"column":38}},"15":{"start":{"line":38,"column":29},"end":{"line":49,"column":14}},"16":{"start":{"line":40,"column":16},"end":{"line":40,"column":52}},"17":{"start":{"line":41,"column":16},"end":{"line":48,"column":33}},"18":{"start":{"line":42,"column":20},"end":{"line":42,"column":72}},"19":{"start":{"line":44,"column":21},"end":{"line":48,"column":33}},"20":{"start":{"line":45,"column":20},"end":{"line":45,"column":47}},"21":{"start":{"line":47,"column":21},"end":{"line":48,"column":33}},"22":{"start":{"line":48,"column":20},"end":{"line":48,"column":33}},"23":{"start":{"line":51,"column":8},"end":{"line":51,"column":46}},"24":{"start":{"line":52,"column":8},"end":{"line":52,"column":20}},"25":{"start":{"line":59,"column":8},"end":{"line":59,"column":45}},"26":{"start":{"line":60,"column":8},"end":{"line":60,"column":40}},"27":{"start":{"line":61,"column":8},"end":{"line":61,"column":79}},"28":{"start":{"line":61,"column":51},"end":{"line":61,"column":77}},"29":{"start":{"line":62,"column":8},"end":{"line":62,"column":32}},"30":{"start":{"line":63,"column":8},"end":{"line":63,"column":32}},"31":{"start":{"line":71,"column":20},"end":{"line":71,"column":60}},"32":{"start":{"line":72,"column":8},"end":{"line":72,"column":37}},"33":{"start":{"line":73,"column":8},"end":{"line":73,"column":19}},"34":{"start":{"line":81,"column":20},"end":{"line":85,"column":75}},"35":{"start":{"line":83,"column":51},"end":{"line":83,"column":79}},"36":{"start":{"line":85,"column":34},"end":{"line":85,"column":74}},"37":{"start":{"line":86,"column":8},"end":{"line":86,"column":37}},"38":{"start":{"line":87,"column":8},"end":{"line":87,"column":19}},"39":{"start":{"line":96,"column":39},"end":{"line":100,"column":10}},"40":{"start":{"line":102,"column":8},"end":{"line":102,"column":34}},"41":{"start":{"line":111,"column":39},"end":{"line":115,"column":10}},"42":{"start":{"line":117,"column":8},"end":{"line":117,"column":34}},"43":{"start":{"line":125,"column":8},"end":{"line":130,"column":11}},"44":{"start":{"line":140,"column":26},"end":{"line":140,"column":76}},"45":{"start":{"line":142,"column":39},"end":{"line":146,"column":10}},"46":{"start":{"line":148,"column":8},"end":{"line":148,"column":34}},"47":{"start":{"line":156,"column":20},"end":{"line":156,"column":68}},"48":{"start":{"line":157,"column":8},"end":{"line":157,"column":37}},"49":{"start":{"line":158,"column":8},"end":{"line":158,"column":19}},"50":{"start":{"line":166,"column":70},"end":{"line":179,"column":null}},"51":{"start":{"line":167,"column":19},"end":{"line":172,"column":14}},"52":{"start":{"line":173,"column":19},"end":{"line":178,"column":14}},"53":{"start":{"line":179,"column":23},"end":{"line":179,"column":59}},"54":{"start":{"line":181,"column":8},"end":{"line":181,"column":55}},"55":{"start":{"line":9,"column":0},"end":{"line":9,"column":13}}},"fnMap":{"0":{"name":"(anonymous_0)","decl":{"start":{"line":18,"column":4},"end":{"line":18,"column":16}},"loc":{"start":{"line":18,"column":111},"end":{"line":24,"column":5}}},"1":{"name":"(anonymous_1)","decl":{"start":{"line":26,"column":4},"end":{"line":26,"column":8}},"loc":{"start":{"line":26,"column":16},"end":{"line":28,"column":5}}},"2":{"name":"(anonymous_2)","decl":{"start":{"line":33,"column":4},"end":{"line":33,"column":8}},"loc":{"start":{"line":33,"column":8},"end":{"line":53,"column":5}}},"3":{"name":"(anonymous_3)","decl":{"start":{"line":39,"column":23},"end":{"line":39,"column":30}},"loc":{"start":{"line":39,"column":33},"end":{"line":49,"column":13}}},"4":{"name":"(anonymous_4)","decl":{"start":{"line":58,"column":4},"end":{"line":58,"column":9}},"loc":{"start":{"line":58,"column":9},"end":{"line":64,"column":5}}},"5":{"name":"(anonymous_5)","decl":{"start":{"line":61,"column":35},"end":{"line":61,"column":47}},"loc":{"start":{"line":61,"column":51},"end":{"line":61,"column":77}}},"6":{"name":"(anonymous_6)","decl":{"start":{"line":70,"column":4},"end":{"line":70,"column":20}},"loc":{"start":{"line":70,"column":65},"end":{"line":74,"column":5}}},"7":{"name":"(anonymous_7)","decl":{"start":{"line":80,"column":4},"end":{"line":80,"column":13}},"loc":{"start":{"line":80,"column":69},"end":{"line":88,"column":5}}},"8":{"name":"(anonymous_8)","decl":{"start":{"line":83,"column":23},"end":{"line":83,"column":24}},"loc":{"start":{"line":83,"column":51},"end":{"line":83,"column":79}}},"9":{"name":"(anonymous_9)","decl":{"start":{"line":85,"column":23},"end":{"line":85,"column":30}},"loc":{"start":{"line":85,"column":34},"end":{"line":85,"column":74}}},"10":{"name":"(anonymous_10)","decl":{"start":{"line":95,"column":4},"end":{"line":95,"column":13}},"loc":{"start":{"line":95,"column":49},"end":{"line":103,"column":5}}},"11":{"name":"(anonymous_11)","decl":{"start":{"line":110,"column":4},"end":{"line":110,"column":17}},"loc":{"start":{"line":110,"column":53},"end":{"line":118,"column":5}}},"12":{"name":"(anonymous_12)","decl":{"start":{"line":124,"column":4},"end":{"line":124,"column":18}},"loc":{"start":{"line":124,"column":41},"end":{"line":131,"column":5}}},"13":{"name":"(anonymous_13)","decl":{"start":{"line":139,"column":4},"end":{"line":139,"column":15}},"loc":{"start":{"line":139,"column":72},"end":{"line":149,"column":5}}},"14":{"name":"(anonymous_14)","decl":{"start":{"line":155,"column":4},"end":{"line":155,"column":22}},"loc":{"start":{"line":155,"column":61},"end":{"line":159,"column":5}}},"15":{"name":"(anonymous_15)","decl":{"start":{"line":165,"column":12},"end":{"line":165,"column":16}},"loc":{"start":{"line":165,"column":16},"end":{"line":182,"column":5}}},"16":{"name":"(anonymous_16)","decl":{"start":{"line":167,"column":12},"end":{"line":167,"column":15}},"loc":{"start":{"line":167,"column":19},"end":{"line":172,"column":14}}},"17":{"name":"(anonymous_17)","decl":{"start":{"line":173,"column":12},"end":{"line":173,"column":15}},"loc":{"start":{"line":173,"column":19},"end":{"line":178,"column":14}}},"18":{"name":"(anonymous_18)","decl":{"start":{"line":179,"column":12},"end":{"line":179,"column":19}},"loc":{"start":{"line":179,"column":23},"end":{"line":179,"column":59}}}},"branchMap":{"0":{"loc":{"start":{"line":34,"column":8},"end":{"line":35,"column":24}},"type":"if","locations":[{"start":{"line":34,"column":8},"end":{"line":35,"column":24}}]},"1":{"loc":{"start":{"line":41,"column":16},"end":{"line":48,"column":33}},"type":"if","locations":[{"start":{"line":41,"column":16},"end":{"line":48,"column":33}},{"start":{"line":44,"column":21},"end":{"line":48,"column":33}}]},"2":{"loc":{"start":{"line":44,"column":21},"end":{"line":48,"column":33}},"type":"if","locations":[{"start":{"line":44,"column":21},"end":{"line":48,"column":33}},{"start":{"line":47,"column":21},"end":{"line":48,"column":33}}]},"3":{"loc":{"start":{"line":47,"column":21},"end":{"line":48,"column":33}},"type":"if","locations":[{"start":{"line":47,"column":21},"end":{"line":48,"column":33}}]},"4":{"loc":{"start":{"line":140,"column":26},"end":{"line":140,"column":76}},"type":"cond-expr","locations":[{"start":{"line":140,"column":53},"end":{"line":140,"column":62}},{"start":{"line":140,"column":65},"end":{"line":140,"column":76}}]}},"s":{"0":0,"1":0,"2":0,"3":0,"4":0,"5":0,"6":0,"7":0,"8":0,"9":0,"10":0,"11":0,"12":0,"13":0,"14":0,"15":0,"16":0,"17":0,"18":0,"19":0,"20":0,"21":0,"22":0,"23":0,"24":0,"25":0,"26":0,"27":0,"28":0,"29":0,"30":0,"31":0,"32":0,"33":0,"34":0,"35":0,"36":0,"37":0,"38":0,"39":0,"40":0,"41":0,"42":0,"43":0,"44":0,"45":0,"46":0,"47":0,"48":0,"49":0,"50":0,"51":0,"52":0,"53":0,"54":0,"55":0},"f":{"0":0,"1":0,"2":0,"3":0,"4":0,"5":0,"6":0,"7":0,"8":0,"9":0,"10":0,"11":0,"12":0,"13":0,"14":0,"15":0,"16":0,"17":0,"18":0},"b":{"0":[0],"1":[0,0],"2":[0,0],"3":[0],"4":[0,0]}}
,"/Users/royossai/WebstormProjects/pondSocket/source/pondclient/debounce.ts": {"path":"/Users/royossai/WebstormProjects/pondSocket/source/pondclient/debounce.ts","statementMap":{"0":{"start":{"line":1,"column":24},"end":{"line":17,"column":1}},"1":{"start":{"line":3,"column":4},"end":{"line":16,"column":6}},"2":{"start":{"line":4,"column":22},"end":{"line":7,"column":9}},"3":{"start":{"line":5,"column":12},"end":{"line":5,"column":27}},"4":{"start":{"line":6,"column":12},"end":{"line":6,"column":42}},"5":{"start":{"line":6,"column":28},"end":{"line":6,"column":42}},"6":{"start":{"line":9,"column":24},"end":{"line":9,"column":45}},"7":{"start":{"line":11,"column":8},"end":{"line":11,"column":30}},"8":{"start":{"line":13,"column":8},"end":{"line":13,"column":42}},"9":{"start":{"line":15,"column":8},"end":{"line":15,"column":35}},"10":{"start":{"line":15,"column":21},"end":{"line":15,"column":35}},"11":{"start":{"line":1,"column":13},"end":{"line":1,"column":24}}},"fnMap":{"0":{"name":"(anonymous_0)","decl":{"start":{"line":1,"column":24},"end":{"line":1,"column":25}},"loc":{"start":{"line":1,"column":77},"end":{"line":17,"column":1}}},"1":{"name":"executedFunction","decl":{"start":{"line":3,"column":20},"end":{"line":3,"column":36}},"loc":{"start":{"line":3,"column":51},"end":{"line":16,"column":5}}},"2":{"name":"(anonymous_2)","decl":{"start":{"line":4,"column":22},"end":{"line":4,"column":25}},"loc":{"start":{"line":4,"column":27},"end":{"line":7,"column":9}}}},"branchMap":{"0":{"loc":{"start":{"line":6,"column":12},"end":{"line":6,"column":42}},"type":"if","locations":[{"start":{"line":6,"column":12},"end":{"line":6,"column":42}}]},"1":{"loc":{"start":{"line":9,"column":24},"end":{"line":9,"column":45}},"type":"binary-expr","locations":[{"start":{"line":9,"column":24},"end":{"line":9,"column":33}},{"start":{"line":9,"column":37},"end":{"line":9,"column":45}}]},"2":{"loc":{"start":{"line":15,"column":8},"end":{"line":15,"column":35}},"type":"if","locations":[{"start":{"line":15,"column":8},"end":{"line":15,"column":35}}]}},"s":{"0":0,"1":0,"2":0,"3":0,"4":0,"5":0,"6":0,"7":0,"8":0,"9":0,"10":0,"11":0},"f":{"0":0,"1":0,"2":0},"b":{"0":[0],"1":[0,0],"2":[0]}}
,"/Users/royossai/WebstormProjects/pondSocket/source/pondclient/domDiff.ts": {"path":"/Users/royossai/WebstormProjects/pondSocket/source/pondclient/domDiff.ts","statementMap":{"0":{"start":{"line":3,"column":23},"end":{"line":16,"column":1}},"1":{"start":{"line":4,"column":16},"end":{"line":4,"column":45}},"2":{"start":{"line":5,"column":4},"end":{"line":5,"column":38}},"3":{"start":{"line":6,"column":22},"end":{"line":6,"column":66}},"4":{"start":{"line":7,"column":24},"end":{"line":7,"column":74}},"5":{"start":{"line":8,"column":4},"end":{"line":9,"column":59}},"6":{"start":{"line":9,"column":8},"end":{"line":9,"column":59}},"7":{"start":{"line":11,"column":23},"end":{"line":11,"column":59}},"8":{"start":{"line":12,"column":4},"end":{"line":12,"column":36}},"9":{"start":{"line":14,"column":4},"end":{"line":15,"column":43}},"10":{"start":{"line":15,"column":8},"end":{"line":15,"column":43}},"11":{"start":{"line":3,"column":13},"end":{"line":3,"column":23}},"12":{"start":{"line":18,"column":24},"end":{"line":69,"column":1}},"13":{"start":{"line":19,"column":4},"end":{"line":22,"column":null}},"14":{"start":{"line":20,"column":8},"end":{"line":20,"column":47}},"15":{"start":{"line":21,"column":8},"end":{"line":21,"column":15}},"16":{"start":{"line":24,"column":4},"end":{"line":27,"column":null}},"17":{"start":{"line":25,"column":8},"end":{"line":25,"column":47}},"18":{"start":{"line":26,"column":8},"end":{"line":26,"column":15}},"19":{"start":{"line":29,"column":4},"end":{"line":32,"column":null}},"20":{"start":{"line":30,"column":8},"end":{"line":30,"column":47}},"21":{"start":{"line":31,"column":8},"end":{"line":31,"column":15}},"22":{"start":{"line":34,"column":4},"end":{"line":37,"column":null}},"23":{"start":{"line":35,"column":8},"end":{"line":35,"column":47}},"24":{"start":{"line":36,"column":8},"end":{"line":36,"column":15}},"25":{"start":{"line":39,"column":4},"end":{"line":44,"column":null}},"26":{"start":{"line":40,"column":26},"end":{"line":40,"column":46}},"27":{"start":{"line":41,"column":8},"end":{"line":43,"column":67}},"28":{"start":{"line":42,"column":12},"end":{"line":43,"column":67}},"29":{"start":{"line":43,"column":16},"end":{"line":43,"column":67}},"30":{"start":{"line":46,"column":4},"end":{"line":54,"column":null}},"31":{"start":{"line":47,"column":26},"end":{"line":47,"column":46}},"32":{"start":{"line":48,"column":8},"end":{"line":53,"column":86}},"33":{"start":{"line":49,"column":12},"end":{"line":53,"column":86}},"34":{"start":{"line":50,"column":16},"end":{"line":50,"column":53}},"35":{"start":{"line":52,"column":17},"end":{"line":53,"column":86}},"36":{"start":{"line":53,"column":16},"end":{"line":53,"column":86}},"37":{"start":{"line":56,"column":24},"end":{"line":56,"column":80}},"38":{"start":{"line":57,"column":4},"end":{"line":68,"column":null}},"39":{"start":{"line":57,"column":17},"end":{"line":57,"column":18}},"40":{"start":{"line":58,"column":23},"end":{"line":58,"column":52}},"41":{"start":{"line":59,"column":23},"end":{"line":59,"column":52}},"42":{"start":{"line":60,"column":8},"end":{"line":67,"column":53}},"43":{"start":{"line":61,"column":12},"end":{"line":61,"column":37}},"44":{"start":{"line":63,"column":13},"end":{"line":67,"column":53}},"45":{"start":{"line":64,"column":12},"end":{"line":64,"column":53}},"46":{"start":{"line":66,"column":13},"end":{"line":67,"column":53}},"47":{"start":{"line":67,"column":12},"end":{"line":67,"column":53}},"48":{"start":{"line":18,"column":13},"end":{"line":18,"column":24}},"49":{"start":{"line":71,"column":33},"end":{"line":77,"column":1}},"50":{"start":{"line":72,"column":21},"end":{"line":72,"column":38}},"51":{"start":{"line":73,"column":4},"end":{"line":76,"column":null}},"52":{"start":{"line":73,"column":17},"end":{"line":73,"column":36}},"53":{"start":{"line":74,"column":22},"end":{"line":74,"column":33}},"54":{"start":{"line":75,"column":8},"end":{"line":75,"column":23}}},"fnMap":{"0":{"name":"(anonymous_0)","decl":{"start":{"line":3,"column":23},"end":{"line":3,"column":24}},"loc":{"start":{"line":3,"column":108},"end":{"line":16,"column":1}}},"1":{"name":"(anonymous_1)","decl":{"start":{"line":18,"column":24},"end":{"line":18,"column":25}},"loc":{"start":{"line":18,"column":63},"end":{"line":69,"column":1}}},"2":{"name":"(anonymous_2)","decl":{"start":{"line":71,"column":33},"end":{"line":71,"column":34}},"loc":{"start":{"line":71,"column":73},"end":{"line":77,"column":1}}}},"branchMap":{"0":{"loc":{"start":{"line":8,"column":4},"end":{"line":9,"column":59}},"type":"if","locations":[{"start":{"line":8,"column":4},"end":{"line":9,"column":59}}]},"1":{"loc":{"start":{"line":8,"column":8},"end":{"line":8,"column":32}},"type":"binary-expr","locations":[{"start":{"line":8,"column":8},"end":{"line":8,"column":17}},{"start":{"line":8,"column":21},"end":{"line":8,"column":32}}]},"2":{"loc":{"start":{"line":14,"column":4},"end":{"line":15,"column":43}},"type":"if","locations":[{"start":{"line":14,"column":4},"end":{"line":15,"column":43}}]},"3":{"loc":{"start":{"line":14,"column":8},"end":{"line":14,"column":36}},"type":"binary-expr","locations":[{"start":{"line":14,"column":8},"end":{"line":14,"column":15}},{"start":{"line":14,"column":19},"end":{"line":14,"column":36}}]},"4":{"loc":{"start":{"line":19,"column":4},"end":{"line":22,"column":null}},"type":"if","locations":[{"start":{"line":19,"column":4},"end":{"line":22,"column":null}}]},"5":{"loc":{"start":{"line":19,"column":8},"end":{"line":19,"column":93}},"type":"binary-expr","locations":[{"start":{"line":19,"column":8},"end":{"line":19,"column":28}},{"start":{"line":19,"column":32},"end":{"line":19,"column":52}},{"start":{"line":19,"column":56},"end":{"line":19,"column":93}}]},"6":{"loc":{"start":{"line":24,"column":4},"end":{"line":27,"column":null}},"type":"if","locations":[{"start":{"line":24,"column":4},"end":{"line":27,"column":null}}]},"7":{"loc":{"start":{"line":24,"column":8},"end":{"line":24,"column":55}},"type":"binary-expr","locations":[{"start":{"line":24,"column":8},"end":{"line":24,"column":28}},{"start":{"line":24,"column":32},"end":{"line":24,"column":55}}]},"8":{"loc":{"start":{"line":29,"column":4},"end":{"line":32,"column":null}},"type":"if","locations":[{"start":{"line":29,"column":4},"end":{"line":32,"column":null}}]},"9":{"loc":{"start":{"line":29,"column":8},"end":{"line":29,"column":55}},"type":"binary-expr","locations":[{"start":{"line":29,"column":8},"end":{"line":29,"column":31}},{"start":{"line":29,"column":35},"end":{"line":29,"column":55}}]},"10":{"loc":{"start":{"line":34,"column":4},"end":{"line":37,"column":null}},"type":"if","locations":[{"start":{"line":34,"column":4},"end":{"line":37,"column":null}}]},"11":{"loc":{"start":{"line":41,"column":8},"end":{"line":43,"column":67}},"type":"if","locations":[{"start":{"line":41,"column":8},"end":{"line":43,"column":67}}]},"12":{"loc":{"start":{"line":41,"column":12},"end":{"line":41,"column":58}},"type":"binary-expr","locations":[{"start":{"line":41,"column":12},"end":{"line":41,"column":21}},{"start":{"line":41,"column":25},"end":{"line":41,"column":39}},{"start":{"line":41,"column":43},"end":{"line":41,"column":58}}]},"13":{"loc":{"start":{"line":42,"column":12},"end":{"line":43,"column":67}},"type":"if","locations":[{"start":{"line":42,"column":12},"end":{"line":43,"column":67}}]},"14":{"loc":{"start":{"line":42,"column":16},"end":{"line":42,"column":107}},"type":"binary-expr","locations":[{"start":{"line":42,"column":16},"end":{"line":42,"column":50}},{"start":{"line":42,"column":54},"end":{"line":42,"column":107}}]},"15":{"loc":{"start":{"line":48,"column":8},"end":{"line":53,"column":86}},"type":"if","locations":[{"start":{"line":48,"column":8},"end":{"line":53,"column":86}}]},"16":{"loc":{"start":{"line":48,"column":12},"end":{"line":48,"column":58}},"type":"binary-expr","locations":[{"start":{"line":48,"column":12},"end":{"line":48,"column":21}},{"start":{"line":48,"column":25},"end":{"line":48,"column":39}},{"start":{"line":48,"column":43},"end":{"line":48,"column":58}}]},"17":{"loc":{"start":{"line":49,"column":12},"end":{"line":53,"column":86}},"type":"if","locations":[{"start":{"line":49,"column":12},"end":{"line":53,"column":86}},{"start":{"line":52,"column":17},"end":{"line":53,"column":86}}]},"18":{"loc":{"start":{"line":52,"column":17},"end":{"line":53,"column":86}},"type":"if","locations":[{"start":{"line":52,"column":17},"end":{"line":53,"column":86}}]},"19":{"loc":{"start":{"line":52,"column":21},"end":{"line":52,"column":111}},"type":"binary-expr","locations":[{"start":{"line":52,"column":21},"end":{"line":52,"column":54}},{"start":{"line":52,"column":58},"end":{"line":52,"column":111}}]},"20":{"loc":{"start":{"line":60,"column":8},"end":{"line":67,"column":53}},"type":"if","locations":[{"start":{"line":60,"column":8},"end":{"line":67,"column":53}},{"start":{"line":63,"column":13},"end":{"line":67,"column":53}}]},"21":{"loc":{"start":{"line":60,"column":12},"end":{"line":60,"column":28}},"type":"binary-expr","locations":[{"start":{"line":60,"column":12},"end":{"line":60,"column":18}},{"start":{"line":60,"column":22},"end":{"line":60,"column":28}}]},"22":{"loc":{"start":{"line":63,"column":13},"end":{"line":67,"column":53}},"type":"if","locations":[{"start":{"line":63,"column":13},"end":{"line":67,"column":53}},{"start":{"line":66,"column":13},"end":{"line":67,"column":53}}]},"23":{"loc":{"start":{"line":66,"column":13},"end":{"line":67,"column":53}},"type":"if","locations":[{"start":{"line":66,"column":13},"end":{"line":67,"column":53}}]}},"s":{"0":0,"1":0,"2":0,"3":0,"4":0,"5":0,"6":0,"7":0,"8":0,"9":0,"10":0,"11":0,"12":0,"13":0,"14":0,"15":0,"16":0,"17":0,"18":0,"19":0,"20":0,"21":0,"22":0,"23":0,"24":0,"25":0,"26":0,"27":0,"28":0,"29":0,"30":0,"31":0,"32":0,"33":0,"34":0,"35":0,"36":0,"37":0,"38":0,"39":0,"40":0,"41":0,"42":0,"43":0,"44":0,"45":0,"46":0,"47":0,"48":0,"49":0,"50":0,"51":0,"52":0,"53":0,"54":0},"f":{"0":0,"1":0,"2":0},"b":{"0":[0],"1":[0,0],"2":[0],"3":[0,0],"4":[0],"5":[0,0,0],"6":[0],"7":[0,0],"8":[0],"9":[0,0],"10":[0],"11":[0],"12":[0,0,0],"13":[0],"14":[0,0],"15":[0],"16":[0,0,0],"17":[0,0],"18":[0],"19":[0,0],"20":[0,0],"21":[0,0],"22":[0,0],"23":[0]}}
,"/Users/royossai/WebstormProjects/pondSocket/source/pondclient/domWatcher.ts": {"path":"/Users/royossai/WebstormProjects/pondSocket/source/pondclient/domWatcher.ts","statementMap":{"0":{"start":{"line":13,"column":72},"end":{"line":13,"column":74}},"1":{"start":{"line":16,"column":25},"end":{"line":73,"column":10}},"2":{"start":{"line":17,"column":12},"end":{"line":72,"column":null}},"3":{"start":{"line":17,"column":25},"end":{"line":17,"column":26}},"4":{"start":{"line":18,"column":33},"end":{"line":18,"column":45}},"5":{"start":{"line":20,"column":16},"end":{"line":71,"column":null}},"6":{"start":{"line":22,"column":24},"end":{"line":35,"column":null}},"7":{"start":{"line":22,"column":37},"end":{"line":22,"column":38}},"8":{"start":{"line":23,"column":41},"end":{"line":23,"column":65}},"9":{"start":{"line":24,"column":28},"end":{"line":34,"column":null}},"10":{"start":{"line":25,"column":48},"end":{"line":25,"column":67}},"11":{"start":{"line":26,"column":32},"end":{"line":33,"column":null}},"12":{"start":{"line":27,"column":36},"end":{"line":32,"column":null}},"13":{"start":{"line":28,"column":57},"end":{"line":28,"column":82}},"14":{"start":{"line":29,"column":40},"end":{"line":31,"column":43}},"15":{"start":{"line":30,"column":44},"end":{"line":30,"column":94}},"16":{"start":{"line":37,"column":24},"end":{"line":43,"column":null}},"17":{"start":{"line":37,"column":37},"end":{"line":37,"column":38}},"18":{"start":{"line":38,"column":41},"end":{"line":38,"column":63}},"19":{"start":{"line":39,"column":28},"end":{"line":42,"column":null}},"20":{"start":{"line":40,"column":48},"end":{"line":40,"column":67}},"21":{"start":{"line":41,"column":32},"end":{"line":41,"column":61}},"22":{"start":{"line":44,"column":24},"end":{"line":44,"column":30}},"23":{"start":{"line":47,"column":40},"end":{"line":47,"column":70}},"24":{"start":{"line":48,"column":37},"end":{"line":48,"column":66}},"25":{"start":{"line":49,"column":24},"end":{"line":70,"column":null}},"26":{"start":{"line":50,"column":28},"end":{"line":69,"column":null}},"27":{"start":{"line":51,"column":32},"end":{"line":68,"column":null}},"28":{"start":{"line":52,"column":53},"end":{"line":52,"column":78}},"29":{"start":{"line":53,"column":36},"end":{"line":55,"column":39}},"30":{"start":{"line":54,"column":40},"end":{"line":54,"column":84}},"31":{"start":{"line":58,"column":53},"end":{"line":58,"column":78}},"32":{"start":{"line":59,"column":57},"end":{"line":59,"column":102}},"33":{"start":{"line":60,"column":36},"end":{"line":66,"column":39}},"34":{"start":{"line":61,"column":40},"end":{"line":65,"column":107}},"35":{"start":{"line":62,"column":44},"end":{"line":62,"column":109}},"36":{"start":{"line":65,"column":44},"end":{"line":65,"column":107}},"37":{"start":{"line":75,"column":8},"end":{"line":80,"column":11}},"38":{"start":{"line":81,"column":8},"end":{"line":81,"column":34}},"39":{"start":{"line":85,"column":25},"end":{"line":85,"column":60}},"40":{"start":{"line":86,"column":8},"end":{"line":89,"column":null}},"41":{"start":{"line":86,"column":21},"end":{"line":86,"column":22}},"42":{"start":{"line":87,"column":28},"end":{"line":87,"column":54}},"43":{"start":{"line":88,"column":12},"end":{"line":88,"column":56}},"44":{"start":{"line":91,"column":25},"end":{"line":91,"column":56}},"45":{"start":{"line":92,"column":8},"end":{"line":92,"column":30}},"46":{"start":{"line":93,"column":8},"end":{"line":93,"column":45}},"47":{"start":{"line":97,"column":8},"end":{"line":97,"column":41}},"48":{"start":{"line":101,"column":8},"end":{"line":101,"column":43}},"49":{"start":{"line":105,"column":8},"end":{"line":116,"column":11}},"50":{"start":{"line":107,"column":16},"end":{"line":109,"column":19}},"51":{"start":{"line":108,"column":20},"end":{"line":108,"column":50}},"52":{"start":{"line":112,"column":16},"end":{"line":114,"column":null}},"53":{"start":{"line":113,"column":20},"end":{"line":113,"column":50}},"54":{"start":{"line":120,"column":8},"end":{"line":132,"column":11}},"55":{"start":{"line":121,"column":28},"end":{"line":121,"column":55}},"56":{"start":{"line":122,"column":12},"end":{"line":123,"column":53}},"57":{"start":{"line":123,"column":16},"end":{"line":123,"column":53}},"58":{"start":{"line":125,"column":27},"end":{"line":125,"column":63}},"59":{"start":{"line":126,"column":12},"end":{"line":127,"column":52}},"60":{"start":{"line":127,"column":16},"end":{"line":127,"column":52}},"61":{"start":{"line":129,"column":31},"end":{"line":129,"column":71}},"62":{"start":{"line":130,"column":12},"end":{"line":131,"column":56}},"63":{"start":{"line":131,"column":16},"end":{"line":131,"column":56}},"64":{"start":{"line":136,"column":8},"end":{"line":137,"column":35}},"65":{"start":{"line":137,"column":12},"end":{"line":137,"column":35}},"66":{"start":{"line":139,"column":8},"end":{"line":139,"column":36}},"67":{"start":{"line":143,"column":8},"end":{"line":150,"column":null}},"68":{"start":{"line":144,"column":12},"end":{"line":149,"column":null}},"69":{"start":{"line":145,"column":33},"end":{"line":145,"column":58}},"70":{"start":{"line":146,"column":16},"end":{"line":148,"column":19}},"71":{"start":{"line":147,"column":20},"end":{"line":147,"column":61}},"72":{"start":{"line":152,"column":8},"end":{"line":153,"column":65}},"73":{"start":{"line":152,"column":21},"end":{"line":152,"column":22}},"74":{"start":{"line":153,"column":12},"end":{"line":153,"column":65}},"75":{"start":{"line":11,"column":0},"end":{"line":11,"column":13}}},"fnMap":{"0":{"name":"(anonymous_0)","decl":{"start":{"line":15,"column":4},"end":{"line":15,"column":null}},"loc":{"start":{"line":15,"column":4},"end":{"line":82,"column":5}}},"1":{"name":"(anonymous_1)","decl":{"start":{"line":16,"column":46},"end":{"line":16,"column":47}},"loc":{"start":{"line":16,"column":60},"end":{"line":73,"column":9}}},"2":{"name":"(anonymous_2)","decl":{"start":{"line":29,"column":57},"end":{"line":29,"column":58}},"loc":{"start":{"line":29,"column":68},"end":{"line":31,"column":41}}},"3":{"name":"(anonymous_3)","decl":{"start":{"line":53,"column":53},"end":{"line":53,"column":54}},"loc":{"start":{"line":53,"column":64},"end":{"line":55,"column":37}}},"4":{"name":"(anonymous_4)","decl":{"start":{"line":60,"column":53},"end":{"line":60,"column":54}},"loc":{"start":{"line":60,"column":64},"end":{"line":66,"column":37}}},"5":{"name":"(anonymous_5)","decl":{"start":{"line":84,"column":11},"end":{"line":84,"column":16}},"loc":{"start":{"line":84,"column":62},"end":{"line":94,"column":5}}},"6":{"name":"(anonymous_6)","decl":{"start":{"line":96,"column":11},"end":{"line":96,"column":18}},"loc":{"start":{"line":96,"column":35},"end":{"line":98,"column":5}}},"7":{"name":"(anonymous_7)","decl":{"start":{"line":100,"column":11},"end":{"line":100,"column":21}},"loc":{"start":{"line":100,"column":38},"end":{"line":102,"column":5}}},"8":{"name":"(anonymous_8)","decl":{"start":{"line":104,"column":11},"end":{"line":104,"column":27}},"loc":{"start":{"line":104,"column":125},"end":{"line":117,"column":5}}},"9":{"name":"(anonymous_9)","decl":{"start":{"line":106,"column":19},"end":{"line":106,"column":20}},"loc":{"start":{"line":106,"column":31},"end":{"line":110,"column":13}}},"10":{"name":"(anonymous_10)","decl":{"start":{"line":107,"column":48},"end":{"line":107,"column":49}},"loc":{"start":{"line":107,"column":58},"end":{"line":109,"column":17}}},"11":{"name":"(anonymous_11)","decl":{"start":{"line":111,"column":22},"end":{"line":111,"column":23}},"loc":{"start":{"line":111,"column":34},"end":{"line":115,"column":13}}},"12":{"name":"(anonymous_12)","decl":{"start":{"line":112,"column":51},"end":{"line":112,"column":52}},"loc":{"start":{"line":112,"column":61},"end":{"line":114,"column":17}}},"13":{"name":"(anonymous_13)","decl":{"start":{"line":119,"column":11},"end":{"line":119,"column":24}},"loc":{"start":{"line":119,"column":122},"end":{"line":133,"column":5}}},"14":{"name":"(anonymous_14)","decl":{"start":{"line":120,"column":46},"end":{"line":120,"column":47}},"loc":{"start":{"line":120,"column":56},"end":{"line":132,"column":9}}},"15":{"name":"(anonymous_15)","decl":{"start":{"line":135,"column":11},"end":{"line":135,"column":19}},"loc":{"start":{"line":135,"column":19},"end":{"line":140,"column":5}}},"16":{"name":"(anonymous_16)","decl":{"start":{"line":142,"column":12},"end":{"line":142,"column":26}},"loc":{"start":{"line":142,"column":44},"end":{"line":154,"column":5}}},"17":{"name":"(anonymous_17)","decl":{"start":{"line":146,"column":33},"end":{"line":146,"column":34}},"loc":{"start":{"line":146,"column":44},"end":{"line":148,"column":17}}}},"branchMap":{"0":{"loc":{"start":{"line":20,"column":16},"end":{"line":71,"column":null}},"type":"switch","locations":[{"start":{"line":21,"column":20},"end":{"line":44,"column":30}},{"start":{"line":46,"column":20},"end":{"line":70,"column":null}}]},"1":{"loc":{"start":{"line":24,"column":28},"end":{"line":34,"column":null}},"type":"if","locations":[{"start":{"line":24,"column":28},"end":{"line":34,"column":null}}]},"2":{"loc":{"start":{"line":27,"column":36},"end":{"line":32,"column":null}},"type":"if","locations":[{"start":{"line":27,"column":36},"end":{"line":32,"column":null}}]},"3":{"loc":{"start":{"line":30,"column":44},"end":{"line":30,"column":93}},"type":"binary-expr","locations":[{"start":{"line":30,"column":44},"end":{"line":30,"column":59}},{"start":{"line":30,"column":63},"end":{"line":30,"column":93}}]},"4":{"loc":{"start":{"line":39,"column":28},"end":{"line":42,"column":null}},"type":"if","locations":[{"start":{"line":39,"column":28},"end":{"line":42,"column":null}}]},"5":{"loc":{"start":{"line":50,"column":28},"end":{"line":69,"column":null}},"type":"if","locations":[{"start":{"line":50,"column":28},"end":{"line":69,"column":null}}]},"6":{"loc":{"start":{"line":50,"column":32},"end":{"line":50,"column":78}},"type":"binary-expr","locations":[{"start":{"line":50,"column":32},"end":{"line":50,"column":49}},{"start":{"line":50,"column":53},"end":{"line":50,"column":78}}]},"7":{"loc":{"start":{"line":51,"column":32},"end":{"line":68,"column":null}},"type":"if","locations":[{"start":{"line":51,"column":32},"end":{"line":68,"column":null}},{"start":{"line":57,"column":39},"end":{"line":68,"column":null}}]},"8":{"loc":{"start":{"line":54,"column":40},"end":{"line":54,"column":83}},"type":"binary-expr","locations":[{"start":{"line":54,"column":40},"end":{"line":54,"column":52}},{"start":{"line":54,"column":56},"end":{"line":54,"column":83}}]},"9":{"loc":{"start":{"line":61,"column":40},"end":{"line":65,"column":107}},"type":"if","locations":[{"start":{"line":61,"column":40},"end":{"line":65,"column":107}},{"start":{"line":65,"column":44},"end":{"line":65,"column":107}}]},"10":{"loc":{"start":{"line":62,"column":44},"end":{"line":62,"column":108}},"type":"binary-expr","locations":[{"start":{"line":62,"column":44},"end":{"line":62,"column":60}},{"start":{"line":62,"column":64},"end":{"line":62,"column":108}}]},"11":{"loc":{"start":{"line":65,"column":44},"end":{"line":65,"column":106}},"type":"binary-expr","locations":[{"start":{"line":65,"column":44},"end":{"line":65,"column":59}},{"start":{"line":65,"column":63},"end":{"line":65,"column":106}}]},"12":{"loc":{"start":{"line":88,"column":12},"end":{"line":88,"column":55}},"type":"binary-expr","locations":[{"start":{"line":88,"column":12},"end":{"line":88,"column":24}},{"start":{"line":88,"column":28},"end":{"line":88,"column":55}}]},"13":{"loc":{"start":{"line":91,"column":25},"end":{"line":91,"column":56}},"type":"binary-expr","locations":[{"start":{"line":91,"column":25},"end":{"line":91,"column":50}},{"start":{"line":91,"column":54},"end":{"line":91,"column":56}}]},"14":{"loc":{"start":{"line":122,"column":12},"end":{"line":123,"column":53}},"type":"if","locations":[{"start":{"line":122,"column":12},"end":{"line":123,"column":53}}]},"15":{"loc":{"start":{"line":126,"column":12},"end":{"line":127,"column":52}},"type":"if","locations":[{"start":{"line":126,"column":12},"end":{"line":127,"column":52}}]},"16":{"loc":{"start":{"line":126,"column":16},"end":{"line":126,"column":80}},"type":"binary-expr","locations":[{"start":{"line":126,"column":16},"end":{"line":126,"column":22}},{"start":{"line":126,"column":26},"end":{"line":126,"column":80}}]},"17":{"loc":{"start":{"line":130,"column":12},"end":{"line":131,"column":56}},"type":"if","locations":[{"start":{"line":130,"column":12},"end":{"line":131,"column":56}}]},"18":{"loc":{"start":{"line":130,"column":16},"end":{"line":130,"column":88}},"type":"binary-expr","locations":[{"start":{"line":130,"column":16},"end":{"line":130,"column":26}},{"start":{"line":130,"column":30},"end":{"line":130,"column":88}}]},"19":{"loc":{"start":{"line":144,"column":12},"end":{"line":149,"column":null}},"type":"if","locations":[{"start":{"line":144,"column":12},"end":{"line":149,"column":null}}]},"20":{"loc":{"start":{"line":147,"column":20},"end":{"line":147,"column":60}},"type":"binary-expr","locations":[{"start":{"line":147,"column":20},"end":{"line":147,"column":32}},{"start":{"line":147,"column":36},"end":{"line":147,"column":60}}]}},"s":{"0":0,"1":0,"2":0,"3":0,"4":0,"5":0,"6":0,"7":0,"8":0,"9":0,"10":0,"11":0,"12":0,"13":0,"14":0,"15":0,"16":0,"17":0,"18":0,"19":0,"20":0,"21":0,"22":0,"23":0,"24":0,"25":0,"26":0,"27":0,"28":0,"29":0,"30":0,"31":0,"32":0,"33":0,"34":0,"35":0,"36":0,"37":0,"38":0,"39":0,"40":0,"41":0,"42":0,"43":0,"44":0,"45":0,"46":0,"47":0,"48":0,"49":0,"50":0,"51":0,"52":0,"53":0,"54":0,"55":0,"56":0,"57":0,"58":0,"59":0,"60":0,"61":0,"62":0,"63":0,"64":0,"65":0,"66":0,"67":0,"68":0,"69":0,"70":0,"71":0,"72":0,"73":0,"74":0,"75":0},"f":{"0":0,"1":0,"2":0,"3":0,"4":0,"5":0,"6":0,"7":0,"8":0,"9":0,"10":0,"11":0,"12":0,"13":0,"14":0,"15":0,"16":0,"17":0},"b":{"0":[0,0],"1":[0],"2":[0],"3":[0,0],"4":[0],"5":[0],"6":[0,0],"7":[0,0],"8":[0,0],"9":[0,0],"10":[0,0],"11":[0,0],"12":[0,0],"13":[0,0],"14":[0],"15":[0],"16":[0,0],"17":[0],"18":[0,0],"19":[0],"20":[0,0]}}
,"/Users/royossai/WebstormProjects/pondSocket/source/pondclient/eventEmmiter.ts": {"path":"/Users/royossai/WebstormProjects/pondSocket/source/pondclient/eventEmmiter.ts","statementMap":{"0":{"start":{"line":3,"column":25},"end":{"line":14,"column":1}},"1":{"start":{"line":4,"column":25},"end":{"line":8,"column":6}},"2":{"start":{"line":10,"column":4},"end":{"line":13,"column":43}},"3":{"start":{"line":11,"column":8},"end":{"line":11,"column":44}},"4":{"start":{"line":13,"column":8},"end":{"line":13,"column":43}},"5":{"start":{"line":3,"column":13},"end":{"line":3,"column":25}},"6":{"start":{"line":16,"column":29},"end":{"line":32,"column":1}},"7":{"start":{"line":17,"column":26},"end":{"line":17,"column":58}},"8":{"start":{"line":18,"column":16},"end":{"line":18,"column":20}},"9":{"start":{"line":20,"column":4},"end":{"line":23,"column":null}},"10":{"start":{"line":21,"column":22},"end":{"line":21,"column":54}},"11":{"start":{"line":22,"column":8},"end":{"line":22,"column":28}},"12":{"start":{"line":25,"column":4},"end":{"line":31,"column":null}},"13":{"start":{"line":26,"column":21},"end":{"line":26,"column":62}},"14":{"start":{"line":27,"column":21},"end":{"line":27,"column":51}},"15":{"start":{"line":28,"column":23},"end":{"line":28,"column":59}},"16":{"start":{"line":29,"column":8},"end":{"line":30,"column":74}},"17":{"start":{"line":30,"column":12},"end":{"line":30,"column":74}},"18":{"start":{"line":16,"column":13},"end":{"line":16,"column":29}}},"fnMap":{"0":{"name":"(anonymous_0)","decl":{"start":{"line":3,"column":25},"end":{"line":3,"column":26}},"loc":{"start":{"line":3,"column":73},"end":{"line":14,"column":1}}},"1":{"name":"(anonymous_1)","decl":{"start":{"line":16,"column":29},"end":{"line":16,"column":30}},"loc":{"start":{"line":16,"column":101},"end":{"line":32,"column":1}}}},"branchMap":{"0":{"loc":{"start":{"line":10,"column":4},"end":{"line":13,"column":43}},"type":"if","locations":[{"start":{"line":10,"column":4},"end":{"line":13,"column":43}},{"start":{"line":
[...]
":{"line":102,"column":8},"end":{"line":103,"column":71}}]},"3":{"loc":{"start":{"line":106,"column":45},"end":{"line":106,"column":85}},"type":"binary-expr","locations":[{"start":{"line":106,"column":45},"end":{"line":106,"column":79}},{"start":{"line":106,"column":83},"end":{"line":106,"column":85}}]},"4":{"loc":{"start":{"line":121,"column":8},"end":{"line":122,"column":110}},"type":"if","locations":[{"start":{"line":121,"column":8},"end":{"line":122,"column":110}}]},"5":{"loc":{"start":{"line":164,"column":35},"end":{"line":164,"column":57}},"type":"binary-expr","locations":[{"start":{"line":164,"column":35},"end":{"line":164,"column":51}},{"start":{"line":164,"column":55},"end":{"line":164,"column":57}}]},"6":{"loc":{"start":{"line":164,"column":59},"end":{"line":164,"column":80}},"type":"binary-expr","locations":[{"start":{"line":164,"column":59},"end":{"line":164,"column":74}},{"start":{"line":164,"column":78},"end":{"line":164,"column":80}}]},"7":{"loc":{"start":{"line":186,"column":20},"end":{"line":186,"column":67}},"type":"cond-expr","locations":[{"start":{"line":186,"column":46},"end":{"line":186,"column":54}},{"start":{"line":186,"column":57},"end":{"line":186,"column":67}}]},"8":{"loc":{"start":{"line":197,"column":11},"end":{"line":197,"column":50}},"type":"binary-expr","locations":[{"start":{"line":197,"column":11},"end":{"line":197,"column":42}},{"start":{"line":197,"column":46},"end":{"line":197,"column":50}}]},"9":{"loc":{"start":{"line":207,"column":4},"end":{"line":208,"column":45}},"type":"if","locations":[{"start":{"line":207,"column":4},"end":{"line":208,"column":45}}]},"10":{"loc":{"start":{"line":219,"column":4},"end":{"line":225,"column":null}},"type":"if","locations":[{"start":{"line":219,"column":4},"end":{"line":225,"column":null}}]},"11":{"loc":{"start":{"line":223,"column":8},"end":{"line":224,"column":39}},"type":"if","locations":[{"start":{"line":223,"column":8},"end":{"line":224,"column":39}}]},"12":{"loc":{"start":{"line":235,"column":23},"end":{"line":235,"column":76}},"type":"binary-expr","locations":[{"start":{"line":235,"column":23},"end":{"line":235,"column":68}},{"start":{"line":235,"column":72},"end":{"line":235,"column":76}}]},"13":{"loc":{"start":{"line":236,"column":4},"end":{"line":237,"column":33}},"type":"if","locations":[{"start":{"line":236,"column":4},"end":{"line":237,"column":33}}]},"14":{"loc":{"start":{"line":266,"column":20},"end":{"line":266,"column":67}},"type":"cond-expr","locations":[{"start":{"line":266,"column":46},"end":{"line":266,"column":54}},{"start":{"line":266,"column":57},"end":{"line":266,"column":67}}]},"15":{"loc":{"start":{"line":269,"column":6},"end":{"line":275,"column":null}},"type":"if","locations":[{"start":{"line":269,"column":6},"end":{"line":275,"column":null}}]},"16":{"loc":{"start":{"line":271,"column":8},"end":{"line":274,"column":null}},"type":"if","locations":[{"start":{"line":271,"column":8},"end":{"line":274,"column":null}}]},"17":{"loc":{"start":{"line":290,"column":6},"end":{"line":339,"column":null}},"type":"if","locations":[{"start":{"line":290,"column":6},"end":{"line":339,"column":null}}]},"18":{"loc":{"start":{"line":313,"column":10},"end":{"line":334,"column":null}},"type":"if","locations":[{"start":{"line":313,"column":10},"end":{"line":334,"column":null}},{"start":{"line":319,"column":15},"end":{"line":334,"column":null}}]},"19":{"loc":{"start":{"line":320,"column":12},"end":{"line":321,"column":46}},"type":"if","locations":[{"start":{"line":320,"column":12},"end":{"line":321,"column":46}}]},"20":{"loc":{"start":{"line":323,"column":12},"end":{"line":333,"column":null}},"type":"if","locations":[{"start":{"line":323,"column":12},"end":{"line":333,"column":null}}]},"21":{"loc":{"start":{"line":326,"column":14},"end":{"line":332,"column":18}},"type":"if","locations":[{"start":{"line":326,"column":14},"end":{"line":332,"column":18}}]},"22":{"loc":{"start":{"line":341,"column":13},"end":{"line":341,"column":32}},"type":"binary-expr","locations":[{"start":{"line":341,"column":13},"end":{"line":341,"column":22}},{"start":{"line":341,"column":26},"end":{"line":341,"column":32}}]}},"s":{"0":7,"1":7,"2":7,"3":7,"4":15,"5":15,"6":15,"7":15,"8":15,"9":15,"10":10,"11":9,"12":43,"13":6,"14":6,"15":21,"16":21,"17":6,"18":21,"19":21,"20":1,"21":20,"22":15,"23":20,"24":20,"25":20,"26":19,"27":2,"28":17,"29":17,"30":17,"31":43,"32":17,"33":17,"34":17,"35":1,"36":17,"37":20,"38":20,"39":1,"40":1,"41":1,"42":1,"43":1,"44":2,"45":2,"46":12,"47":10,"48":2,"49":2,"50":2,"51":31,"52":2,"53":1,"54":2,"55":1,"56":1,"57":1,"58":16,"59":8,"60":8,"61":8,"62":8,"63":7,"64":7,"65":18,"66":16,"67":18,"68":16,"69":2,"70":16,"71":16,"72":16,"73":6,"74":16,"75":2,"76":2,"77":4,"78":4,"79":4,"80":4,"81":4,"82":4,"83":4,"84":6,"85":28,"86":28,"87":28,"88":15,"89":15,"90":15,"91":13,"92":13,"93":3,"94":10,"95":2,"96":10,"97":4,"98":4,"99":1,"100":15,"101":15,"102":28,"103":7},"f":{"0":15,"1":10,"2":9,"3":43,"4":6,"5":21,"6":21,"7":6,"8":19,"9":43,"10":1,"11":1,"12":1,"13":1,"14":2,"15":2,"16":12,"17":10,"18":2,"19":2,"20":31,"21":2,"22":1,"23":16,"24":8,"25":18,"26":16,"27":16,"28":16,"29":6,"30":2,"31":4,"32":4,"33":6,"34":28,"35":13},"b":{"0":[1],"1":[15],"2":[2],"3":[17,17],"4":[1],"5":[2,1],"6":[2,1],"7":[1,1],"8":[31,3],"9":[1],"10":[8],"11":[7],"12":[18,2],"13":[16],"14":[1,1],"15":[4],"16":[4],"17":[15],"18":[3,10],"19":[2],"20":[4],"21":[1],"22":[28,25]}}
,"/Users/royossai/WebstormProjects/pondSocket/source/pondsocket/pondResponse.ts": {"path":"/Users/royossai/WebstormProjects/pondSocket/source/pondsocket/pondResponse.ts","statementMap":{"0":{"start":{"line":1,"column":0},"end":{"line":1,"column":71}},"1":{"start":{"line":18,"column":8},"end":{"line":18,"column":31}},"2":{"start":{"line":19,"column":8},"end":{"line":19,"column":26}},"3":{"start":{"line":20,"column":8},"end":{"line":20,"column":33}},"4":{"start":{"line":21,"column":8},"end":{"line":21,"column":32}},"5":{"start":{"line":22,"column":8},"end":{"line":22,"column":36}},"6":{"start":{"line":32,"column":8},"end":{"line":35,"column":null}},"7":{"start":{"line":37,"column":8},"end":{"line":37,"column":38}},"8":{"start":{"line":45,"column":8},"end":{"line":45,"column":38}},"9":{"start":{"line":54,"column":8},"end":{"line":54,"column":88}},"10":{"start":{"line":55,"column":8},"end":{"line":55,"column":37}},"11":{"start":{"line":56,"column":8},"end":{"line":59,"column":null}},"12":{"start":{"line":61,"column":8},"end":{"line":61,"column":33}},"13":{"start":{"line":70,"column":8},"end":{"line":80,"column":83}},"14":{"start":{"line":71,"column":12},"end":{"line":71,"column":34}},"15":{"start":{"line":72,"column":46},"end":{"line":76,"column":14}},"16":{"start":{"line":77,"column":12},"end":{"line":77,"column":32}},"17":{"start":{"line":80,"column":12},"end":{"line":80,"column":83}},"18":{"start":{"line":89,"column":8},"end":{"line":90,"column":33}},"19":{"start":{"line":90,"column":12},"end":{"line":90,"column":33}},"20":{"start":{"line":92,"column":29},"end":{"line":92,"column":56}},"21":{"start":{"line":93,"column":27},"end":{"line":93,"column":63}},"22":{"start":{"line":94,"column":25},"end":{"line":94,"column":75}},"23":{"start":{"line":95,"column":28},"end":{"line":95,"column":84}},"24":{"start":{"line":96,"column":24},"end":{"line":96,"column":72}},"25":{"start":{"line":98,"column":8},"end":{"line":102,"column":29}},"26":{"start":{"line":4,"column":0},"end":{"line":4,"column":13}}},"fnMap":{"0":{"name":"(anonymous_0)","decl":{"start":{"line":13,"column":4},"end":{"line":13,"column":null}},"loc":{"start":{"line":16,"column":33},"end":{"line":23,"column":5}}},"1":{"name":"(anonymous_1)","decl":{"start":{"line":31,"column":11},"end":{"line":31,"column":15}},"loc":{"start":{"line":31,"column":87},"end":{"line":38,"column":5}}},"2":{"name":"(anonymous_2)","decl":{"start":{"line":44,"column":11},"end":{"line":44,"column":17}},"loc":{"start":{"line":44,"column":52},"end":{"line":46,"column":5}}},"3":{"name":"(anonymous_3)","decl":{"start":{"line":53,"column":11},"end":{"line":53,"column":17}},"loc":{"start":{"line":53,"column":54},"end":{"line":62,"column":5}}},"4":{"name":"(anonymous_4)","decl":{"start":{"line":69,"column":12},"end":{"line":69,"column":20}},"loc":{"start":{"line":69,"column":55},"end":{"line":81,"column":5}}},"5":{"name":"(anonymous_5)","decl":{"start":{"line":88,"column":12},"end":{"line":88,"column":25}},"loc":{"start":{"line":88,"column":57},"end":{"line":103,"column":5}}}},"branchMap":{"0":{"loc":{"start":{"line":16,"column":8},"end":{"line":16,"column":33}},"type":"default-arg","locations":[{"start":{"line":16,"column":29},"end":{"line":16,"column":33}}]},"1":{"loc":{"start":{"line":54,"column":18},"end":{"line":54,"column":87}},"type":"binary-expr","locations":[{"start":{"line":54,"column":18},"end":{"line":54,"column":25}},{"start":{"line":54,"column":29},"end":{"line":54,"column":87}}]},"2":{"loc":{"start":{"line":54,"column":30},"end":{"line":54,"column":72}},"type":"cond-expr","locations":[{"start":{"line":54,"column":48},"end":{"line":54,"column":57}},{"start":{"line":54,"column":60},"end":{"line":54,"column":72}}]},"3":{"loc":{"start":{"line":55,"column":20},"end":{"line":55,"column":36}},"type":"binary-expr","locations":[{"start":{"line":55,"column":20},"end":{"line":55,"column":29}},{"start":{"line":55,"column":33},"end":{"line":55,"column":36}}]},"4":{"loc":{"start":{"line":70,"column":8},"end":{"line":80,"column":83}},"type":"if","locations":[{"start":{"line":70,"column":8},"end":{"line":80,"column":83}},{"start":{"line":80,"column":12},"end":{"line":80,"column":83}}]},"5":{"loc":{"start":{"line":89,"column":8},"end":{"line":90,"column":33}},"type":"if","locations":[{"start":{"line":89,"column":8},"end":{"line":90,"column":33}}]}},"s":{"0":8,"1":70,"2":70,"3":70,"4":70,"5":70,"6":15,"7":15,"8":42,"9":9,"10":9,"11":9,"12":9,"13":66,"14":65,"15":65,"16":65,"17":1,"18":65,"19":47,"20":18,"21":18,"22":18,"23":18,"24":18,"25":18,"26":8},"f":{"0":70,"1":15,"2":42,"3":9,"4":66,"5":65},"b":{"0":[48],"1":[9,6],"2":[5,1],"3":[9,7],"4":[65,1],"5":[47]}}
,"/Users/royossai/WebstormProjects/pondSocket/source/pondsocket/pondSocket.ts": {"path":"/Users/royossai/WebstormProjects/pondSocket/source/pondsocket/pondSocket.ts","statementMap":{"0":{"start":{"line":1,"column":0},"end":{"line":1,"column":61}},"1":{"start":{"line":2,"column":0},"end":{"line":2,"column":48}},"2":{"start":{"line":3,"column":0},"end":{"line":3,"column":76}},"3":{"start":{"line":4,"column":0},"end":{"line":4,"column":55}},"4":{"start":{"line":6,"column":0},"end":{"line":6,"column":68}},"5":{"start":{"line":14,"column":4},"end":{"line":14,"column":12}},"6":{"start":{"line":15,"column":4},"end":{"line":15,"column":46}},"7":{"start":{"line":16,"column":4},"end":{"line":16,"column":81}},"8":{"start":{"line":17,"column":4},"end":{"line":17,"column":59}},"9":{"start":{"line":18,"column":4},"end":{"line":18,"column":17}},"10":{"start":{"line":26,"column":54},"end":{"line":26,"column":59}},"11":{"start":{"line":27,"column":4},"end":{"line":27,"column":66}},"12":{"start":{"line":28,"column":4},"end":{"line":28,"column":21}},"13":{"start":{"line":37,"column":4},"end":{"line":37,"column":47}},"14":{"start":{"line":45,"column":4},"end":{"line":45,"column":38}},"15":{"start":{"line":67,"column":21},"end":{"line":67,"column":62}},"16":{"start":{"line":68,"column":4},"end":{"line":76,"column":7}},"17":{"start":{"line":69,"column":22},"end":{"line":69,"column":35}},"18":{"start":{"line":70,"column":27},"end":{"line":70,"column":67}},"19":{"start":{"line":71,"column":6},"end":{"line":72,"column":22}},"20":{"start":{"line":72,"column":8},"end":{"line":72,"column":22}},"21":{"start":{"line":74,"column":6},"end":{"line":75,"column":57}},"22":{"start":{"line":75,"column":24},"end":{"line":75,"column":55}},"23":{"start":{"line":78,"column":4},"end":{"line":78,"column":20}},"24":{"start":{"line":86,"column":4},"end":{"line":91,"column":7}},"25":{"start":{"line":87,"column":6},"end":{"line":87,"column":24}},"26":{"start":{"line":88,"column":6},"end":{"line":90,"column":9}},"27":{"start":{"line":89,"column":8},"end":{"line":89,"column":26}},"28":{"start":{"line":93,"column":21},"end":{"line":99,"column":13}},"29":{"start":{"line":94,"column":6},"end":{"line":98,"column":9}},"30":{"start":{"line":95,"column":8},"end":{"line":95,"column":56}},"31":{"start":{"line":95,"column":34},"end":{"line":95,"column":56}},"32":{"start":{"line":96,"column":8},"end":{"line":96,"column":27}},"33":{"start":{"line":97,"column":8},"end":{"line":97,"column":18}},"34":{"start":{"line":101,"column":4},"end":{"line":101,"column":54}},"35":{"start":{"line":101,"column":29},"end":{"line":101,"column":52}},"36":{"start":{"line":108,"column":4},"end":{"line":110,"column":7}},"37":{"start":{"line":109,"column":6},"end":{"line":109,"column":58}},"38":{"start":{"line":112,"column":4},"end":{"line":114,"column":7}},"39":{"start":{"line":113,"column":6},"end":{"line":113,"column":44}},"40":{"start":{"line":8,"column":0},"end":{"line":8,"column":13}}},"fnMap":{"0":{"name":"(anonymous_0)","decl":{"start":{"line":13,"column":2},"end":{"line":13,"column":14}},"loc":{"start":{"line":13,"column":65},"end":{"line":19,"column":3}}},"1":{"name":"(anonymous_1)","decl":{"start":{"line":25,"column":10},"end":{"line":25,"column":16}},"loc":{"start":{"line":25,"column":68},"end":{"line":29,"column":3}}},"2":{"name":"(anonymous_2)","decl":{"start":{"line":36,"column":9},"end":{"line":36,"column":15}},"loc":{"start":{"line":36,"column":63},"end":{"line":38,"column":3}}},"3":{"name":"(anonymous_3)","decl":{"start":{"line":44,"column":9},"end":{"line":44,"column":21}},"loc":{"start":{"line":44,"column":123},"end":{"line":46,"column":3}}},"4":{"name":"(anonymous_4)","decl":{"start":{"line":66,"column":9},"end":{"line":66,"column":23}},"loc":{"start":{"line":66,"column":64},"end":{"line":79,"column":3}}},"5":{"name":"(anonymous_5)","decl":{"start":{"line":68,"column":26},"end":{"line":68,"column":31}},"loc":{"start":{"line":68,"column":60},"end":{"line":76,"column":5}}},"6":{"name":"(anonymous_6)","decl":{"start":{"line":75,"column":15},"end":{"line":75,"column":20}},"loc":{"start":{"line":75,"column":24},"end":{"line":75,"column":55}}},"7":{"name":"(anonymous_7)","decl":{"start":{"line":85,"column":10},"end":{"line":85,"column":22}},"loc":{"start":{"line":85,"column":46},"end":{"line":102,"column":3}}},"8":{"name":"(anonymous_8)","decl":{"start":{"line":86,"column":28},"end":{"line":86,"column":29}},"loc":{"start":{"line":86,"column":70},"end":{"line":91,"column":5}}},"9":{"name":"(anonymous_9)","decl":{"start":{"line":88,"column":20},"end":{"line":88,"column":23}},"loc":{"start":{"line":88,"column":25},"end":{"line":90,"column":7}}},"10":{"name":"(anonymous_10)","decl":{"start":{"line":93,"column":33},"end":{"line":93,"column":36}},"loc":{"start":{"line":93,"column":38},"end":{"line":99,"column":5}}},"11":{"name":"(anonymous_11)","decl":{"start":{"line":94,"column":29},"end":{"line":94,"column":30}},"loc":{"start":{"line":94,"column":71},"end":{"line":98,"column":7}}},"12":{"name":"(anonymous_12)","decl":{"start":{"line":101,"column":23},"end":{"line":101,"column":26}},"loc":{"start":{"line":101,"column":29},"end":{"line":101,"column":52}}},"13":{"name":"(anonymous_13)","decl":{"start":{"line":107,"column":10},"end":{"line":107,"column":15}},"loc":{"start":{"line":107,"column":15},"end":{"line":115,"column":3}}},"14":{"name":"(anonymous_14)","decl":{"start":{"line":108,"column":29},"end":{"line":108,"column":30}},"loc":{"start":{"line":108,"column":39},"end":{"line":110,"column":5}}},"15":{"name":"(anonymous_15)","decl":{"start":{"line":112,"column":33},"end":{"line":112,"column":36}},"loc":{"start":{"line":112,"column":38},"end":{"line":114,"column":5}}}},"branchMap":{"0":{"loc":{"start":{"line":15,"column":19},"end":{"line":15,"column":45}},"type":"binary-expr","locations":[{"start":{"line":15,"column":19},"end":{"line":15,"column":25}},{"start":{"line":15,"column":29},"end":{"line":15,"column":45}}]},"1":{"loc":{"start":{"line":16,"column":25},"end":{"line":16,"column":80}},"type":"binary-expr","locations":[{"start":{"line":16,"column":25},"end":{"line":16,"column":37}},{"start":{"line":16,"column":41},"end":{"line":16,"column":80}}]},"2":{"loc":{"start":{"line":69,"column":22},"end":{"line":69,"column":35}},"type":"binary-expr","locations":[{"start":{"line":69,"column":22},"end":{"line":69,"column":29}},{"start":{"line":69,"column":33},"end":{"line":69,"column":35}}]},"3":{"loc":{"start":{"line":71,"column":6},"end":{"line":72,"column":22}},"type":"if","locations":[{"start":{"line":71,"column":6},"end":{"line":72,"column":22}}]},"4":{"loc":{"start":{"line":95,"column":8},"end":{"line":95,"column":56}},"type":"if","locations":[{"start":{"line":95,"column":8},"end":{"line":95,"column":56}}]}},"s":{"0":6,"1":6,"2":6,"3":6,"4":6,"5":21,"6":21,"7":21,"8":21,"9":21,"10":1,"11":1,"12":1,"13":16,"14":0,"15":17,"16":17,"17":23,"18":23,"19":23,"20":1,"21":22,"22":1,"23":17,"24":13,"25":21,"26":21,"27":0,"28":13,"29":0,"30":0,"31":0,"32":0,"33":0,"34":13,"35":0,"36":21,"37":1,"38":21,"39":13,"40":6},"f":{"0":21,"1":1,"2":16,"3":0,"4":17,"5":23,"6":1,"7":13,"8":21,"9":0,"10":0,"11":0,"12":0,"13":21,"14":1,"15":13},"b":{"0":[21,18],"1":[21,19],"2":[23,0],"3":[1],"4":[0]}}
,"/Users/royossai/WebstormProjects/pondSocket/source/pondsocket/socketMiddleWare.ts": {"path":"/Users/royossai/WebstormProjects/pondSocket/source/pondsocket/socketMiddleWare.ts","statementMap":{"0":{"start":{"line":10,"column":62},"end":{"line":10,"column":64}},"1":{"start":{"line":13,"column":8},"end":{"line":13,"column":30}},"2":{"start":{"line":14,"column":8},"end":{"line":14,"column":31}},"3":{"start":{"line":18,"column":8},"end":{"line":18,"column":41}},"4":{"start":{"line":22,"column":21},"end":{"line":22,"column":45}},"5":{"start":{"line":23,"column":21},"end":{"line":32,"column":9}},"6":{"start":{"line":24,"column":31},"end":{"line":24,"column":43}},"7":{"start":{"line":25,"column":12},"end":{"line":31,"column":null}},"8":{"start":{"line":26,"column":16},"end":{"line":26,"column":52}},"9":{"start":{"line":29,"column":16},"end":{"line":29,"column":63}},"10":{"start":{"line":30,"column":16},"end":{"line":30,"column":33}},"11":{"start":{"line":34,"column":8},"end":{"line":34,"column":15}},"12":{"start":{"line":38,"column":8},"end":{"line":40,"column":null}},"13":{"start":{"line":39,"column":12},"end":{"line":39,"column":45}},"14":{"start":{"line":8,"column":0},"end":{"line":8,"column":13}}},"fnMap":{"0":{"name":"(anonymous_0)","decl":{"start":{"line":12,"column":4},"end":{"line":12,"column":16}},"loc":{"start":{"line":12,"column":30},"end":{"line":15,"column":5}}},"1":{"name":"(anonymous_1)","decl":{"start":{"line":17,"column":11},"end":{"line":17,"column":14}},"loc":{"start":{"line":17,"column":51},"end":{"line":19,"column":5}}},"2":{"name":"(anonymous_2)","decl":{"start":{"line":21,"column":12},"end":{"line":21,"column":20}},"loc":{"start":{"line":21,"column":80},"end":{"line":35,"column":5}}},"3":{"name":"(anonymous_3)","decl":{"start":{"line":23,"column":21},"end":{"line":23,"column":24}},"loc":{"start":{"line":23,"column":26},"end":{"line":32,"column":9}}},"4":{"name":"(anonymous_4)","decl":{"start":{"line":37,"column":12},"end":{"line":37,"column":27}},"loc":{"start":{"line":37,"column":27},"end":{"line":41,"column":5}}},"5":{"name":"(anonymous_5)","decl":{"start":{"line":38,"column":35},"end":{"line":38,"column":36}},"loc":{"start":{"line":38,"column":57},"end":{"line":40,"column":9}}}},"branchMap":{"0":{"loc":{"start":{"line":25,"column":12},"end":{"line":31,"column":null}},"type":"if","locations":[{"start":{"line":25,"column":12},"end":{"line":31,"column":null}},{"start":{"line":28,"column":17},"end":{"line":31,"column":null}}]}},"s":{"0":21,"1":21,"2":21,"3":17,"4":23,"5":23,"6":24,"7":24,"8":23,"9":1,"10":1,"11":23,"12":21,"13":23,"14":6},"f":{"0":21,"1":17,"2":23,"3":24,"4":21,"5":23},"b":{"0":[23,1]}}
}
