TN:
SF:server/enums.ts
FN:1,(anonymous_0)
FN:6,(anonymous_1)
FN:13,(anonymous_2)
FN:22,(anonymous_3)
FN:28,(anonymous_4)
FN:34,(anonymous_5)
FNF:6
FNH:6
FNDA:10,(anonymous_0)
FNDA:10,(anonymous_1)
FNDA:10,(anonymous_2)
FNDA:10,(anonymous_3)
FNDA:10,(anonymous_4)
FNDA:10,(anonymous_5)
DA:1,10
DA:2,10
DA:3,10
DA:6,10
DA:7,10
DA:8,10
DA:9,10
DA:10,10
DA:13,10
DA:14,10
DA:15,10
DA:16,10
DA:17,10
DA:18,10
DA:19,10
DA:22,10
DA:23,10
DA:24,10
DA:25,10
DA:28,10
DA:29,10
DA:30,10
DA:31,10
DA:34,10
DA:35,10
DA:36,10
DA:37,10
LF:27
LH:27
BRDA:1,0,0,10
BRDA:1,0,1,10
BRDA:6,1,0,10
BRDA:6,1,1,10
BRDA:13,2,0,10
BRDA:13,2,1,10
BRDA:22,3,0,10
BRDA:22,3,1,10
BRDA:28,4,0,10
BRDA:28,4,1,10
BRDA:34,5,0,10
BRDA:34,5,1,10
BRF:12
BRH:12
end_of_record
TN:
SF:server/index.ts
FN:22,(anonymous_0)
FN:23,(anonymous_1)
FN:23,(anonymous_2)
FN:23,(anonymous_3)
FN:24,(anonymous_4)
FN:24,(anonymous_5)
FN:19,(anonymous_6)
FN:20,(anonymous_7)
FN:21,(anonymous_8)
FN:21,(anonymous_9)
FN:24,(anonymous_10)
FN:21,(anonymous_11)
FN:18,(anonymous_12)
FN:24,(anonymous_13)
FN:22,(anonymous_14)
FNF:15
FNH:0
FNDA:0,(anonymous_0)
FNDA:0,(anonymous_1)
FNDA:0,(anonymous_2)
FNDA:0,(anonymous_3)
FNDA:0,(anonymous_4)
FNDA:0,(anonymous_5)
FNDA:0,(anonymous_6)
FNDA:0,(anonymous_7)
FNDA:0,(anonymous_8)
FNDA:0,(anonymous_9)
FNDA:0,(anonymous_10)
FNDA:0,(anonymous_11)
FNDA:0,(anonymous_12)
FNDA:0,(anonymous_13)
FNDA:0,(anonymous_14)
DA:1,0
DA:14,0
DA:15,0
DA:18,0
DA:19,0
DA:20,0
DA:21,0
DA:22,0
DA:23,0
DA:24,0
LF:10
LH:0
BRF:0
BRH:0
end_of_record
TN:
SF:server/http/index.ts
FNF:0
FNH:0
DA:1,2
DA:2,2
DA:3,2
DA:4,2
DA:5,2
DA:6,2
DA:7,2
DA:8,2
DA:9,2
DA:10,2
DA:11,2
DA:12,2
DA:13,2
LF:13
LH:13
BRF:0
BRH:0
end_of_record
TN:
SF:server/http/server.ts
FN:18,(anonymous_0)
FN:24,(anonymous_1)
FN:28,(anonymous_2)
FN:32,(anonymous_3)
FN:36,(anonymous_4)
FN:40,(anonymous_5)
FN:44,(anonymous_6)
FN:48,(anonymous_7)
FN:52,(anonymous_8)
FN:56,(anonymous_9)
FN:61,(anonymous_10)
FN:68,(anonymous_11)
FN:75,(anonymous_12)
FN:80,(anonymous_13)
FNF:14
FNH:0
FNDA:0,(anonymous_0)
FNDA:0,(anonymous_1)
FNDA:0,(anonymous_2)
FNDA:0,(anonymous_3)
FNDA:0,(anonymous_4)
FNDA:0,(anonymous_5)
FNDA:0,(anonymous_6)
FNDA:0,(anonymous_7)
FNDA:0,(anonymous_8)
FNDA:0,(anonymous_9)
FNDA:0,(anonymous_10)
FNDA:0,(anonymous_11)
FNDA:0,(anonymous_12)
FNDA:0,(anonymous_13)
DA:1,2
DA:2,2
DA:3,2
DA:5,2
DA:6,2
DA:7,2
DA:8,2
DA:9,2
DA:10,2
DA:13,2
DA:19,0
DA:20,0
DA:21,0
DA:25,0
DA:29,0
DA:33,0
DA:37,0
DA:41,0
DA:45,0
DA:49,0
DA:53,0
DA:57,0
DA:58,0
DA:62,0
DA:63,0
DA:64,0
DA:65,0
DA:69,0
DA:70,0
DA:71,0
DA:72,0
DA:76,0
DA:77,0
DA:81,0
LF:34
LH:10
BRDA:61,0,0,0
BRF:1
BRH:0
end_of_record
TN:
SF:server/http/helpers/auth/authenticateRequest.ts
FN:15,(anonymous_0)
FN:15,(anonymous_1)
FN:51,(anonymous_2)
FN:51,(anonymous_3)
FNF:4
FNH:4
FNDA:4,(anonymous_0)
FNDA:4,(anonymous_1)
FNDA:4,(anonymous_2)
FNDA:4,(anonymous_3)
DA:2,4
DA:3,4
DA:15,4
DA:16,4
DA:17,4
DA:18,4
DA:20,4
DA:21,2
DA:22,1
DA:23,1
DA:24,1
DA:27,1
DA:29,1
DA:30,1
DA:34,1
DA:35,1
DA:36,1
DA:39,2
DA:40,1
DA:41,1
DA:42,1
DA:45,1
DA:46,1
DA:47,1
DA:51,4
DA:52,4
DA:53,4
DA:54,4
DA:56,4
DA:57,3
DA:58,3
DA:59,3
DA:60,3
DA:61,3
DA:65,1
LF:35
LH:35
BRDA:17,0,0,4
BRDA:17,0,1,1
BRDA:18,1,0,4
BRDA:18,1,1,2
BRDA:20,2,0,2
BRDA:20,2,1,2
BRDA:21,3,0,1
BRDA:39,4,0,1
BRDA:53,5,0,4
BRDA:53,5,1,1
BRDA:54,6,0,4
BRDA:54,6,1,2
BRDA:56,7,0,3
BRDA:56,7,1,1
BRDA:56,8,0,4
BRDA:56,8,1,2
BRDA:56,8,2,2
BRF:17
BRH:17
end_of_record
TN:
SF:server/http/helpers/auth/cookieHandler.ts
FN:3,parseCookies
FN:8,(anonymous_1)
FN:20,setCookie
FN:48,deleteCookie
FNF:4
FNH:4
FNDA:10,parseCookies
FNDA:14,(anonymous_1)
FNDA:6,setCookie
FNDA:3,deleteCookie
DA:4,10
DA:5,10
DA:6,10
DA:8,8
DA:9,14
DA:10,14
DA:11,14
DA:12,8
DA:13,8
DA:14,8
DA:17,8
DA:21,6
DA:26,6
DA:27,1
DA:28,1
DA:31,6
DA:32,1
DA:35,6
DA:37,6
DA:38,13
DA:39,13
DA:40,13
DA:41,12
DA:45,6
DA:49,3
DA:54,5
LF:26
LH:26
BRDA:6,0,0,2
BRDA:11,1,0,6
BRDA:13,2,0,0
BRDA:20,3,0,1
BRDA:26,4,0,1
BRDA:31,5,0,1
BRDA:40,6,0,12
BRF:7
BRH:6
end_of_record
TN:
SF:server/http/helpers/auth/index.ts
FNF:0
FNH:0
DA:1,3
DA:2,3
LF:2
LH:2
BRF:0
BRH:0
end_of_record
TN:
SF:server/http/helpers/middlewares/middleWare.ts
FN:15,(anonymous_0)
FN:21,(anonymous_1)
FN:25,(anonymous_2)
FN:29,(anonymous_3)
FN:31,(anonymous_4)
FN:44,(anonymous_5)
FN:45,(anonymous_6)
FNF:7
FNH:7
FNDA:4,(anonymous_0)
FNDA:1,(anonymous_1)
FNDA:7,(anonymous_2)
FNDA:6,(anonymous_3)
FNDA:6,(anonymous_4)
FNDA:4,(anonymous_5)
FNDA:6,(anonymous_6)
DA:2,3
DA:11,3
DA:13,4
DA:16,4
DA:17,4
DA:18,4
DA:22,1
DA:26,7
DA:30,6
DA:31,6
DA:32,6
DA:33,6
DA:34,6
DA:37,0
DA:38,0
DA:41,6
DA:45,4
DA:46,6
LF:18
LH:16
BRDA:33,0,0,6
BRDA:33,0,1,0
BRF:2
BRH:1
end_of_record
TN:
SF:server/http/helpers/middlewares/socketMiddleWare.ts
FN:11,(anonymous_0)
FN:16,(anonymous_1)
FN:20,(anonymous_2)
FN:22,(anonymous_3)
FN:36,(anonymous_4)
FN:37,(anonymous_5)
FNF:6
FNH:6
FNDA:19,(anonymous_0)
FNDA:15,(anonymous_1)
FNDA:21,(anonymous_2)
FNDA:22,(anonymous_3)
FNDA:19,(anonymous_4)
FNDA:21,(anonymous_5)
DA:7,2
DA:9,19
DA:12,19
DA:13,19
DA:17,15
DA:21,21
DA:22,21
DA:23,22
DA:24,22
DA:25,21
DA:28,1
DA:29,1
DA:33,21
DA:37,19
DA:38,21
LF:15
LH:15
BRDA:24,0,0,21
BRDA:24,0,1,1
BRF:2
BRH:2
end_of_record
TN:
SF:server/http/helpers/parser/cssGenerator.ts
FN:4,(anonymous_0)
FN:5,(anonymous_1)
FN:9,(anonymous_2)
FN:11,(anonymous_3)
FN:24,css
FN:26,(anonymous_5)
FNF:6
FNH:6
FNDA:6,(anonymous_0)
FNDA:6,(anonymous_1)
FNDA:6,(anonymous_2)
FNDA:12,(anonymous_3)
FNDA:6,css
FNDA:6,(anonymous_5)
DA:1,3
DA:4,3
DA:5,6
DA:6,6
DA:9,6
DA:10,6
DA:11,6
DA:12,12
DA:13,12
DA:16,6
DA:17,6
DA:18,12
DA:21,6
DA:25,6
DA:26,6
DA:27,6
DA:28,6
DA:34,6
LF:18
LH:18
BRF:0
BRH:0
end_of_record
TN:
SF:server/http/helpers/parser/deepDiff.ts
FN:1,(anonymous_0)
FN:2,(anonymous_1)
FN:6,(anonymous_2)
FN:10,(anonymous_3)
FN:14,(anonymous_4)
FN:18,(anonymous_5)
FN:22,(anonymous_6)
FN:38,(anonymous_7)
FNF:8
FNH:8
FNDA:14,(anonymous_0)
FNDA:331,(anonymous_1)
FNDA:80,(anonymous_2)
FNDA:16,(anonymous_3)
FNDA:114,(anonymous_4)
FNDA:114,(anonymous_5)
FNDA:62,(anonymous_6)
FNDA:91,(anonymous_7)
DA:1,5
DA:2,14
DA:3,331
DA:6,14
DA:7,80
DA:10,14
DA:11,16
DA:14,14
DA:15,114
DA:18,14
DA:19,114
DA:22,14
DA:23,62
DA:24,48
DA:26,14
DA:27,1
DA:29,13
DA:30,2
DA:32,11
DA:33,3
DA:35,8
DA:38,14
DA:39,91
DA:40,3
DA:42,88
DA:43,62
DA:44,62
DA:45,8
DA:51,54
DA:57,26
DA:58,26
DA:59,77
DA:60,1
DA:63,76
DA:64,76
DA:65,73
DA:68,76
DA:71,26
DA:72,74
DA:73,73
DA:76,1
DA:79,26
DA:82,14
LF:43
LH:43
BRDA:19,0,0,114
BRDA:19,0,1,80
BRDA:23,1,0,48
BRDA:26,2,0,1
BRDA:26,3,0,14
BRDA:26,3,1,2
BRDA:26,3,2,2
BRDA:29,4,0,2
BRDA:32,5,0,3
BRDA:39,6,0,3
BRDA:39,7,0,91
BRDA:39,7,1,89
BRDA:42,8,0,62
BRDA:42,9,0,88
BRDA:42,9,1,26
BRDA:44,10,0,8
BRDA:53,11,0,2
BRDA:53,11,1,52
BRDA:59,12,0,1
BRDA:64,13,0,73
BRDA:72,14,0,73
BRDA:72,15,0,74
BRDA:72,15,1,74
BRF:23
BRH:23
end_of_record
TN:
SF:server/http/helpers/parser/domDiff.ts
FN:3,(anonymous_0)
FN:18,(anonymous_1)
FN:70,(anonymous_2)
FNF:3
FNH:0
FNDA:0,(anonymous_0)
FNDA:0,(anonymous_1)
FNDA:0,(anonymous_2)
DA:3,2
DA:4,0
DA:5,0
DA:6,0
DA:7,0
DA:8,0
DA:9,0
DA:11,0
DA:12,0
DA:14,0
DA:15,0
DA:18,2
DA:19,0
DA:20,0
DA:21,0
DA:24,0
DA:25,0
DA:26,0
DA:29,0
DA:30,0
DA:31,0
DA:34,0
DA:35,0
DA:38,0
DA:39,0
DA:40,0
DA:41,0
DA:42,0
DA:45,0
DA:46,0
DA:47,0
DA:48,0
DA:49,0
DA:51,0
DA:52,0
DA:55,0
DA:56,0
DA:57,0
DA:58,0
DA:59,0
DA:60,0
DA:62,0
DA:63,0
DA:65,0
DA:66,0
DA:70,2
DA:71,0
DA:72,0
DA:73,0
DA:74,0
LF:50
LH:3
BRDA:8,0,0,0
BRDA:8,1,0,0
BRDA:8,1,1,0
BRDA:14,2,0,0
BRDA:14,3,0,0
BRDA:14,3,1,0
BRDA:19,4,0,0
BRDA:19,5,0,0
BRDA:19,5,1,0
BRDA:19,5,2,0
BRDA:24,6,0,0
BRDA:24,7,0,0
BRDA:24,7,1,0
BRDA:29,8,0,0
BRDA:29,9,0,0
BRDA:29,9,1,0
BRDA:34,10,0,0
BRDA:40,11,0,0
BRDA:40,12,0,0
BRDA:40,12,1,0
BRDA:40,12,2,0
BRDA:41,13,0,0
BRDA:41,14,0,0
BRDA:41,14,1,0
BRDA:47,15,0,0
BRDA:47,16,0,0
BRDA:47,16,1,0
BRDA:47,16,2,0
BRDA:48,17,0,0
BRDA:48,17,1,0
BRDA:51,18,0,0
BRDA:51,19,0,0
BRDA:51,19,1,0
BRDA:59,20,0,0
BRDA:59,20,1,0
BRDA:59,21,0,0
BRDA:59,21,1,0
BRDA:62,22,0,0
BRDA:62,22,1,0
BRDA:65,23,0,0
BRF:40
BRH:0
end_of_record
TN:
SF:server/http/helpers/parser/getChanged.ts
FN:1,(anonymous_0)
FN:17,(anonymous_1)
FNF:2
FNH:2
FNDA:66,(anonymous_0)
FNDA:5,(anonymous_1)
DA:1,5
DA:2,66
DA:3,66
DA:4,155
DA:5,10
DA:7,145
DA:8,59
DA:9,59
DA:10,7
DA:13,66
DA:17,5
DA:18,5
DA:19,1
DA:21,4
DA:22,1
DA:24,3
DA:25,6
DA:26,1
DA:28,5
DA:30,3
LF:20
LH:20
BRDA:4,0,0,10
BRDA:4,0,1,145
BRDA:4,1,0,155
BRDA:4,1,1,153
BRDA:7,2,0,59
BRDA:9,3,0,7
BRDA:9,4,0,59
BRDA:9,4,1,59
BRDA:18,5,0,1
BRDA:21,6,0,1
BRDA:25,7,0,1
BRDA:25,7,1,5
BRF:12
BRH:12
end_of_record
TN:
SF:server/http/helpers/parser/parser.ts
FN:18,join
FN:28,safe
FN:32,escapeHTML
FN:39,(anonymous_3)
FN:46,(anonymous_4)
FN:51,(anonymous_5)
FN:59,(anonymous_6)
FN:77,(anonymous_7)
FN:94,(anonymous_8)
FN:103,html
FNF:10
FNH:8
FNDA:6,join
FNDA:0,safe
FNDA:57,escapeHTML
FNDA:0,(anonymous_3)
FNDA:69,(anonymous_4)
FNDA:29,(anonymous_5)
FNDA:32,(anonymous_6)
FNDA:13,(anonymous_7)
FNDA:3,(anonymous_8)
FNDA:57,html
DA:1,4
DA:2,4
DA:3,4
DA:7,4
DA:11,4
DA:18,4
DA:19,6
DA:20,0
DA:22,6
DA:23,0
DA:25,6
DA:28,4
DA:29,0
DA:33,57
DA:34,12
DA:36,45
DA:37,2
DA:39,43
DA:42,4
DA:47,69
DA:48,69
DA:52,29
DA:53,29
DA:54,37
DA:56,29
DA:60,32
DA:63,32
DA:64,75
DA:65,16
DA:66,59
DA:67,4
DA:69,55
DA:70,1
DA:72,54
DA:74,31
DA:78,13
DA:79,13
DA:80,13
DA:81,0
DA:82,13
DA:83,13
DA:84,13
DA:85,30
DA:86,10
DA:88,20
DA:91,13
DA:95,3
DA:96,3
DA:98,3
DA:99,3
DA:103,4
DA:104,57
LF:52
LH:48
BRDA:19,0,0,0
BRDA:19,1,0,6
BRDA:19,1,1,6
BRDA:22,2,0,0
BRDA:33,3,0,12
BRDA:36,4,0,2
BRDA:64,5,0,16
BRDA:64,5,1,59
BRDA:66,6,0,4
BRDA:66,6,1,55
BRDA:69,7,0,1
BRDA:80,8,0,0
BRDA:82,9,0,13
BRDA:85,10,0,10
BRDA:85,10,1,20
BRF:15
BRH:12
end_of_record
TN:
SF:server/http/helpers/server/bodyParser.ts
FN:8,BodyParserMiddleware
FN:9,(anonymous_1)
FN:11,(anonymous_2)
FN:14,(anonymous_3)
FN:21,JsonBodyParserMiddleware
FN:22,(anonymous_5)
FNF:6
FNH:6
FNDA:1,BodyParserMiddleware
FNDA:1,(anonymous_1)
FNDA:1,(anonymous_2)
FNDA:1,(anonymous_3)
FNDA:2,JsonBodyParserMiddleware
FNDA:2,(anonymous_5)
DA:8,3
DA:9,1
DA:10,1
DA:11,1
DA:12,1
DA:14,1
DA:15,1
DA:16,1
DA:21,3
DA:22,2
DA:23,2
DA:24,1
DA:25,1
DA:27,1
DA:32,1
LF:15
LH:15
BRDA:23,0,0,1
BRDA:23,0,1,1
BRDA:23,1,0,2
BRDA:23,1,1,1
BRF:4
BRH:4
end_of_record
TN:
SF:server/http/helpers/server/cors.ts
FN:3,CorsMiddleware
FN:4,(anonymous_1)
FNF:2
FNH:2
FNDA:1,CorsMiddleware
FNDA:1,(anonymous_1)
DA:3,3
DA:4,1
DA:5,1
DA:6,1
DA:7,1
DA:8,1
LF:6
LH:6
BRF:0
BRH:0
end_of_record
TN:
SF:server/http/helpers/server/fileRouter.ts
FN:8,(anonymous_7)
FN:29,(anonymous_8)
FN:37,(anonymous_9)
FN:37,(anonymous_10)
FN:50,(anonymous_11)
FNF:5
FNH:0
FNDA:0,(anonymous_7)
FNDA:0,(anonymous_8)
FNDA:0,(anonymous_9)
FNDA:0,(anonymous_10)
FNDA:0,(anonymous_11)
DA:2,2
DA:3,2
DA:8,2
DA:9,0
DA:11,0
DA:13,0
DA:15,0
DA:17,0
DA:19,0
DA:21,0
DA:23,0
DA:25,0
DA:29,2
DA:30,0
DA:31,0
DA:34,0
DA:37,2
DA:38,0
DA:39,0
DA:41,0
DA:42,0
DA:44,0
DA:45,0
DA:47,0
DA:48,0
DA:50,0
DA:51,0
DA:52,0
DA:53,0
DA:55,0
DA:56,0
DA:57,0
DA:59,0
DA:60,0
LF:34
LH:5
BRDA:9,0,0,0
BRDA:9,0,1,0
BRDA:9,0,2,0
BRDA:9,0,3,0
BRDA:9,0,4,0
BRDA:9,0,5,0
BRDA:9,0,6,0
BRDA:9,0,7,0
BRDA:30,1,0,0
BRDA:34,2,0,0
BRDA:34,2,1,0
BRDA:38,3,0,0
BRDA:44,4,0,0
BRDA:51,5,0,0
BRDA:51,5,1,0
BRDA:55,6,0,0
BRDA:55,6,1,0
BRF:17
BRH:0
end_of_record
TN:
SF:server/http/verbs/verbHandler.ts
FN:7,(anonymous_0)
FN:8,(anonymous_1)
FNF:2
FNH:2
FNDA:8,(anonymous_0)
FNDA:10,(anonymous_1)
DA:7,3
DA:8,8
DA:9,10
DA:10,9
DA:11,9
DA:12,7
DA:13,7
DA:15,2
DA:17,1
LF:9
LH:9
BRDA:9,0,0,9
BRDA:9,0,1,1
BRDA:10,1,0,9
BRDA:10,1,1,1
BRDA:11,2,0,7
BRDA:11,2,1,2
BRF:6
BRH:6
end_of_record
TN:
SF:server/live/componentManager.ts
FN:46,(anonymous_6)
FN:57,(anonymous_7)
FN:65,(anonymous_8)
FN:69,(anonymous_9)
FN:77,(anonymous_10)
FN:79,(anonymous_11)
FN:81,(anonymous_12)
FN:110,(anonymous_13)
FN:111,(anonymous_14)
FN:117,(anonymous_15)
FN:118,(anonymous_16)
FN:125,(anonymous_17)
FN:126,(anonymous_18)
FN:135,(anonymous_19)
FN:136,(anonymous_20)
FN:145,(anonymous_21)
FN:146,(anonymous_22)
FN:147,(anonymous_23)
FN:178,(anonymous_24)
FN:179,(anonymous_25)
FN:182,(anonymous_26)
FN:195,(anonymous_27)
FN:198,(anonymous_28)
FN:211,(anonymous_29)
FN:233,(anonymous_30)
FN:234,(anonymous_31)
FN:288,(anonymous_32)
FN:289,(anonymous_33)
FN:293,(anonymous_34)
FN:299,(anonymous_35)
FN:304,(anonymous_36)
FN:309,(anonymous_37)
FN:315,(anonymous_38)
FNF:33
FNH:0
FNDA:0,(anonymous_6)
FNDA:0,(anonymous_7)
FNDA:0,(anonymous_8)
FNDA:0,(anonymous_9)
FNDA:0,(anonymous_10)
FNDA:0,(anonymous_11)
FNDA:0,(anonymous_12)
FNDA:0,(anonymous_13)
FNDA:0,(anonymous_14)
FNDA:0,(anonymous_15)
FNDA:0,(anonymous_16)
FNDA:0,(anonymous_17)
FNDA:0,(anonymous_18)
FNDA:0,(anonymous_19)
FNDA:0,(anonymous_20)
FNDA:0,(anonymous_21)
FNDA:0,(anonymous_22)
FNDA:0,(anonymous_23)
FNDA:0,(anonymous_24)
FNDA:0,(anonymous_25)
FNDA:0,(anonymous_26)
FNDA:0,(anonymous_27)
FNDA:0,(anonymous_28)
FNDA:0,(anonymous_29)
FNDA:0,(anonymous_30)
FNDA:0,(anonymous_31)
FNDA:0,(anonymous_32)
FNDA:0,(anonymous_33)
FNDA:0,(anonymous_34)
FNDA:0,(anonymous_35)
FNDA:0,(anonymous_36)
FNDA:0,(anonymous_37)
FNDA:0,(anonymous_38)
DA:2,2
DA:5,2
DA:6,2
DA:7,2
DA:8,2
DA:9,2
DA:12,2
DA:14,2
DA:15,2
DA:34,2
DA:47,0
DA:48,0
DA:49,0
DA:50,0
DA:51,0
DA:52,0
DA:53,0
DA:54,0
DA:55,0
DA:56,0
DA:57,0
DA:66,0
DA:67,0
DA:69,0
DA:70,0
DA:71,0
DA:72,0
DA:75,0
DA:77,0
DA:79,0
DA:80,0
DA:81,0
DA:82,0
DA:89,0
DA:95,0
DA:96,0
DA:98,0
DA:99,0
DA:101,0
DA:107,0
DA:111,0
DA:112,0
DA:113,0
DA:118,0
DA:119,0
DA:120,0
DA:121,0
DA:126,0
DA:127,0
DA:129,0
DA:130,0
DA:132,0
DA:136,0
DA:137,0
DA:139,0
DA:140,0
DA:142,0
DA:146,0
DA:147,0
DA:148,0
DA:149,0
DA:165,0
DA:179,0
DA:180,0
DA:181,0
DA:182,0
DA:183,0
DA:191,0
DA:192,0
DA:196,0
DA:198,0
DA:200,0
DA:201,0
DA:203,0
DA:204,0
DA:205,0
DA:207,0
DA:208,0
DA:212,0
DA:217,0
DA:218,0
DA:222,0
DA:223,0
DA:225,0
DA:230,0
DA:234,0
DA:235,0
DA:236,0
DA:237,0
DA:238,0
DA:239,0
DA:240,0
DA:241,0
DA:243,0
DA:244,0
DA:245,0
DA:247,0
DA:248,0
DA:249,0
DA:251,0
DA:252,0
DA:253,0
DA:254,0
DA:255,0
DA:260,0
DA:261,0
DA:262,0
DA:263,0
DA:264,0
DA:266,0
DA:267,0
DA:269,0
DA:270,0
DA:271,0
DA:272,0
DA:275,0
DA:276,0
DA:277,0
DA:278,0
DA:279,0
DA:284,0
DA:289,0
DA:290,0
DA:291,0
DA:293,0
DA:294,0
DA:295,0
DA:299,0
DA:300,0
DA:301,0
DA:304,0
DA:305,0
DA:306,0
DA:309,0
DA:310,0
DA:311,0
DA:316,0
DA:317,0
LF:138
LH:10
BRDA:67,0,0,0
BRDA:71,1,0,0
BRDA:75,2,0,0
BRDA:77,3,0,0
BRDA:77,3,1,0
BRDA:77,4,0,0
BRDA:77,4,1,0
BRDA:80,5,0,0
BRDA:95,6,0,0
BRDA:98,7,0,0
BRDA:112,8,0,0
BRDA:120,9,0,0
BRDA:127,10,0,0
BRDA:129,11,0,0
BRDA:137,12,0,0
BRDA:139,13,0,0
BRDA:147,14,0,0
BRDA:147,14,1,0
BRDA:148,15,0,0
BRDA:155,16,0,0
BRDA:155,16,1,0
BRDA:166,17,0,0
BRDA:166,17,1,0
BRDA:180,18,0,0
BRDA:196,19,0,0
BRDA:207,20,0,0
BRDA:207,20,1,0
BRDA:218,21,0,0
BRDA:218,21,1,0
BRDA:236,22,0,0
BRDA:236,22,1,0
BRDA:237,23,0,0
BRDA:237,24,0,0
BRDA:237,24,1,0
BRDA:237,24,2,0
BRDA:237,24,3,0
BRDA:243,25,0,0
BRDA:243,25,1,0
BRDA:243,26,0,0
BRDA:243,26,1,0
BRDA:245,27,0,0
BRDA:247,28,0,0
BRDA:247,28,1,0
BRDA:247,29,0,0
BRDA:247,29,1,0
BRDA:249,30,0,0
BRDA:251,31,0,0
BRDA:251,32,0,0
BRDA:251,32,1,0
BRDA:260,33,0,0
BRDA:261,34,0,0
BRDA:261,34,1,0
BRDA:263,35,0,0
BRDA:266,36,0,0
BRDA:294,37,0,0
BRDA:294,38,0,0
BRDA:294,38,1,0
BRF:57
BRH:0
end_of_record
TN:
SF:server/live/genServer.ts
FN:17,(anonymous_1)
FN:32,(anonymous_2)
FN:44,(anonymous_3)
FN:57,(anonymous_4)
FNF:4
FNH:0
FNDA:0,(anonymous_1)
FNDA:0,(anonymous_2)
FNDA:0,(anonymous_3)
FNDA:0,(anonymous_4)
DA:2,2
DA:3,2
DA:4,2
DA:6,2
DA:7,2
DA:17,2
DA:18,0
DA:19,0
DA:20,0
DA:21,0
DA:22,0
DA:23,0
DA:25,0
DA:26,0
DA:27,0
DA:28,0
DA:29,0
DA:30,0
DA:32,0
DA:33,0
DA:34,0
DA:36,0
DA:37,0
DA:41,0
DA:44,0
DA:45,0
DA:46,0
DA:48,0
DA:51,0
DA:57,0
DA:58,0
DA:59,0
DA:62,0
LF:33
LH:6
BRDA:18,0,0,0
BRDA:18,0,1,0
BRDA:20,1,0,0
BRDA:20,1,1,0
BRDA:21,2,0,0
BRDA:21,2,1,0
BRDA:22,3,0,0
BRDA:22,3,1,0
BRDA:33,4,0,0
BRDA:33,4,1,0
BRDA:34,5,0,0
BRDA:34,5,1,0
BRDA:36,6,0,0
BRDA:36,7,0,0
BRDA:36,7,1,0
BRDA:45,8,0,0
BRDA:45,8,1,0
BRF:17
BRH:0
end_of_record
TN:
SF:server/live/index.ts
FNF:0
FNH:0
DA:1,2
DA:2,2
DA:3,2
DA:4,2
DA:5,2
DA:6,2
LF:6
LH:6
BRF:0
BRH:0
end_of_record
TN:
SF:server/live/client/pondLive.js
FN:1,(anonymous_0)
FN:1,(anonymous_1)
FN:1,(anonymous_2)
FN:1,(anonymous_3)
FN:1,e
FN:1,r
FN:1,(anonymous_6)
FN:1,(anonymous_7)
FN:1,r
FN:1,(anonymous_9)
FN:1,s
FN:1,c
FN:1,u
FN:1,(anonymous_13)
FN:1,o
FN:1,(anonymous_15)
FN:1,(anonymous_16)
FN:1,c
FN:1,(anonymous_18)
FN:1,(anonymous_19)
FN:1,i
FN:1,(anonymous_21)
FN:1,s
FN:1,c
FN:1,u
FN:1,a
FN:1,(anonymous_26)
FN:1,s
FN:1,(anonymous_28)
FN:1,(anonymous_29)
FN:1,c
FN:1,a
FN:1,l
FN:1,d
FN:1,l
FN:1,(anonymous_35)
FN:1,r
FN:1,(anonymous_37)
FN:1,(anonymous_38)
FN:1,(anonymous_39)
FN:1,(anonymous_40)
FN:1,d
FN:1,h
FN:1,(anonymous_43)
FN:1,(anonymous_44)
FN:1,(anonymous_45)
FN:1,(anonymous_46)
FN:1,p
FN:1,(anonymous_48)
FN:1,t
FN:1,(anonymous_50)
FN:1,(anonymous_51)
FN:1,(anonymous_52)
FN:1,(anonymous_53)
FN:1,(anonymous_54)
FN:1,(anonymous_55)
FN:1,y
FN:1,m
FN:1,(anonymous_58)
FN:1,(anonymous_59)
FN:1,w
FN:1,(anonymous_61)
FN:1,S
FN:1,A
FN:1,x
FN:1,N
FN:1,(anonymous_66)
FN:1,n
FN:1,(anonymous_68)
FN:1,(anonymous_69)
FN:1,(anonymous_70)
FN:1,(anonymous_71)
FN:1,(anonymous_72)
FN:1,(anonymous_73)
FN:1,(anonymous_74)
FN:1,(anonymous_75)
FN:1,C
FN:1,(anonymous_77)
FN:1,t
FN:1,(anonymous_79)
FN:1,(anonymous_80)
FN:1,(anonymous_81)
FN:1,(anonymous_82)
FN:1,n
FN:1,(anonymous_84)
FN:1,R
FN:1,j
FN:1,(anonymous_87)
FN:1,(anonymous_88)
FN:1,M
FN:1,F
FN:1,U
FN:1,(anonymous_92)
FN:1,(anonymous_93)
FN:1,(anonymous_94)
FN:1,t
FN:1,(anonymous_96)
FN:1,(anonymous_97)
FN:1,(anonymous_98)
FN:1,(anonymous_99)
FN:1,(anonymous_100)
FN:1,(anonymous_101)
FN:1,(anonymous_102)
FN:1,(anonymous_103)
FN:1,(anonymous_104)
FN:1,(anonymous_105)
FN:1,(anonymous_106)
FN:1,(anonymous_107)
FN:1,(anonymous_108)
FN:1,(anonymous_109)
FN:1,(anonymous_110)
FN:1,(anonymous_111)
FN:1,(anonymous_112)
FN:1,V
FN:1,(anonymous_114)
FN:1,(anonymous_115)
FN:1,(anonymous_116)
FN:1,n
FN:1,(anonymous_118)
FN:1,(anonymous_119)
FN:1,(anonymous_120)
FN:1,(anonymous_121)
FN:1,(anonymous_122)
FN:1,(anonymous_123)
FN:1,(anonymous_124)
FN:1,(anonymous_125)
FN:1,(anonymous_126)
FN:1,(anonymous_127)
FN:1,(anonymous_128)
FN:1,(anonymous_129)
FN:1,(anonymous_130)
FN:1,(anonymous_131)
FN:1,(anonymous_132)
FN:1,(anonymous_133)
FN:1,(anonymous_134)
FN:1,(anonymous_135)
FN:1,n
FN:1,(anonymous_137)
FN:1,(anonymous_138)
FN:1,(anonymous_139)
FN:1,(anonymous_140)
FN:1,(anonymous_141)
FN:1,(anonymous_142)
FN:1,n
FN:1,(anonymous_144)
FN:1,(anonymous_145)
FN:1,(anonymous_146)
FN:1,(anonymous_147)
FN:1,(anonymous_148)
FN:1,(anonymous_149)
FN:1,r
FN:1,(anonymous_151)
FN:1,(anonymous_152)
FN:1,(anonymous_153)
FN:1,(anonymous_154)
FN:1,(anonymous_155)
FN:1,(anonymous_156)
FN:1,(anonymous_157)
FN:1,(anonymous_158)
FN:1,(anonymous_159)
FN:1,(anonymous_160)
FN:1,(anonymous_161)
FN:1,(anonymous_162)
FN:1,(anonymous_163)
FN:1,(anonymous_164)
FN:1,(anonymous_165)
FN:1,(anonymous_166)
FN:1,(anonymous_167)
FN:1,(anonymous_168)
FN:1,(anonymous_169)
FN:1,(anonymous_170)
FN:1,K
FN:1,(anonymous_172)
FN:1,(anonymous_173)
FN:1,(anonymous_174)
FN:1,Y
FN:1,(anonymous_176)
FN:1,n
FN:1,(anonymous_178)
FN:1,(anonymous_179)
FN:1,(anonymous_180)
FN:1,(anonymous_181)
FN:1,Q
FN:1,(anonymous_183)
FN:1,(anonymous_184)
FN:1,(anonymous_185)
FN:1,tt
FN:1,et
FN:1,nt
FN:1,rt
FN:1,it
FN:1,st
FN:1,(anonymous_192)
FN:1,(anonymous_193)
FN:1,ct
FN:1,ut
FN:1,(anonymous_196)
FN:1,(anonymous_197)
FN:1,(anonymous_198)
FN:1,(anonymous_199)
FN:1,(anonymous_200)
FN:1,(anonymous_201)
FN:1,at
FN:1,(anonymous_203)
FN:1,(anonymous_204)
FN:1,(anonymous_205)
FN:1,(anonymous_206)
FN:1,(anonymous_207)
FN:1,lt
FN:1,(anonymous_209)
FN:1,dt
FN:1,(anonymous_211)
FN:1,(anonymous_212)
FN:1,(anonymous_213)
FN:1,(anonymous_214)
FN:1,(anonymous_215)
FN:1,(anonymous_216)
FN:1,(anonymous_217)
FN:1,(anonymous_218)
FN:1,(anonymous_219)
FN:1,(anonymous_220)
FN:1,ht
FN:1,(anonymous_222)
FN:1,(anonymous_223)
FN:1,(anonymous_224)
FN:1,ft
FN:1,pt
FN:1,bt
FN:1,vt
FN:1,yt
FN:1,mt
FN:1,(anonymous_231)
FN:1,(anonymous_232)
FN:1,(anonymous_233)
FN:1,(anonymous_234)
FN:1,(anonymous_235)
FN:1,(anonymous_236)
FN:1,(anonymous_237)
FN:1,_t
FN:1,(anonymous_239)
FN:1,(anonymous_240)
FN:1,gt
FN:1,wt
FN:1,St
FN:1,(anonymous_244)
FN:1,(anonymous_245)
FN:1,Et
FN:1,(anonymous_247)
FN:1,(anonymous_248)
FN:1,(anonymous_249)
FN:1,(anonymous_250)
FN:1,At
FN:1,(anonymous_252)
FN:1,(anonymous_253)
FN:1,(anonymous_254)
FN:1,(anonymous_255)
FN:1,xt
FN:1,Ot
FN:1,Nt
FN:1,kt
FN:1,(anonymous_260)
FN:1,Ct
FN:1,(anonymous_262)
FN:1,(anonymous_263)
FN:1,(anonymous_264)
FN:1,(anonymous_265)
FN:1,n
FN:1,(anonymous_267)
FN:1,(anonymous_268)
FN:1,(anonymous_269)
FN:1,(anonymous_270)
FN:1,n
FN:1,(anonymous_272)
FN:1,(anonymous_273)
FN:1,(anonymous_274)
FN:1,(anonymous_275)
FN:1,(anonymous_276)
FN:1,(anonymous_277)
FN:1,(anonymous_278)
FN:1,t
FN:1,(anonymous_280)
FN:1,(anonymous_281)
FN:1,n
FN:1,(anonymous_283)
FN:1,Mt
FN:1,(anonymous_285)
FN:1,(anonymous_286)
FN:1,Vt
FN:1,$t
FN:1,(anonymous_289)
FN:1,(anonymous_290)
FN:1,(anonymous_291)
FN:1,zt
FN:1,(anonymous_293)
FN:1,Wt
FN:1,(anonymous_295)
FN:1,(anonymous_296)
FN:1,(anonymous_297)
FN:1,Bt
FN:1,(anonymous_299)
FN:1,t
FN:1,(anonymous_301)
FN:1,(anonymous_302)
FN:1,(anonymous_303)
FN:1,(anonymous_304)
FN:1,(anonymous_305)
FN:1,(anonymous_306)
FN:1,(anonymous_307)
FN:1,(anonymous_308)
FN:1,qt
FN:1,(anonymous_310)
FN:1,(anonymous_311)
FN:1,(anonymous_312)
FN:1,(anonymous_313)
FN:1,(anonymous_314)
FN:1,(anonymous_315)
FN:1,(anonymous_316)
FN:1,(anonymous_317)
FN:1,(anonymous_318)
FN:1,(anonymous_319)
FN:1,(anonymous_320)
FN:1,(anonymous_321)
FN:1,(anonymous_322)
FN:1,(anonymous_323)
FN:1,(anonymous_324)
FN:1,(anonymous_325)
FN:1,(anonymous_326)
FN:1,(anonymous_327)
FN:1,(anonymous_328)
FN:1,(anonymous_329)
FN:1,(anonymous_330)
FN:1,(anonymous_331)
FN:1,(anonymous_332)
FN:1,(anonymous_333)
FN:1,(anonymous_334)
FN:1,(anonymous_335)
FN:1,(anonymous_336)
FN:1,(anonymous_337)
FN:1,(anonymous_338)
FN:1,(anonymous_339)
FN:1,(anonymous_340)
FN:1,(anonymous_341)
FN:1,(anonymous_342)
FN:1,(anonymous_343)
FN:1,(anonymous_344)
FN:1,(anonymous_345)
FN:1,(anonymous_346)
FN:1,(anonymous_347)
FN:1,(anonymous_348)
FN:1,(anonymous_349)
FN:1,(anonymous_350)
FN:1,(anonymous_351)
FN:1,(anonymous_352)
FN:1,(anonymous_353)
FN:1,(anonymous_354)
FN:1,(anonymous_355)
FN:1,(anonymous_356)
FN:1,(anonymous_357)
FN:1,(anonymous_358)
FN:1,(anonymous_359)
FN:1,(anonymous_360)
FN:1,(anonymous_361)
FN:1,(anonymous_362)
FN:1,(anonymous_363)
FN:1,(anonymous_364)
FN:1,(anonymous_365)
FN:1,(anonymous_366)
FN:1,(anonymous_367)
FN:1,(anonymous_368)
FN:1,(anonymous_369)
FN:1,(anonymous_370)
FN:1,(anonymous_371)
FN:1,(anonymous_372)
FN:1,(anonymous_373)
FN:1,(anonymous_374)
FN:1,(anonymous_375)
FN:1,(anonymous_376)
FN:1,(anonymous_377)
FN:1,(anonymous_378)
FN:1,(anonymous_379)
FN:1,(anonymous_380)
FN:1,(anonymous_381)
FN:1,(anonymous_382)
FN:1,(anonymous_383)
FN:1,(anonymous_384)
FN:1,(anonymous_385)
FN:1,(anonymous_386)
FN:1,(anonymous_387)
FN:1,(anonymous_388)
FN:1,(anonymous_389)
FN:1,(anonymous_390)
FN:1,(anonymous_391)
FN:1,(anonymous_392)
FN:1,(anonymous_393)
FN:1,(anonymous_394)
FN:1,(anonymous_395)
FN:1,(anonymous_396)
FN:1,(anonymous_397)
FN:1,(anonymous_398)
FN:1,(anonymous_399)
FN:1,(anonymous_400)
FN:1,(anonymous_401)
FN:1,(anonymous_402)
FN:1,(anonymous_403)
FN:1,(anonymous_404)
FN:1,(anonymous_405)
FN:1,(anonymous_406)
FN:1,(anonymous_407)
FN:1,(anonymous_408)
FN:1,(anonymous_409)
FN:1,(anonymous_410)
FN:1,(anonymous_411)
FN:1,(anonymous_412)
FN:1,(anonymous_413)
FN:1,(anonymous_414)
FN:1,(anonymous_415)
FN:1,(anonymous_416)
FN:1,(anonymous_417)
FN:1,(anonymous_418)
FN:1,(anonymous_419)
FN:1,(anonymous_420)
FN:1,(anonymous_421)
FN:1,(anonymous_422)
FN:1,(anonymous_423)
FN:1,(anonymous_424)
FN:1,me
FN:1,_e
FN:1,(anonymous_427)
FN:1,(anonymous_428)
FN:1,(anonymous_429)
FN:1,(anonymous_430)
FN:1,(anonymous_431)
FN:1,(anonymous_432)
FN:1,we
FN:1,(anonymous_434)
FN:1,(anonymous_435)
FN:1,(anonymous_436)
FN:1,(anonymous_437)
FN:1,(anonymous_438)
FN:1,(anonymous_439)
FN:1,(anonymous_440)
FN:1,(anonymous_441)
FN:1,(anonymous_442)
FN:1,(anonymous_443)
FN:1,(anonymous_444)
FN:1,(anonymous_445)
FN:1,(anonymous_446)
FN:1,(anonymous_447)
FN:1,(anonymous_448)
FN:1,(anonymous_449)
FN:1,(anonymous_450)
FN:1,(anonymous_451)
FN:1,(anonymous_452)
FN:1,(anonymous_453)
FN:1,(anonymous_454)
FN:1,(anonymous_455)
FN:1,(anonymous_456)
FN:1,(anonymous_457)
FN:1,(anonymous_458)
FN:1,(anonymous_459)
FN:1,(anonymous_460)
FN:1,(anonymous_461)
FN:1,(anonymous_462)
FN:1,(anonymous_463)
FN:1,(anonymous_464)
FN:1,(anonymous_465)
FN:1,(anonymous_466)
FN:1,(anonymous_467)
FN:1,(anonymous_468)
FN:1,(anonymous_469)
FN:1,(anonymous_470)
FN:1,(anonymous_471)
FN:1,(anonymous_472)
FN:1,(anonymous_473)
FN:1,(anonymous_474)
FN:1,(anonymous_475)
FN:1,(anonymous_476)
FN:1,(anonymous_477)
FN:1,(anonymous_478)
FN:1,(anonymous_479)
FN:1,(anonymous_480)
FN:1,(anonymous_481)
FN:1,(anonymous_482)
FN:1,(anonymous_483)
FN:1,(anonymous_484)
FN:1,(anonymous_485)
FN:1,(anonymous_486)
FN:1,(anonymous_487)
FN:1,(anonymous_488)
FN:1,(anonymous_489)
FN:1,(anonymous_490)
FN:1,(anonymous_491)
FN:1,(anonymous_492)
FN:1,(anonymous_493)
FN:1,(anonymous_494)
FN:1,(anonymous_495)
FN:1,(anonymous_496)
FN:1,(anonymous_497)
FN:1,(anonymous_498)
FN:1,(anonymous_499)
FNF:500
FNH:0
FNDA:0,(anonymous_0)
FNDA:0,(anonymous_1)
FNDA:0,(anonymous_2)
FNDA:0,(anonymous_3)
FNDA:0,e
FNDA:0,r
FNDA:0,(anonymous_6)
FNDA:0,(anonymous_7)
FNDA:0,r
FNDA:0,(anonymous_9)
FNDA:0,s
FNDA:0,c
FNDA:0,u
FNDA:0,(anonymous_13)
FNDA:0,o
FNDA:0,(anonymous_15)
FNDA:0,(anonymous_16)
FNDA:0,c
FNDA:0,(anonymous_18)
FNDA:0,(anonymous_19)
FNDA:0,i
FNDA:0,(anonymous_21)
FNDA:0,s
FNDA:0,c
FNDA:0,u
FNDA:0,a
FNDA:0,(anonymous_26)
FNDA:0,s
FNDA:0,(anonymous_28)
FNDA:0,(anonymous_29)
FNDA:0,c
FNDA:0,a
FNDA:0,l
FNDA:0,d
FNDA:0,l
FNDA:0,(anonymous_35)
FNDA:0,r
FNDA:0,(anonymous_37)
FNDA:0,(anonymous_38)
FNDA:0,(anonymous_39)
FNDA:0,(anonymous_40)
FNDA:0,d
FNDA:0,h
FNDA:0,(anonymous_43)
FNDA:0,(anonymous_44)
FNDA:0,(anonymous_45)
FNDA:0,(anonymous_46)
FNDA:0,p
FNDA:0,(anonymous_48)
FNDA:0,t
FNDA:0,(anonymous_50)
FNDA:0,(anonymous_51)
FNDA:0,(anonymous_52)
FNDA:0,(anonymous_53)
FNDA:0,(anonymous_54)
FNDA:0,(anonymous_55)
FNDA:0,y
FNDA:0,m
FNDA:0,(anonymous_58)
FNDA:0,(anonymous_59)
FNDA:0,w
FNDA:0,(anonymous_61)
FNDA:0,S
FNDA:0,A
FNDA:0,x
FNDA:0,N
FNDA:0,(anonymous_66)
FNDA:0,n
FNDA:0,(anonymous_68)
FNDA:0,(anonymous_69)
FNDA:0,(anonymous_70)
FNDA:0,(anonymous_71)
FNDA:0,(anonymous_72)
FNDA:0,(anonymous_73)
FNDA:0,(anonymous_74)
FNDA:0,(anonymous_75)
FNDA:0,C
FNDA:0,(anonymous_77)
FNDA:0,t
FNDA:0,(anonymous_79)
FNDA:0,(anonymous_80)
FNDA:0,(anonymous_81)
FNDA:0,(anonymous_82)
FNDA:0,n
FNDA:0,(anonymous_84)
FNDA:0,R
FNDA:0,j
FNDA:0,(anonymous_87)
FNDA:0,(anonymous_88)
FNDA:0,M
FNDA:0,F
FNDA:0,U
FNDA:0,(anonymous_92)
FNDA:0,(anonymous_93)
FNDA:0,(anonymous_94)
FNDA:0,t
FNDA:0,(anonymous_96)
FNDA:0,(anonymous_97)
FNDA:0,(anonymous_98)
FNDA:0,(anonymous_99)
FNDA:0,(anonymous_100)
FNDA:0,(anonymous_101)
FNDA:0,(anonymous_102)
FNDA:0,(anonymous_103)
FNDA:0,(anonymous_104)
FNDA:0,(anonymous_105)
FNDA:0,(anonymous_106)
FNDA:0,(anonymous_107)
FNDA:0,(anonymous_108)
FNDA:0,(anonymous_109)
FNDA:0,(anonymous_110)
FNDA:0,(anonymous_111)
FNDA:0,(anonymous_112)
FNDA:0,V
FNDA:0,(anonymous_114)
FNDA:0,(anonymous_115)
FNDA:0,(anonymous_116)
FNDA:0,n
FNDA:0,(anonymous_118)
FNDA:0,(anonymous_119)
FNDA:0,(anonymous_120)
FNDA:0,(anonymous_121)
FNDA:0,(anonymous_122)
FNDA:0,(anonymous_123)
FNDA:0,(anonymous_124)
FNDA:0,(anonymous_125)
FNDA:0,(anonymous_126)
FNDA:0,(anonymous_127)
FNDA:0,(anonymous_128)
FNDA:0,(anonymous_129)
FNDA:0,(anonymous_130)
FNDA:0,(anonymous_131)
FNDA:0,(anonymous_132)
FNDA:0,(anonymous_133)
FNDA:0,(anonymous_134)
FNDA:0,(anonymous_135)
FNDA:0,n
FNDA:0,(anonymous_137)
FNDA:0,(anonymous_138)
FNDA:0,(anonymous_139)
FNDA:0,(anonymous_140)
FNDA:0,(anonymous_141)
FNDA:0,(anonymous_142)
FNDA:0,n
FNDA:0,(anonymous_144)
FNDA:0,(anonymous_145)
FNDA:0,(anonymous_146)
FNDA:0,(anonymous_147)
FNDA:0,(anonymous_148)
FNDA:0,(anonymous_149)
FNDA:0,r
FNDA:0,(anonymous_151)
FNDA:0,(anonymous_152)
FNDA:0,(anonymous_153)
FNDA:0,(anonymous_154)
FNDA:0,(anonymous_155)
FNDA:0,(anonymous_156)
FNDA:0,(anonymous_157)
FNDA:0,(anonymous_158)
FNDA:0,(anonymous_159)
FNDA:0,(anonymous_160)
FNDA:0,(anonymous_161)
FNDA:0,(anonymous_162)
FNDA:0,(anonymous_163)
FNDA:0,(anonymous_164)
FNDA:0,(anonymous_165)
FNDA:0,(anonymous_166)
FNDA:0,(anonymous_167)
FNDA:0,(anonymous_168)
FNDA:0,(anonymous_169)
FNDA:0,(anonymous_170)
FNDA:0,K
FNDA:0,(anonymous_172)
FNDA:0,(anonymous_173)
FNDA:0,(anonymous_174)
FNDA:0,Y
FNDA:0,(anonymous_176)
FNDA:0,n
FNDA:0,(anonymous_178)
FNDA:0,(anonymous_179)
FNDA:0,(anonymous_180)
FNDA:0,(anonymous_181)
FNDA:0,Q
FNDA:0,(anonymous_183)
FNDA:0,(anonymous_184)
FNDA:0,(anonymous_185)
FNDA:0,tt
FNDA:0,et
FNDA:0,nt
FNDA:0,rt
FNDA:0,it
FNDA:0,st
FNDA:0,(anonymous_192)
FNDA:0,(anonymous_193)
FNDA:0,ct
FNDA:0,ut
FNDA:0,(anonymous_196)
FNDA:0,(anonymous_197)
FNDA:0,(anonymous_198)
FNDA:0,(anonymous_199)
FNDA:0,(anonymous_200)
FNDA:0,(anonymous_201)
FNDA:0,at
FNDA:0,(anonymous_203)
FNDA:0,(anonymous_204)
FNDA:0,(anonymous_205)
FNDA:0,(anonymous_206)
FNDA:0,(anonymous_207)
FNDA:0,lt
FNDA:0,(anonymous_209)
FNDA:0,dt
FNDA:0,(anonymous_211)
FNDA:0,(anonymous_212)
FNDA:0,(anonymous_213)
FNDA:0,(anonymous_214)
FNDA:0,(anonymous_215)
FNDA:0,(anonymous_216)
FNDA:0,(anonymous_217)
FNDA:0,(anonymous_218)
FNDA:0,(anonymous_219)
FNDA:0,(anonymous_220)
FNDA:0,ht
FNDA:0,(anonymous_222)
FNDA:0,(anonymous_223)
FNDA:0,(anonymous_224)
FNDA:0,ft
FNDA:0,pt
FNDA:0,bt
FNDA:0,vt
FNDA:0,yt
FNDA:0,mt
FNDA:0,(anonymous_231)
FNDA:0,(anonymous_232)
FNDA:0,(anonymous_233)
FNDA:0,(anonymous_234)
FNDA:0,(anonymous_235)
FNDA:0,(anonymous_236)
FNDA:0,(anonymous_237)
FNDA:0,_t
FNDA:0,(anonymous_239)
FNDA:0,(anonymous_240)
FNDA:0,gt
FNDA:0,wt
FNDA:0,St
FNDA:0,(anonymous_244)
FNDA:0,(anonymous_245)
FNDA:0,Et
FNDA:0,(anonymous_247)
FNDA:0,(anonymous_248)
FNDA:0,(anonymous_249)
FNDA:0,(anonymous_250)
FNDA:0,At
FNDA:0,(anonymous_252)
FNDA:0,(anonymous_253)
FNDA:0,(anonymous_254)
FNDA:0,(anonymous_255)
FNDA:0,xt
FNDA:0,Ot
FNDA:0,Nt
FNDA:0,kt
FNDA:0,(anonymous_260)
FNDA:0,Ct
FNDA:0,(anonymous_262)
FNDA:0,(anonymous_263)
FNDA:0,(anonymous_264)
FNDA:0,(anonymous_265)
FNDA:0,n
FNDA:0,(anonymous_267)
FNDA:0,(anonymous_268)
FNDA:0,(anonymous_269)
FNDA:0,(anonymous_270)
FNDA:0,n
FNDA:0,(anonymous_272)
FNDA:0,(anonymous_273)
FNDA:0,(anonymous_274)
FNDA:0,(anonymous_275)
FNDA:0,(anonymous_276)
FNDA:0,(anonymous_277)
FNDA:0,(anonymous_278)
FNDA:0,t
FNDA:0,(anonymous_280)
FNDA:0,(anonymous_281)
FNDA:0,n
FNDA:0,(anonymous_283)
FNDA:0,Mt
FNDA:0,(anonymous_285)
FNDA:0,(anonymous_286)
FNDA:0,Vt
FNDA:0,$t
FNDA:0,(anonymous_289)
FNDA:0,(anonymous_290)
FNDA:0,(anonymous_291)
FNDA:0,zt
FNDA:0,(anonymous_293)
FNDA:0,Wt
FNDA:0,(anonymous_295)
FNDA:0,(anonymous_296)
FNDA:0,(anonymous_297)
FNDA:0,Bt
FNDA:0,(anonymous_299)
FNDA:0,t
FNDA:0,(anonymous_301)
FNDA:0,(anonymous_302)
FNDA:0,(anonymous_303)
FNDA:0,(anonymous_304)
FNDA:0,(anonymous_305)
FNDA:0,(anonymous_306)
FNDA:0,(anonymous_307)
FNDA:0,(anonymous_308)
FNDA:0,qt
FNDA:0,(anonymous_310)
FNDA:0,(anonymous_311)
FNDA:0,(anonymous_312)
FNDA:0,(anonymous_313)
FNDA:0,(anonymous_314)
FNDA:0,(anonymous_315)
FNDA:0,(anonymous_316)
FNDA:0,(anonymous_317)
FNDA:0,(anonymous_318)
FNDA:0,(anonymous_319)
FNDA:0,(anonymous_320)
FNDA:0,(anonymous_321)
FNDA:0,(anonymous_322)
FNDA:0,(anonymous_323)
FNDA:0,(anonymous_324)
FNDA:0,(anonymous_325)
FNDA:0,(anonymous_326)
FNDA:0,(anonymous_327)
FNDA:0,(anonymous_328)
FNDA:0,(anonymous_329)
FNDA:0,(anonymous_330)
FNDA:0,(anonymous_331)
FNDA:0,(anonymous_332)
FNDA:0,(anonymous_333)
FNDA:0,(anonymous_334)
FNDA:0,(anonymous_335)
FNDA:0,(anonymous_336)
FNDA:0,(anonymous_337)
FNDA:0,(anonymous_338)
FNDA:0,(anonymous_339)
FNDA:0,(anonymous_340)
FNDA:0,(anonymous_341)
FNDA:0,(anonymous_342)
FNDA:0,(anonymous_343)
FNDA:0,(anonymous_344)
FNDA:0,(anonymous_345)
FNDA:0,(anonymous_346)
FNDA:0,(anonymous_347)
FNDA:0,(anonymous_348)
FNDA:0,(anonymous_349)
FNDA:0,(anonymous_350)
FNDA:0,(anonymous_351)
FNDA:0,(anonymous_352)
FNDA:0,(anonymous_353)
FNDA:0,(anonymous_354)
FNDA:0,(anonymous_355)
FNDA:0,(anonymous_356)
FNDA:0,(anonymous_357)
FNDA:0,(anonymous_358)
FNDA:0,(anonymous_359)
FNDA:0,(anonymous_360)
FNDA:0,(anonymous_361)
FNDA:0,(anonymous_362)
FNDA:0,(anonymous_363)
FNDA:0,(anonymous_364)
FNDA:0,(anonymous_365)
FNDA:0,(anonymous_366)
FNDA:0,(anonymous_367)
FNDA:0,(anonymous_368)
FNDA:0,(anonymous_369)
FNDA:0,(anonymous_370)
FNDA:0,(anonymous_371)
FNDA:0,(anonymous_372)
FNDA:0,(anonymous_373)
FNDA:0,(anonymous_374)
FNDA:0,(anonymous_375)
FNDA:0,(anonymous_376)
FNDA:0,(anonymous_377)
FNDA:0,(anonymous_378)
FNDA:0,(anonymous_379)
FNDA:0,(anonymous_380)
FNDA:0,(anonymous_381)
FNDA:0,(anonymous_382)
FNDA:0,(anonymous_383)
FNDA:0,(anonymous_384)
FNDA:0,(anonymous_385)
FNDA:0,(anonymous_386)
FNDA:0,(anonymous_387)
FNDA:0,(anonymous_388)
FNDA:0,(anonymous_389)
FNDA:0,(anonymous_390)
FNDA:0,(anonymous_391)
FNDA:0,(anonymous_392)
FNDA:0,(anonymous_393)
FNDA:0,(anonymous_394)
FNDA:0,(anonymous_395)
FNDA:0,(anonymous_396)
FNDA:0,(anonymous_397)
FNDA:0,(anonymous_398)
FNDA:0,(anonymous_399)
FNDA:0,(anonymous_400)
FNDA:0,(anonymous_401)
FNDA:0,(anonymous_402)
FNDA:0,(anonymous_403)
FNDA:0,(anonymous_404)
FNDA:0,(anonymous_405)
FNDA:0,(anonymous_406)
FNDA:0,(anonymous_407)
FNDA:0,(anonymous_408)
FNDA:0,(anonymous_409)
FNDA:0,(anonymous_410)
FNDA:0,(anonymous_411)
FNDA:0,(anonymous_412)
FNDA:0,(anonymous_413)
FNDA:0,(anonymous_414)
FNDA:0,(anonymous_415)
FNDA:0,(anonymous_416)
FNDA:0,(anonymous_417)
FNDA:0,(anonymous_418)
FNDA:0,(anonymous_419)
FNDA:0,(anonymous_420)
FNDA:0,(anonymous_421)
FNDA:0,(anonymous_422)
FNDA:0,(anonymous_423)
FNDA:0,(anonymous_424)
FNDA:0,me
FNDA:0,_e
FNDA:0,(anonymous_427)
FNDA:0,(anonymous_428)
FNDA:0,(anonymous_429)
FNDA:0,(anonymous_430)
FNDA:0,(anonymous_431)
FNDA:0,(anonymous_432)
FNDA:0,we
FNDA:0,(anonymous_434)
FNDA:0,(anonymous_435)
FNDA:0,(anonymous_436)
FNDA:0,(anonymous_437)
FNDA:0,(anonymous_438)
FNDA:0,(anonymous_439)
FNDA:0,(anonymous_440)
FNDA:0,(anonymous_441)
FNDA:0,(anonymous_442)
FNDA:0,(anonymous_443)
FNDA:0,(anonymous_444)
FNDA:0,(anonymous_445)
FNDA:0,(anonymous_446)
FNDA:0,(anonymous_447)
FNDA:0,(anonymous_448)
FNDA:0,(anonymous_449)
FNDA:0,(anonymous_450)
FNDA:0,(anonymous_451)
FNDA:0,(anonymous_452)
FNDA:0,(anonymous_453)
FNDA:0,(anonymous_454)
FNDA:0,(anonymous_455)
FNDA:0,(anonymous_456)
FNDA:0,(anonymous_457)
FNDA:0,(anonymous_458)
FNDA:0,(anonymous_459)
FNDA:0,(anonymous_460)
FNDA:0,(anonymous_461)
FNDA:0,(anonymous_462)
FNDA:0,(anonymous_463)
FNDA:0,(anonymous_464)
FNDA:0,(anonymous_465)
FNDA:0,(anonymous_466)
FNDA:0,(anonymous_467)
FNDA:0,(anonymous_468)
FNDA:0,(anonymous_469)
FNDA:0,(anonymous_470)
FNDA:0,(anonymous_471)
FNDA:0,(anonymous_472)
FNDA:0,(anonymous_473)
FNDA:0,(anonymous_474)
FNDA:0,(anonymous_475)
FNDA:0,(anonymous_476)
FNDA:0,(anonymous_477)
FNDA:0,(anonymous_478)
FNDA:0,(anonymous_479)
FNDA:0,(anonymous_480)
FNDA:0,(anonymous_481)
FNDA:0,(anonymous_482)
FNDA:0,(anonymous_483)
FNDA:0,(anonymous_484)
FNDA:0,(anonymous_485)
FNDA:0,(anonymous_486)
FNDA:0,(anonymous_487)
FNDA:0,(anonymous_488)
FNDA:0,(anonymous_489)
FNDA:0,(anonymous_490)
FNDA:0,(anonymous_491)
FNDA:0,(anonymous_492)
FNDA:0,(anonymous_493)
FNDA:0,(anonymous_494)
FNDA:0,(anonymous_495)
FNDA:0,(anonymous_496)
FNDA:0,(anonymous_497)
FNDA:0,(anonymous_498)
FNDA:0,(anonymous_499)
DA:1,0
LF:1
LH:0
BRDA:1,0,0,0
BRDA:1,0,1,0
BRDA:1,0,2,0
BRDA:1,0,3,0
BRDA:1,1,0,0
BRDA:1,1,1,0
BRDA:1,2,0,0
BRDA:1,2,1,0
BRDA:1,3,0,0
BRDA:1,3,1,0
BRDA:1,4,0,0
BRDA:1,4,1,0
BRDA:1,5,0,0
BRDA:1,5,1,0
BRDA:1,6,0,0
BRDA:1,6,1,0
BRDA:1,7,0,0
BRDA:1,7,1,0
BRDA:1,8,0,0
BRDA:1,8,1,0
BRDA:1,9,0,0
BRDA:1,9,1,0
BRDA:1,10,0,0
BRDA:1,10,1,0
BRDA:1,11,0,0
BRDA:1,11,1,0
BRDA:1,12,0,0
BRDA:1,12,1,0
BRDA:1,13,0,0
BRDA:1,13,1,0
BRDA:1,14,0,0
BRDA:1,14,1,0
BRDA:1,15,0,0
BRDA:1,15,1,0
BRDA:1,15,2,0
BRDA:1,16,0,0
BRDA:1,16,1,0
BRDA:1,17,0,0
BRDA:1,17,1,0
BRDA:1,18,0,0
BRDA:1,18,1,0
BRDA:1,19,0,0
BRDA:1,19,1,0
BRDA:1,20,0,0
BRDA:1,20,1,0
BRDA:1,20,2,0
BRDA:1,20,3,0
BRDA:1,20,4,0
BRDA:1,20,5,0
BRDA:1,21,0,0
BRDA:1,21,1,0
BRDA:1,22,0,0
BRDA:1,22,1,0
BRDA:1,23,0,0
BRDA:1,23,1,0
BRDA:1,23,2,0
BRDA:1,24,0,0
BRDA:1,24,1,0
BRDA:1,25,0,0
BRDA:1,25,1,0
BRDA:1,26,0,0
BRDA:1,26,1,0
BRDA:1,26,2,0
BRDA:1,26,3,0
BRDA:1,27,0,0
BRDA:1,27,1,0
BRDA:1,28,0,0
BRDA:1,28,1,0
BRDA:1,29,0,0
BRDA:1,29,1,0
BRDA:1,30,0,0
BRDA:1,30,1,0
BRDA:1,31,0,0
BRDA:1,31,1,0
BRDA:1,32,0,0
BRDA:1,32,1,0
BRDA:1,33,0,0
BRDA:1,33,1,0
BRDA:1,34,0,0
BRDA:1,34,1,0
BRDA:1,35,0,0
BRDA:1,35,1,0
BRDA:1,36,0,0
BRDA:1,36,1,0
BRDA:1,37,0,0
BRDA:1,37,1,0
BRDA:1,38,0,0
BRDA:1,38,1,0
BRDA:1,39,0,0
BRDA:1,39,1,0
BRDA:1,39,2,0
BRDA:1,40,0,0
BRDA:1,40,1,0
BRDA:1,41,0,0
BRDA:1,41,1,0
BRDA:1,42,0,0
BRDA:1,42,1,0
BRDA:1,43,0,0
BRDA:1,43,1,0
BRDA:1,44,0,0
BRDA:1,44,1,0
BRDA:1,44,2,0
BRDA:1,45,0,0
BRDA:1,45,1,0
BRDA:1,45,2,0
BRDA:1,45,3,0
BRDA:1,46,0,0
BRDA:1,46,1,0
BRDA:1,47,0,0
BRDA:1,47,1,0
BRDA:1,48,0,0
BRDA:1,48,1,0
BRDA:1,49,0,0
BRDA:1,49,1,0
BRDA:1,49,2,0
BRDA:1,50,0,0
BRDA:1,50,1,0
BRDA:1,51,0,0
BRDA:1,51,1,0
BRDA:1,52,0,0
BRDA:1,52,1,0
BRDA:1,53,0,0
BRDA:1,53,1,0
BRDA:1,54,0,0
BRDA:1,54,1,0
BRDA:1,55,0,0
BRDA:1,55,1,0
BRDA:1,56,0,0
BRDA:1,56,1,0
BRDA:1,57,0,0
BRDA:1,57,1,0
BRDA:1,58,0,0
BRDA:1,58,1,0
BRDA:1,59,0,0
BRDA:1,59,1,0
BRDA:1,60,0,0
BRDA:1,60,1,0
BRDA:1,61,0,0
BRDA:1,61,1,0
BRDA:1,62,0,0
BRDA:1,62,1,0
BRDA:1,63,0,0
BRDA:1,63,1,0
BRDA:1,64,0,0
BRDA:1,64,1,0
BRDA:1,65,0,0
BRDA:1,65,1,0
BRDA:1,66,0,0
BRDA:1,66,1,0
BRDA:1,67,0,0
BRDA:1,67,1,0
BRDA:1,68,0,0
BRDA:1,68,1,0
BRDA:1,68,2,0
BRDA:1,68,3,0
BRDA:1,69,0,0
BRDA:1,69,1,0
BRDA:1,70,0,0
BRDA:1,70,1,0
BRDA:1,71,0,0
BRDA:1,71,1,0
BRDA:1,72,0,0
BRDA:1,72,1,0
BRDA:1,73,0,0
BRDA:1,73,1,0
BRDA:1,74,0,0
BRDA:1,74,1,0
BRDA:1,75,0,0
BRDA:1,75,1,0
BRDA:1,75,2,0
BRDA:1,75,3,0
BRDA:1,76,0,0
BRDA:1,76,1,0
BRDA:1,77,0,0
BRDA:1,77,1,0
BRDA:1,78,0,0
BRDA:1,78,1,0
BRDA:1,79,0,0
BRDA:1,79,1,0
BRDA:1,80,0,0
BRDA:1,80,1,0
BRDA:1,81,0,0
BRDA:1,81,1,0
BRDA:1,82,0,0
BRDA:1,82,1,0
BRDA:1,83,0,0
BRDA:1,83,1,0
BRDA:1,84,0,0
BRDA:1,84,1,0
BRDA:1,85,0,0
BRDA:1,85,1,0
BRDA:1,86,0,0
BRDA:1,86,1,0
BRDA:1,86,2,0
BRDA:1,87,0,0
BRDA:1,87,1,0
BRDA:1,88,0,0
BRDA:1,88,1,0
BRDA:1,89,0,0
BRDA:1,89,1,0
BRDA:1,90,0,0
BRDA:1,90,1,0
BRDA:1,91,0,0
BRDA:1,91,1,0
BRDA:1,92,0,0
BRDA:1,92,1,0
BRDA:1,93,0,0
BRDA:1,93,1,0
BRDA:1,93,2,0
BRDA:1,93,3,0
BRDA:1,93,4,0
BRDA:1,93,5,0
BRDA:1,94,0,0
BRDA:1,94,1,0
BRDA:1,95,0,0
BRDA:1,95,1,0
BRDA:1,96,0,0
BRDA:1,96,1,0
BRDA:1,97,0,0
BRDA:1,97,1,0
BRDA:1,98,0,0
BRDA:1,98,1,0
BRDA:1,99,0,0
BRDA:1,99,1,0
BRDA:1,100,0,0
BRDA:1,100,1,0
BRDA:1,101,0,0
BRDA:1,101,1,0
BRDA:1,102,0,0
BRDA:1,102,1,0
BRDA:1,103,0,0
BRDA:1,103,1,0
BRDA:1,104,0,0
BRDA:1,104,1,0
BRDA:1,105,0,0
BRDA:1,105,1,0
BRDA:1,106,0,0
BRDA:1,106,1,0
BRDA:1,107,0,0
BRDA:1,107,1,0
BRDA:1,108,0,0
BRDA:1,108,1,0
BRDA:1,109,0,0
BRDA:1,109,1,0
BRDA:1,110,0,0
BRDA:1,110,1,0
BRDA:1,111,0,0
BRDA:1,111,1,0
BRDA:1,112,0,0
BRDA:1,112,1,0
BRDA:1,113,0,0
BRDA:1,113,1,0
BRDA:1,114,0,0
BRDA:1,114,1,0
BRDA:1,115,0,0
BRDA:1,115,1,0
BRDA:1,116,0,0
BRDA:1,116,1,0
BRDA:1,117,0,0
BRDA:1,117,1,0
BRDA:1,118,0,0
BRDA:1,118,1,0
BRDA:1,119,0,0
BRDA:1,119,1,0
BRDA:1,120,0,0
BRDA:1,120,1,0
BRDA:1,121,0,0
BRDA:1,121,1,0
BRDA:1,122,0,0
BRDA:1,122,1,0
BRDA:1,123,0,0
BRDA:1,123,1,0
BRDA:1,124,0,0
BRDA:1,124,1,0
BRDA:1,125,0,0
BRDA:1,125,1,0
BRDA:1,126,0,0
BRDA:1,126,1,0
BRDA:1,126,2,0
BRDA:1,127,0,0
BRDA:1,127,1,0
BRDA:1,128,0,0
BRDA:1,128,1,0
BRDA:1,128,2,0
BRDA:1,129,0,0
BRDA:1,129,1,0
BRDA:1,130,0,0
BRDA:1,130,1,0
BRDA:1,131,0,0
BRDA:1,131,1,0
BRDA:1,132,0,0
BRDA:1,132,1,0
BRDA:1,133,0,0
BRDA:1,133,1,0
BRDA:1,133,2,0
BRDA:1,133,3,0
BRDA:1,134,0,0
BRDA:1,134,1,0
BRDA:1,134,2,0
BRDA:1,134,3,0
BRDA:1,135,0,0
BRDA:1,135,1,0
BRDA:1,136,0,0
BRDA:1,136,1,0
BRDA:1,137,0,0
BRDA:1,137,1,0
BRDA:1,138,0,0
BRDA:1,138,1,0
BRDA:1,139,0,0
BRDA:1,139,1,0
BRDA:1,140,0,0
BRDA:1,140,1,0
BRDA:1,141,0,0
BRDA:1,141,1,0
BRDA:1,142,0,0
BRDA:1,142,1,0
BRDA:1,143,0,0
BRDA:1,143,1,0
BRDA:1,144,0,0
BRDA:1,144,1,0
BRDA:1,145,0,0
BRDA:1,145,1,0
BRDA:1,146,0,0
BRDA:1,146,1,0
BRDA:1,146,2,0
BRDA:1,146,3,0
BRDA:1,147,0,0
BRDA:1,147,1,0
BRDA:1,148,0,0
BRDA:1,148,1,0
BRDA:1,149,0,0
BRDA:1,149,1,0
BRDA:1,150,0,0
BRDA:1,150,1,0
BRDA:1,151,0,0
BRDA:1,151,1,0
BRDA:1,152,0,0
BRDA:1,152,1,0
BRDA:1,153,0,0
BRDA:1,153,1,0
BRDA:1,154,0,0
BRDA:1,154,1,0
BRDA:1,155,0,0
BRDA:1,155,1,0
BRDA:1,156,0,0
BRDA:1,156,1,0
BRDA:1,157,0,0
BRDA:1,157,1,0
BRDA:1,157,2,0
BRDA:1,158,0,0
BRDA:1,158,1,0
BRDA:1,159,0,0
BRDA:1,159,1,0
BRDA:1,160,0,0
BRDA:1,160,1,0
BRDA:1,160,2,0
BRDA:1,161,0,0
BRDA:1,161,1,0
BRDA:1,162,0,0
BRDA:1,162,1,0
BRDA:1,163,0,0
BRDA:1,163,1,0
BRDA:1,163,2,0
BRDA:1,164,0,0
BRDA:1,164,1,0
BRDA:1,165,0,0
BRDA:1,165,1,0
BRDA:1,166,0,0
BRDA:1,166,1,0
BRDA:1,167,0,0
BRDA:1,167,1,0
BRDA:1,168,0,0
BRDA:1,168,1,0
BRDA:1,169,0,0
BRDA:1,169,1,0
BRDA:1,170,0,0
BRDA:1,170,1,0
BRDA:1,171,0,0
BRDA:1,171,1,0
BRDA:1,172,0,0
BRDA:1,172,1,0
BRDA:1,173,0,0
BRDA:1,173,1,0
BRDA:1,174,0,0
BRDA:1,174,1,0
BRDA:1,175,0,0
BRDA:1,175,1,0
BRDA:1,176,0,0
BRDA:1,176,1,0
BRDA:1,177,0,0
BRDA:1,177,1,0
BRDA:1,178,0,0
BRDA:1,178,1,0
BRDA:1,179,0,0
BRDA:1,179,1,0
BRDA:1,180,0,0
BRDA:1,180,1,0
BRDA:1,181,0,0
BRDA:1,181,1,0
BRDA:1,181,2,0
BRDA:1,182,0,0
BRDA:1,182,1,0
BRDA:1,183,0,0
BRDA:1,183,1,0
BRDA:1,184,0,0
BRDA:1,184,1,0
BRDA:1,185,0,0
BRDA:1,185,1,0
BRDA:1,186,0,0
BRDA:1,186,1,0
BRDA:1,187,0,0
BRDA:1,187,1,0
BRDA:1,188,0,0
BRDA:1,188,1,0
BRDA:1,189,0,0
BRDA:1,189,1,0
BRDA:1,190,0,0
BRDA:1,190,1,0
BRDA:1,191,0,0
BRDA:1,191,1,0
BRDA:1,192,0,0
BRDA:1,192,1,0
BRDA:1,193,0,0
BRDA:1,193,1,0
BRDA:1,194,0,0
BRDA:1,194,1,0
BRDA:1,195,0,0
BRDA:1,195,1,0
BRDA:1,195,2,0
BRDA:1,196,0,0
BRDA:1,196,1,0
BRDA:1,197,0,0
BRDA:1,197,1,0
BRDA:1,198,0,0
BRDA:1,198,1,0
BRDA:1,199,0,0
BRDA:1,199,1,0
BRDA:1,200,0,0
BRDA:1,200,1,0
BRDA:1,201,0,0
BRDA:1,201,1,0
BRDA:1,202,0,0
BRDA:1,202,1,0
BRDA:1,203,0,0
BRDA:1,203,1,0
BRDA:1,203,2,0
BRDA:1,204,0,0
BRDA:1,204,1,0
BRDA:1,205,0,0
BRDA:1,205,1,0
BRDA:1,206,0,0
BRDA:1,206,1,0
BRDA:1,207,0,0
BRDA:1,207,1,0
BRDA:1,208,0,0
BRDA:1,208,1,0
BRDA:1,209,0,0
BRDA:1,209,1,0
BRDA:1,210,0,0
BRDA:1,210,1,0
BRDA:1,210,2,0
BRDA:1,210,3,0
BRDA:1,211,0,0
BRDA:1,211,1,0
BRDA:1,211,2,0
BRDA:1,211,3,0
BRDA:1,212,0,0
BRDA:1,212,1,0
BRDA:1,213,0,0
BRDA:1,213,1,0
BRDA:1,214,0,0
BRDA:1,214,1,0
BRDA:1,215,0,0
BRDA:1,215,1,0
BRDA:1,216,0,0
BRDA:1,216,1,0
BRDA:1,217,0,0
BRDA:1,217,1,0
BRDA:1,218,0,0
BRDA:1,218,1,0
BRDA:1,219,0,0
BRDA:1,219,1,0
BRDA:1,220,0,0
BRDA:1,220,1,0
BRDA:1,220,2,0
BRDA:1,220,3,0
BRDA:1,221,0,0
BRDA:1,221,1,0
BRDA:1,221,2,0
BRDA:1,222,0,0
BRDA:1,222,1,0
BRDA:1,223,0,0
BRDA:1,223,1,0
BRDA:1,224,0,0
BRDA:1,224,1,0
BRDA:1,225,0,0
BRDA:1,225,1,0
BRDA:1,226,0,0
BRDA:1,226,1,0
BRDA:1,227,0,0
BRDA:1,227,1,0
BRDA:1,228,0,0
BRDA:1,228,1,0
BRDA:1,229,0,0
BRDA:1,229,1,0
BRDA:1,230,0,0
BRDA:1,230,1,0
BRDA:1,230,2,0
BRDA:1,230,3,0
BRDA:1,230,4,0
BRDA:1,230,5,0
BRDA:1,230,6,0
BRDA:1,230,7,0
BRDA:1,230,8,0
BRDA:1,230,9,0
BRDA:1,230,10,0
BRDA:1,231,0,0
BRDA:1,231,1,0
BRDA:1,232,0,0
BRDA:1,232,1,0
BRDA:1,233,0,0
BRDA:1,233,1,0
BRDA:1,234,0,0
BRDA:1,234,1,0
BRDA:1,235,0,0
BRDA:1,235,1,0
BRDA:1,236,0,0
BRDA:1,236,1,0
BRDA:1,237,0,0
BRDA:1,237,1,0
BRDA:1,238,0,0
BRDA:1,238,1,0
BRDA:1,239,0,0
BRDA:1,239,1,0
BRDA:1,240,0,0
BRDA:1,240,1,0
BRDA:1,241,0,0
BRDA:1,241,1,0
BRDA:1,242,0,0
BRDA:1,242,1,0
BRDA:1,243,0,0
BRDA:1,243,1,0
BRDA:1,244,0,0
BRDA:1,244,1,0
BRDA:1,244,2,0
BRDA:1,244,3,0
BRDA:1,245,0,0
BRDA:1,245,1,0
BRDA:1,246,0,0
BRDA:1,246,1,0
BRDA:1,247,0,0
BRDA:1,247,1,0
BRDA:1,247,2,0
BRDA:1,247,3,0
BRDA:1,247,4,0
BRDA:1,247,5,0
BRDA:1,247,6,0
BRDA:1,247,7,0
BRDA:1,247,8,0
BRDA:1,247,9,0
BRDA:1,247,10,0
BRDA:1,247,11,0
BRDA:1,248,0,0
BRDA:1,248,1,0
BRDA:1,249,0,0
BRDA:1,249,1,0
BRDA:1,250,0,0
BRDA:1,250,1,0
BRDA:1,251,0,0
BRDA:1,251,1,0
BRDA:1,251,2,0
BRDA:1,252,0,0
BRDA:1,252,1,0
BRDA:1,253,0,0
BRDA:1,253,1,0
BRDA:1,254,0,0
BRDA:1,254,1,0
BRDA:1,255,0,0
BRDA:1,255,1,0
BRDA:1,256,0,0
BRDA:1,256,1,0
BRDA:1,257,0,0
BRDA:1,257,1,0
BRDA:1,257,2,0
BRDA:1,257,3,0
BRDA:1,258,0,0
BRDA:1,258,1,0
BRDA:1,259,0,0
BRDA:1,259,1,0
BRDA:1,260,0,0
BRDA:1,260,1,0
BRDA:1,261,0,0
BRDA:1,261,1,0
BRDA:1,262,0,0
BRDA:1,262,1,0
BRDA:1,263,0,0
BRDA:1,263,1,0
BRDA:1,264,0,0
BRDA:1,264,1,0
BRDA:1,265,0,0
BRDA:1,265,1,0
BRDA:1,266,0,0
BRDA:1,266,1,0
BRDA:1,267,0,0
BRDA:1,267,1,0
BRDA:1,268,0,0
BRDA:1,268,1,0
BRDA:1,269,0,0
BRDA:1,269,1,0
BRDA:1,270,0,0
BRDA:1,270,1,0
BRDA:1,271,0,0
BRDA:1,271,1,0
BRDA:1,272,0,0
BRDA:1,272,1,0
BRDA:1,273,0,0
BRDA:1,273,1,0
BRDA:1,274,0,0
BRDA:1,274,1,0
BRDA:1,275,0,0
BRDA:1,275,1,0
BRDA:1,276,0,0
BRDA:1,276,1,0
BRDA:1,277,0,0
BRDA:1,277,1,0
BRDA:1,278,0,0
BRDA:1,278,1,0
BRDA:1,279,0,0
BRDA:1,279,1,0
BRDA:1,280,0,0
BRDA:1,280,1,0
BRDA:1,281,0,0
BRDA:1,281,1,0
BRDA:1,282,0,0
BRDA:1,282,1,0
BRDA:1,283,0,0
BRDA:1,283,1,0
BRDA:1,284,0,0
BRDA:1,284,1,0
BRDA:1,285,0,0
BRDA:1,285,1,0
BRDA:1,286,0,0
BRDA:1,286,1,0
BRDA:1,287,0,0
BRDA:1,287,1,0
BRDA:1,288,0,0
BRDA:1,288,1,0
BRDA:1,289,0,0
BRDA:1,289,1,0
BRDA:1,290,0,0
BRDA:1,290,1,0
BRDA:1,291,0,0
BRDA:1,291,1,0
BRDA:1,292,0,0
BRDA:1,292,1,0
BRDA:1,293,0,0
BRDA:1,293,1,0
BRDA:1,294,0,0
BRDA:1,294,1,0
BRDA:1,295,0,0
BRDA:1,295,1,0
BRDA:1,296,0,0
BRDA:1,296,1,0
BRDA:1,297,0,0
BRDA:1,297,1,0
BRDA:1,298,0,0
BRDA:1,298,1,0
BRDA:1,299,0,0
BRDA:1,299,1,0
BRDA:1,300,0,0
BRDA:1,300,1,0
BRDA:1,301,0,0
BRDA:1,301,1,0
BRDA:1,302,0,0
BRDA:1,302,1,0
BRDA:1,303,0,0
BRDA:1,303,1,0
BRDA:1,304,0,0
BRDA:1,304,1,0
BRDA:1,305,0,0
BRDA:1,305,1,0
BRDA:1,306,0,0
BRDA:1,306,1,0
BRDA:1,306,2,0
BRDA:1,307,0,0
BRDA:1,307,1,0
BRDA:1,308,0,0
BRDA:1,308,1,0
BRDA:1,309,0,0
BRDA:1,309,1,0
BRDA:1,309,2,0
BRDA:1,310,0,0
BRDA:1,310,1,0
BRDA:1,311,0,0
BRDA:1,311,1,0
BRDA:1,312,0,0
BRDA:1,312,1,0
BRDA:1,313,0,0
BRDA:1,313,1,0
BRDA:1,314,0,0
BRDA:1,314,1,0
BRDA:1,315,0,0
BRDA:1,315,1,0
BRDA:1,316,0,0
BRDA:1,316,1,0
BRDA:1,317,0,0
BRDA:1,317,1,0
BRDA:1,318,0,0
BRDA:1,318,1,0
BRDA:1,319,0,0
BRDA:1,319,1,0
BRDA:1,320,0,0
BRDA:1,320,1,0
BRDA:1,321,0,0
BRDA:1,321,1,0
BRDA:1,322,0,0
BRDA:1,322,1,0
BRDA:1,323,0,0
BRDA:1,323,1,0
BRDA:1,324,0,0
BRDA:1,324,1,0
BRDA:1,325,0,0
BRDA:1,325,1,0
BRDA:1,326,0,0
BRDA:1,326,1,0
BRDA:1,327,0,0
BRDA:1,327,1,0
BRDA:1,328,0,0
BRDA:1,328,1,0
BRDA:1,329,0,0
BRDA:1,329,1,0
BRDA:1,330,0,0
BRDA:1,330,1,0
BRDA:1,331,0,0
BRDA:1,331,1,0
BRDA:1,332,0,0
BRDA:1,332,1,0
BRDA:1,333,0,0
BRDA:1,333,1,0
BRDA:1,334,0,0
BRDA:1,334,1,0
BRDA:1,335,0,0
BRDA:1,335,1,0
BRDA:1,336,0,0
BRDA:1,336,1,0
BRDA:1,337,0,0
BRDA:1,337,1,0
BRDA:1,338,0,0
BRDA:1,338,1,0
BRDA:1,339,0,0
BRDA:1,339,1,0
BRDA:1,340,0,0
BRDA:1,340,1,0
BRDA:1,341,0,0
BRDA:1,341,1,0
BRDA:1,342,0,0
BRDA:1,342,1,0
BRDA:1,343,0,0
BRDA:1,343,1,0
BRDA:1,344,0,0
BRDA:1,344,1,0
BRDA:1,345,0,0
BRDA:1,345,1,0
BRDA:1,346,0,0
BRDA:1,346,1,0
BRDA:1,347,0,0
BRDA:1,347,1,0
BRDA:1,348,0,0
BRDA:1,348,1,0
BRDA:1,349,0,0
BRDA:1,349,1,0
BRDA:1,350,0,0
BRDA:1,350,1,0
BRDA:1,351,0,0
BRDA:1,351,1,0
BRDA:1,351,2,0
BRDA:1,352,0,0
BRDA:1,352,1,0
BRDA:1,353,0,0
BRDA:1,353,1,0
BRDA:1,353,2,0
BRDA:1,354,0,0
BRDA:1,354,1,0
BRDA:1,354,2,0
BRDA:1,355,0,0
BRDA:1,355,1,0
BRDA:1,356,0,0
BRDA:1,356,1,0
BRDA:1,357,0,0
BRDA:1,357,1,0
BRDA:1,358,0,0
BRDA:1,358,1,0
BRDA:1,359,0,0
BRDA:1,359,1,0
BRDA:1,360,0,0
BRDA:1,360,1,0
BRDA:1,361,0,0
BRDA:1,361,1,0
BRDA:1,362,0,0
BRDA:1,362,1,0
BRDA:1,363,0,0
BRDA:1,363,1,0
BRDA:1,364,0,0
BRDA:1,364,1,0
BRDA:1,365,0,0
BRDA:1,365,1,0
BRDA:1,366,0,0
BRDA:1,366,1,0
BRDA:1,367,0,0
BRDA:1,367,1,0
BRDA:1,368,0,0
BRDA:1,368,1,0
BRDA:1,369,0,0
BRDA:1,369,1,0
BRDA:1,370,0,0
BRDA:1,370,1,0
BRDA:1,371,0,0
BRDA:1,371,1,0
BRDA:1,372,0,0
BRDA:1,372,1,0
BRDA:1,373,0,0
BRDA:1,373,1,0
BRDA:1,374,0,0
BRDA:1,374,1,0
BRDA:1,375,0,0
BRDA:1,375,1,0
BRDA:1,376,0,0
BRDA:1,376,1,0
BRDA:1,377,0,0
BRDA:1,377,1,0
BRDA:1,377,2,0
BRDA:1,378,0,0
BRDA:1,378,1,0
BRDA:1,379,0,0
BRDA:1,379,1,0
BRDA:1,380,0,0
BRDA:1,380,1,0
BRDA:1,381,0,0
BRDA:1,381,1,0
BRDA:1,382,0,0
BRDA:1,382,1,0
BRDA:1,383,0,0
BRDA:1,383,1,0
BRDA:1,384,0,0
BRDA:1,384,1,0
BRDA:1,385,0,0
BRDA:1,385,1,0
BRDA:1,386,0,0
BRDA:1,386,1,0
BRDA:1,387,0,0
BRDA:1,387,1,0
BRDA:1,388,0,0
BRDA:1,388,1,0
BRDA:1,389,0,0
BRDA:1,389,1,0
BRDA:1,390,0,0
BRDA:1,390,1,0
BRDA:1,391,0,0
BRDA:1,391,1,0
BRDA:1,392,0,0
BRDA:1,392,1,0
BRDA:1,393,0,0
BRDA:1,393,1,0
BRDA:1,393,2,0
BRDA:1,394,0,0
BRDA:1,394,1,0
BRDA:1,395,0,0
BRDA:1,395,1,0
BRDA:1,396,0,0
BRDA:1,396,1,0
BRDA:1,397,0,0
BRDA:1,397,1,0
BRDA:1,398,0,0
BRDA:1,398,1,0
BRDA:1,399,0,0
BRDA:1,399,1,0
BRDA:1,400,0,0
BRDA:1,400,1,0
BRDA:1,401,0,0
BRDA:1,401,1,0
BRDA:1,402,0,0
BRDA:1,402,1,0
BRDA:1,403,0,0
BRDA:1,403,1,0
BRDA:1,404,0,0
BRDA:1,404,1,0
BRDA:1,404,2,0
BRDA:1,405,0,0
BRDA:1,405,1,0
BRDA:1,406,0,0
BRDA:1,406,1,0
BRDA:1,407,0,0
BRDA:1,407,1,0
BRDA:1,408,0,0
BRDA:1,408,1,0
BRDA:1,409,0,0
BRDA:1,409,1,0
BRDA:1,410,0,0
BRDA:1,410,1,0
BRDA:1,411,0,0
BRDA:1,411,1,0
BRDA:1,412,0,0
BRDA:1,412,1,0
BRDA:1,413,0,0
BRDA:1,413,1,0
BRDA:1,414,0,0
BRDA:1,414,1,0
BRDA:1,414,2,0
BRDA:1,414,3,0
BRDA:1,415,0,0
BRDA:1,415,1,0
BRDA:1,416,0,0
BRDA:1,416,1,0
BRDA:1,417,0,0
BRDA:1,417,1,0
BRDA:1,418,0,0
BRDA:1,418,1,0
BRDA:1,419,0,0
BRDA:1,419,1,0
BRDA:1,420,0,0
BRDA:1,420,1,0
BRDA:1,421,0,0
BRDA:1,421,1,0
BRDA:1,421,2,0
BRDA:1,422,0,0
BRDA:1,422,1,0
BRDA:1,423,0,0
BRDA:1,423,1,0
BRDA:1,424,0,0
BRDA:1,424,1,0
BRDA:1,425,0,0
BRDA:1,425,1,0
BRDA:1,426,0,0
BRDA:1,426,1,0
BRDA:1,427,0,0
BRDA:1,427,1,0
BRDA:1,428,0,0
BRDA:1,428,1,0
BRDA:1,429,0,0
BRDA:1,429,1,0
BRDA:1,430,0,0
BRDA:1,430,1,0
BRDA:1,431,0,0
BRDA:1,431,1,0
BRDA:1,432,0,0
BRDA:1,432,1,0
BRDA:1,432,2,0
BRDA:1,433,0,0
BRDA:1,433,1,0
BRDA:1,433,2,0
BRDA:1,434,0,0
BRDA:1,434,1,0
BRDA:1,435,0,0
BRDA:1,435,1,0
BRDA:1,435,2,0
BRDA:1,436,0,0
BRDA:1,436,1,0
BRDA:1,437,0,0
BRDA:1,437,1,0
BRDA:1,438,0,0
BRDA:1,438,1,0
BRDA:1,439,0,0
BRDA:1,439,1,0
BRDA:1,440,0,0
BRDA:1,440,1,0
BRDA:1,441,0,0
BRDA:1,441,1,0
BRDA:1,441,2,0
BRDA:1,441,3,0
BRDA:1,441,4,0
BRDA:1,441,5,0
BRDA:1,442,0,0
BRDA:1,442,1,0
BRDA:1,442,2,0
BRDA:1,442,3,0
BRDA:1,443,0,0
BRDA:1,443,1,0
BRDA:1,444,0,0
BRDA:1,444,1,0
BRDA:1,444,2,0
BRDA:1,445,0,0
BRDA:1,445,1,0
BRDA:1,446,0,0
BRDA:1,446,1,0
BRDA:1,447,0,0
BRDA:1,447,1,0
BRDA:1,448,0,0
BRDA:1,448,1,0
BRDA:1,449,0,0
BRDA:1,449,1,0
BRDA:1,449,2,0
BRDA:1,450,0,0
BRDA:1,450,1,0
BRDA:1,451,0,0
BRDA:1,451,1,0
BRDA:1,452,0,0
BRDA:1,452,1,0
BRDA:1,453,0,0
BRDA:1,453,1,0
BRDA:1,453,2,0
BRDA:1,454,0,0
BRDA:1,454,1,0
BRDA:1,454,2,0
BRDA:1,455,0,0
BRDA:1,455,1,0
BRDA:1,456,0,0
BRDA:1,456,1,0
BRDA:1,457,0,0
BRDA:1,457,1,0
BRDA:1,458,0,0
BRDA:1,458,1,0
BRDA:1,459,0,0
BRDA:1,459,1,0
BRDA:1,460,0,0
BRDA:1,460,1,0
BRDA:1,461,0,0
BRDA:1,461,1,0
BRDA:1,462,0,0
BRDA:1,462,1,0
BRDA:1,463,0,0
BRDA:1,463,1,0
BRDA:1,464,0,0
BRDA:1,464,1,0
BRDA:1,465,0,0
BRDA:1,465,1,0
BRDA:1,466,0,0
BRDA:1,466,1,0
BRDA:1,467,0,0
BRDA:1,467,1,0
BRDA:1,468,0,0
BRDA:1,468,1,0
BRDA:1,469,0,0
BRDA:1,469,1,0
BRDA:1,470,0,0
BRDA:1,470,1,0
BRDA:1,471,0,0
BRDA:1,471,1,0
BRDA:1,472,0,0
BRDA:1,472,1,0
BRDA:1,473,0,0
BRDA:1,473,1,0
BRDA:1,473,2,0
BRDA:1,474,0,0
BRDA:1,474,1,0
BRDA:1,475,0,0
BRDA:1,475,1,0
BRDA:1,475,2,0
BRDA:1,476,0,0
BRDA:1,476,1,0
BRDA:1,477,0,0
BRDA:1,477,1,0
BRDA:1,477,2,0
BRDA:1,478,0,0
BRDA:1,478,1,0
BRDA:1,479,0,0
BRDA:1,479,1,0
BRDA:1,479,2,0
BRDA:1,480,0,0
BRDA:1,480,1,0
BRDA:1,481,0,0
BRDA:1,481,1,0
BRDA:1,481,2,0
BRDA:1,482,0,0
BRDA:1,482,1,0
BRDA:1,483,0,0
BRDA:1,483,1,0
BRDA:1,483,2,0
BRDA:1,484,0,0
BRDA:1,484,1,0
BRDA:1,485,0,0
BRDA:1,485,1,0
BRDA:1,485,2,0
BRDA:1,486,0,0
BRDA:1,486,1,0
BRDA:1,487,0,0
BRDA:1,487,1,0
BRDA:1,488,0,0
BRDA:1,488,1,0
BRDA:1,488,2,0
BRDA:1,489,0,0
BRDA:1,489,1,0
BRDA:1,490,0,0
BRDA:1,490,1,0
BRDA:1,491,0,0
BRDA:1,491,1,0
BRDA:1,492,0,0
BRDA:1,492,1,0
BRDA:1,493,0,0
BRDA:1,493,1,0
BRDA:1,494,0,0
BRDA:1,494,1,0
BRDA:1,494,2,0
BRDA:1,495,0,0
BRDA:1,495,1,0
BRDA:1,496,0,0
BRDA:1,496,1,0
BRDA:1,496,2,0
BRDA:1,497,0,0
BRDA:1,497,1,0
BRDA:1,498,0,0
BRDA:1,498,1,0
BRDA:1,498,2,0
BRDA:1,499,0,0
BRDA:1,499,1,0
BRDA:1,500,0,0
BRDA:1,500,1,0
BRDA:1,500,2,0
BRDA:1,501,0,0
BRDA:1,501,1,0
BRDA:1,502,0,0
BRDA:1,502,1,0
BRDA:1,502,2,0
BRDA:1,503,0,0
BRDA:1,503,1,0
BRDA:1,504,0,0
BRDA:1,504,1,0
BRDA:1,504,2,0
BRDA:1,505,0,0
BRDA:1,505,1,0
BRDA:1,506,0,0
BRDA:1,506,1,0
BRDA:1,506,2,0
BRDA:1,507,0,0
BRDA:1,507,1,0
BRDA:1,508,0,0
BRDA:1,508,1,0
BRDA:1,508,2,0
BRDA:1,509,0,0
BRDA:1,509,1,0
BRF:1129
BRH:0
end_of_record
TN:
SF:server/live/component/clientRouter.ts
FN:3,(anonymous_0)
FNF:1
FNH:1
FNDA:1,(anonymous_0)
DA:1,3
DA:3,3
DA:4,1
LF:3
LH:3
BRF:0
BRH:0
end_of_record
TN:
SF:server/live/component/liveComponent.ts
FN:47,LiveFactory
FNF:1
FNH:0
FNDA:0,LiveFactory
DA:47,2
DA:48,0
DA:49,0
DA:51,0
DA:53,0
DA:55,0
DA:57,0
DA:59,0
DA:61,0
DA:63,0
LF:10
LH:1
BRDA:49,0,0,0
BRDA:49,0,1,0
BRF:2
BRH:0
end_of_record
TN:
SF:server/live/component/liveRouter.ts
FN:21,(anonymous_0)
FN:34,(anonymous_1)
FN:38,(anonymous_2)
FN:42,(anonymous_3)
FN:46,(anonymous_4)
FN:61,(anonymous_5)
FN:76,(anonymous_6)
FN:91,(anonymous_7)
FN:95,(anonymous_8)
FN:106,(anonymous_9)
FN:114,(anonymous_10)
FNF:11
FNH:11
FNDA:19,(anonymous_0)
FNDA:2,(anonymous_1)
FNDA:2,(anonymous_2)
FNDA:3,(anonymous_3)
FNDA:3,(anonymous_4)
FNDA:9,(anonymous_5)
FNDA:3,(anonymous_6)
FNDA:3,(anonymous_7)
FNDA:5,(anonymous_8)
FNDA:5,(anonymous_9)
FNDA:5,(anonymous_10)
DA:2,4
DA:4,4
DA:15,4
DA:22,19
DA:23,19
DA:24,19
DA:28,19
DA:29,5
DA:31,14
DA:35,2
DA:39,2
DA:43,3
DA:47,3
DA:48,1
DA:53,1
DA:55,2
DA:62,9
DA:63,3
DA:68,3
DA:70,6
DA:77,3
DA:78,1
DA:83,1
DA:85,2
DA:92,3
DA:96,5
DA:97,1
DA:99,4
DA:100,4
DA:103,4
DA:107,5
DA:108,1
DA:110,4
DA:111,4
DA:115,5
DA:116,1
DA:118,4
DA:119,4
DA:120,4
DA:121,4
LF:40
LH:40
BRDA:21,0,0,14
BRDA:28,1,0,5
BRDA:28,1,1,14
BRDA:47,2,0,1
BRDA:47,2,1,2
BRDA:55,3,0,1
BRDA:55,3,1,1
BRDA:62,4,0,3
BRDA:62,4,1,6
BRDA:70,5,0,3
BRDA:70,5,1,3
BRDA:77,6,0,1
BRDA:77,6,1,2
BRDA:85,7,0,1
BRDA:85,7,1,1
BRDA:96,8,0,1
BRDA:107,9,0,1
BRDA:115,10,0,1
BRF:18
BRH:18
end_of_record
TN:
SF:server/live/component/liveSocket.ts
FN:14,(anonymous_0)
FN:23,(anonymous_1)
FN:27,(anonymous_2)
FN:28,(anonymous_3)
FN:31,(anonymous_4)
FN:35,(anonymous_5)
FN:39,(anonymous_6)
FN:40,(anonymous_7)
FN:45,(anonymous_8)
FN:49,(anonymous_9)
FN:50,(anonymous_10)
FN:57,(anonymous_11)
FN:58,(anonymous_12)
FN:73,(anonymous_13)
FN:74,(anonymous_14)
FNF:15
FNH:13
FNDA:6,(anonymous_0)
FNDA:1,(anonymous_1)
FNDA:0,(anonymous_2)
FNDA:0,(anonymous_3)
FNDA:2,(anonymous_4)
FNDA:1,(anonymous_5)
FNDA:2,(anonymous_6)
FNDA:2,(anonymous_7)
FNDA:1,(anonymous_8)
FNDA:2,(anonymous_9)
FNDA:2,(anonymous_10)
FNDA:5,(anonymous_11)
FNDA:2,(anonymous_12)
FNDA:1,(anonymous_13)
FNDA:1,(anonymous_14)
DA:4,3
DA:6,3
DA:15,6
DA:16,6
DA:17,6
DA:18,6
DA:19,6
DA:20,6
DA:24,1
DA:28,0
DA:32,2
DA:36,1
DA:40,2
DA:41,2
DA:42,2
DA:46,1
DA:50,2
DA:51,2
DA:52,1
DA:54,1
DA:58,5
DA:59,2
DA:60,1
DA:61,1
DA:62,1
DA:63,1
DA:64,1
DA:65,1
DA:70,5
DA:74,1
DA:75,1
DA:76,1
DA:77,1
LF:33
LH:32
BRDA:41,0,0,2
BRDA:51,1,0,1
BRDA:59,2,0,1
BRDA:59,3,0,2
BRDA:59,3,1,2
BRDA:61,4,0,1
BRDA:75,5,0,1
BRF:7
BRH:7
end_of_record
TN:
SF:server/socket/channel.ts
FN:42,(anonymous_0)
FN:56,(anonymous_1)
FN:65,(anonymous_2)
FN:73,(anonymous_3)
FN:80,(anonymous_4)
FN:82,(anonymous_5)
FN:88,(anonymous_6)
FN:90,(anonymous_7)
FN:102,(anonymous_8)
FN:110,(anonymous_9)
FN:136,(anonymous_10)
FN:148,(anonymous_11)
FN:151,(anonymous_12)
FN:190,(anonymous_13)
FN:216,(anonymous_14)
FN:234,(anonymous_15)
FN:246,(anonymous_16)
FN:252,(anonymous_17)
FN:275,(anonymous_18)
FN:285,(anonymous_19)
FN:319,(anonymous_20)
FN:320,(anonymous_21)
FN:324,(anonymous_22)
FN:335,(anonymous_23)
FN:346,(anonymous_24)
FN:356,(anonymous_25)
FN:391,(anonymous_26)
FN:400,(anonymous_27)
FNF:28
FNH:28
FNDA:43,(anonymous_0)
FNDA:30,(anonymous_1)
FNDA:67,(anonymous_2)
FNDA:6,(anonymous_3)
FNDA:83,(anonymous_4)
FNDA:102,(anonymous_5)
FNDA:30,(anonymous_6)
FNDA:40,(anonymous_7)
FNDA:42,(anonymous_8)
FNDA:36,(anonymous_9)
FNDA:7,(anonymous_10)
FNDA:12,(anonymous_11)
FNDA:13,(anonymous_12)
FNDA:13,(anonymous_13)
FNDA:4,(anonymous_14)
FNDA:4,(anonymous_15)
FNDA:15,(anonymous_16)
FNDA:17,(anonymous_17)
FNDA:17,(anonymous_18)
FNDA:14,(anonymous_19)
FNDA:19,(anonymous_20)
FNDA:25,(anonymous_21)
FNDA:34,(anonymous_22)
FNDA:14,(anonymous_23)
FNDA:5,(anonymous_24)
FNDA:3,(anonymous_25)
FNDA:21,(anonymous_26)
FNDA:71,(anonymous_27)
DA:1,5
DA:12,5
DA:33,5
DA:43,43
DA:44,43
DA:45,43
DA:46,43
DA:47,43
DA:48,43
DA:49,43
DA:50,43
DA:57,30
DA:66,67
DA:74,6
DA:81,83
DA:82,102
DA:89,30
DA:90,30
DA:91,40
DA:92,40
DA:95,30
DA:103,42
DA:111,36
DA:112,36
DA:113,1
DA:116,35
DA:117,35
DA:118,35
DA:120,35
DA:137,7
DA:138,7
DA:139,5
DA:149,12
DA:151,12
DA:152,13
DA:153,13
DA:154,13
DA:155,13
DA:157,13
DA:170,12
DA:171,9
DA:180,9
DA:191,13
DA:193,13
DA:195,12
DA:198,12
DA:206,12
DA:207,9
DA:217,4
DA:218,4
DA:220,3
DA:224,3
DA:232,3
DA:233,2
DA:234,4
DA:236,2
DA:247,15
DA:248,15
DA:249,1
DA:251,14
DA:252,17
DA:254,14
DA:256,12
DA:260,12
DA:268,12
DA:269,10
DA:276,17
DA:286,14
DA:287,14
DA:288,14
DA:293,14
DA:294,14
DA:295,5
DA:296,5
DA:310,0
DA:311,0
DA:320,19
DA:321,25
DA:324,19
DA:325,34
DA:331,34
DA:334,19
DA:336,14
DA:337,14
DA:347,5
DA:348,5
DA:350,3
DA:356,3
DA:357,3
DA:359,3
DA:360,1
DA:366,2
DA:367,0
DA:369,2
DA:370,2
DA:372,2
DA:373,1
DA:382,3
DA:392,21
DA:401,71
DA:402,71
DA:403,71
DA:404,50
DA:405,50
DA:410,21
LF:105
LH:102
BRDA:112,0,0,1
BRDA:138,1,0,2
BRDA:149,2,0,1
BRDA:149,2,1,11
BRDA:153,3,0,13
BRDA:170,4,0,9
BRDA:190,5,0,6
BRDA:193,6,0,1
BRDA:193,7,0,13
BRDA:193,7,1,9
BRDA:202,8,0,4
BRDA:202,8,1,8
BRDA:203,9,0,4
BRDA:203,9,1,8
BRDA:206,10,0,3
BRDA:218,11,0,1
BRDA:232,12,0,1
BRDA:248,13,0,1
BRDA:248,14,0,15
BRDA:248,14,1,7
BRDA:251,15,0,7
BRDA:251,15,1,7
BRDA:254,16,0,2
BRDA:264,17,0,12
BRDA:264,17,1,6
BRDA:265,18,0,12
BRDA:265,18,1,6
BRDA:268,19,0,2
BRDA:287,20,0,14
BRDA:287,20,1,0
BRDA:294,21,0,5
BRDA:310,22,0,0
BRDA:321,23,0,18
BRDA:348,24,0,2
BRDA:359,25,0,1
BRDA:359,25,1,2
BRDA:366,26,0,0
BRDA:369,27,0,2
BRDA:372,28,0,1
BRDA:402,29,0,71
BRDA:402,29,1,21
BRDA:403,30,0,50
BRDA:403,31,0,71
BRDA:403,31,1,50
BRF:44
BRH:41
end_of_record
TN:
SF:server/socket/endpoint.ts
FN:27,(anonymous_0)
FN:40,(anonymous_1)
FN:75,(anonymous_2)
FN:88,(anonymous_3)
FN:89,(anonymous_4)
FN:104,(anonymous_5)
FN:110,(anonymous_6)
FN:144,(anonymous_7)
FN:166,(anonymous_8)
FN:177,(anonymous_9)
FN:183,(anonymous_10)
FN:184,(anonymous_11)
FN:190,(anonymous_12)
FN:191,(anonymous_13)
FN:199,(anonymous_14)
FN:207,(anonymous_15)
FN:214,(anonymous_16)
FN:217,(anonymous_17)
FN:230,(anonymous_18)
FN:232,(anonymous_19)
FN:234,(anonymous_20)
FN:240,(anonymous_21)
FN:252,(anonymous_22)
FN:253,(anonymous_23)
FN:262,(anonymous_24)
FN:327,(anonymous_25)
FN:349,(anonymous_26)
FN:355,(anonymous_27)
FN:361,(anonymous_28)
FN:367,(anonymous_29)
FN:379,(anonymous_30)
FN:393,(anonymous_31)
FN:404,(anonymous_32)
FNF:33
FNH:28
FNDA:23,(anonymous_0)
FNDA:13,(anonymous_1)
FNDA:6,(anonymous_2)
FNDA:20,(anonymous_3)
FNDA:20,(anonymous_4)
FNDA:20,(anonymous_5)
FNDA:19,(anonymous_6)
FNDA:1,(anonymous_7)
FNDA:0,(anonymous_8)
FNDA:0,(anonymous_9)
FNDA:3,(anonymous_10)
FNDA:3,(anonymous_11)
FNDA:3,(anonymous_12)
FNDA:5,(anonymous_13)
FNDA:2,(anonymous_14)
FNDA:3,(anonymous_15)
FNDA:9,(anonymous_16)
FNDA:8,(anonymous_17)
FNDA:19,(anonymous_18)
FNDA:20,(anonymous_19)
FNDA:18,(anonymous_20)
FNDA:0,(anonymous_21)
FNDA:16,(anonymous_22)
FNDA:17,(anonymous_23)
FNDA:20,(anonymous_24)
FNDA:16,(anonymous_25)
FNDA:1,(anonymous_26)
FNDA:0,(anonymous_27)
FNDA:2,(anonymous_28)
FNDA:3,(anonymous_29)
FNDA:2,(anonymous_30)
FNDA:9,(anonymous_31)
FNDA:0,(anonymous_32)
DA:11,2
DA:15,2
DA:16,2
DA:21,2
DA:28,23
DA:29,23
DA:30,23
DA:31,23
DA:32,23
DA:41,13
DA:76,6
DA:77,6
DA:78,6
DA:89,20
DA:91,20
DA:97,20
DA:99,20
DA:104,20
DA:105,20
DA:106,1
DA:107,1
DA:110,19
DA:111,19
DA:112,19
DA:117,19
DA:118,19
DA:120,19
DA:121,3
DA:128,3
DA:131,19
DA:135,20
DA:136,20
DA:145,1
DA:151,1
DA:152,1
DA:153,1
DA:154,1
DA:155,1
DA:156,1
DA:167,0
DA:173,0
DA:174,0
DA:176,0
DA:177,0
DA:184,3
DA:191,5
DA:200,2
DA:201,2
DA:206,2
DA:207,3
DA:215,9
DA:216,9
DA:217,9
DA:218,9
DA:219,8
DA:222,1
DA:231,19
DA:232,20
DA:234,19
DA:235,18
DA:236,13
DA:237,18
DA:240,19
DA:241,0
DA:242,0
DA:243,0
DA:253,17
DA:263,20
DA:270,20
DA:271,20
DA:273,19
DA:274,1
DA:278,18
DA:279,1
DA:283,17
DA:284,1
DA:289,16
DA:291,13
DA:292,3
DA:295,7
DA:296,1
DA:304,1
DA:305,6
DA:306,6
DA:317,6
DA:328,16
DA:330,7
DA:331,7
DA:332,6
DA:338,6
DA:341,1
DA:346,6
DA:349,2
DA:350,1
DA:352,1
DA:355,0
DA:356,0
DA:358,0
DA:361,2
DA:362,2
DA:364,1
DA:367,3
DA:368,3
DA:369,2
DA:374,1
DA:376,0
DA:379,2
DA:380,2
DA:382,2
DA:394,9
DA:395,9
DA:396,1
DA:398,8
DA:405,0
DA:406,0
DA:408,0
DA:409,0
LF:117
LH:101
BRDA:105,0,0,1
BRDA:120,1,0,3
BRDA:153,2,0,1
BRDA:174,3,0,0
BRDA:174,3,1,0
BRDA:216,4,0,9
BRDA:218,5,0,8
BRDA:273,6,0,1
BRDA:273,6,1,18
BRDA:278,7,0,1
BRDA:278,7,1,17
BRDA:283,8,0,1
BRDA:283,8,1,16
BRDA:291,9,0,3
BRDA:295,10,0,1
BRDA:295,10,1,6
BRDA:305,11,0,6
BRDA:308,12,0,6
BRDA:308,12,1,1
BRDA:309,13,0,6
BRDA:309,13,1,1
BRDA:313,14,0,5
BRDA:313,14,1,1
BRDA:328,15,0,7
BRDA:328,15,1,2
BRDA:328,15,2,0
BRDA:328,15,3,2
BRDA:328,15,4,3
BRDA:328,15,5,2
BRDA:331,16,0,6
BRDA:331,16,1,1
BRDA:368,17,0,2
BRDA:368,18,0,3
BRDA:368,18,1,2
BRDA:380,19,0,2
BRDA:380,19,1,1
BRDA:380,20,0,2
BRDA:380,20,1,1
BRDA:395,21,0,1
BRDA:408,22,0,0
BRF:40
BRH:36
end_of_record
TN:
SF:server/socket/index.ts
FNF:0
FNH:0
DA:1,2
DA:2,2
DA:3,2
DA:4,2
LF:4
LH:4
BRF:0
BRH:0
end_of_record
TN:
SF:server/socket/pondChannel.ts
FN:29,(anonymous_0)
FN:41,(anonymous_1)
FN:42,(anonymous_2)
FN:50,(anonymous_3)
FN:59,(anonymous_4)
FN:64,(anonymous_5)
FN:76,(anonymous_6)
FN:77,(anonymous_7)
FN:79,(anonymous_8)
FN:99,(anonymous_9)
FN:106,(anonymous_10)
FN:136,(anonymous_11)
FN:137,(anonymous_12)
FN:147,(anonymous_13)
FN:148,(anonymous_14)
FN:160,(anonymous_15)
FN:161,(anonymous_16)
FN:170,(anonymous_17)
FN:171,(anonymous_18)
FN:183,(anonymous_19)
FN:185,(anonymous_20)
FN:194,(anonymous_21)
FN:203,(anonymous_22)
FN:204,(anonymous_23)
FN:216,(anonymous_24)
FN:218,(anonymous_25)
FN:232,(anonymous_26)
FN:233,(anonymous_27)
FN:245,(anonymous_28)
FN:246,(anonymous_29)
FN:250,(anonymous_30)
FN:263,(anonymous_31)
FN:265,(anonymous_32)
FN:268,(anonymous_33)
FN:283,(anonymous_34)
FN:284,(anonymous_35)
FN:308,(anonymous_36)
FNF:37
FNH:36
FNDA:19,(anonymous_0)
FNDA:10,(anonymous_1)
FNDA:9,(anonymous_2)
FNDA:41,(anonymous_3)
FNDA:4,(anonymous_4)
FNDA:0,(anonymous_5)
FNDA:19,(anonymous_6)
FNDA:19,(anonymous_7)
FNDA:6,(anonymous_8)
FNDA:17,(anonymous_9)
FNDA:41,(anonymous_10)
FNDA:2,(anonymous_11)
FNDA:2,(anonymous_12)
FNDA:1,(anonymous_13)
FNDA:1,(anonymous_14)
FNDA:2,(anonymous_15)
FNDA:2,(anonymous_16)
FNDA:13,(anonymous_17)
FNDA:11,(anonymous_18)
FNDA:2,(anonymous_19)
FNDA:2,(anonymous_20)
FNDA:39,(anonymous_21)
FNDA:7,(anonymous_22)
FNDA:1,(anonymous_23)
FNDA:14,(anonymous_24)
FNDA:6,(anonymous_25)
FNDA:20,(anonymous_26)
FNDA:18,(anonymous_27)
FNDA:19,(anonymous_28)
FNDA:19,(anonymous_29)
FNDA:4,(anonymous_30)
FNDA:2,(anonymous_31)
FNDA:4,(anonymous_32)
FNDA:4,(anonymous_33)
FNDA:4,(anonymous_34)
FNDA:22,(anonymous_35)
FNDA:12,(anonymous_36)
DA:1,4
DA:14,4
DA:16,4
DA:22,4
DA:30,19
DA:31,19
DA:32,19
DA:33,19
DA:34,19
DA:35,19
DA:42,10
DA:51,41
DA:60,4
DA:62,4
DA:63,4
DA:65,0
DA:77,19
DA:79,19
DA:80,19
DA:81,19
DA:82,1
DA:84,18
DA:85,13
DA:87,18
DA:93,18
DA:99,18
DA:100,17
DA:101,2
DA:103,15
DA:104,15
DA:106,15
DA:107,41
DA:110,15
DA:117,15
DA:119,15
DA:120,1
DA:122,15
DA:125,18
DA:126,18
DA:137,2
DA:138,2
DA:148,1
DA:149,1
DA:150,1
DA:161,2
DA:162,2
DA:171,13
DA:172,11
DA:184,2
DA:185,2
DA:186,2
DA:195,39
DA:204,7
DA:205,7
DA:206,1
DA:208,6
DA:209,6
DA:217,14
DA:218,6
DA:219,6
DA:220,6
DA:221,6
DA:222,6
DA:233,20
DA:234,20
DA:235,18
DA:237,2
DA:246,19
DA:247,19
DA:250,19
DA:251,4
DA:254,19
DA:264,2
DA:265,2
DA:266,4
DA:267,4
DA:268,4
DA:269,4
DA:270,4
DA:271,4
DA:284,4
DA:285,22
DA:286,22
DA:288,22
DA:289,13
DA:295,13
DA:308,13
DA:309,12
DA:311,12
DA:312,3
DA:318,9
DA:319,2
DA:321,9
DA:322,3
DA:324,3
DA:325,1
DA:335,13
DA:336,13
DA:339,22
LF:99
LH:98
BRDA:81,0,0,1
BRDA:84,1,0,13
BRDA:100,2,0,2
BRDA:104,3,0,15
BRDA:104,3,1,15
BRDA:119,4,0,1
BRDA:162,5,0,2
BRDA:162,5,1,1
BRDA:162,6,0,2
BRDA:162,6,1,1
BRDA:184,7,0,1
BRDA:184,7,1,1
BRDA:195,8,0,39
BRDA:195,8,1,4
BRDA:205,9,0,1
BRDA:217,10,0,6
BRDA:221,11,0,6
BRDA:233,12,0,20
BRDA:233,12,1,2
BRDA:234,13,0,18
BRDA:264,14,0,1
BRDA:264,14,1,1
BRDA:267,15,0,4
BRDA:269,16,0,4
BRDA:288,17,0,13
BRDA:311,18,0,3
BRDA:311,18,1,9
BRDA:318,19,0,2
BRDA:321,20,0,3
BRDA:324,21,0,1
BRDA:339,22,0,22
BRDA:339,22,1,19
BRF:32
BRH:32
end_of_record
TN:
SF:server/socket/pondSocket.ts
FN:17,(anonymous_0)
FN:30,(anonymous_1)
FN:41,(anonymous_2)
FN:49,(anonymous_3)
FN:71,(anonymous_4)
FN:73,(anonymous_5)
FN:80,(anonymous_6)
FN:90,(anonymous_7)
FN:91,(anonymous_8)
FN:93,(anonymous_9)
FN:98,(anonymous_10)
FN:99,(anonymous_11)
FN:106,(anonymous_12)
FN:112,(anonymous_13)
FN:113,(anonymous_14)
FN:118,(anonymous_15)
FN:122,(anonymous_16)
FN:131,(anonymous_17)
FNF:18
FNH:13
FNDA:19,(anonymous_0)
FNDA:1,(anonymous_1)
FNDA:14,(anonymous_2)
FNDA:0,(anonymous_3)
FNDA:15,(anonymous_4)
FNDA:21,(anonymous_5)
FNDA:1,(anonymous_6)
FNDA:11,(anonymous_7)
FNDA:19,(anonymous_8)
FNDA:0,(anonymous_9)
FNDA:0,(anonymous_10)
FNDA:0,(anonymous_11)
FNDA:0,(anonymous_12)
FNDA:19,(anonymous_13)
FNDA:1,(anonymous_14)
FNDA:11,(anonymous_15)
FNDA:12,(anonymous_16)
FNDA:13,(anonymous_17)
DA:1,2
DA:2,2
DA:3,2
DA:5,2
DA:6,2
DA:8,2
DA:9,2
DA:11,2
DA:18,19
DA:19,19
DA:20,19
DA:21,19
DA:22,19
DA:23,19
DA:31,1
DA:32,1
DA:33,1
DA:42,14
DA:50,0
DA:72,15
DA:73,15
DA:74,21
DA:75,21
DA:76,21
DA:77,1
DA:79,20
DA:80,1
DA:83,15
DA:91,11
DA:92,19
DA:93,19
DA:94,0
DA:98,11
DA:99,0
DA:100,0
DA:101,0
DA:102,0
DA:106,11
DA:113,19
DA:114,1
DA:115,1
DA:118,19
DA:119,11
DA:122,19
DA:123,12
DA:132,13
DA:133,0
LF:47
LH:40
BRDA:19,0,0,19
BRDA:19,0,1,16
BRDA:20,1,0,19
BRDA:20,1,1,17
BRDA:74,2,0,21
BRDA:74,2,1,0
BRDA:76,3,0,1
BRDA:100,4,0,0
BRF:8
BRH:6
end_of_record
TN:
SF:server/utils/baseClass.ts
FN:22,(anonymous_0)
FN:31,(anonymous_1)
FN:42,(anonymous_2)
FN:44,(anonymous_3)
FN:54,(anonymous_4)
FN:57,(anonymous_5)
FN:65,(anonymous_6)
FN:74,(anonymous_7)
FN:88,(anonymous_8)
FN:102,(anonymous_9)
FN:111,(anonymous_10)
FN:112,(anonymous_11)
FN:112,(anonymous_12)
FN:113,(anonymous_13)
FN:113,(anonymous_14)
FN:116,(anonymous_15)
FN:118,(anonymous_16)
FN:132,(anonymous_17)
FN:133,(anonymous_18)
FN:133,(anonymous_19)
FN:134,(anonymous_20)
FN:135,(anonymous_21)
FN:135,(anonymous_22)
FN:155,(anonymous_23)
FN:159,(anonymous_24)
FN:178,(anonymous_25)
FN:186,(anonymous_26)
FN:209,(anonymous_27)
FN:217,(anonymous_28)
FN:242,(anonymous_29)
FNF:30
FNH:30
FNDA:99,(anonymous_0)
FNDA:29,(anonymous_1)
FNDA:1,(anonymous_2)
FNDA:31,(anonymous_3)
FNDA:2,(anonymous_4)
FNDA:16,(anonymous_5)
FNDA:26,(anonymous_6)
FNDA:87,(anonymous_7)
FNDA:6,(anonymous_8)
FNDA:16,(anonymous_9)
FNDA:10,(anonymous_10)
FNDA:117,(anonymous_11)
FNDA:678,(anonymous_12)
FNDA:117,(anonymous_13)
FNDA:678,(anonymous_14)
FNDA:117,(anonymous_15)
FNDA:117,(anonymous_16)
FNDA:7,(anonymous_17)
FNDA:258,(anonymous_18)
FNDA:869,(anonymous_19)
FNDA:129,(anonymous_20)
FNDA:129,(anonymous_21)
FNDA:740,(anonymous_22)
FNDA:80,(anonymous_23)
FNDA:13,(anonymous_24)
FNDA:73,(anonymous_25)
FNDA:60,(anonymous_26)
FNDA:10,(anonymous_27)
FNDA:8,(anonymous_28)
FNDA:89,(anonymous_29)
DA:16,11
DA:23,99
DA:32,29
DA:33,22
DA:36,7
DA:43,1
DA:44,1
DA:45,31
DA:46,31
DA:47,31
DA:55,2
DA:56,2
DA:57,16
DA:66,26
DA:75,87
DA:76,87
DA:80,14
DA:89,6
DA:90,6
DA:94,1
DA:103,16
DA:112,678
DA:113,678
DA:114,10
DA:115,10
DA:116,117
DA:118,117
DA:121,5
DA:123,5
DA:133,869
DA:134,129
DA:135,740
DA:137,7
DA:144,7
DA:156,80
DA:157,80
DA:158,80
DA:159,7
DA:160,13
DA:161,13
DA:164,80
DA:179,73
DA:180,73
DA:181,73
DA:182,73
DA:183,59
DA:184,59
DA:185,59
DA:186,59
DA:187,60
DA:189,59
DA:192,14
DA:210,10
DA:211,8
DA:212,8
DA:213,8
DA:214,6
DA:215,6
DA:216,6
DA:217,6
DA:218,8
DA:220,6
DA:227,4
DA:228,4
DA:230,3
DA:231,1
DA:234,2
DA:243,89
DA:245,21
DA:246,21
DA:248,3
LF:71
LH:71
BRDA:23,0,0,99
BRDA:23,0,1,94
BRDA:32,1,0,22
BRDA:32,1,1,7
BRDA:47,2,0,30
BRDA:47,2,1,1
BRDA:76,3,0,73
BRDA:90,4,0,5
BRDA:158,5,0,7
BRDA:182,6,0,59
BRDA:184,7,0,59
BRDA:210,8,0,8
BRDA:213,9,0,6
BRDA:215,10,0,6
BRDA:228,11,0,1
BRDA:230,12,0,1
BRDA:243,13,0,68
BRDA:246,14,0,18
BRF:18
BRH:18
end_of_record
TN:
SF:server/utils/basePromise.ts
FN:8,(anonymous_0)
FN:15,BasePromise
FN:16,(anonymous_2)
FN:18,(anonymous_3)
FN:23,(anonymous_4)
FNF:5
FNH:5
FNDA:47,(anonymous_0)
FNDA:44,BasePromise
FNDA:44,(anonymous_2)
FNDA:5,(anonymous_3)
FNDA:35,(anonymous_4)
DA:3,13
DA:9,47
DA:10,47
DA:11,47
DA:15,13
DA:16,44
DA:17,44
DA:18,44
DA:19,5
DA:20,5
DA:23,44
DA:24,35
DA:25,35
DA:28,44
DA:29,44
DA:30,42
DA:31,2
DA:33,2
DA:34,1
DA:36,1
LF:20
LH:20
BRDA:20,0,0,5
BRDA:20,0,1,1
BRDA:30,1,0,2
BRDA:33,2,0,1
BRDA:33,2,1,1
BRF:5
BRH:5
end_of_record
TN:
SF:server/utils/index.ts
FNF:0
FNH:0
DA:1,9
DA:2,9
DA:3,9
DA:4,9
DA:5,9
LF:5
LH:5
BRF:0
BRH:0
end_of_record
TN:
SF:server/utils/pondBase.ts
FN:11,(anonymous_0)
FN:18,(anonymous_1)
FN:22,(anonymous_2)
FN:29,(anonymous_3)
FN:38,(anonymous_4)
FN:47,(anonymous_5)
FN:55,(anonymous_6)
FN:63,(anonymous_7)
FN:75,(anonymous_8)
FN:87,(anonymous_9)
FN:100,(anonymous_10)
FN:113,(anonymous_11)
FN:124,(anonymous_12)
FN:134,(anonymous_13)
FN:149,(anonymous_14)
FN:163,(anonymous_15)
FN:164,(anonymous_16)
FN:164,(anonymous_17)
FN:172,(anonymous_18)
FN:186,(anonymous_19)
FN:200,(anonymous_20)
FN:207,(anonymous_21)
FN:209,(anonymous_22)
FN:216,(anonymous_23)
FN:217,(anonymous_24)
FN:231,(anonymous_25)
FN:244,(anonymous_26)
FN:252,(anonymous_27)
FN:268,(anonymous_28)
FNF:29
FNH:29
FNDA:432,(anonymous_0)
FNDA:141,(anonymous_1)
FNDA:367,(anonymous_2)
FNDA:44,(anonymous_3)
FNDA:49,(anonymous_4)
FNDA:155,(anonymous_5)
FNDA:25,(anonymous_6)
FNDA:92,(anonymous_7)
FNDA:118,(anonymous_8)
FNDA:51,(anonymous_9)
FNDA:22,(anonymous_10)
FNDA:1,(anonymous_11)
FNDA:40,(anonymous_12)
FNDA:27,(anonymous_13)
FNDA:2,(anonymous_14)
FNDA:1,(anonymous_15)
FNDA:1,(anonymous_16)
FNDA:1,(anonymous_17)
FNDA:1,(anonymous_18)
FNDA:57,(anonymous_19)
FNDA:17,(anonymous_20)
FNDA:1,(anonymous_21)
FNDA:2,(anonymous_22)
FNDA:24,(anonymous_23)
FNDA:39,(anonymous_24)
FNDA:88,(anonymous_25)
FNDA:46,(anonymous_26)
FNDA:140,(anonymous_27)
FNDA:432,(anonymous_28)
DA:1,10
DA:2,10
DA:3,10
DA:5,10
DA:12,432
DA:13,432
DA:14,432
DA:15,432
DA:19,141
DA:23,367
DA:30,44
DA:31,44
DA:39,49
DA:43,10
DA:48,155
DA:49,155
DA:56,25
DA:64,92
DA:65,92
DA:66,66
DA:68,26
DA:76,118
DA:77,118
DA:78,118
DA:79,118
DA:88,51
DA:89,50
DA:90,50
DA:91,50
DA:93,1
DA:101,22
DA:102,22
DA:103,22
DA:104,22
DA:105,22
DA:106,22
DA:114,1
DA:115,3
DA:118,1
DA:125,40
DA:126,23
DA:135,27
DA:136,27
DA:137,11
DA:138,11
DA:139,8
DA:142,27
DA:150,2
DA:151,2
DA:152,6
DA:153,1
DA:156,2
DA:164,1
DA:173,1
DA:174,1
DA:175,3
DA:176,3
DA:179,1
DA:187,57
DA:188,58
DA:189,58
DA:190,51
DA:193,6
DA:201,17
DA:208,1
DA:209,2
DA:217,24
DA:218,39
DA:220,39
DA:222,9
DA:224,39
DA:232,88
DA:233,88
DA:234,116
DA:235,116
DA:238,88
DA:245,46
DA:246,46
DA:252,155
DA:253,140
DA:254,140
DA:255,140
DA:256,2940
DA:259,140
DA:269,432
DA:270,432
DA:271,432
LF:87
LH:87
BRDA:65,0,0,66
BRDA:88,1,0,50
BRDA:88,1,1,1
BRDA:138,2,0,8
BRDA:152,3,0,1
BRDA:189,4,0,51
BRDA:220,5,0,30
BRDA:220,5,1,9
BRDA:222,6,0,5
BRF:9
BRH:9
end_of_record
TN:
SF:server/utils/pondResponse.ts
FN:17,(anonymous_0)
FN:35,(anonymous_1)
FN:48,(anonymous_2)
FN:57,(anonymous_3)
FN:73,(anonymous_4)
FN:92,(anonymous_5)
FNF:6
FNH:6
FNDA:67,(anonymous_0)
FNDA:17,(anonymous_1)
FNDA:38,(anonymous_2)
FNDA:10,(anonymous_3)
FNDA:65,(anonymous_4)
FNDA:64,(anonymous_5)
DA:3,11
DA:8,11
DA:22,67
DA:23,67
DA:24,67
DA:25,67
DA:26,67
DA:36,17
DA:41,17
DA:49,38
DA:58,10
DA:59,10
DA:60,10
DA:65,10
DA:74,65
DA:75,64
DA:76,64
DA:81,64
DA:84,1
DA:93,64
DA:94,45
DA:96,19
DA:97,19
DA:98,19
DA:99,19
DA:100,19
DA:102,19
LF:27
LH:27
BRDA:20,0,0,47
BRDA:58,1,0,10
BRDA:58,1,1,7
BRDA:58,2,0,6
BRDA:58,2,1,1
BRDA:59,3,0,10
BRDA:59,3,1,8
BRDA:74,4,0,64
BRDA:74,4,1,1
BRDA:93,5,0,45
BRF:10
BRH:10
end_of_record
TN:
SF:server/utils/pubSub.ts
FN:15,(anonymous_0)
FN:22,(anonymous_1)
FN:32,(anonymous_2)
FN:47,(anonymous_3)
FN:55,(anonymous_4)
FN:62,(anonymous_5)
FN:70,(anonymous_6)
FNF:7
FNH:7
FNDA:77,(anonymous_0)
FNDA:34,(anonymous_1)
FNDA:357,(anonymous_2)
FNDA:7,(anonymous_3)
FNDA:1,(anonymous_4)
FNDA:6,(anonymous_5)
FNDA:4,(anonymous_6)
DA:8,11
DA:9,255
DA:16,77
DA:18,77
DA:23,34
DA:34,357
DA:35,125
DA:36,125
DA:37,17
DA:40,357
DA:44,11
DA:48,7
DA:49,7
DA:56,1
DA:63,6
DA:64,6
DA:71,4
DA:72,4
DA:73,4
LF:19
LH:19
BRDA:36,0,0,17
BRDA:71,1,0,4
BRF:2
BRH:2
end_of_record
