TN:
SF:source/client.ts
FNF:0
FNH:0
DA:1,0
DA:2,0
DA:4,0
LF:3
LH:0
BRF:0
BRH:0
end_of_record
TN:
SF:source/server.ts
FNF:0
FNH:0
DA:1,0
DA:2,0
DA:3,0
LF:3
LH:0
BRF:0
BRH:0
end_of_record
TN:
SF:source/pondbase/baseClass.ts
FN:23,(anonymous_0)
FN:32,(anonymous_1)
FN:43,(anonymous_2)
FN:45,(anonymous_3)
FN:55,(anonymous_4)
FN:58,(anonymous_5)
FN:66,(anonymous_6)
FN:75,(anonymous_7)
FN:89,(anonymous_8)
FN:103,(anonymous_9)
FN:112,(anonymous_10)
FN:113,(anonymous_11)
FN:113,(anonymous_12)
FN:114,(anonymous_13)
FN:114,(anonymous_14)
FN:118,(anonymous_15)
FN:120,(anonymous_16)
FN:134,(anonymous_17)
FN:135,(anonymous_18)
FN:135,(anonymous_19)
FN:136,(anonymous_20)
FN:137,(anonymous_21)
FN:137,(anonymous_22)
FN:157,(anonymous_23)
FN:161,(anonymous_24)
FN:180,(anonymous_25)
FN:188,(anonymous_26)
FN:211,(anonymous_27)
FN:219,(anonymous_28)
FN:244,(anonymous_29)
FNF:30
FNH:30
FNDA:107,(anonymous_0)
FNDA:23,(anonymous_1)
FNDA:1,(anonymous_2)
FNDA:31,(anonymous_3)
FNDA:3,(anonymous_4)
FNDA:24,(anonymous_5)
FNDA:29,(anonymous_6)
FNDA:95,(anonymous_7)
FNDA:6,(anonymous_8)
FNDA:15,(anonymous_9)
FNDA:10,(anonymous_10)
FNDA:115,(anonymous_11)
FNDA:666,(anonymous_12)
FNDA:115,(anonymous_13)
FNDA:666,(anonymous_14)
FNDA:115,(anonymous_15)
FNDA:115,(anonymous_16)
FNDA:7,(anonymous_17)
FNDA:258,(anonymous_18)
FNDA:869,(anonymous_19)
FNDA:129,(anonymous_20)
FNDA:129,(anonymous_21)
FNDA:740,(anonymous_22)
FNDA:84,(anonymous_23)
FNDA:13,(anonymous_24)
FNDA:87,(anonymous_25)
FNDA:70,(anonymous_26)
FNDA:10,(anonymous_27)
FNDA:8,(anonymous_28)
FNDA:97,(anonymous_29)
DA:2,13
DA:17,13
DA:24,107
DA:33,23
DA:34,16
DA:37,7
DA:44,1
DA:45,1
DA:46,31
DA:47,31
DA:48,31
DA:56,3
DA:57,3
DA:58,24
DA:67,29
DA:76,95
DA:77,95
DA:81,18
DA:90,6
DA:91,6
DA:95,1
DA:104,15
DA:113,666
DA:114,666
DA:115,10
DA:116,10
DA:118,115
DA:120,115
DA:123,5
DA:125,5
DA:135,869
DA:136,129
DA:137,740
DA:139,7
DA:146,7
DA:158,84
DA:159,84
DA:160,84
DA:161,7
DA:162,13
DA:163,13
DA:166,84
DA:181,87
DA:182,87
DA:183,87
DA:184,87
DA:185,69
DA:186,69
DA:187,69
DA:188,69
DA:189,70
DA:191,69
DA:194,18
DA:212,10
DA:213,8
DA:214,8
DA:215,8
DA:216,6
DA:217,6
DA:218,6
DA:219,6
DA:220,8
DA:222,6
DA:229,4
DA:230,4
DA:232,3
DA:233,1
DA:236,2
DA:245,97
DA:247,15
DA:248,15
DA:250,3
LF:72
LH:72
BRDA:24,0,0,107
BRDA:24,0,1,102
BRDA:33,1,0,16
BRDA:33,1,1,7
BRDA:48,2,0,30
BRDA:48,2,1,1
BRDA:77,3,0,77
BRDA:91,4,0,5
BRDA:160,5,0,7
BRDA:184,6,0,69
BRDA:186,7,0,69
BRDA:212,8,0,8
BRDA:215,9,0,6
BRDA:217,10,0,6
BRDA:230,11,0,1
BRDA:232,12,0,1
BRDA:245,13,0,82
BRDA:248,14,0,12
BRF:18
BRH:18
end_of_record
TN:
SF:source/pondbase/basePromise.ts
FN:8,(anonymous_0)
FN:16,BasePromise
FN:17,(anonymous_2)
FN:19,(anonymous_3)
FN:24,(anonymous_4)
FNF:5
FNH:5
FNDA:44,(anonymous_0)
FNDA:48,BasePromise
FNDA:48,(anonymous_2)
FNDA:5,(anonymous_3)
FNDA:39,(anonymous_4)
DA:3,14
DA:9,44
DA:10,44
DA:11,44
DA:12,44
DA:16,14
DA:17,48
DA:18,48
DA:19,48
DA:20,5
DA:21,5
DA:24,48
DA:25,39
DA:26,39
DA:29,48
DA:30,48
DA:31,46
DA:32,2
DA:34,2
DA:35,1
DA:37,1
LF:21
LH:21
BRDA:21,0,0,5
BRDA:21,0,1,1
BRDA:31,1,0,2
BRDA:34,2,0,1
BRDA:34,2,1,1
BRF:5
BRH:5
end_of_record
TN:
SF:source/pondbase/enums.ts
FN:1,(anonymous_0)
FN:6,(anonymous_1)
FNF:2
FNH:2
FNDA:13,(anonymous_0)
FNDA:13,(anonymous_1)
DA:1,13
DA:2,13
DA:3,13
DA:6,13
DA:7,13
DA:8,13
DA:9,13
LF:7
LH:7
BRDA:1,0,0,13
BRDA:1,0,1,13
BRDA:6,1,0,13
BRDA:6,1,1,13
BRF:4
BRH:4
end_of_record
TN:
SF:source/pondbase/index.ts
FNF:0
FNH:0
DA:1,12
DA:2,12
DA:3,12
DA:4,12
DA:5,12
DA:6,12
LF:6
LH:6
BRF:0
BRH:0
end_of_record
TN:
SF:source/pondbase/pondBase.ts
FN:11,(anonymous_0)
FN:18,(anonymous_1)
FN:22,(anonymous_2)
FN:29,(anonymous_3)
FN:38,(anonymous_4)
FN:47,(anonymous_5)
FN:55,(anonymous_6)
FN:63,(anonymous_7)
FN:75,(anonymous_8)
FN:87,(anonymous_9)
FN:100,(anonymous_10)
FN:113,(anonymous_11)
FN:124,(anonymous_12)
FN:134,(anonymous_13)
FN:149,(anonymous_14)
FN:163,(anonymous_15)
FN:164,(anonymous_16)
FN:164,(anonymous_17)
FN:172,(anonymous_18)
FN:186,(anonymous_19)
FN:200,(anonymous_20)
FN:207,(anonymous_21)
FN:209,(anonymous_22)
FN:216,(anonymous_23)
FN:217,(anonymous_24)
FN:231,(anonymous_25)
FN:244,(anonymous_26)
FN:252,(anonymous_27)
FN:268,(anonymous_28)
FNF:29
FNH:29
FNDA:454,(anonymous_0)
FNDA:151,(anonymous_1)
FNDA:390,(anonymous_2)
FNDA:48,(anonymous_3)
FNDA:53,(anonymous_4)
FNDA:140,(anonymous_5)
FNDA:26,(anonymous_6)
FNDA:87,(anonymous_7)
FNDA:123,(anonymous_8)
FNDA:55,(anonymous_9)
FNDA:24,(anonymous_10)
FNDA:1,(anonymous_11)
FNDA:30,(anonymous_12)
FNDA:24,(anonymous_13)
FNDA:2,(anonymous_14)
FNDA:2,(anonymous_15)
FNDA:2,(anonymous_16)
FNDA:2,(anonymous_17)
FNDA:1,(anonymous_18)
FNDA:69,(anonymous_19)
FNDA:19,(anonymous_20)
FNDA:1,(anonymous_21)
FNDA:2,(anonymous_22)
FNDA:26,(anonymous_23)
FNDA:41,(anonymous_24)
FNDA:91,(anonymous_25)
FNDA:50,(anonymous_26)
FNDA:147,(anonymous_27)
FNDA:454,(anonymous_28)
DA:1,13
DA:2,13
DA:3,13
DA:5,13
DA:12,454
DA:13,454
DA:14,454
DA:15,454
DA:19,151
DA:23,390
DA:30,48
DA:31,48
DA:39,53
DA:43,13
DA:48,140
DA:49,140
DA:56,26
DA:64,87
DA:65,87
DA:66,66
DA:68,21
DA:76,123
DA:77,123
DA:78,123
DA:79,123
DA:88,55
DA:89,54
DA:90,54
DA:91,54
DA:93,1
DA:101,24
DA:102,24
DA:103,24
DA:104,24
DA:105,24
DA:106,24
DA:114,1
DA:115,3
DA:118,1
DA:125,30
DA:126,26
DA:135,24
DA:136,24
DA:137,11
DA:138,11
DA:139,8
DA:142,24
DA:150,2
DA:151,2
DA:152,6
DA:153,1
DA:156,2
DA:164,2
DA:173,1
DA:174,1
DA:175,3
DA:176,3
DA:179,1
DA:187,69
DA:188,65
DA:189,65
DA:190,58
DA:193,11
DA:201,19
DA:208,1
DA:209,2
DA:217,26
DA:218,41
DA:220,41
DA:222,9
DA:224,41
DA:232,91
DA:233,91
DA:234,120
DA:235,120
DA:238,91
DA:245,50
DA:246,50
DA:252,140
DA:253,147
DA:254,147
DA:255,147
DA:256,3087
DA:259,147
DA:269,454
DA:270,454
DA:271,454
LF:87
LH:87
BRDA:65,0,0,66
BRDA:88,1,0,54
BRDA:88,1,1,1
BRDA:138,2,0,8
BRDA:152,3,0,1
BRDA:189,4,0,58
BRDA:220,5,0,32
BRDA:220,5,1,9
BRDA:222,6,0,5
BRF:9
BRH:9
end_of_record
TN:
SF:source/pondbase/pubSub.ts
FN:19,(anonymous_0)
FN:26,(anonymous_1)
FN:36,(anonymous_2)
FN:55,(anonymous_3)
FN:63,(anonymous_4)
FN:70,(anonymous_5)
FN:78,(anonymous_6)
FN:95,(anonymous_7)
FN:96,(anonymous_8)
FN:107,(anonymous_9)
FN:118,(anonymous_10)
FN:132,(anonymous_11)
FN:133,(anonymous_12)
FN:143,(anonymous_13)
FN:152,(anonymous_14)
FN:162,(anonymous_15)
FNF:16
FNH:15
FNDA:82,(anonymous_0)
FNDA:37,(anonymous_1)
FNDA:375,(anonymous_2)
FNDA:8,(anonymous_3)
FNDA:1,(anonymous_4)
FNDA:9,(anonymous_5)
FNDA:5,(anonymous_6)
FNDA:18,(anonymous_7)
FNDA:24,(anonymous_8)
FNDA:2,(anonymous_9)
FNDA:25,(anonymous_10)
FNDA:5,(anonymous_11)
FNDA:6,(anonymous_12)
FNDA:1,(anonymous_13)
FNDA:2,(anonymous_14)
FNDA:0,(anonymous_15)
DA:12,14
DA:13,234
DA:20,82
DA:22,82
DA:27,37
DA:38,375
DA:39,136
DA:40,136
DA:41,135
DA:42,19
DA:44,1
DA:48,374
DA:52,14
DA:56,8
DA:57,8
DA:64,1
DA:71,9
DA:72,8
DA:79,5
DA:80,5
DA:81,5
DA:86,14
DA:87,18
DA:96,18
DA:97,24
DA:98,14
DA:101,18
DA:103,18
DA:108,2
DA:119,25
DA:120,30
DA:121,30
DA:123,1
DA:133,5
DA:134,6
DA:137,5
DA:139,5
DA:144,1
DA:153,2
DA:154,2
DA:155,0
DA:163,0
LF:42
LH:40
BRDA:41,0,0,19
BRDA:79,1,0,5
BRDA:97,2,0,14
BRDA:154,3,0,0
BRF:4
BRH:3
end_of_record
TN:
SF:source/pondclient/channel.ts
FN:18,(anonymous_0)
FN:26,(anonymous_1)
FN:33,(anonymous_2)
FN:39,(anonymous_3)
FN:58,(anonymous_4)
FN:61,(anonymous_5)
FN:70,(anonymous_6)
FN:80,(anonymous_7)
FN:83,(anonymous_8)
FN:85,(anonymous_9)
FN:95,(anonymous_10)
FN:110,(anonymous_11)
FN:124,(anonymous_12)
FN:139,(anonymous_13)
FN:155,(anonymous_14)
FN:165,(anonymous_15)
FN:167,(anonymous_16)
FN:173,(anonymous_17)
FN:179,(anonymous_18)
FNF:19
FNH:0
FNDA:0,(anonymous_0)
FNDA:0,(anonymous_1)
FNDA:0,(anonymous_2)
FNDA:0,(anonymous_3)
FNDA:0,(anonymous_4)
FNDA:0,(anonymous_5)
FNDA:0,(anonymous_6)
FNDA:0,(anonymous_7)
FNDA:0,(anonymous_8)
FNDA:0,(anonymous_9)
FNDA:0,(anonymous_10)
FNDA:0,(anonymous_11)
FNDA:0,(anonymous_12)
FNDA:0,(anonymous_13)
FNDA:0,(anonymous_14)
FNDA:0,(anonymous_15)
FNDA:0,(anonymous_16)
FNDA:0,(anonymous_17)
FNDA:0,(anonymous_18)
DA:1,0
DA:3,0
DA:4,0
DA:5,0
DA:9,0
DA:11,0
DA:16,0
DA:19,0
DA:20,0
DA:21,0
DA:22,0
DA:23,0
DA:27,0
DA:34,0
DA:35,0
DA:37,0
DA:38,0
DA:40,0
DA:41,0
DA:42,0
DA:44,0
DA:45,0
DA:47,0
DA:48,0
DA:51,0
DA:52,0
DA:59,0
DA:60,0
DA:61,0
DA:62,0
DA:63,0
DA:71,0
DA:72,0
DA:73,0
DA:81,0
DA:83,0
DA:85,0
DA:86,0
DA:87,0
DA:96,0
DA:102,0
DA:111,0
DA:117,0
DA:125,0
DA:140,0
DA:142,0
DA:148,0
DA:156,0
DA:157,0
DA:158,0
DA:166,0
DA:167,0
DA:173,0
DA:179,0
DA:181,0
LF:55
LH:0
BRDA:34,0,0,0
BRDA:41,1,0,0
BRDA:41,1,1,0
BRDA:44,2,0,0
BRDA:44,2,1,0
BRDA:47,3,0,0
BRDA:140,4,0,0
BRDA:140,4,1,0
BRF:8
BRH:0
end_of_record
TN:
SF:source/pondclient/debounce.ts
FN:1,(anonymous_0)
FN:3,executedFunction
FN:4,(anonymous_2)
FNF:3
FNH:0
FNDA:0,(anonymous_0)
FNDA:0,executedFunction
FNDA:0,(anonymous_2)
DA:1,0
DA:3,0
DA:4,0
DA:5,0
DA:6,0
DA:9,0
DA:11,0
DA:13,0
DA:15,0
LF:9
LH:0
BRDA:6,0,0,0
BRDA:9,1,0,0
BRDA:9,1,1,0
BRDA:15,2,0,0
BRF:4
BRH:0
end_of_record
TN:
SF:source/pondclient/domDiff.ts
FN:3,(anonymous_0)
FN:18,(anonymous_1)
FN:71,(anonymous_2)
FNF:3
FNH:0
FNDA:0,(anonymous_0)
FNDA:0,(anonymous_1)
FNDA:0,(anonymous_2)
DA:3,0
DA:4,0
DA:5,0
DA:6,0
DA:7,0
DA:8,0
DA:9,0
DA:11,0
DA:12,0
DA:14,0
DA:15,0
DA:18,0
DA:19,0
DA:20,0
DA:21,0
DA:24,0
DA:25,0
DA:26,0
DA:29,0
DA:30,0
DA:31,0
DA:34,0
DA:35,0
DA:36,0
DA:39,0
DA:40,0
DA:41,0
DA:42,0
DA:43,0
DA:46,0
DA:47,0
DA:48,0
DA:49,0
DA:50,0
DA:52,0
DA:53,0
DA:56,0
DA:57,0
DA:58,0
DA:59,0
DA:60,0
DA:61,0
DA:63,0
DA:64,0
DA:66,0
DA:67,0
DA:71,0
DA:72,0
DA:73,0
DA:74,0
DA:75,0
LF:51
LH:0
BRDA:8,0,0,0
BRDA:8,1,0,0
BRDA:8,1,1,0
BRDA:14,2,0,0
BRDA:14,3,0,0
BRDA:14,3,1,0
BRDA:19,4,0,0
BRDA:19,5,0,0
BRDA:19,5,1,0
BRDA:19,5,2,0
BRDA:24,6,0,0
BRDA:24,7,0,0
BRDA:24,7,1,0
BRDA:29,8,0,0
BRDA:29,9,0,0
BRDA:29,9,1,0
BRDA:34,10,0,0
BRDA:41,11,0,0
BRDA:41,12,0,0
BRDA:41,12,1,0
BRDA:41,12,2,0
BRDA:42,13,0,0
BRDA:42,14,0,0
BRDA:42,14,1,0
BRDA:48,15,0,0
BRDA:48,16,0,0
BRDA:48,16,1,0
BRDA:48,16,2,0
BRDA:49,17,0,0
BRDA:49,17,1,0
BRDA:52,18,0,0
BRDA:52,19,0,0
BRDA:52,19,1,0
BRDA:60,20,0,0
BRDA:60,20,1,0
BRDA:60,21,0,0
BRDA:60,21,1,0
BRDA:63,22,0,0
BRDA:63,22,1,0
BRDA:66,23,0,0
BRF:40
BRH:0
end_of_record
TN:
SF:source/pondclient/domWatcher.ts
FN:15,(anonymous_0)
FN:16,(anonymous_1)
FN:29,(anonymous_2)
FN:53,(anonymous_3)
FN:60,(anonymous_4)
FN:84,(anonymous_5)
FN:96,(anonymous_6)
FN:100,(anonymous_7)
FN:104,(anonymous_8)
FN:106,(anonymous_9)
FN:107,(anonymous_10)
FN:111,(anonymous_11)
FN:112,(anonymous_12)
FN:119,(anonymous_13)
FN:120,(anonymous_14)
FN:135,(anonymous_15)
FN:142,(anonymous_16)
FN:146,(anonymous_17)
FNF:18
FNH:0
FNDA:0,(anonymous_0)
FNDA:0,(anonymous_1)
FNDA:0,(anonymous_2)
FNDA:0,(anonymous_3)
FNDA:0,(anonymous_4)
FNDA:0,(anonymous_5)
FNDA:0,(anonymous_6)
FNDA:0,(anonymous_7)
FNDA:0,(anonymous_8)
FNDA:0,(anonymous_9)
FNDA:0,(anonymous_10)
FNDA:0,(anonymous_11)
FNDA:0,(anonymous_12)
FNDA:0,(anonymous_13)
FNDA:0,(anonymous_14)
FNDA:0,(anonymous_15)
FNDA:0,(anonymous_16)
FNDA:0,(anonymous_17)
DA:11,0
DA:13,0
DA:16,0
DA:17,0
DA:18,0
DA:20,0
DA:22,0
DA:23,0
DA:24,0
DA:25,0
DA:26,0
DA:27,0
DA:28,0
DA:29,0
DA:30,0
DA:37,0
DA:38,0
DA:39,0
DA:40,0
DA:41,0
DA:44,0
DA:47,0
DA:48,0
DA:49,0
DA:50,0
DA:51,0
DA:52,0
DA:53,0
DA:54,0
DA:58,0
DA:59,0
DA:60,0
DA:61,0
DA:62,0
DA:65,0
DA:75,0
DA:81,0
DA:85,0
DA:86,0
DA:87,0
DA:88,0
DA:91,0
DA:92,0
DA:93,0
DA:97,0
DA:101,0
DA:105,0
DA:107,0
DA:108,0
DA:112,0
DA:113,0
DA:120,0
DA:121,0
DA:122,0
DA:123,0
DA:125,0
DA:126,0
DA:127,0
DA:129,0
DA:130,0
DA:131,0
DA:136,0
DA:137,0
DA:139,0
DA:143,0
DA:144,0
DA:145,0
DA:146,0
DA:147,0
DA:152,0
DA:153,0
LF:71
LH:0
BRDA:20,0,0,0
BRDA:20,0,1,0
BRDA:24,1,0,0
BRDA:27,2,0,0
BRDA:30,3,0,0
BRDA:30,3,1,0
BRDA:39,4,0,0
BRDA:50,5,0,0
BRDA:50,6,0,0
BRDA:50,6,1,0
BRDA:51,7,0,0
BRDA:51,7,1,0
BRDA:54,8,0,0
BRDA:54,8,1,0
BRDA:61,9,0,0
BRDA:61,9,1,0
BRDA:62,10,0,0
BRDA:62,10,1,0
BRDA:65,11,0,0
BRDA:65,11,1,0
BRDA:88,12,0,0
BRDA:88,12,1,0
BRDA:91,13,0,0
BRDA:91,13,1,0
BRDA:122,14,0,0
BRDA:126,15,0,0
BRDA:126,16,0,0
BRDA:126,16,1,0
BRDA:130,17,0,0
BRDA:130,18,0,0
BRDA:130,18,1,0
BRDA:144,19,0,0
BRDA:147,20,0,0
BRDA:147,20,1,0
BRF:34
BRH:0
end_of_record
TN:
SF:source/pondclient/eventEmmiter.ts
FN:3,(anonymous_0)
FN:16,(anonymous_1)
FNF:2
FNH:0
FNDA:0,(anonymous_0)
FNDA:0,(anonymous_1)
DA:3,0
DA:4,0
DA:10,0
DA:11,0
DA:13,0
DA:16,0
DA:17,0
DA:18,0
DA:20,0
DA:21,0
DA:22,0
DA:25,0
DA:26,0
DA:27,0
DA:28,0
DA:29,0
DA:30,0
LF:17
LH:0
BRDA:10,0,0,0
BRDA:10,0,1,0
BRDA:20,1,0,0
BRDA:25,2,0,0
BRDA:29,3,0,0
BRDA:29,4,0,0
BRDA:29,4,1,0
BRF:7
BRH:0
end_of_record
TN:
SF:source/pondclient/history.ts
FN:5,(anonymous_0)
FN:18,(anonymous_1)
FN:30,(anonymous_2)
FN:59,(anonymous_3)
FN:60,(anonymous_4)
FN:68,(anonymous_5)
FN:93,(anonymous_6)
FNF:7
FNH:0
FNDA:0,(anonymous_0)
FNDA:0,(anonymous_1)
FNDA:0,(anonymous_2)
FNDA:0,(anonymous_3)
FNDA:0,(anonymous_4)
FNDA:0,(anonymous_5)
FNDA:0,(anonymous_6)
DA:2,0
DA:3,0
DA:5,0
DA:6,0
DA:10,0
DA:11,0
DA:12,0
DA:18,0
DA:19,0
DA:23,0
DA:24,0
DA:30,0
DA:31,0
DA:38,0
DA:39,0
DA:40,0
DA:41,0
DA:42,0
DA:43,0
DA:44,0
DA:45,0
DA:46,0
DA:50,0
DA:51,0
DA:52,0
DA:53,0
DA:55,0
DA:59,0
DA:60,0
DA:61,0
DA:62,0
DA:63,0
DA:64,0
DA:68,0
DA:69,0
DA:71,0
DA:75,0
DA:76,0
DA:80,0
DA:82,0
DA:83,0
DA:86,0
DA:87,0
DA:89,0
DA:90,0
DA:93,0
DA:94,0
DA:95,0
DA:96,0
DA:97,0
DA:98,0
DA:99,0
DA:100,0
DA:101,0
DA:103,0
DA:105,0
DA:106,0
DA:108,0
DA:109,0
LF:59
LH:0
BRDA:40,0,0,0
BRDA:40,0,1,0
BRDA:42,1,0,0
BRDA:69,2,0,0
BRDA:69,2,1,0
BRDA:86,3,0,0
BRDA:89,4,0,0
BRDA:95,5,0,0
BRDA:100,6,0,0
BRDA:105,7,0,0
BRDA:108,8,0,0
BRF:11
BRH:0
end_of_record
TN:
SF:source/pondclient/index.ts
FNF:0
FNH:0
DA:1,0
DA:3,0
LF:2
LH:0
BRF:0
BRH:0
end_of_record
TN:
SF:source/pondclient/informer.ts
FN:9,(anonymous_0)
FN:13,(anonymous_1)
FN:16,(anonymous_2)
FN:49,(anonymous_3)
FN:59,(anonymous_4)
FN:84,(anonymous_5)
FN:85,(anonymous_6)
FNF:7
FNH:0
FNDA:0,(anonymous_0)
FNDA:0,(anonymous_1)
FNDA:0,(anonymous_2)
FNDA:0,(anonymous_3)
FNDA:0,(anonymous_4)
FNDA:0,(anonymous_5)
FNDA:0,(anonymous_6)
DA:4,0
DA:5,0
DA:6,0
DA:7,0
DA:9,0
DA:10,0
DA:11,0
DA:13,0
DA:14,0
DA:15,0
DA:16,0
DA:17,0
DA:18,0
DA:19,0
DA:20,0
DA:21,0
DA:22,0
DA:25,0
DA:26,0
DA:27,0
DA:28,0
DA:29,0
DA:30,0
DA:33,0
DA:34,0
DA:35,0
DA:37,0
DA:38,0
DA:45,0
DA:49,0
DA:50,0
DA:51,0
DA:52,0
DA:53,0
DA:54,0
DA:55,0
DA:59,0
DA:60,0
DA:61,0
DA:62,0
DA:63,0
DA:64,0
DA:66,0
DA:67,0
DA:70,0
DA:71,0
DA:73,0
DA:74,0
DA:77,0
DA:84,0
DA:85,0
DA:86,0
DA:87,0
DA:88,0
DA:90,0
DA:91,0
LF:56
LH:0
BRDA:15,0,0,0
BRDA:15,1,0,0
BRDA:15,1,1,0
BRDA:17,2,0,0
BRDA:18,3,0,0
BRDA:25,4,0,0
BRDA:33,5,0,0
BRDA:34,6,0,0
BRDA:34,6,1,0
BRDA:37,7,0,0
BRDA:51,8,0,0
BRDA:51,9,0,0
BRDA:51,9,1,0
BRDA:61,10,0,0
BRDA:61,10,1,0
BRDA:61,11,0,0
BRDA:61,11,1,0
BRDA:62,12,0,0
BRDA:62,12,1,0
BRDA:66,13,0,0
BRDA:70,14,0,0
BRDA:70,14,1,0
BRDA:70,15,0,0
BRDA:70,15,1,0
BRDA:73,16,0,0
BRDA:73,17,0,0
BRDA:73,17,1,0
BRDA:86,18,0,0
BRDA:86,18,1,0
BRDA:90,19,0,0
BRF:30
BRH:0
end_of_record
TN:
SF:source/pondclient/init.ts
FN:16,(anonymous_0)
FN:25,(anonymous_1)
FNF:2
FNH:0
FNDA:0,(anonymous_0)
FNDA:0,(anonymous_1)
DA:1,0
DA:2,0
DA:3,0
DA:4,0
DA:5,0
DA:6,0
DA:7,0
DA:8,0
DA:16,0
DA:17,0
DA:18,0
DA:19,0
DA:20,0
DA:22,0
DA:23,0
DA:25,0
DA:26,0
DA:27,0
DA:28,0
DA:29,0
DA:30,0
DA:31,0
DA:32,0
DA:33,0
DA:34,0
DA:35,0
LF:26
LH:0
BRDA:26,0,0,0
BRDA:33,1,0,0
BRF:2
BRH:0
end_of_record
TN:
SF:source/pondclient/pondFormEvents.ts
FN:4,(anonymous_0)
FN:5,(anonymous_1)
FN:16,(anonymous_2)
FN:17,(anonymous_3)
FN:28,(anonymous_4)
FN:29,(anonymous_5)
FN:40,(anonymous_6)
FN:41,(anonymous_7)
FN:52,(anonymous_8)
FN:53,(anonymous_9)
FN:64,(anonymous_10)
FNF:11
FNH:0
FNDA:0,(anonymous_0)
FNDA:0,(anonymous_1)
FNDA:0,(anonymous_2)
FNDA:0,(anonymous_3)
FNDA:0,(anonymous_4)
FNDA:0,(anonymous_5)
FNDA:0,(anonymous_6)
FNDA:0,(anonymous_7)
FNDA:0,(anonymous_8)
FNDA:0,(anonymous_9)
FNDA:0,(anonymous_10)
DA:4,0
DA:5,0
DA:6,0
DA:7,0
DA:8,0
DA:9,0
DA:10,0
DA:11,0
DA:16,0
DA:17,0
DA:18,0
DA:19,0
DA:20,0
DA:21,0
DA:22,0
DA:23,0
DA:28,0
DA:29,0
DA:30,0
DA:31,0
DA:32,0
DA:33,0
DA:34,0
DA:35,0
DA:40,0
DA:41,0
DA:42,0
DA:43,0
DA:44,0
DA:45,0
DA:46,0
DA:47,0
DA:52,0
DA:53,0
DA:54,0
DA:55,0
DA:56,0
DA:57,0
DA:58,0
DA:59,0
DA:64,0
DA:65,0
DA:66,0
DA:67,0
DA:68,0
DA:69,0
LF:46
LH:0
BRDA:7,0,0,0
BRDA:10,1,0,0
BRDA:10,2,0,0
BRDA:10,2,1,0
BRDA:19,3,0,0
BRDA:22,4,0,0
BRDA:22,5,0,0
BRDA:22,5,1,0
BRDA:31,6,0,0
BRDA:34,7,0,0
BRDA:34,8,0,0
BRDA:34,8,1,0
BRDA:43,9,0,0
BRDA:46,10,0,0
BRDA:46,11,0,0
BRDA:46,11,1,0
BRDA:55,12,0,0
BRDA:58,13,0,0
BRDA:58,14,0,0
BRDA:58,14,1,0
BRF:20
BRH:0
end_of_record
TN:
SF:source/pondclient/pondKeyboardEvents.ts
FN:5,(anonymous_0)
FN:6,(anonymous_1)
FN:11,(anonymous_2)
FN:12,(anonymous_3)
FN:17,(anonymous_4)
FN:18,(anonymous_5)
FN:23,(anonymous_6)
FN:24,(anonymous_7)
FN:29,(anonymous_8)
FN:30,(anonymous_9)
FN:42,(anonymous_10)
FN:43,(anonymous_11)
FN:55,(anonymous_12)
FN:56,(anonymous_13)
FN:68,(anonymous_14)
FNF:15
FNH:0
FNDA:0,(anonymous_0)
FNDA:0,(anonymous_1)
FNDA:0,(anonymous_2)
FNDA:0,(anonymous_3)
FNDA:0,(anonymous_4)
FNDA:0,(anonymous_5)
FNDA:0,(anonymous_6)
FNDA:0,(anonymous_7)
FNDA:0,(anonymous_8)
FNDA:0,(anonymous_9)
FNDA:0,(anonymous_10)
FNDA:0,(anonymous_11)
FNDA:0,(anonymous_12)
FNDA:0,(anonymous_13)
FNDA:0,(anonymous_14)
DA:3,0
DA:5,0
DA:6,0
DA:7,0
DA:11,0
DA:12,0
DA:13,0
DA:17,0
DA:18,0
DA:19,0
DA:23,0
DA:24,0
DA:25,0
DA:29,0
DA:30,0
DA:31,0
DA:32,0
DA:33,0
DA:34,0
DA:35,0
DA:36,0
DA:37,0
DA:42,0
DA:43,0
DA:44,0
DA:45,0
DA:46,0
DA:47,0
DA:48,0
DA:49,0
DA:50,0
DA:55,0
DA:56,0
DA:57,0
DA:58,0
DA:59,0
DA:60,0
DA:61,0
DA:62,0
DA:63,0
DA:68,0
DA:69,0
DA:70,0
DA:71,0
DA:72,0
DA:73,0
DA:74,0
DA:75,0
LF:48
LH:0
BRDA:33,0,0,0
BRDA:36,1,0,0
BRDA:36,2,0,0
BRDA:36,2,1,0
BRDA:36,2,2,0
BRDA:46,3,0,0
BRDA:49,4,0,0
BRDA:49,5,0,0
BRDA:49,5,1,0
BRDA:49,5,2,0
BRDA:59,6,0,0
BRDA:62,7,0,0
BRDA:62,8,0,0
BRDA:62,8,1,0
BRDA:62,8,2,0
BRF:15
BRH:0
end_of_record
TN:
SF:source/pondclient/pondLive.ts
FN:3,(anonymous_0)
FNF:1
FNH:0
FNDA:0,(anonymous_0)
DA:1,0
DA:3,0
DA:4,0
LF:3
LH:0
BRF:0
BRH:0
end_of_record
TN:
SF:source/pondclient/pondMouseEvents.ts
FN:5,(anonymous_0)
FN:6,(anonymous_1)
FN:11,(anonymous_2)
FN:12,(anonymous_3)
FN:17,(anonymous_4)
FN:18,(anonymous_5)
FN:23,(anonymous_6)
FN:24,(anonymous_7)
FN:29,(anonymous_8)
FN:30,(anonymous_9)
FN:35,(anonymous_10)
FN:36,(anonymous_11)
FN:41,(anonymous_12)
FN:42,(anonymous_13)
FN:47,(anonymous_14)
FNF:15
FNH:0
FNDA:0,(anonymous_0)
FNDA:0,(anonymous_1)
FNDA:0,(anonymous_2)
FNDA:0,(anonymous_3)
FNDA:0,(anonymous_4)
FNDA:0,(anonymous_5)
FNDA:0,(anonymous_6)
FNDA:0,(anonymous_7)
FNDA:0,(anonymous_8)
FNDA:0,(anonymous_9)
FNDA:0,(anonymous_10)
FNDA:0,(anonymous_11)
FNDA:0,(anonymous_12)
FNDA:0,(anonymous_13)
FNDA:0,(anonymous_14)
DA:3,0
DA:5,0
DA:6,0
DA:7,0
DA:11,0
DA:12,0
DA:13,0
DA:17,0
DA:18,0
DA:19,0
DA:23,0
DA:24,0
DA:25,0
DA:29,0
DA:30,0
DA:31,0
DA:35,0
DA:36,0
DA:37,0
DA:41,0
DA:42,0
DA:43,0
DA:47,0
DA:48,0
DA:49,0
DA:50,0
DA:51,0
DA:52,0
DA:53,0
DA:54,0
LF:30
LH:0
BRF:0
BRH:0
end_of_record
TN:
SF:source/pondclient/socket.ts
FN:33,(anonymous_0)
FN:57,(anonymous_1)
FN:66,(anonymous_2)
FN:71,(anonymous_3)
FN:76,(anonymous_4)
FN:90,(anonymous_5)
FN:99,(anonymous_6)
FN:100,(anonymous_7)
FN:112,(anonymous_8)
FN:125,(anonymous_9)
FN:127,(anonymous_10)
FN:131,(anonymous_11)
FN:132,(anonymous_12)
FN:133,(anonymous_13)
FNF:14
FNH:0
FNDA:0,(anonymous_0)
FNDA:0,(anonymous_1)
FNDA:0,(anonymous_2)
FNDA:0,(anonymous_3)
FNDA:0,(anonymous_4)
FNDA:0,(anonymous_5)
FNDA:0,(anonymous_6)
FNDA:0,(anonymous_7)
FNDA:0,(anonymous_8)
FNDA:0,(anonymous_9)
FNDA:0,(anonymous_10)
FNDA:0,(anonymous_11)
FNDA:0,(anonymous_12)
FNDA:0,(anonymous_13)
DA:1,0
DA:2,0
DA:15,0
DA:16,0
DA:17,0
DA:26,0
DA:28,0
DA:36,0
DA:37,0
DA:39,0
DA:40,0
DA:43,0
DA:44,0
DA:45,0
DA:47,0
DA:48,0
DA:50,0
DA:51,0
DA:58,0
DA:59,0
DA:61,0
DA:63,0
DA:67,0
DA:72,0
DA:77,0
DA:82,0
DA:83,0
DA:84,0
DA:91,0
DA:100,0
DA:101,0
DA:102,0
DA:104,0
DA:105,0
DA:106,0
DA:113,0
DA:114,0
DA:115,0
DA:116,0
DA:117,0
DA:125,0
DA:126,0
DA:129,0
DA:131,0
DA:132,0
DA:133,0
DA:136,0
DA:142,0
LF:48
LH:0
BRDA:45,0,0,0
BRDA:45,0,1,0
BRDA:47,1,0,0
BRDA:47,2,0,0
BRDA:47,2,1,0
BRDA:58,3,0,0
BRDA:101,4,0,0
BRDA:104,5,0,0
BRDA:104,5,1,0
BRF:9
BRH:0
end_of_record
TN:
SF:source/pondlive/componentManager.ts
FN:46,(anonymous_6)
FN:62,(anonymous_7)
FN:66,(anonymous_8)
FN:76,(anonymous_9)
FN:77,(anonymous_10)
FN:79,(anonymous_11)
FN:119,(anonymous_12)
FN:135,(anonymous_13)
FN:136,(anonymous_14)
FN:142,(anonymous_15)
FN:143,(anonymous_16)
FN:151,(anonymous_17)
FN:152,(anonymous_18)
FN:162,(anonymous_19)
FN:163,(anonymous_20)
FN:174,(anonymous_21)
FN:175,(anonymous_22)
FN:181,(anonymous_23)
FN:191,(anonymous_24)
FN:192,(anonymous_25)
FN:193,(anonymous_26)
FN:222,(anonymous_27)
FN:232,(anonymous_28)
FN:233,(anonymous_29)
FN:249,(anonymous_30)
FN:252,(anonymous_31)
FN:273,(anonymous_32)
FN:296,(anonymous_33)
FN:297,(anonymous_34)
FN:348,(anonymous_35)
FN:349,(anonymous_36)
FN:353,(anonymous_37)
FN:356,(anonymous_38)
FN:361,(anonymous_39)
FN:370,(anonymous_40)
FN:379,(anonymous_41)
FN:388,(anonymous_42)
FNF:37
FNH:4
FNDA:1,(anonymous_6)
FNDA:0,(anonymous_7)
FNDA:0,(anonymous_8)
FNDA:0,(anonymous_9)
FNDA:0,(anonymous_10)
FNDA:0,(anonymous_11)
FNDA:0,(anonymous_12)
FNDA:0,(anonymous_13)
FNDA:0,(anonymous_14)
FNDA:0,(anonymous_15)
FNDA:0,(anonymous_16)
FNDA:0,(anonymous_17)
FNDA:0,(anonymous_18)
FNDA:0,(anonymous_19)
FNDA:0,(anonymous_20)
FNDA:0,(anonymous_21)
FNDA:0,(anonymous_22)
FNDA:0,(anonymous_23)
FNDA:0,(anonymous_24)
FNDA:0,(anonymous_25)
FNDA:0,(anonymous_26)
FNDA:0,(anonymous_27)
FNDA:0,(anonymous_28)
FNDA:0,(anonymous_29)
FNDA:0,(anonymous_30)
FNDA:0,(anonymous_31)
FNDA:0,(anonymous_32)
FNDA:1,(anonymous_33)
FNDA:0,(anonymous_34)
FNDA:1,(anonymous_35)
FNDA:0,(anonymous_36)
FNDA:0,(anonymous_37)
FNDA:0,(anonymous_38)
FNDA:0,(anonymous_39)
FNDA:0,(anonymous_40)
FNDA:0,(anonymous_41)
FNDA:1,(anonymous_42)
DA:2,2
DA:3,2
DA:4,2
DA:5,2
DA:7,2
DA:8,2
DA:9,2
DA:32,2
DA:47,1
DA:48,1
DA:49,1
DA:50,1
DA:51,1
DA:52,1
DA:53,1
DA:54,1
DA:55,1
DA:56,1
DA:57,1
DA:59,1
DA:61,1
DA:62,0
DA:64,1
DA:66,1
DA:77,0
DA:78,0
DA:79,0
DA:80,0
DA:87,0
DA:88,0
DA:89,0
DA:90,0
DA:96,0
DA:102,0
DA:103,0
DA:105,0
DA:106,0
DA:107,0
DA:108,0
DA:109,0
DA:110,0
DA:111,0
DA:112,0
DA:117,0
DA:119,0
DA:121,0
DA:122,0
DA:123,0
DA:124,0
DA:126,0
DA:132,0
DA:136,0
DA:137,0
DA:138,0
DA:143,0
DA:144,0
DA:145,0
DA:146,0
DA:147,0
DA:152,0
DA:153,0
DA:154,0
DA:156,0
DA:157,0
DA:159,0
DA:163,0
DA:164,0
DA:165,0
DA:167,0
DA:168,0
DA:169,0
DA:171,0
DA:175,0
DA:176,0
DA:178,0
DA:179,0
DA:181,0
DA:182,0
DA:185,0
DA:192,0
DA:193,0
DA:194,0
DA:195,0
DA:210,0
DA:223,0
DA:224,0
DA:225,0
DA:226,0
DA:227,0
DA:233,0
DA:234,0
DA:235,0
DA:237,0
DA:238,0
DA:239,0
DA:245,0
DA:246,0
DA:250,0
DA:252,0
DA:254,0
DA:255,0
DA:257,0
DA:259,0
DA:260,0
DA:261,0
DA:262,0
DA:263,0
DA:266,0
DA:274,0
DA:279,0
DA:280,0
DA:284,0
DA:285,0
DA:287,0
DA:293,0
DA:297,1
DA:298,0
DA:299,0
DA:300,0
DA:301,0
DA:302,0
DA:303,0
DA:304,0
DA:305,0
DA:307,0
DA:308,0
DA:309,0
DA:311,0
DA:312,0
DA:313,0
DA:315,0
DA:316,0
DA:322,0
DA:323,0
DA:324,0
DA:325,0
DA:326,0
DA:328,0
DA:329,0
DA:331,0
DA:332,0
DA:333,0
DA:336,0
DA:337,0
DA:338,0
DA:339,0
DA:344,0
DA:349,1
DA:350,0
DA:351,0
DA:353,0
DA:354,0
DA:355,0
DA:356,0
DA:361,1
DA:362,0
DA:363,0
DA:364,0
DA:366,0
DA:370,1
DA:371,0
DA:372,0
DA:373,0
DA:375,0
DA:379,1
DA:380,0
DA:381,0
DA:383,0
DA:389,1
DA:390,1
LF:170
LH:30
BRDA:59,0,0,1
BRDA:59,0,1,1
BRDA:61,1,0,0
BRDA:78,2,0,0
BRDA:78,2,1,0
BRDA:87,3,0,0
BRDA:88,4,0,0
BRDA:88,4,1,0
BRDA:102,5,0,0
BRDA:108,6,0,0
BRDA:110,7,0,0
BRDA:117,8,0,0
BRDA:119,9,0,0
BRDA:119,9,1,0
BRDA:119,10,0,0
BRDA:119,10,1,0
BRDA:121,11,0,0
BRDA:137,12,0,0
BRDA:146,13,0,0
BRDA:153,14,0,0
BRDA:156,15,0,0
BRDA:164,16,0,0
BRDA:164,17,0,0
BRDA:164,17,1,0
BRDA:168,18,0,0
BRDA:176,19,0,0
BRDA:178,20,0,0
BRDA:193,21,0,0
BRDA:193,21,1,0
BRDA:194,22,0,0
BRDA:201,23,0,0
BRDA:201,23,1,0
BRDA:211,24,0,0
BRDA:211,24,1,0
BRDA:223,25,0,0
BRDA:226,26,0,0
BRDA:234,27,0,0
BRDA:237,28,0,0
BRDA:250,29,0,0
BRDA:259,30,0,0
BRDA:259,30,1,0
BRDA:262,31,0,0
BRDA:280,32,0,0
BRDA:280,32,1,0
BRDA:299,33,0,0
BRDA:299,33,1,0
BRDA:300,34,0,0
BRDA:300,35,0,0
BRDA:300,35,1,0
BRDA:300,35,2,0
BRDA:300,35,3,0
BRDA:307,36,0,0
BRDA:307,36,1,0
BRDA:307,37,0,0
BRDA:307,37,1,0
BRDA:309,38,0,0
BRDA:311,39,0,0
BRDA:311,39,1,0
BRDA:311,40,0,0
BRDA:311,40,1,0
BRDA:313,41,0,0
BRDA:315,42,0,0
BRDA:315,43,0,0
BRDA:315,43,1,0
BRDA:322,44,0,0
BRDA:323,45,0,0
BRDA:323,45,1,0
BRDA:325,46,0,0
BRDA:328,47,0,0
BRDA:354,48,0,0
BRDA:354,49,0,0
BRDA:354,49,1,0
BRF:72
BRH:2
end_of_record
TN:
SF:source/pondlive/contextManager.ts
FN:20,(anonymous_0)
FN:26,(anonymous_1)
FN:30,(anonymous_2)
FN:31,(anonymous_3)
FN:41,(anonymous_4)
FN:44,(anonymous_5)
FN:45,(anonymous_6)
FN:54,(anonymous_7)
FN:55,(anonymous_8)
FN:60,(anonymous_9)
FN:61,(anonymous_10)
FN:84,createContext
FNF:12
FNH:0
FNDA:0,(anonymous_0)
FNDA:0,(anonymous_1)
FNDA:0,(anonymous_2)
FNDA:0,(anonymous_3)
FNDA:0,(anonymous_4)
FNDA:0,(anonymous_5)
FNDA:0,(anonymous_6)
FNDA:0,(anonymous_7)
FNDA:0,(anonymous_8)
FNDA:0,(anonymous_9)
FNDA:0,(anonymous_10)
FNDA:0,createContext
DA:1,2
DA:15,2
DA:21,0
DA:22,0
DA:23,0
DA:27,0
DA:31,0
DA:33,0
DA:34,0
DA:35,0
DA:37,0
DA:38,0
DA:41,0
DA:45,0
DA:46,0
DA:47,0
DA:48,0
DA:51,0
DA:55,0
DA:56,0
DA:57,0
DA:61,0
DA:62,0
DA:63,0
DA:64,0
DA:67,0
DA:84,2
DA:85,0
DA:86,0
LF:29
LH:3
BRDA:33,0,0,0
BRDA:33,0,1,0
BRDA:46,1,0,0
BRDA:56,2,0,0
BRDA:62,3,0,0
BRF:5
BRH:0
end_of_record
TN:
SF:source/pondlive/genServer.ts
FN:20,(anonymous_1)
FN:35,(anonymous_2)
FN:47,(anonymous_3)
FN:62,(anonymous_4)
FNF:4
FNH:0
FNDA:0,(anonymous_1)
FNDA:0,(anonymous_2)
FNDA:0,(anonymous_3)
FNDA:0,(anonymous_4)
DA:2,2
DA:3,2
DA:4,2
DA:6,2
DA:7,2
DA:8,2
DA:20,2
DA:21,0
DA:22,0
DA:23,0
DA:24,0
DA:25,0
DA:26,0
DA:28,0
DA:29,0
DA:30,0
DA:31,0
DA:32,0
DA:33,0
DA:35,0
DA:36,0
DA:37,0
DA:39,0
DA:40,0
DA:44,0
DA:47,0
DA:48,0
DA:49,0
DA:51,0
DA:54,0
DA:62,0
DA:63,0
DA:64,0
DA:67,0
DA:68,0
LF:35
LH:7
BRDA:21,0,0,0
BRDA:21,0,1,0
BRDA:23,1,0,0
BRDA:23,1,1,0
BRDA:24,2,0,0
BRDA:24,2,1,0
BRDA:25,3,0,0
BRDA:25,3,1,0
BRDA:36,4,0,0
BRDA:36,4,1,0
BRDA:37,5,0,0
BRDA:37,5,1,0
BRDA:39,6,0,0
BRDA:39,7,0,0
BRDA:39,7,1,0
BRDA:48,8,0,0
BRDA:48,8,1,0
BRDA:58,9,0,0
BRDA:58,9,1,0
BRF:19
BRH:0
end_of_record
TN:
SF:source/pondlive/index.ts
FNF:0
FNH:0
DA:1,2
DA:2,2
DA:3,2
DA:4,2
DA:5,2
DA:6,2
DA:7,2
DA:8,2
LF:8
LH:8
BRF:0
BRH:0
end_of_record
TN:
SF:source/pondlive/component/clientRouter.ts
FN:3,(anonymous_0)
FNF:1
FNH:1
FNDA:1,(anonymous_0)
DA:1,2
DA:3,2
DA:4,1
LF:3
LH:3
BRF:0
BRH:0
end_of_record
TN:
SF:source/pondlive/component/liveComponent.ts
FN:30,(anonymous_0)
FN:104,LiveFactory
FN:136,(anonymous_2)
FN:147,(anonymous_3)
FN:157,(anonymous_4)
FN:168,(anonymous_5)
FN:179,(anonymous_6)
FN:188,(anonymous_7)
FN:200,(anonymous_8)
FN:209,(anonymous_9)
FNF:10
FNH:0
FNDA:0,(anonymous_0)
FNDA:0,LiveFactory
FNDA:0,(anonymous_2)
FNDA:0,(anonymous_3)
FNDA:0,(anonymous_4)
FNDA:0,(anonymous_5)
FNDA:0,(anonymous_6)
FNDA:0,(anonymous_7)
FNDA:0,(anonymous_8)
FNDA:0,(anonymous_9)
DA:2,2
DA:30,2
DA:104,2
DA:105,0
DA:106,0
DA:107,0
DA:109,0
DA:111,0
DA:113,0
DA:115,0
DA:117,0
DA:119,0
DA:121,0
DA:123,0
DA:127,2
DA:128,0
DA:129,0
DA:137,0
DA:138,0
DA:148,0
DA:158,0
DA:169,0
DA:180,0
DA:189,0
DA:201,0
DA:210,0
DA:211,0
LF:27
LH:4
BRDA:107,0,0,0
BRDA:107,0,1,0
BRF:2
BRH:0
end_of_record
TN:
SF:source/pondlive/component/liveRouter.ts
FN:20,(anonymous_0)
FN:37,(anonymous_1)
FN:45,(anonymous_2)
FN:49,(anonymous_3)
FN:53,(anonymous_4)
FN:61,(anonymous_5)
FN:80,(anonymous_6)
FN:95,(anonymous_7)
FN:103,(anonymous_8)
FN:111,(anonymous_9)
FNF:10
FNH:10
FNDA:16,(anonymous_0)
FNDA:2,(anonymous_1)
FNDA:2,(anonymous_2)
FNDA:3,(anonymous_3)
FNDA:3,(anonymous_4)
FNDA:9,(anonymous_5)
FNDA:3,(anonymous_6)
FNDA:4,(anonymous_7)
FNDA:4,(anonymous_8)
FNDA:4,(anonymous_9)
DA:1,4
DA:2,4
DA:14,4
DA:21,16
DA:22,16
DA:23,16
DA:27,16
DA:28,5
DA:30,11
DA:38,2
DA:46,2
DA:50,3
DA:54,3
DA:62,9
DA:63,3
DA:68,3
DA:70,6
DA:81,3
DA:82,1
DA:87,1
DA:89,2
DA:96,4
DA:97,1
DA:99,3
DA:100,3
DA:104,4
DA:105,1
DA:107,3
DA:108,3
DA:112,4
DA:113,1
DA:115,3
DA:116,3
DA:117,3
DA:118,3
LF:35
LH:35
BRDA:20,0,0,12
BRDA:27,1,0,5
BRDA:27,1,1,11
BRDA:62,2,0,3
BRDA:62,2,1,6
BRDA:70,3,0,3
BRDA:70,3,1,3
BRDA:81,4,0,1
BRDA:81,4,1,2
BRDA:89,5,0,1
BRDA:89,5,1,1
BRDA:96,6,0,1
BRDA:104,7,0,1
BRDA:112,8,0,1
BRF:14
BRH:14
end_of_record
TN:
SF:source/pondlive/component/liveSocket.ts
FN:17,(anonymous_0)
FN:32,(anonymous_1)
FN:40,(anonymous_2)
FN:43,(anonymous_3)
FN:50,(anonymous_4)
FN:58,(anonymous_5)
FN:65,(anonymous_6)
FN:74,(anonymous_7)
FN:83,(anonymous_8)
FN:95,(anonymous_9)
FN:107,(anonymous_10)
FN:120,(anonymous_11)
FN:121,(anonymous_12)
FN:137,(anonymous_13)
FN:138,(anonymous_14)
FN:139,(anonymous_15)
FN:140,(anonymous_16)
FN:147,(anonymous_17)
FN:148,(anonymous_18)
FN:165,(anonymous_19)
FN:170,(anonymous_20)
FN:171,(anonymous_21)
FN:176,(anonymous_22)
FN:183,(anonymous_23)
FN:193,(anonymous_24)
FNF:25
FNH:14
FNDA:6,(anonymous_0)
FNDA:0,(anonymous_1)
FNDA:0,(anonymous_2)
FNDA:0,(anonymous_3)
FNDA:0,(anonymous_4)
FNDA:4,(anonymous_5)
FNDA:2,(anonymous_6)
FNDA:1,(anonymous_7)
FNDA:2,(anonymous_8)
FNDA:2,(anonymous_9)
FNDA:2,(anonymous_10)
FNDA:5,(anonymous_11)
FNDA:2,(anonymous_12)
FNDA:1,(anonymous_13)
FNDA:1,(anonymous_14)
FNDA:1,(anonymous_15)
FNDA:1,(anonymous_16)
FNDA:0,(anonymous_17)
FNDA:0,(anonymous_18)
FNDA:0,(anonymous_19)
FNDA:0,(anonymous_20)
FNDA:0,(anonymous_21)
FNDA:0,(anonymous_22)
FNDA:1,(anonymous_23)
FNDA:0,(anonymous_24)
DA:2,3
DA:3,3
DA:5,3
DA:7,3
DA:18,6
DA:19,6
DA:20,6
DA:21,6
DA:22,6
DA:23,6
DA:24,6
DA:25,6
DA:33,0
DA:34,0
DA:41,0
DA:42,0
DA:43,0
DA:44,0
DA:51,0
DA:59,4
DA:66,2
DA:67,2
DA:75,1
DA:84,2
DA:85,2
DA:86,2
DA:96,2
DA:100,2
DA:108,2
DA:109,2
DA:110,1
DA:112,1
DA:121,5
DA:122,2
DA:123,1
DA:124,1
DA:125,1
DA:126,1
DA:130,5
DA:138,1
DA:139,1
DA:140,1
DA:148,0
DA:149,0
DA:150,0
DA:151,0
DA:152,0
DA:153,0
DA:157,0
DA:166,0
DA:167,0
DA:171,0
DA:172,0
DA:173,0
DA:177,0
DA:178,0
DA:180,0
DA:184,1
DA:185,0
DA:187,1
DA:193,1
DA:194,0
DA:195,0
DA:197,0
DA:198,0
DA:200,0
DA:203,1
LF:67
LH:39
BRDA:85,0,0,2
BRDA:109,1,0,1
BRDA:122,2,0,1
BRDA:125,3,0,1
BRDA:125,3,1,1
BRDA:149,4,0,0
BRDA:152,5,0,0
BRDA:152,5,1,0
BRDA:166,6,0,0
BRDA:184,7,0,0
BRDA:194,8,0,0
BRDA:194,8,1,0
BRDA:197,9,0,0
BRDA:197,10,0,0
BRDA:197,10,1,0
BRF:15
BRH:5
end_of_record
TN:
SF:source/pondlive/component/pondLiveChannel.ts
FN:10,(anonymous_0)
FN:18,(anonymous_1)
FN:22,(anonymous_2)
FN:27,(anonymous_3)
FN:28,(anonymous_4)
FN:33,(anonymous_5)
FN:35,(anonymous_6)
FN:44,(anonymous_7)
FN:50,(anonymous_8)
FN:56,(anonymous_9)
FN:60,(anonymous_10)
FN:69,(anonymous_11)
FN:73,(anonymous_12)
FN:74,(anonymous_13)
FN:77,(anonymous_14)
FN:78,(anonymous_15)
FN:83,(anonymous_16)
FN:87,(anonymous_17)
FN:93,(anonymous_18)
FN:98,(anonymous_19)
FNF:20
FNH:16
FNDA:5,(anonymous_0)
FNDA:2,(anonymous_1)
FNDA:2,(anonymous_2)
FNDA:0,(anonymous_3)
FNDA:0,(anonymous_4)
FNDA:5,(anonymous_5)
FNDA:1,(anonymous_6)
FNDA:5,(anonymous_7)
FNDA:0,(anonymous_8)
FNDA:4,(anonymous_9)
FNDA:1,(anonymous_10)
FNDA:7,(anonymous_11)
FNDA:16,(anonymous_12)
FNDA:11,(anonymous_13)
FNDA:5,(anonymous_14)
FNDA:5,(anonymous_15)
FNDA:2,(anonymous_16)
FNDA:2,(anonymous_17)
FNDA:5,(anonymous_18)
FNDA:0,(anonymous_19)
DA:1,3
DA:3,3
DA:11,5
DA:12,5
DA:13,5
DA:14,5
DA:15,5
DA:19,2
DA:23,2
DA:24,2
DA:28,0
DA:29,0
DA:34,5
DA:36,1
DA:37,1
DA:38,1
DA:39,1
DA:45,5
DA:46,5
DA:47,5
DA:51,0
DA:52,0
DA:53,0
DA:57,4
DA:61,1
DA:62,1
DA:66,3
DA:70,7
DA:74,16
DA:78,5
DA:79,5
DA:84,2
DA:88,2
DA:89,2
DA:90,2
DA:94,5
DA:95,5
DA:99,0
DA:100,0
LF:39
LH:32
BRDA:38,0,0,1
BRDA:74,1,0,16
BRDA:74,1,1,6
BRDA:89,2,0,2
BRDA:94,3,0,5
BRDA:94,3,1,5
BRDA:99,4,0,0
BRDA:99,4,1,0
BRF:8
BRH:6
end_of_record
TN:
SF:source/pondserver/index.ts
FNF:0
FNH:0
DA:1,2
DA:2,2
DA:3,2
DA:4,2
DA:5,2
DA:6,2
DA:7,2
DA:8,2
DA:9,2
DA:10,2
DA:11,2
DA:12,2
LF:12
LH:12
BRF:0
BRH:0
end_of_record
TN:
SF:source/pondserver/server.ts
FN:27,(anonymous_0)
FN:33,(anonymous_1)
FN:37,(anonymous_2)
FN:41,(anonymous_3)
FN:45,(anonymous_4)
FN:49,(anonymous_5)
FN:53,(anonymous_6)
FN:57,(anonymous_7)
FN:61,(anonymous_8)
FN:65,(anonymous_9)
FN:70,(anonymous_10)
FN:77,(anonymous_11)
FN:84,(anonymous_12)
FN:89,(anonymous_13)
FNF:14
FNH:0
FNDA:0,(anonymous_0)
FNDA:0,(anonymous_1)
FNDA:0,(anonymous_2)
FNDA:0,(anonymous_3)
FNDA:0,(anonymous_4)
FNDA:0,(anonymous_5)
FNDA:0,(anonymous_6)
FNDA:0,(anonymous_7)
FNDA:0,(anonymous_8)
FNDA:0,(anonymous_9)
FNDA:0,(anonymous_10)
FNDA:0,(anonymous_11)
FNDA:0,(anonymous_12)
FNDA:0,(anonymous_13)
DA:1,2
DA:2,2
DA:3,2
DA:4,2
DA:5,2
DA:6,2
DA:7,2
DA:9,2
DA:12,2
DA:22,2
DA:28,0
DA:29,0
DA:30,0
DA:34,0
DA:38,0
DA:42,0
DA:46,0
DA:50,0
DA:54,0
DA:58,0
DA:62,0
DA:66,0
DA:67,0
DA:71,0
DA:72,0
DA:73,0
DA:74,0
DA:78,0
DA:79,0
DA:80,0
DA:81,0
DA:85,0
DA:86,0
DA:90,0
DA:98,0
LF:35
LH:10
BRDA:70,0,0,0
BRDA:89,1,0,0
BRF:2
BRH:0
end_of_record
TN:
SF:source/pondserver/helpers/middleWare.ts
FN:15,(anonymous_0)
FN:21,(anonymous_1)
FN:25,(anonymous_2)
FN:29,(anonymous_3)
FN:31,(anonymous_4)
FN:44,(anonymous_5)
FN:45,(anonymous_6)
FNF:7
FNH:0
FNDA:0,(anonymous_0)
FNDA:0,(anonymous_1)
FNDA:0,(anonymous_2)
FNDA:0,(anonymous_3)
FNDA:0,(anonymous_4)
FNDA:0,(anonymous_5)
FNDA:0,(anonymous_6)
DA:2,2
DA:11,2
DA:13,0
DA:16,0
DA:17,0
DA:18,0
DA:22,0
DA:26,0
DA:30,0
DA:31,0
DA:32,0
DA:33,0
DA:34,0
DA:37,0
DA:38,0
DA:41,0
DA:45,0
DA:46,0
LF:18
LH:2
BRDA:33,0,0,0
BRDA:33,0,1,0
BRF:2
BRH:0
end_of_record
TN:
SF:source/pondserver/helpers/auth/authenticateRequest.ts
FN:15,(anonymous_0)
FN:15,(anonymous_1)
FN:51,(anonymous_2)
FN:51,(anonymous_3)
FNF:4
FNH:4
FNDA:4,(anonymous_0)
FNDA:4,(anonymous_1)
FNDA:4,(anonymous_2)
FNDA:4,(anonymous_3)
DA:2,4
DA:3,4
DA:15,4
DA:16,4
DA:17,4
DA:18,4
DA:20,4
DA:21,2
DA:22,1
DA:23,1
DA:24,1
DA:27,1
DA:29,1
DA:30,1
DA:34,1
DA:35,1
DA:36,1
DA:39,2
DA:40,1
DA:41,1
DA:42,1
DA:45,1
DA:46,1
DA:47,1
DA:51,4
DA:52,4
DA:53,4
DA:54,4
DA:56,4
DA:57,3
DA:58,3
DA:59,3
DA:60,3
DA:61,3
DA:65,1
LF:35
LH:35
BRDA:17,0,0,4
BRDA:17,0,1,1
BRDA:18,1,0,4
BRDA:18,1,1,2
BRDA:20,2,0,2
BRDA:20,2,1,2
BRDA:21,3,0,1
BRDA:39,4,0,1
BRDA:53,5,0,4
BRDA:53,5,1,1
BRDA:54,6,0,4
BRDA:54,6,1,2
BRDA:56,7,0,3
BRDA:56,7,1,1
BRDA:56,8,0,4
BRDA:56,8,1,2
BRDA:56,8,2,2
BRF:17
BRH:17
end_of_record
TN:
SF:source/pondserver/helpers/auth/cookieHandler.ts
FN:3,parseCookies
FN:8,(anonymous_1)
FN:20,setCookie
FN:48,deleteCookie
FNF:4
FNH:4
FNDA:10,parseCookies
FNDA:14,(anonymous_1)
FNDA:6,setCookie
FNDA:3,deleteCookie
DA:4,10
DA:5,10
DA:6,10
DA:8,8
DA:9,14
DA:10,14
DA:11,14
DA:12,8
DA:13,8
DA:14,8
DA:17,8
DA:21,6
DA:26,6
DA:27,1
DA:28,1
DA:31,6
DA:32,1
DA:35,6
DA:37,6
DA:38,13
DA:39,13
DA:40,13
DA:41,12
DA:45,6
DA:49,3
DA:54,5
LF:26
LH:26
BRDA:6,0,0,2
BRDA:11,1,0,6
BRDA:13,2,0,0
BRDA:20,3,0,1
BRDA:26,4,0,1
BRDA:31,5,0,1
BRDA:40,6,0,12
BRF:7
BRH:6
end_of_record
TN:
SF:source/pondserver/helpers/auth/index.ts
FNF:0
FNH:0
DA:1,3
DA:2,3
LF:2
LH:2
BRF:0
BRH:0
end_of_record
TN:
SF:source/pondserver/helpers/parser/cssGenerator.ts
FN:10,(anonymous_0)
FN:11,(anonymous_1)
FN:15,(anonymous_2)
FN:17,(anonymous_3)
FN:30,css
FN:32,(anonymous_5)
FNF:6
FNH:6
FNDA:11,(anonymous_0)
FNDA:13,(anonymous_1)
FNDA:13,(anonymous_2)
FNDA:28,(anonymous_3)
FNDA:13,css
FNDA:13,(anonymous_5)
DA:1,3
DA:10,3
DA:11,11
DA:12,13
DA:15,11
DA:16,13
DA:17,13
DA:18,28
DA:19,28
DA:22,13
DA:23,13
DA:24,24
DA:27,13
DA:31,13
DA:32,13
DA:33,13
DA:34,13
DA:40,11
LF:18
LH:18
BRF:0
BRH:0
end_of_record
TN:
SF:source/pondserver/helpers/parser/deepDiff.ts
FN:1,(anonymous_0)
FN:2,(anonymous_1)
FN:6,(anonymous_2)
FN:10,(anonymous_3)
FN:14,(anonymous_4)
FN:18,(anonymous_5)
FN:22,(anonymous_6)
FN:38,(anonymous_7)
FNF:8
FNH:8
FNDA:18,(anonymous_0)
FNDA:411,(anonymous_1)
FNDA:102,(anonymous_2)
FNDA:20,(anonymous_3)
FNDA:144,(anonymous_4)
FNDA:144,(anonymous_5)
FNDA:76,(anonymous_6)
FNDA:113,(anonymous_7)
DA:1,4
DA:2,18
DA:3,411
DA:6,18
DA:7,102
DA:10,18
DA:11,20
DA:14,18
DA:15,144
DA:18,18
DA:19,144
DA:22,18
DA:23,76
DA:24,58
DA:26,18
DA:27,1
DA:29,17
DA:30,2
DA:32,15
DA:33,3
DA:35,12
DA:38,18
DA:39,113
DA:40,3
DA:42,110
DA:43,76
DA:44,76
DA:45,12
DA:51,64
DA:57,34
DA:58,34
DA:59,95
DA:60,1
DA:63,94
DA:64,94
DA:65,91
DA:68,94
DA:71,34
DA:72,92
DA:73,91
DA:76,1
DA:79,34
DA:82,18
LF:43
LH:43
BRDA:19,0,0,144
BRDA:19,0,1,102
BRDA:23,1,0,58
BRDA:26,2,0,1
BRDA:26,3,0,18
BRDA:26,3,1,2
BRDA:26,3,2,2
BRDA:29,4,0,2
BRDA:32,5,0,3
BRDA:39,6,0,3
BRDA:39,7,0,113
BRDA:39,7,1,111
BRDA:42,8,0,76
BRDA:42,9,0,110
BRDA:42,9,1,34
BRDA:44,10,0,12
BRDA:53,11,0,2
BRDA:53,11,1,62
BRDA:59,12,0,1
BRDA:64,13,0,91
BRDA:72,14,0,91
BRDA:72,15,0,92
BRDA:72,15,1,92
BRF:23
BRH:23
end_of_record
TN:
SF:source/pondserver/helpers/parser/getChanged.ts
FN:1,(anonymous_0)
FN:20,(anonymous_1)
FNF:2
FNH:2
FNDA:83,(anonymous_0)
FNDA:10,(anonymous_1)
DA:1,4
DA:2,83
DA:3,83
DA:4,191
DA:5,14
DA:7,177
DA:8,1
DA:10,176
DA:11,72
DA:12,72
DA:13,7
DA:16,83
DA:20,4
DA:21,10
DA:22,1
DA:24,9
DA:25,1
DA:27,8
DA:28,14
DA:29,2
DA:31,12
DA:32,2
DA:35,10
DA:38,8
LF:24
LH:24
BRDA:4,0,0,14
BRDA:4,0,1,177
BRDA:4,1,0,191
BRDA:4,1,1,189
BRDA:7,2,0,1
BRDA:7,2,1,176
BRDA:10,3,0,72
BRDA:12,4,0,7
BRDA:12,5,0,72
BRDA:12,5,1,72
BRDA:21,6,0,1
BRDA:24,7,0,1
BRDA:28,8,0,2
BRDA:28,8,1,12
BRDA:31,9,0,2
BRDA:31,9,1,10
BRF:16
BRH:16
end_of_record
TN:
SF:source/pondserver/helpers/parser/parser.ts
FN:18,join
FN:28,safe
FN:32,escapeHTML
FN:42,(anonymous_3)
FN:49,(anonymous_4)
FN:54,(anonymous_5)
FN:62,(anonymous_6)
FN:80,(anonymous_7)
FN:86,(anonymous_8)
FN:98,(anonymous_9)
FN:107,html
FNF:11
FNH:9
FNDA:6,join
FNDA:0,safe
FNDA:73,escapeHTML
FNDA:0,(anonymous_3)
FNDA:96,(anonymous_4)
FNDA:55,(anonymous_5)
FNDA:45,(anonymous_6)
FNDA:15,(anonymous_7)
FNDA:48,(anonymous_8)
FNDA:7,(anonymous_9)
FNDA:77,html
DA:1,3
DA:2,3
DA:3,3
DA:7,3
DA:11,3
DA:18,3
DA:19,6
DA:20,0
DA:22,6
DA:23,0
DA:25,6
DA:28,3
DA:29,0
DA:33,73
DA:34,0
DA:36,73
DA:37,19
DA:39,54
DA:40,2
DA:42,52
DA:45,3
DA:50,96
DA:51,96
DA:55,55
DA:56,55
DA:57,50
DA:59,55
DA:63,45
DA:66,45
DA:67,91
DA:68,16
DA:69,75
DA:70,4
DA:72,71
DA:73,1
DA:75,70
DA:77,44
DA:81,15
DA:82,15
DA:83,15
DA:84,0
DA:85,15
DA:86,48
DA:87,15
DA:88,15
DA:89,33
DA:90,10
DA:92,23
DA:95,15
DA:99,7
DA:100,7
DA:102,7
DA:103,7
DA:107,3
DA:108,77
LF:55
LH:50
BRDA:19,0,0,0
BRDA:19,1,0,6
BRDA:19,1,1,6
BRDA:22,2,0,0
BRDA:33,3,0,0
BRDA:33,4,0,73
BRDA:33,4,1,73
BRDA:36,5,0,19
BRDA:39,6,0,2
BRDA:67,7,0,16
BRDA:67,7,1,75
BRDA:69,8,0,4
BRDA:69,8,1,71
BRDA:72,9,0,1
BRDA:83,10,0,0
BRDA:85,11,0,15
BRDA:89,12,0,10
BRDA:89,12,1,23
BRF:18
BRH:14
end_of_record
TN:
SF:source/pondserver/helpers/server/bodyParser.ts
FN:8,BodyParserMiddleware
FN:9,(anonymous_1)
FN:11,(anonymous_2)
FN:14,(anonymous_3)
FN:21,JsonBodyParserMiddleware
FN:22,(anonymous_5)
FNF:6
FNH:6
FNDA:1,BodyParserMiddleware
FNDA:1,(anonymous_1)
FNDA:1,(anonymous_2)
FNDA:1,(anonymous_3)
FNDA:2,JsonBodyParserMiddleware
FNDA:2,(anonymous_5)
DA:8,3
DA:9,1
DA:10,1
DA:11,1
DA:12,1
DA:14,1
DA:15,1
DA:16,1
DA:21,3
DA:22,2
DA:23,2
DA:24,1
DA:25,1
DA:27,1
DA:32,1
LF:15
LH:15
BRDA:23,0,0,1
BRDA:23,0,1,1
BRDA:23,1,0,2
BRDA:23,1,1,1
BRF:4
BRH:4
end_of_record
TN:
SF:source/pondserver/helpers/server/cors.ts
FN:3,CorsMiddleware
FN:4,(anonymous_1)
FNF:2
FNH:2
FNDA:1,CorsMiddleware
FNDA:1,(anonymous_1)
DA:3,3
DA:4,1
DA:5,1
DA:6,1
DA:7,1
DA:8,1
LF:6
LH:6
BRF:0
BRH:0
end_of_record
TN:
SF:source/pondserver/helpers/server/fileRouter.ts
FN:8,(anonymous_7)
FN:29,(anonymous_8)
FN:37,(anonymous_9)
FN:37,(anonymous_10)
FN:50,(anonymous_11)
FNF:5
FNH:0
FNDA:0,(anonymous_7)
FNDA:0,(anonymous_8)
FNDA:0,(anonymous_9)
FNDA:0,(anonymous_10)
FNDA:0,(anonymous_11)
DA:2,2
DA:3,2
DA:8,2
DA:9,0
DA:11,0
DA:13,0
DA:15,0
DA:17,0
DA:19,0
DA:21,0
DA:23,0
DA:25,0
DA:29,2
DA:30,0
DA:31,0
DA:34,0
DA:37,2
DA:38,0
DA:39,0
DA:41,0
DA:42,0
DA:44,0
DA:45,0
DA:47,0
DA:48,0
DA:50,0
DA:51,0
DA:52,0
DA:53,0
DA:55,0
DA:56,0
DA:57,0
DA:59,0
DA:60,0
LF:34
LH:5
BRDA:9,0,0,0
BRDA:9,0,1,0
BRDA:9,0,2,0
BRDA:9,0,3,0
BRDA:9,0,4,0
BRDA:9,0,5,0
BRDA:9,0,6,0
BRDA:9,0,7,0
BRDA:30,1,0,0
BRDA:34,2,0,0
BRDA:34,2,1,0
BRDA:38,3,0,0
BRDA:44,4,0,0
BRDA:51,5,0,0
BRDA:51,5,1,0
BRDA:55,6,0,0
BRDA:55,6,1,0
BRF:17
BRH:0
end_of_record
TN:
SF:source/pondserver/helpers/server/pondHTTPResponse.ts
FN:9,(anonymous_0)
FN:13,(anonymous_1)
FN:23,(anonymous_2)
FN:33,(anonymous_3)
FN:41,(anonymous_4)
FN:51,(anonymous_5)
FN:56,(anonymous_6)
FN:60,(anonymous_7)
FN:64,(anonymous_8)
FN:68,(anonymous_9)
FNF:10
FNH:0
FNDA:0,(anonymous_0)
FNDA:0,(anonymous_1)
FNDA:0,(anonymous_2)
FNDA:0,(anonymous_3)
FNDA:0,(anonymous_4)
FNDA:0,(anonymous_5)
FNDA:0,(anonymous_6)
FNDA:0,(anonymous_7)
FNDA:0,(anonymous_8)
FNDA:0,(anonymous_9)
DA:2,2
DA:4,2
DA:5,0
DA:6,0
DA:10,0
DA:14,0
DA:15,0
DA:16,0
DA:17,0
DA:20,0
DA:24,0
DA:25,0
DA:26,0
DA:27,0
DA:30,0
DA:34,0
DA:35,0
DA:36,0
DA:37,0
DA:38,0
DA:42,0
DA:43,0
DA:44,0
DA:45,0
DA:48,0
DA:52,0
DA:53,0
DA:57,0
DA:61,0
DA:65,0
DA:69,0
DA:70,0
LF:32
LH:2
BRDA:14,0,0,0
BRDA:24,1,0,0
BRDA:34,2,0,0
BRDA:42,3,0,0
BRF:4
BRH:0
end_of_record
TN:
SF:source/pondserver/helpers/verbs/verbHandler.ts
FN:8,(anonymous_0)
FN:9,(anonymous_1)
FNF:2
FNH:0
FNDA:0,(anonymous_0)
FNDA:0,(anonymous_1)
DA:3,2
DA:8,2
DA:9,0
DA:10,0
DA:11,0
DA:12,0
DA:13,0
DA:14,0
DA:15,0
DA:17,0
DA:19,0
LF:11
LH:2
BRDA:10,0,0,0
BRDA:10,0,1,0
BRDA:11,1,0,0
BRDA:11,1,1,0
BRDA:12,2,0,0
BRDA:12,2,1,0
BRF:6
BRH:0
end_of_record
TN:
SF:source/pondsocket/channel.ts
FN:49,(anonymous_0)
FN:63,(anonymous_1)
FN:74,(anonymous_2)
FN:83,(anonymous_3)
FN:90,(anonymous_4)
FN:92,(anonymous_5)
FN:98,(anonymous_6)
FN:100,(anonymous_7)
FN:112,(anonymous_8)
FN:120,(anonymous_9)
FN:146,(anonymous_10)
FN:158,(anonymous_11)
FN:161,(anonymous_12)
FN:200,(anonymous_13)
FN:228,(anonymous_14)
FN:246,(anonymous_15)
FN:258,(anonymous_16)
FN:264,(anonymous_17)
FN:287,(anonymous_18)
FN:297,(anonymous_19)
FN:330,(anonymous_20)
FN:331,(anonymous_21)
FN:335,(anonymous_22)
FN:346,(anonymous_23)
FN:359,(anonymous_24)
FN:368,(anonymous_25)
FNF:26
FNH:26
FNDA:39,(anonymous_0)
FNDA:29,(anonymous_1)
FNDA:65,(anonymous_2)
FNDA:4,(anonymous_3)
FNDA:84,(anonymous_4)
FNDA:105,(anonymous_5)
FNDA:29,(anonymous_6)
FNDA:42,(anonymous_7)
FNDA:44,(anonymous_8)
FNDA:37,(anonymous_9)
FNDA:7,(anonymous_10)
FNDA:13,(anonymous_11)
FNDA:14,(anonymous_12)
FNDA:11,(anonymous_13)
FNDA:6,(anonymous_14)
FNDA:6,(anonymous_15)
FNDA:14,(anonymous_16)
FNDA:16,(anonymous_17)
FNDA:13,(anonymous_18)
FNDA:13,(anonymous_19)
FNDA:21,(anonymous_20)
FNDA:27,(anonymous_21)
FNDA:36,(anonymous_22)
FNDA:16,(anonymous_23)
FNDA:20,(anonymous_24)
FNDA:65,(anonymous_25)
DA:1,8
DA:19,8
DA:40,8
DA:50,39
DA:51,39
DA:52,39
DA:53,39
DA:54,39
DA:55,39
DA:56,39
DA:57,39
DA:64,29
DA:68,29
DA:75,65
DA:76,65
DA:84,4
DA:91,84
DA:92,105
DA:99,29
DA:100,29
DA:101,42
DA:102,42
DA:105,29
DA:113,44
DA:121,37
DA:122,37
DA:123,1
DA:126,36
DA:127,36
DA:128,36
DA:130,36
DA:147,7
DA:148,7
DA:149,5
DA:159,13
DA:161,13
DA:162,14
DA:163,14
DA:164,14
DA:165,14
DA:167,14
DA:180,13
DA:181,10
DA:190,10
DA:201,11
DA:203,11
DA:204,1
DA:206,10
DA:210,10
DA:218,10
DA:219,7
DA:229,6
DA:230,6
DA:232,5
DA:236,5
DA:244,5
DA:245,4
DA:246,6
DA:248,4
DA:259,14
DA:260,14
DA:261,1
DA:263,13
DA:264,16
DA:266,13
DA:268,11
DA:272,11
DA:280,11
DA:281,9
DA:288,13
DA:298,13
DA:299,13
DA:300,13
DA:305,13
DA:306,13
DA:307,5
DA:308,5
DA:331,21
DA:332,27
DA:335,21
DA:336,36
DA:342,36
DA:345,21
DA:347,16
DA:348,16
DA:360,20
DA:369,65
DA:370,65
DA:371,65
DA:372,49
DA:373,49
DA:378,16
LF:92
LH:92
BRDA:122,0,0,1
BRDA:148,1,0,2
BRDA:159,2,0,1
BRDA:159,2,1,12
BRDA:163,3,0,14
BRDA:180,4,0,10
BRDA:200,5,0,5
BRDA:203,6,0,1
BRDA:203,7,0,11
BRDA:203,7,1,7
BRDA:214,8,0,4
BRDA:214,8,1,6
BRDA:215,9,0,4
BRDA:215,9,1,6
BRDA:218,10,0,3
BRDA:230,11,0,1
BRDA:244,12,0,1
BRDA:260,13,0,1
BRDA:260,14,0,14
BRDA:260,14,1,6
BRDA:263,15,0,6
BRDA:263,15,1,7
BRDA:266,16,0,2
BRDA:276,17,0,11
BRDA:276,17,1,5
BRDA:277,18,0,11
BRDA:277,18,1,5
BRDA:280,19,0,2
BRDA:299,20,0,13
BRDA:306,21,0,5
BRDA:332,22,0,18
BRDA:370,23,0,65
BRDA:370,23,1,16
BRDA:371,24,0,49
BRDA:371,25,0,65
BRDA:371,25,1,49
BRF:36
BRH:36
end_of_record
TN:
SF:source/pondsocket/endpoint.ts
FN:28,(anonymous_0)
FN:41,(anonymous_1)
FN:76,(anonymous_2)
FN:89,(anonymous_3)
FN:90,(anonymous_4)
FN:105,(anonymous_5)
FN:111,(anonymous_6)
FN:145,(anonymous_7)
FN:167,(anonymous_8)
FN:178,(anonymous_9)
FN:184,(anonymous_10)
FN:185,(anonymous_11)
FN:191,(anonymous_12)
FN:192,(anonymous_13)
FN:200,(anonymous_14)
FN:209,(anonymous_15)
FN:216,(anonymous_16)
FN:219,(anonymous_17)
FN:232,(anonymous_18)
FN:234,(anonymous_19)
FN:236,(anonymous_20)
FN:242,(anonymous_21)
FN:254,(anonymous_22)
FN:255,(anonymous_23)
FN:264,(anonymous_24)
FN:329,(anonymous_25)
FN:351,(anonymous_26)
FN:357,(anonymous_27)
FN:363,(anonymous_28)
FN:369,(anonymous_29)
FN:381,(anonymous_30)
FN:395,(anonymous_31)
FNF:32
FNH:31
FNDA:25,(anonymous_0)
FNDA:13,(anonymous_1)
FNDA:8,(anonymous_2)
FNDA:22,(anonymous_3)
FNDA:22,(anonymous_4)
FNDA:22,(anonymous_5)
FNDA:21,(anonymous_6)
FNDA:1,(anonymous_7)
FNDA:1,(anonymous_8)
FNDA:1,(anonymous_9)
FNDA:5,(anonymous_10)
FNDA:5,(anonymous_11)
FNDA:3,(anonymous_12)
FNDA:5,(anonymous_13)
FNDA:2,(anonymous_14)
FNDA:3,(anonymous_15)
FNDA:11,(anonymous_16)
FNDA:10,(anonymous_17)
FNDA:21,(anonymous_18)
FNDA:24,(anonymous_19)
FNDA:19,(anonymous_20)
FNDA:0,(anonymous_21)
FNDA:20,(anonymous_22)
FNDA:21,(anonymous_23)
FNDA:24,(anonymous_24)
FNDA:20,(anonymous_25)
FNDA:1,(anonymous_26)
FNDA:2,(anonymous_27)
FNDA:2,(anonymous_28)
FNDA:3,(anonymous_29)
FNDA:2,(anonymous_30)
FNDA:11,(anonymous_31)
DA:2,6
DA:6,6
DA:16,6
DA:18,6
DA:22,6
DA:29,25
DA:30,25
DA:31,25
DA:32,25
DA:33,25
DA:42,13
DA:77,8
DA:78,8
DA:79,8
DA:90,22
DA:92,22
DA:98,22
DA:100,22
DA:105,22
DA:106,22
DA:107,1
DA:108,1
DA:111,21
DA:112,21
DA:113,21
DA:118,21
DA:119,21
DA:121,21
DA:122,3
DA:129,3
DA:132,21
DA:136,22
DA:137,22
DA:146,1
DA:152,1
DA:153,1
DA:154,1
DA:155,1
DA:156,1
DA:157,1
DA:168,1
DA:174,1
DA:175,1
DA:177,1
DA:178,1
DA:185,5
DA:192,5
DA:201,2
DA:202,2
DA:208,2
DA:209,3
DA:217,11
DA:218,11
DA:219,11
DA:220,11
DA:221,10
DA:224,1
DA:233,21
DA:234,24
DA:236,21
DA:237,19
DA:238,15
DA:239,19
DA:242,21
DA:243,0
DA:244,0
DA:245,0
DA:255,21
DA:265,24
DA:272,24
DA:273,24
DA:275,23
DA:276,1
DA:280,22
DA:281,1
DA:285,21
DA:286,1
DA:291,20
DA:293,17
DA:294,3
DA:297,7
DA:298,1
DA:306,1
DA:307,6
DA:308,6
DA:319,6
DA:330,20
DA:332,9
DA:333,9
DA:334,8
DA:340,8
DA:343,1
DA:348,8
DA:351,2
DA:352,1
DA:354,1
DA:357,2
DA:358,2
DA:360,2
DA:363,2
DA:364,2
DA:366,1
DA:369,3
DA:370,3
DA:371,2
DA:376,1
DA:378,0
DA:381,2
DA:382,2
DA:384,2
DA:396,11
DA:397,11
DA:398,1
DA:400,10
LF:114
LH:110
BRDA:106,0,0,1
BRDA:121,1,0,3
BRDA:154,2,0,1
BRDA:175,3,0,0
BRDA:175,3,1,1
BRDA:218,4,0,11
BRDA:220,5,0,10
BRDA:275,6,0,1
BRDA:275,6,1,22
BRDA:280,7,0,1
BRDA:280,7,1,21
BRDA:285,8,0,1
BRDA:285,8,1,20
BRDA:293,9,0,3
BRDA:297,10,0,1
BRDA:297,10,1,6
BRDA:307,11,0,6
BRDA:310,12,0,6
BRDA:310,12,1,1
BRDA:311,13,0,6
BRDA:311,13,1,1
BRDA:315,14,0,5
BRDA:315,14,1,1
BRDA:330,15,0,9
BRDA:330,15,1,2
BRDA:330,15,2,2
BRDA:330,15,3,2
BRDA:330,15,4,3
BRDA:330,15,5,2
BRDA:333,16,0,8
BRDA:333,16,1,1
BRDA:370,17,0,2
BRDA:370,18,0,3
BRDA:370,18,1,2
BRDA:382,19,0,2
BRDA:382,19,1,1
BRDA:382,20,0,2
BRDA:382,20,1,1
BRDA:397,21,0,1
BRF:39
BRH:38
end_of_record
TN:
SF:source/pondsocket/enums.ts
FN:1,(anonymous_0)
FN:8,(anonymous_1)
FN:17,(anonymous_2)
FN:23,(anonymous_3)
FNF:4
FNH:4
FNDA:8,(anonymous_0)
FNDA:8,(anonymous_1)
FNDA:8,(anonymous_2)
FNDA:8,(anonymous_3)
DA:1,8
DA:2,8
DA:3,8
DA:4,8
DA:5,8
DA:8,8
DA:9,8
DA:10,8
DA:11,8
DA:12,8
DA:13,8
DA:14,8
DA:17,8
DA:18,8
DA:19,8
DA:20,8
DA:23,8
DA:24,8
DA:25,8
DA:26,8
LF:20
LH:20
BRDA:1,0,0,8
BRDA:1,0,1,8
BRDA:8,1,0,8
BRDA:8,1,1,8
BRDA:17,2,0,8
BRDA:17,2,1,8
BRDA:23,3,0,8
BRDA:23,3,1,8
BRF:8
BRH:8
end_of_record
TN:
SF:source/pondsocket/index.ts
FNF:0
FNH:0
DA:1,4
DA:2,4
DA:3,4
DA:4,4
DA:5,4
DA:6,4
DA:7,4
LF:7
LH:7
BRF:0
BRH:0
end_of_record
TN:
SF:source/pondsocket/pondChannel.ts
FN:36,(anonymous_0)
FN:48,(anonymous_1)
FN:49,(anonymous_2)
FN:57,(anonymous_3)
FN:66,(anonymous_4)
FN:78,(anonymous_5)
FN:79,(anonymous_6)
FN:81,(anonymous_7)
FN:101,(anonymous_8)
FN:108,(anonymous_9)
FN:138,(anonymous_10)
FN:139,(anonymous_11)
FN:149,(anonymous_12)
FN:150,(anonymous_13)
FN:162,(anonymous_14)
FN:163,(anonymous_15)
FN:172,(anonymous_16)
FN:173,(anonymous_17)
FN:185,(anonymous_18)
FN:187,(anonymous_19)
FN:196,(anonymous_20)
FN:205,(anonymous_21)
FN:206,(anonymous_22)
FN:218,(anonymous_23)
FN:220,(anonymous_24)
FN:234,(anonymous_25)
FN:235,(anonymous_26)
FN:247,(anonymous_27)
FN:248,(anonymous_28)
FN:252,(anonymous_29)
FN:265,(anonymous_30)
FN:267,(anonymous_31)
FN:270,(anonymous_32)
FN:285,(anonymous_33)
FN:286,(anonymous_34)
FN:310,(anonymous_35)
FNF:36
FNH:36
FNDA:15,(anonymous_0)
FNDA:10,(anonymous_1)
FNDA:9,(anonymous_2)
FNDA:43,(anonymous_3)
FNDA:6,(anonymous_4)
FNDA:21,(anonymous_5)
FNDA:21,(anonymous_6)
FNDA:6,(anonymous_7)
FNDA:19,(anonymous_8)
FNDA:43,(anonymous_9)
FNDA:1,(anonymous_10)
FNDA:1,(anonymous_11)
FNDA:1,(anonymous_12)
FNDA:1,(anonymous_13)
FNDA:2,(anonymous_14)
FNDA:2,(anonymous_15)
FNDA:12,(anonymous_16)
FNDA:10,(anonymous_17)
FNDA:2,(anonymous_18)
FNDA:2,(anonymous_19)
FNDA:31,(anonymous_20)
FNDA:2,(anonymous_21)
FNDA:1,(anonymous_22)
FNDA:16,(anonymous_23)
FNDA:8,(anonymous_24)
FNDA:18,(anonymous_25)
FNDA:16,(anonymous_26)
FNDA:16,(anonymous_27)
FNDA:16,(anonymous_28)
FNDA:6,(anonymous_29)
FNDA:2,(anonymous_30)
FNDA:4,(anonymous_31)
FNDA:4,(anonymous_32)
FNDA:6,(anonymous_33)
FNDA:28,(anonymous_34)
FNDA:13,(anonymous_35)
DA:1,7
DA:12,7
DA:14,7
DA:23,7
DA:29,7
DA:37,15
DA:38,15
DA:39,15
DA:40,15
DA:41,15
DA:42,15
DA:49,10
DA:58,43
DA:67,6
DA:69,6
DA:79,21
DA:81,21
DA:82,21
DA:83,21
DA:84,1
DA:86,20
DA:87,15
DA:89,20
DA:95,20
DA:101,20
DA:102,19
DA:103,2
DA:105,17
DA:106,17
DA:108,17
DA:109,43
DA:112,17
DA:119,17
DA:121,17
DA:122,1
DA:124,17
DA:127,20
DA:128,20
DA:139,1
DA:140,1
DA:150,1
DA:151,1
DA:152,1
DA:163,2
DA:164,2
DA:173,12
DA:174,10
DA:186,2
DA:187,2
DA:188,2
DA:197,31
DA:206,2
DA:207,2
DA:208,1
DA:210,1
DA:211,1
DA:219,16
DA:220,8
DA:221,8
DA:222,8
DA:223,7
DA:224,7
DA:235,18
DA:236,18
DA:237,16
DA:239,2
DA:248,16
DA:249,16
DA:252,16
DA:253,6
DA:256,16
DA:266,2
DA:267,2
DA:268,4
DA:269,4
DA:270,4
DA:271,4
DA:272,4
DA:273,4
DA:286,6
DA:287,28
DA:288,28
DA:290,28
DA:291,15
DA:297,15
DA:310,15
DA:311,13
DA:313,13
DA:314,3
DA:320,10
DA:321,2
DA:323,10
DA:324,4
DA:326,4
DA:327,1
DA:337,15
DA:338,15
DA:341,28
LF:98
LH:98
BRDA:83,0,0,1
BRDA:86,1,0,15
BRDA:102,2,0,2
BRDA:106,3,0,17
BRDA:106,3,1,17
BRDA:121,4,0,1
BRDA:164,5,0,2
BRDA:164,5,1,1
BRDA:164,6,0,2
BRDA:164,6,1,1
BRDA:186,7,0,1
BRDA:186,7,1,1
BRDA:197,8,0,31
BRDA:197,8,1,3
BRDA:207,9,0,1
BRDA:219,10,0,8
BRDA:223,11,0,7
BRDA:235,12,0,18
BRDA:235,12,1,2
BRDA:236,13,0,16
BRDA:266,14,0,1
BRDA:266,14,1,1
BRDA:269,15,0,4
BRDA:271,16,0,4
BRDA:290,17,0,15
BRDA:313,18,0,3
BRDA:313,18,1,10
BRDA:320,19,0,2
BRDA:323,20,0,4
BRDA:326,21,0,1
BRDA:341,22,0,28
BRDA:341,22,1,25
BRF:32
BRH:32
end_of_record
TN:
SF:source/pondsocket/pondResponse.ts
FN:13,(anonymous_0)
FN:31,(anonymous_1)
FN:44,(anonymous_2)
FN:53,(anonymous_3)
FN:69,(anonymous_4)
FN:88,(anonymous_5)
FNF:6
FNH:6
FNDA:70,(anonymous_0)
FNDA:15,(anonymous_1)
FNDA:42,(anonymous_2)
FNDA:9,(anonymous_3)
FNDA:66,(anonymous_4)
FNDA:65,(anonymous_5)
DA:1,8
DA:4,8
DA:18,70
DA:19,70
DA:20,70
DA:21,70
DA:22,70
DA:32,15
DA:37,15
DA:45,42
DA:54,9
DA:55,9
DA:56,9
DA:61,9
DA:70,66
DA:71,65
DA:72,65
DA:77,65
DA:80,1
DA:89,65
DA:90,47
DA:92,18
DA:93,18
DA:94,18
DA:95,18
DA:96,18
DA:98,18
LF:27
LH:27
BRDA:16,0,0,48
BRDA:54,1,0,9
BRDA:54,1,1,6
BRDA:54,2,0,5
BRDA:54,2,1,1
BRDA:55,3,0,9
BRDA:55,3,1,7
BRDA:70,4,0,65
BRDA:70,4,1,1
BRDA:89,5,0,47
BRF:10
BRH:10
end_of_record
TN:
SF:source/pondsocket/pondSocket.ts
FN:13,(anonymous_0)
FN:25,(anonymous_1)
FN:36,(anonymous_2)
FN:44,(anonymous_3)
FN:66,(anonymous_4)
FN:68,(anonymous_5)
FN:75,(anonymous_6)
FN:85,(anonymous_7)
FN:86,(anonymous_8)
FN:88,(anonymous_9)
FN:93,(anonymous_10)
FN:94,(anonymous_11)
FN:101,(anonymous_12)
FN:107,(anonymous_13)
FN:108,(anonymous_14)
FN:112,(anonymous_15)
FNF:16
FNH:11
FNDA:21,(anonymous_0)
FNDA:1,(anonymous_1)
FNDA:16,(anonymous_2)
FNDA:0,(anonymous_3)
FNDA:17,(anonymous_4)
FNDA:23,(anonymous_5)
FNDA:1,(anonymous_6)
FNDA:13,(anonymous_7)
FNDA:21,(anonymous_8)
FNDA:0,(anonymous_9)
FNDA:0,(anonymous_10)
FNDA:0,(anonymous_11)
FNDA:0,(anonymous_12)
FNDA:21,(anonymous_13)
FNDA:1,(anonymous_14)
FNDA:13,(anonymous_15)
DA:1,6
DA:2,6
DA:3,6
DA:4,6
DA:6,6
DA:8,6
DA:14,21
DA:15,21
DA:16,21
DA:17,21
DA:18,21
DA:26,1
DA:27,1
DA:28,1
DA:37,16
DA:45,0
DA:67,17
DA:68,17
DA:69,23
DA:70,23
DA:71,23
DA:72,1
DA:74,22
DA:75,1
DA:78,17
DA:86,13
DA:87,21
DA:88,21
DA:89,0
DA:93,13
DA:94,0
DA:95,0
DA:96,0
DA:97,0
DA:101,13
DA:108,21
DA:109,1
DA:112,21
DA:113,13
LF:39
LH:33
BRDA:15,0,0,21
BRDA:15,0,1,18
BRDA:16,1,0,21
BRDA:16,1,1,19
BRDA:69,2,0,23
BRDA:69,2,1,0
BRDA:71,3,0,1
BRDA:95,4,0,0
BRF:8
BRH:6
end_of_record
TN:
SF:source/pondsocket/socketMiddleWare.ts
FN:12,(anonymous_0)
FN:17,(anonymous_1)
FN:21,(anonymous_2)
FN:23,(anonymous_3)
FN:37,(anonymous_4)
FN:38,(anonymous_5)
FNF:6
FNH:6
FNDA:21,(anonymous_0)
FNDA:17,(anonymous_1)
FNDA:23,(anonymous_2)
FNDA:24,(anonymous_3)
FNDA:21,(anonymous_4)
FNDA:23,(anonymous_5)
DA:8,6
DA:10,21
DA:13,21
DA:14,21
DA:18,17
DA:22,23
DA:23,23
DA:24,24
DA:25,24
DA:26,23
DA:29,1
DA:30,1
DA:34,23
DA:38,21
DA:39,23
LF:15
LH:15
BRDA:25,0,0,23
BRDA:25,0,1,1
BRF:2
BRH:2
end_of_record
